[22:55:31] [main/INFO]: Setting user: Player997
[22:55:34] [Client thread/INFO]: LWJGL Version: 2.9.1
[22:55:46] [Client thread/INFO]: Reloading ResourceManager: Default, FMLFileResourcePack:Forge Mod Loader, FMLFileResourcePack:Minecraft Forge, FMLFileResourcePack:lmmx, FMLFileResourcePack:MMMLibX, FMLFileResourcePack:Sokoniyatugairuzo, FMLFileResourcePack:zabuton, FMLFileResourcePack:HandMadeGunsModEX
[22:55:46] [Client thread/WARN]: ResourcePack: ignored non-lowercase namespace: multiModel in C:\ModdingSpace2\GVCC\Depend\build\libs\Depend-1.0.jar
[22:55:46] [Client thread/WARN]: ResourcePack: ignored non-lowercase namespace: multiModel in C:\ModdingSpace2\GVCC\Depend\build\libs\Depend-1.0.jar
[22:55:46] [Client thread/WARN]: ResourcePack: ignored non-lowercase namespace: multiModel in C:\ModdingSpace2\GVCC\Depend\build\libs\Depend-1.0.jar
[22:55:46] [Client thread/WARN]: ResourcePack: ignored non-lowercase namespace: multiModel in C:\ModdingSpace2\GVCC\Depend\build\libs\Depend-1.0.jar
[22:55:46] [Client thread/WARN]: ResourcePack: ignored non-lowercase namespace: multiModel in C:\ModdingSpace2\GVCC\Depend\build\libs\Depend-1.0.jar
[22:55:46] [Client thread/WARN]: ResourcePack: ignored non-lowercase namespace: multiModel in C:\ModdingSpace2\GVCC\Depend\build\libs\Depend-1.0.jar
[22:55:46] [Client thread/WARN]: ResourcePack: ignored non-lowercase namespace: multiModel in C:\ModdingSpace2\GVCC\Depend\build\libs\Depend-1.0.jar
[22:55:46] [Client thread/WARN]: ResourcePack: ignored non-lowercase namespace: multiModel in C:\ModdingSpace2\GVCC\Depend\build\libs\Depend-1.0.jar
[22:55:46] [Client thread/WARN]: ResourcePack: ignored non-lowercase namespace: multiModel in C:\ModdingSpace2\GVCC\Depend\build\libs\Depend-1.0.jar
[22:55:46] [Client thread/WARN]: ResourcePack: ignored non-lowercase namespace: multiModel in C:\ModdingSpace2\GVCC\Depend\build\libs\Depend-1.0.jar
[22:55:46] [Client thread/WARN]: ResourcePack: ignored non-lowercase namespace: multiModel in C:\ModdingSpace2\GVCC\Depend\build\libs\Depend-1.0.jar
[22:55:46] [Client thread/WARN]: ResourcePack: ignored non-lowercase namespace: multiModel in C:\ModdingSpace2\GVCC\Depend\build\libs\Depend-1.0.jar
[22:55:46] [Client thread/WARN]: ResourcePack: ignored non-lowercase namespace: multiModel in C:\ModdingSpace2\GVCC\Depend\build\libs\Depend-1.0.jar
[22:55:46] [Client thread/WARN]: ResourcePack: ignored non-lowercase namespace: multiModel in C:\ModdingSpace2\GVCC\Depend\build\libs\Depend-1.0.jar
[22:55:46] [Client thread/WARN]: ResourcePack: ignored non-lowercase namespace: multiModel in C:\ModdingSpace2\GVCC\Depend\build\libs\Depend-1.0.jar
[22:55:46] [Client thread/WARN]: ResourcePack: ignored non-lowercase namespace: multiModel in C:\ModdingSpace2\GVCC\Depend\build\libs\Depend-1.0.jar
[22:55:46] [Client thread/WARN]: ResourcePack: ignored non-lowercase namespace: multiModel in C:\ModdingSpace2\GVCC\Depend\build\libs\Depend-1.0.jar
[22:55:46] [Client thread/WARN]: ResourcePack: ignored non-lowercase namespace: multiModel in C:\ModdingSpace2\GVCC\Depend\build\libs\Depend-1.0.jar
[22:55:46] [Client thread/WARN]: ResourcePack: ignored non-lowercase namespace: multiModel in C:\ModdingSpace2\GVCC\Depend\build\libs\Depend-1.0.jar
[22:55:46] [Client thread/WARN]: ResourcePack: ignored non-lowercase namespace: multiModel in C:\ModdingSpace2\GVCC\Depend\build\libs\Depend-1.0.jar
[22:55:46] [Client thread/WARN]: ResourcePack: ignored non-lowercase namespace: multiModel in C:\ModdingSpace2\GVCC\Depend\build\libs\Depend-1.0.jar
[22:55:46] [Client thread/WARN]: ResourcePack: ignored non-lowercase namespace: multiModel in C:\ModdingSpace2\GVCC\Depend\build\libs\Depend-1.0.jar
[22:55:46] [Client thread/WARN]: ResourcePack: ignored non-lowercase namespace: multiModel in C:\ModdingSpace2\GVCC\Depend\build\libs\Depend-1.0.jar
[22:55:46] [Client thread/WARN]: ResourcePack: ignored non-lowercase namespace: multiModel in C:\ModdingSpace2\GVCC\Depend\build\libs\Depend-1.0.jar
[22:55:46] [Client thread/WARN]: ResourcePack: ignored non-lowercase namespace: multiModel in C:\ModdingSpace2\GVCC\Depend\build\libs\Depend-1.0.jar
[22:55:46] [Client thread/WARN]: ResourcePack: ignored non-lowercase namespace: multiModel in C:\ModdingSpace2\GVCC\Depend\build\libs\Depend-1.0.jar
[22:55:46] [Client thread/WARN]: ResourcePack: ignored non-lowercase namespace: multiModel in C:\ModdingSpace2\GVCC\Depend\build\libs\Depend-1.0.jar
[22:55:46] [Client thread/WARN]: ResourcePack: ignored non-lowercase namespace: multiModel in C:\ModdingSpace2\GVCC\Depend\build\libs\Depend-1.0.jar
[22:55:46] [Client thread/WARN]: ResourcePack: ignored non-lowercase namespace: multiModel in C:\ModdingSpace2\GVCC\Depend\build\libs\Depend-1.0.jar
[22:55:46] [Client thread/WARN]: ResourcePack: ignored non-lowercase namespace: multiModel in C:\ModdingSpace2\GVCC\Depend\build\libs\Depend-1.0.jar
[22:55:46] [Client thread/WARN]: ResourcePack: ignored non-lowercase namespace: multiModel in C:\ModdingSpace2\GVCC\Depend\build\libs\Depend-1.0.jar
[22:55:46] [Client thread/WARN]: ResourcePack: ignored non-lowercase namespace: multiModel in C:\ModdingSpace2\GVCC\Depend\build\libs\Depend-1.0.jar
[22:55:46] [Client thread/WARN]: ResourcePack: ignored non-lowercase namespace: multiModel in C:\ModdingSpace2\GVCC\Depend\build\libs\Depend-1.0.jar
[22:55:46] [Client thread/WARN]: ResourcePack: ignored non-lowercase namespace: multiModel in C:\ModdingSpace2\GVCC\Depend\build\libs\Depend-1.0.jar
[22:55:46] [Client thread/WARN]: ResourcePack: ignored non-lowercase namespace: multiModel in C:\ModdingSpace2\GVCC\Depend\build\libs\Depend-1.0.jar
[22:55:46] [Client thread/WARN]: ResourcePack: ignored non-lowercase namespace: multiModel in C:\ModdingSpace2\GVCC\Depend\build\libs\Depend-1.0.jar
[22:55:46] [Client thread/WARN]: ResourcePack: ignored non-lowercase namespace: multiModel in C:\ModdingSpace2\GVCC\Depend\build\libs\Depend-1.0.jar
[22:55:46] [Client thread/WARN]: ResourcePack: ignored non-lowercase namespace: multiModel in C:\ModdingSpace2\GVCC\Depend\build\libs\Depend-1.0.jar
[22:55:46] [Client thread/WARN]: ResourcePack: ignored non-lowercase namespace: multiModel in C:\ModdingSpace2\GVCC\Depend\build\libs\Depend-1.0.jar
[22:55:46] [Client thread/WARN]: ResourcePack: ignored non-lowercase namespace: multiModel in C:\ModdingSpace2\GVCC\Depend\build\libs\Depend-1.0.jar
[22:55:46] [Client thread/WARN]: ResourcePack: ignored non-lowercase namespace: multiModel in C:\ModdingSpace2\GVCC\Depend\build\libs\Depend-1.0.jar
[22:55:46] [Client thread/WARN]: ResourcePack: ignored non-lowercase namespace: multiModel in C:\ModdingSpace2\GVCC\Depend\build\libs\Depend-1.0.jar
[22:55:46] [Client thread/WARN]: ResourcePack: ignored non-lowercase namespace: multiModel in C:\ModdingSpace2\GVCC\Depend\build\libs\Depend-1.0.jar
[22:55:46] [Client thread/WARN]: ResourcePack: ignored non-lowercase namespace: multiModel in C:\ModdingSpace2\GVCC\Depend\build\libs\Depend-1.0.jar
[22:55:46] [Client thread/WARN]: ResourcePack: ignored non-lowercase namespace: multiModel in C:\ModdingSpace2\GVCC\Depend\build\libs\Depend-1.0.jar
[22:55:46] [Client thread/WARN]: ResourcePack: ignored non-lowercase namespace: multiModel in C:\ModdingSpace2\GVCC\Depend\build\libs\Depend-1.0.jar
[22:55:46] [Client thread/WARN]: ResourcePack: ignored non-lowercase namespace: multiModel in C:\ModdingSpace2\GVCC\Depend\build\libs\Depend-1.0.jar
[22:55:46] [Client thread/WARN]: ResourcePack: ignored non-lowercase namespace: multiModel in C:\ModdingSpace2\GVCC\Depend\build\libs\Depend-1.0.jar
[22:55:46] [Client thread/WARN]: ResourcePack: ignored non-lowercase namespace: multiModel in C:\ModdingSpace2\GVCC\Depend\build\libs\Depend-1.0.jar
[22:55:46] [Client thread/WARN]: ResourcePack: ignored non-lowercase namespace: multiModel in C:\ModdingSpace2\GVCC\Depend\build\libs\Depend-1.0.jar
[22:55:46] [Client thread/WARN]: ResourcePack: ignored non-lowercase namespace: multiModel in C:\ModdingSpace2\GVCC\Depend\build\libs\Depend-1.0.jar
[22:55:46] [Client thread/WARN]: ResourcePack: ignored non-lowercase namespace: multiModel in C:\ModdingSpace2\GVCC\Depend\build\libs\Depend-1.0.jar
[22:55:46] [Client thread/WARN]: ResourcePack: ignored non-lowercase namespace: multiModel in C:\ModdingSpace2\GVCC\Depend\build\libs\Depend-1.0.jar
[22:55:46] [Client thread/WARN]: ResourcePack: ignored non-lowercase namespace: multiModel in C:\ModdingSpace2\GVCC\Depend\build\libs\Depend-1.0.jar
[22:55:46] [Client thread/WARN]: ResourcePack: ignored non-lowercase namespace: multiModel in C:\ModdingSpace2\GVCC\Depend\build\libs\Depend-1.0.jar
[22:55:46] [Client thread/WARN]: ResourcePack: ignored non-lowercase namespace: multiModel in C:\ModdingSpace2\GVCC\Depend\build\libs\Depend-1.0.jar
[22:55:46] [Client thread/WARN]: ResourcePack: ignored non-lowercase namespace: multiModel in C:\ModdingSpace2\GVCC\Depend\build\libs\Depend-1.0.jar
[22:55:46] [Client thread/WARN]: ResourcePack: ignored non-lowercase namespace: multiModel in C:\ModdingSpace2\GVCC\Depend\build\libs\Depend-1.0.jar
[22:55:46] [Client thread/WARN]: ResourcePack: ignored non-lowercase namespace: multiModel in C:\ModdingSpace2\GVCC\Depend\build\libs\Depend-1.0.jar
[22:55:46] [Client thread/WARN]: ResourcePack: ignored non-lowercase namespace: multiModel in C:\ModdingSpace2\GVCC\Depend\build\libs\Depend-1.0.jar
[22:55:46] [Client thread/WARN]: ResourcePack: ignored non-lowercase namespace: multiModel in C:\ModdingSpace2\GVCC\Depend\build\libs\Depend-1.0.jar
[22:55:46] [Client thread/WARN]: ResourcePack: ignored non-lowercase namespace: multiModel in C:\ModdingSpace2\GVCC\Depend\build\libs\Depend-1.0.jar
[22:55:46] [Client thread/WARN]: ResourcePack: ignored non-lowercase namespace: multiModel in C:\ModdingSpace2\GVCC\Depend\build\libs\Depend-1.0.jar
[22:55:46] [Client thread/WARN]: ResourcePack: ignored non-lowercase namespace: multiModel in C:\ModdingSpace2\GVCC\Depend\build\libs\Depend-1.0.jar
[22:55:46] [Client thread/WARN]: ResourcePack: ignored non-lowercase namespace: multiModel in C:\ModdingSpace2\GVCC\Depend\build\libs\Depend-1.0.jar
[22:55:46] [Client thread/WARN]: ResourcePack: ignored non-lowercase namespace: multiModel in C:\ModdingSpace2\GVCC\Depend\build\libs\Depend-1.0.jar
[22:55:46] [Client thread/WARN]: ResourcePack: ignored non-lowercase namespace: multiModel in C:\ModdingSpace2\GVCC\Depend\build\libs\Depend-1.0.jar
[22:55:46] [Client thread/WARN]: ResourcePack: ignored non-lowercase namespace: multiModel in C:\ModdingSpace2\GVCC\Depend\build\libs\Depend-1.0.jar
[22:55:46] [Client thread/WARN]: ResourcePack: ignored non-lowercase namespace: multiModel in C:\ModdingSpace2\GVCC\Depend\build\libs\Depend-1.0.jar
[22:55:46] [Client thread/WARN]: ResourcePack: ignored non-lowercase namespace: multiModel in C:\ModdingSpace2\GVCC\Depend\build\libs\Depend-1.0.jar
[22:55:46] [Client thread/WARN]: ResourcePack: ignored non-lowercase namespace: multiModel in C:\ModdingSpace2\GVCC\Depend\build\libs\Depend-1.0.jar
[22:55:46] [Client thread/WARN]: ResourcePack: ignored non-lowercase namespace: multiModel in C:\ModdingSpace2\GVCC\Depend\build\libs\Depend-1.0.jar
[22:55:46] [Client thread/WARN]: ResourcePack: ignored non-lowercase namespace: multiModel in C:\ModdingSpace2\GVCC\Depend\build\libs\Depend-1.0.jar
[22:55:46] [Client thread/WARN]: ResourcePack: ignored non-lowercase namespace: multiModel in C:\ModdingSpace2\GVCC\Depend\build\libs\Depend-1.0.jar
[22:55:46] [Client thread/WARN]: ResourcePack: ignored non-lowercase namespace: multiModel in C:\ModdingSpace2\GVCC\Depend\build\libs\Depend-1.0.jar
[22:55:46] [Client thread/WARN]: ResourcePack: ignored non-lowercase namespace: multiModel in C:\ModdingSpace2\GVCC\Depend\build\libs\Depend-1.0.jar
[22:55:46] [Client thread/WARN]: ResourcePack: ignored non-lowercase namespace: multiModel in C:\ModdingSpace2\GVCC\Depend\build\libs\Depend-1.0.jar
[22:55:46] [Client thread/WARN]: ResourcePack: ignored non-lowercase namespace: multiModel in C:\ModdingSpace2\GVCC\Depend\build\libs\Depend-1.0.jar
[22:55:46] [Client thread/WARN]: ResourcePack: ignored non-lowercase namespace: multiModel in C:\ModdingSpace2\GVCC\Depend\build\libs\Depend-1.0.jar
[22:55:46] [Client thread/WARN]: ResourcePack: ignored non-lowercase namespace: multiModel in C:\ModdingSpace2\GVCC\Depend\build\libs\Depend-1.0.jar
[22:55:46] [Client thread/WARN]: ResourcePack: ignored non-lowercase namespace: multiModel in C:\ModdingSpace2\GVCC\Depend\build\libs\Depend-1.0.jar
[22:55:46] [Client thread/WARN]: ResourcePack: ignored non-lowercase namespace: multiModel in C:\ModdingSpace2\GVCC\Depend\build\libs\Depend-1.0.jar
[22:55:46] [Client thread/WARN]: ResourcePack: ignored non-lowercase namespace: multiModel in C:\ModdingSpace2\GVCC\Depend\build\libs\Depend-1.0.jar
[22:55:46] [Client thread/WARN]: ResourcePack: ignored non-lowercase namespace: multiModel in C:\ModdingSpace2\GVCC\Depend\build\libs\Depend-1.0.jar
[22:55:46] [Client thread/WARN]: ResourcePack: ignored non-lowercase namespace: multiModel in C:\ModdingSpace2\GVCC\Depend\build\libs\Depend-1.0.jar
[22:55:46] [Client thread/WARN]: ResourcePack: ignored non-lowercase namespace: multiModel in C:\ModdingSpace2\GVCC\Depend\build\libs\Depend-1.0.jar
[22:55:46] [Client thread/WARN]: ResourcePack: ignored non-lowercase namespace: multiModel in C:\ModdingSpace2\GVCC\Depend\build\libs\Depend-1.0.jar
[22:55:46] [Client thread/WARN]: ResourcePack: ignored non-lowercase namespace: multiModel in C:\ModdingSpace2\GVCC\Depend\build\libs\Depend-1.0.jar
[22:55:46] [Client thread/WARN]: ResourcePack: ignored non-lowercase namespace: multiModel in C:\ModdingSpace2\GVCC\Depend\build\libs\Depend-1.0.jar
[22:55:46] [Client thread/WARN]: ResourcePack: ignored non-lowercase namespace: multiModel in C:\ModdingSpace2\GVCC\Depend\build\libs\Depend-1.0.jar
[22:55:46] [Client thread/WARN]: ResourcePack: ignored non-lowercase namespace: multiModel in C:\ModdingSpace2\GVCC\Depend\build\libs\Depend-1.0.jar
[22:55:46] [Client thread/WARN]: ResourcePack: ignored non-lowercase namespace: multiModel in C:\ModdingSpace2\GVCC\Depend\build\libs\Depend-1.0.jar
[22:55:46] [Client thread/WARN]: ResourcePack: ignored non-lowercase namespace: multiModel in C:\ModdingSpace2\GVCC\Depend\build\libs\Depend-1.0.jar
[22:55:46] [Client thread/WARN]: ResourcePack: ignored non-lowercase namespace: multiModel in C:\ModdingSpace2\GVCC\Depend\build\libs\Depend-1.0.jar
[22:55:46] [Client thread/WARN]: ResourcePack: ignored non-lowercase namespace: multiModel in C:\ModdingSpace2\GVCC\Depend\build\libs\Depend-1.0.jar
[22:55:46] [Client thread/WARN]: ResourcePack: ignored non-lowercase namespace: multiModel in C:\ModdingSpace2\GVCC\Depend\build\libs\Depend-1.0.jar
[22:55:46] [Client thread/WARN]: ResourcePack: ignored non-lowercase namespace: multiModel in C:\ModdingSpace2\GVCC\Depend\build\libs\Depend-1.0.jar
[22:55:46] [Client thread/WARN]: ResourcePack: ignored non-lowercase namespace: multiModel in C:\ModdingSpace2\GVCC\Depend\build\libs\Depend-1.0.jar
[22:55:46] [Client thread/WARN]: ResourcePack: ignored non-lowercase namespace: multiModel in C:\ModdingSpace2\GVCC\Depend\build\libs\Depend-1.0.jar
[22:55:46] [Client thread/WARN]: ResourcePack: ignored non-lowercase namespace: multiModel in C:\ModdingSpace2\GVCC\Depend\build\libs\Depend-1.0.jar
[22:55:46] [Client thread/WARN]: ResourcePack: ignored non-lowercase namespace: multiModel in C:\ModdingSpace2\GVCC\Depend\build\libs\Depend-1.0.jar
[22:55:46] [Client thread/WARN]: ResourcePack: ignored non-lowercase namespace: multiModel in C:\ModdingSpace2\GVCC\Depend\build\libs\Depend-1.0.jar
[22:55:46] [Client thread/WARN]: ResourcePack: ignored non-lowercase namespace: multiModel in C:\ModdingSpace2\GVCC\Depend\build\libs\Depend-1.0.jar
[22:55:46] [Client thread/WARN]: ResourcePack: ignored non-lowercase namespace: multiModel in C:\ModdingSpace2\GVCC\Depend\build\libs\Depend-1.0.jar
[22:55:46] [Client thread/WARN]: ResourcePack: ignored non-lowercase namespace: multiModel in C:\ModdingSpace2\GVCC\Depend\build\libs\Depend-1.0.jar
[22:55:46] [Client thread/WARN]: ResourcePack: ignored non-lowercase namespace: multiModel in C:\ModdingSpace2\GVCC\Depend\build\libs\Depend-1.0.jar
[22:55:46] [Client thread/WARN]: ResourcePack: ignored non-lowercase namespace: multiModel in C:\ModdingSpace2\GVCC\Depend\build\libs\Depend-1.0.jar
[22:55:46] [Client thread/WARN]: ResourcePack: ignored non-lowercase namespace: multiModel in C:\ModdingSpace2\GVCC\Depend\build\libs\Depend-1.0.jar
[22:55:46] [Client thread/WARN]: ResourcePack: ignored non-lowercase namespace: multiModel in C:\ModdingSpace2\GVCC\Depend\build\libs\Depend-1.0.jar
[22:55:46] [Client thread/WARN]: ResourcePack: ignored non-lowercase namespace: multiModel in C:\ModdingSpace2\GVCC\Depend\build\libs\Depend-1.0.jar
[22:55:46] [Client thread/WARN]: ResourcePack: ignored non-lowercase namespace: multiModel in C:\ModdingSpace2\GVCC\Depend\build\libs\Depend-1.0.jar
[22:55:46] [Client thread/WARN]: ResourcePack: ignored non-lowercase namespace: multiModel in C:\ModdingSpace2\GVCC\Depend\build\libs\Depend-1.0.jar
[22:55:46] [Client thread/WARN]: ResourcePack: ignored non-lowercase namespace: multiModel in C:\ModdingSpace2\GVCC\Depend\build\libs\Depend-1.0.jar
[22:55:46] [Client thread/WARN]: ResourcePack: ignored non-lowercase namespace: multiModel in C:\ModdingSpace2\GVCC\Depend\build\libs\Depend-1.0.jar
[22:55:46] [Client thread/WARN]: ResourcePack: ignored non-lowercase namespace: multiModel in C:\ModdingSpace2\GVCC\Depend\build\libs\Depend-1.0.jar
[22:55:46] [Client thread/WARN]: ResourcePack: ignored non-lowercase namespace: multiModel in C:\ModdingSpace2\GVCC\Depend\build\libs\Depend-1.0.jar
[22:55:46] [Client thread/WARN]: ResourcePack: ignored non-lowercase namespace: multiModel in C:\ModdingSpace2\GVCC\Depend\build\libs\Depend-1.0.jar
[22:55:46] [Client thread/WARN]: ResourcePack: ignored non-lowercase namespace: multiModel in C:\ModdingSpace2\GVCC\Depend\build\libs\Depend-1.0.jar
[22:55:46] [Client thread/WARN]: ResourcePack: ignored non-lowercase namespace: multiModel in C:\ModdingSpace2\GVCC\Depend\build\libs\Depend-1.0.jar
[22:55:46] [Client thread/WARN]: ResourcePack: ignored non-lowercase namespace: multiModel in C:\ModdingSpace2\GVCC\Depend\build\libs\Depend-1.0.jar
[22:55:46] [Client thread/WARN]: ResourcePack: ignored non-lowercase namespace: multiModel in C:\ModdingSpace2\GVCC\Depend\build\libs\Depend-1.0.jar
[22:55:46] [Client thread/WARN]: ResourcePack: ignored non-lowercase namespace: multiModel in C:\ModdingSpace2\GVCC\Depend\build\libs\Depend-1.0.jar
[22:55:46] [Client thread/WARN]: ResourcePack: ignored non-lowercase namespace: multiModel in C:\ModdingSpace2\GVCC\Depend\build\libs\Depend-1.0.jar
[22:55:46] [Client thread/WARN]: ResourcePack: ignored non-lowercase namespace: multiModel in C:\ModdingSpace2\GVCC\Depend\build\libs\Depend-1.0.jar
[22:55:46] [Client thread/WARN]: ResourcePack: ignored non-lowercase namespace: multiModel in C:\ModdingSpace2\GVCC\Depend\build\libs\Depend-1.0.jar
[22:55:46] [Client thread/WARN]: ResourcePack: ignored non-lowercase namespace: multiModel in C:\ModdingSpace2\GVCC\Depend\build\libs\Depend-1.0.jar
[22:55:46] [Client thread/WARN]: ResourcePack: ignored non-lowercase namespace: multiModel in C:\ModdingSpace2\GVCC\Depend\build\libs\Depend-1.0.jar
[22:55:46] [Client thread/WARN]: ResourcePack: ignored non-lowercase namespace: multiModel in C:\ModdingSpace2\GVCC\Depend\build\libs\Depend-1.0.jar
[22:55:46] [Client thread/WARN]: ResourcePack: ignored non-lowercase namespace: multiModel in C:\ModdingSpace2\GVCC\Depend\build\libs\Depend-1.0.jar
[22:55:46] [Client thread/WARN]: ResourcePack: ignored non-lowercase namespace: multiModel in C:\ModdingSpace2\GVCC\Depend\build\libs\Depend-1.0.jar
[22:55:46] [Client thread/WARN]: ResourcePack: ignored non-lowercase namespace: multiModel in C:\ModdingSpace2\GVCC\Depend\build\libs\Depend-1.0.jar
[22:55:46] [Client thread/WARN]: ResourcePack: ignored non-lowercase namespace: multiModel in C:\ModdingSpace2\GVCC\Depend\build\libs\Depend-1.0.jar
[22:55:46] [Client thread/WARN]: ResourcePack: ignored non-lowercase namespace: multiModel in C:\ModdingSpace2\GVCC\Depend\build\libs\Depend-1.0.jar
[22:55:46] [Client thread/WARN]: ResourcePack: ignored non-lowercase namespace: multiModel in C:\ModdingSpace2\GVCC\Depend\build\libs\Depend-1.0.jar
[22:55:46] [Client thread/WARN]: ResourcePack: ignored non-lowercase namespace: multiModel in C:\ModdingSpace2\GVCC\Depend\build\libs\Depend-1.0.jar
[22:55:46] [Client thread/WARN]: ResourcePack: ignored non-lowercase namespace: multiModel in C:\ModdingSpace2\GVCC\Depend\build\libs\Depend-1.0.jar
[22:55:46] [Client thread/WARN]: ResourcePack: ignored non-lowercase namespace: multiModel in C:\ModdingSpace2\GVCC\Depend\build\libs\Depend-1.0.jar
[22:55:46] [Client thread/WARN]: ResourcePack: ignored non-lowercase namespace: multiModel in C:\ModdingSpace2\GVCC\Depend\build\libs\Depend-1.0.jar
[22:55:46] [Client thread/WARN]: ResourcePack: ignored non-lowercase namespace: multiModel in C:\ModdingSpace2\GVCC\Depend\build\libs\Depend-1.0.jar
[22:55:46] [Client thread/WARN]: ResourcePack: ignored non-lowercase namespace: multiModel in C:\ModdingSpace2\GVCC\Depend\build\libs\Depend-1.0.jar
[22:55:46] [Client thread/WARN]: ResourcePack: ignored non-lowercase namespace: multiModel in C:\ModdingSpace2\GVCC\Depend\build\libs\Depend-1.0.jar
[22:55:46] [Client thread/WARN]: ResourcePack: ignored non-lowercase namespace: multiModel in C:\ModdingSpace2\GVCC\Depend\build\libs\Depend-1.0.jar
[22:55:46] [Client thread/WARN]: ResourcePack: ignored non-lowercase namespace: multiModel in C:\ModdingSpace2\GVCC\Depend\build\libs\Depend-1.0.jar
[22:55:46] [Client thread/WARN]: ResourcePack: ignored non-lowercase namespace: multiModel in C:\ModdingSpace2\GVCC\Depend\build\libs\Depend-1.0.jar
[22:55:46] [Client thread/WARN]: ResourcePack: ignored non-lowercase namespace: multiModel in C:\ModdingSpace2\GVCC\Depend\build\libs\Depend-1.0.jar
[22:55:46] [Client thread/WARN]: ResourcePack: ignored non-lowercase namespace: multiModel in C:\ModdingSpace2\GVCC\Depend\build\libs\Depend-1.0.jar
[22:55:46] [Client thread/WARN]: ResourcePack: ignored non-lowercase namespace: multiModel in C:\ModdingSpace2\GVCC\Depend\build\libs\Depend-1.0.jar
[22:55:46] [Client thread/WARN]: ResourcePack: ignored non-lowercase namespace: multiModel in C:\ModdingSpace2\GVCC\Depend\build\libs\Depend-1.0.jar
[22:55:46] [Client thread/WARN]: ResourcePack: ignored non-lowercase namespace: multiModel in C:\ModdingSpace2\GVCC\Depend\build\libs\Depend-1.0.jar
[22:55:46] [Client thread/WARN]: ResourcePack: ignored non-lowercase namespace: multiModel in C:\ModdingSpace2\GVCC\Depend\build\libs\Depend-1.0.jar
[22:55:46] [Client thread/WARN]: ResourcePack: ignored non-lowercase namespace: multiModel in C:\ModdingSpace2\GVCC\Depend\build\libs\Depend-1.0.jar
[22:55:46] [Client thread/WARN]: ResourcePack: ignored non-lowercase namespace: multiModel in C:\ModdingSpace2\GVCC\Depend\build\libs\Depend-1.0.jar
[22:55:46] [Client thread/WARN]: ResourcePack: ignored non-lowercase namespace: multiModel in C:\ModdingSpace2\GVCC\Depend\build\libs\Depend-1.0.jar
[22:55:46] [Client thread/WARN]: ResourcePack: ignored non-lowercase namespace: multiModel in C:\ModdingSpace2\GVCC\Depend\build\libs\Depend-1.0.jar
[22:55:46] [Client thread/WARN]: ResourcePack: ignored non-lowercase namespace: multiModel in C:\ModdingSpace2\GVCC\Depend\build\libs\Depend-1.0.jar
[22:55:46] [Client thread/WARN]: ResourcePack: ignored non-lowercase namespace: multiModel in C:\ModdingSpace2\GVCC\Depend\build\libs\Depend-1.0.jar
[22:55:46] [Client thread/WARN]: ResourcePack: ignored non-lowercase namespace: multiModel in C:\ModdingSpace2\GVCC\Depend\build\libs\Depend-1.0.jar
[22:55:46] [Client thread/WARN]: ResourcePack: ignored non-lowercase namespace: multiModel in C:\ModdingSpace2\GVCC\Depend\build\libs\Depend-1.0.jar
[22:55:46] [Client thread/WARN]: ResourcePack: ignored non-lowercase namespace: multiModel in C:\ModdingSpace2\GVCC\Depend\build\libs\Depend-1.0.jar
[22:55:46] [Client thread/WARN]: ResourcePack: ignored non-lowercase namespace: multiModel in C:\ModdingSpace2\GVCC\Depend\build\libs\Depend-1.0.jar
[22:55:46] [Client thread/WARN]: ResourcePack: ignored non-lowercase namespace: multiModel in C:\ModdingSpace2\GVCC\Depend\build\libs\Depend-1.0.jar
[22:55:46] [Client thread/WARN]: ResourcePack: ignored non-lowercase namespace: multiModel in C:\ModdingSpace2\GVCC\Depend\build\libs\Depend-1.0.jar
[22:55:46] [Client thread/WARN]: ResourcePack: ignored non-lowercase namespace: multiModel in C:\ModdingSpace2\GVCC\Depend\build\libs\Depend-1.0.jar
[22:55:46] [Client thread/WARN]: ResourcePack: ignored non-lowercase namespace: multiModel in C:\ModdingSpace2\GVCC\Depend\build\libs\Depend-1.0.jar
[22:55:46] [Client thread/WARN]: ResourcePack: ignored non-lowercase namespace: multiModel in C:\ModdingSpace2\GVCC\Depend\build\libs\Depend-1.0.jar
[22:55:46] [Client thread/WARN]: ResourcePack: ignored non-lowercase namespace: multiModel in C:\ModdingSpace2\GVCC\Depend\build\libs\Depend-1.0.jar
[22:55:46] [Client thread/WARN]: ResourcePack: ignored non-lowercase namespace: multiModel in C:\ModdingSpace2\GVCC\Depend\build\libs\Depend-1.0.jar
[22:55:46] [Client thread/WARN]: ResourcePack: ignored non-lowercase namespace: multiModel in C:\ModdingSpace2\GVCC\Depend\build\libs\Depend-1.0.jar
[22:55:46] [Client thread/WARN]: ResourcePack: ignored non-lowercase namespace: multiModel in C:\ModdingSpace2\GVCC\Depend\build\libs\Depend-1.0.jar
[22:55:46] [Client thread/WARN]: ResourcePack: ignored non-lowercase namespace: multiModel in C:\ModdingSpace2\GVCC\Depend\build\libs\Depend-1.0.jar
[22:55:46] [Client thread/WARN]: ResourcePack: ignored non-lowercase namespace: multiModel in C:\ModdingSpace2\GVCC\Depend\build\libs\Depend-1.0.jar
[22:55:46] [Client thread/WARN]: ResourcePack: ignored non-lowercase namespace: multiModel in C:\ModdingSpace2\GVCC\Depend\build\libs\Depend-1.0.jar
[22:55:46] [Client thread/WARN]: ResourcePack: ignored non-lowercase namespace: multiModel in C:\ModdingSpace2\GVCC\Depend\build\libs\Depend-1.0.jar
[22:55:46] [Client thread/WARN]: ResourcePack: ignored non-lowercase namespace: multiModel in C:\ModdingSpace2\GVCC\Depend\build\libs\Depend-1.0.jar
[22:55:46] [Client thread/WARN]: ResourcePack: ignored non-lowercase namespace: multiModel in C:\ModdingSpace2\GVCC\Depend\build\libs\Depend-1.0.jar
[22:55:46] [Client thread/WARN]: ResourcePack: ignored non-lowercase namespace: multiModel in C:\ModdingSpace2\GVCC\Depend\build\libs\Depend-1.0.jar
[22:55:46] [Client thread/WARN]: ResourcePack: ignored non-lowercase namespace: multiModel in C:\ModdingSpace2\GVCC\Depend\build\libs\Depend-1.0.jar
[22:55:46] [Client thread/WARN]: ResourcePack: ignored non-lowercase namespace: multiModel in C:\ModdingSpace2\GVCC\Depend\build\libs\Depend-1.0.jar
[22:55:46] [Client thread/WARN]: ResourcePack: ignored non-lowercase namespace: multiModel in C:\ModdingSpace2\GVCC\Depend\build\libs\Depend-1.0.jar
[22:55:46] [Client thread/WARN]: ResourcePack: ignored non-lowercase namespace: multiModel in C:\ModdingSpace2\GVCC\Depend\build\libs\Depend-1.0.jar
[22:55:47] [Client thread/INFO]: Reloading ResourceManager: Default, FMLFileResourcePack:Forge Mod Loader, FMLFileResourcePack:Minecraft Forge, FMLFileResourcePack:lmmx, FMLFileResourcePack:MMMLibX, FMLFileResourcePack:Sokoniyatugairuzo, FMLFileResourcePack:zabuton, FMLFileResourcePack:HandMadeGunsModEX, FMLFileResourcePack:HandmadeGuns, FMLFileResourcePack:HandmadeGuns
[22:55:47] [Client thread/WARN]: ResourcePack: ignored non-lowercase namespace: multiModel in C:\ModdingSpace2\GVCC\Depend\build\libs\Depend-1.0.jar
[22:55:47] [Client thread/WARN]: ResourcePack: ignored non-lowercase namespace: multiModel in C:\ModdingSpace2\GVCC\Depend\build\libs\Depend-1.0.jar
[22:55:47] [Client thread/WARN]: ResourcePack: ignored non-lowercase namespace: multiModel in C:\ModdingSpace2\GVCC\Depend\build\libs\Depend-1.0.jar
[22:55:47] [Client thread/WARN]: ResourcePack: ignored non-lowercase namespace: multiModel in C:\ModdingSpace2\GVCC\Depend\build\libs\Depend-1.0.jar
[22:55:47] [Client thread/WARN]: ResourcePack: ignored non-lowercase namespace: multiModel in C:\ModdingSpace2\GVCC\Depend\build\libs\Depend-1.0.jar
[22:55:47] [Client thread/WARN]: ResourcePack: ignored non-lowercase namespace: multiModel in C:\ModdingSpace2\GVCC\Depend\build\libs\Depend-1.0.jar
[22:55:47] [Client thread/WARN]: ResourcePack: ignored non-lowercase namespace: multiModel in C:\ModdingSpace2\GVCC\Depend\build\libs\Depend-1.0.jar
[22:55:47] [Client thread/WARN]: ResourcePack: ignored non-lowercase namespace: multiModel in C:\ModdingSpace2\GVCC\Depend\build\libs\Depend-1.0.jar
[22:55:47] [Client thread/WARN]: ResourcePack: ignored non-lowercase namespace: multiModel in C:\ModdingSpace2\GVCC\Depend\build\libs\Depend-1.0.jar
[22:55:47] [Client thread/WARN]: ResourcePack: ignored non-lowercase namespace: multiModel in C:\ModdingSpace2\GVCC\Depend\build\libs\Depend-1.0.jar
[22:55:47] [Client thread/WARN]: ResourcePack: ignored non-lowercase namespace: multiModel in C:\ModdingSpace2\GVCC\Depend\build\libs\Depend-1.0.jar
[22:55:47] [Client thread/WARN]: ResourcePack: ignored non-lowercase namespace: multiModel in C:\ModdingSpace2\GVCC\Depend\build\libs\Depend-1.0.jar
[22:55:47] [Client thread/WARN]: ResourcePack: ignored non-lowercase namespace: multiModel in C:\ModdingSpace2\GVCC\Depend\build\libs\Depend-1.0.jar
[22:55:47] [Client thread/WARN]: ResourcePack: ignored non-lowercase namespace: multiModel in C:\ModdingSpace2\GVCC\Depend\build\libs\Depend-1.0.jar
[22:55:47] [Client thread/WARN]: ResourcePack: ignored non-lowercase namespace: multiModel in C:\ModdingSpace2\GVCC\Depend\build\libs\Depend-1.0.jar
[22:55:47] [Client thread/WARN]: ResourcePack: ignored non-lowercase namespace: multiModel in C:\ModdingSpace2\GVCC\Depend\build\libs\Depend-1.0.jar
[22:55:47] [Client thread/WARN]: ResourcePack: ignored non-lowercase namespace: multiModel in C:\ModdingSpace2\GVCC\Depend\build\libs\Depend-1.0.jar
[22:55:47] [Client thread/WARN]: ResourcePack: ignored non-lowercase namespace: multiModel in C:\ModdingSpace2\GVCC\Depend\build\libs\Depend-1.0.jar
[22:55:47] [Client thread/WARN]: ResourcePack: ignored non-lowercase namespace: multiModel in C:\ModdingSpace2\GVCC\Depend\build\libs\Depend-1.0.jar
[22:55:47] [Client thread/WARN]: ResourcePack: ignored non-lowercase namespace: multiModel in C:\ModdingSpace2\GVCC\Depend\build\libs\Depend-1.0.jar
[22:55:47] [Client thread/WARN]: ResourcePack: ignored non-lowercase namespace: multiModel in C:\ModdingSpace2\GVCC\Depend\build\libs\Depend-1.0.jar
[22:55:47] [Client thread/WARN]: ResourcePack: ignored non-lowercase namespace: multiModel in C:\ModdingSpace2\GVCC\Depend\build\libs\Depend-1.0.jar
[22:55:47] [Client thread/WARN]: ResourcePack: ignored non-lowercase namespace: multiModel in C:\ModdingSpace2\GVCC\Depend\build\libs\Depend-1.0.jar
[22:55:47] [Client thread/WARN]: ResourcePack: ignored non-lowercase namespace: multiModel in C:\ModdingSpace2\GVCC\Depend\build\libs\Depend-1.0.jar
[22:55:47] [Client thread/WARN]: ResourcePack: ignored non-lowercase namespace: multiModel in C:\ModdingSpace2\GVCC\Depend\build\libs\Depend-1.0.jar
[22:55:47] [Client thread/WARN]: ResourcePack: ignored non-lowercase namespace: multiModel in C:\ModdingSpace2\GVCC\Depend\build\libs\Depend-1.0.jar
[22:55:47] [Client thread/WARN]: ResourcePack: ignored non-lowercase namespace: multiModel in C:\ModdingSpace2\GVCC\Depend\build\libs\Depend-1.0.jar
[22:55:47] [Client thread/WARN]: ResourcePack: ignored non-lowercase namespace: multiModel in C:\ModdingSpace2\GVCC\Depend\build\libs\Depend-1.0.jar
[22:55:47] [Client thread/WARN]: ResourcePack: ignored non-lowercase namespace: multiModel in C:\ModdingSpace2\GVCC\Depend\build\libs\Depend-1.0.jar
[22:55:47] [Client thread/WARN]: ResourcePack: ignored non-lowercase namespace: multiModel in C:\ModdingSpace2\GVCC\Depend\build\libs\Depend-1.0.jar
[22:55:47] [Client thread/WARN]: ResourcePack: ignored non-lowercase namespace: multiModel in C:\ModdingSpace2\GVCC\Depend\build\libs\Depend-1.0.jar
[22:55:47] [Client thread/WARN]: ResourcePack: ignored non-lowercase namespace: multiModel in C:\ModdingSpace2\GVCC\Depend\build\libs\Depend-1.0.jar
[22:55:47] [Client thread/WARN]: ResourcePack: ignored non-lowercase namespace: multiModel in C:\ModdingSpace2\GVCC\Depend\build\libs\Depend-1.0.jar
[22:55:47] [Client thread/WARN]: ResourcePack: ignored non-lowercase namespace: multiModel in C:\ModdingSpace2\GVCC\Depend\build\libs\Depend-1.0.jar
[22:55:47] [Client thread/WARN]: ResourcePack: ignored non-lowercase namespace: multiModel in C:\ModdingSpace2\GVCC\Depend\build\libs\Depend-1.0.jar
[22:55:47] [Client thread/WARN]: ResourcePack: ignored non-lowercase namespace: multiModel in C:\ModdingSpace2\GVCC\Depend\build\libs\Depend-1.0.jar
[22:55:47] [Client thread/WARN]: ResourcePack: ignored non-lowercase namespace: multiModel in C:\ModdingSpace2\GVCC\Depend\build\libs\Depend-1.0.jar
[22:55:47] [Client thread/WARN]: ResourcePack: ignored non-lowercase namespace: multiModel in C:\ModdingSpace2\GVCC\Depend\build\libs\Depend-1.0.jar
[22:55:47] [Client thread/WARN]: ResourcePack: ignored non-lowercase namespace: multiModel in C:\ModdingSpace2\GVCC\Depend\build\libs\Depend-1.0.jar
[22:55:47] [Client thread/WARN]: ResourcePack: ignored non-lowercase namespace: multiModel in C:\ModdingSpace2\GVCC\Depend\build\libs\Depend-1.0.jar
[22:55:47] [Client thread/WARN]: ResourcePack: ignored non-lowercase namespace: multiModel in C:\ModdingSpace2\GVCC\Depend\build\libs\Depend-1.0.jar
[22:55:47] [Client thread/WARN]: ResourcePack: ignored non-lowercase namespace: multiModel in C:\ModdingSpace2\GVCC\Depend\build\libs\Depend-1.0.jar
[22:55:47] [Client thread/WARN]: ResourcePack: ignored non-lowercase namespace: multiModel in C:\ModdingSpace2\GVCC\Depend\build\libs\Depend-1.0.jar
[22:55:47] [Client thread/WARN]: ResourcePack: ignored non-lowercase namespace: multiModel in C:\ModdingSpace2\GVCC\Depend\build\libs\Depend-1.0.jar
[22:55:47] [Client thread/WARN]: ResourcePack: ignored non-lowercase namespace: multiModel in C:\ModdingSpace2\GVCC\Depend\build\libs\Depend-1.0.jar
[22:55:47] [Client thread/WARN]: ResourcePack: ignored non-lowercase namespace: multiModel in C:\ModdingSpace2\GVCC\Depend\build\libs\Depend-1.0.jar
[22:55:47] [Client thread/WARN]: ResourcePack: ignored non-lowercase namespace: multiModel in C:\ModdingSpace2\GVCC\Depend\build\libs\Depend-1.0.jar
[22:55:47] [Client thread/WARN]: ResourcePack: ignored non-lowercase namespace: multiModel in C:\ModdingSpace2\GVCC\Depend\build\libs\Depend-1.0.jar
[22:55:47] [Client thread/WARN]: ResourcePack: ignored non-lowercase namespace: multiModel in C:\ModdingSpace2\GVCC\Depend\build\libs\Depend-1.0.jar
[22:55:47] [Client thread/WARN]: ResourcePack: ignored non-lowercase namespace: multiModel in C:\ModdingSpace2\GVCC\Depend\build\libs\Depend-1.0.jar
[22:55:47] [Client thread/WARN]: ResourcePack: ignored non-lowercase namespace: multiModel in C:\ModdingSpace2\GVCC\Depend\build\libs\Depend-1.0.jar
[22:55:47] [Client thread/WARN]: ResourcePack: ignored non-lowercase namespace: multiModel in C:\ModdingSpace2\GVCC\Depend\build\libs\Depend-1.0.jar
[22:55:47] [Client thread/WARN]: ResourcePack: ignored non-lowercase namespace: multiModel in C:\ModdingSpace2\GVCC\Depend\build\libs\Depend-1.0.jar
[22:55:47] [Client thread/WARN]: ResourcePack: ignored non-lowercase namespace: multiModel in C:\ModdingSpace2\GVCC\Depend\build\libs\Depend-1.0.jar
[22:55:47] [Client thread/WARN]: ResourcePack: ignored non-lowercase namespace: multiModel in C:\ModdingSpace2\GVCC\Depend\build\libs\Depend-1.0.jar
[22:55:47] [Client thread/WARN]: ResourcePack: ignored non-lowercase namespace: multiModel in C:\ModdingSpace2\GVCC\Depend\build\libs\Depend-1.0.jar
[22:55:47] [Client thread/WARN]: ResourcePack: ignored non-lowercase namespace: multiModel in C:\ModdingSpace2\GVCC\Depend\build\libs\Depend-1.0.jar
[22:55:47] [Client thread/WARN]: ResourcePack: ignored non-lowercase namespace: multiModel in C:\ModdingSpace2\GVCC\Depend\build\libs\Depend-1.0.jar
[22:55:47] [Client thread/WARN]: ResourcePack: ignored non-lowercase namespace: multiModel in C:\ModdingSpace2\GVCC\Depend\build\libs\Depend-1.0.jar
[22:55:47] [Client thread/WARN]: ResourcePack: ignored non-lowercase namespace: multiModel in C:\ModdingSpace2\GVCC\Depend\build\libs\Depend-1.0.jar
[22:55:47] [Client thread/WARN]: ResourcePack: ignored non-lowercase namespace: multiModel in C:\ModdingSpace2\GVCC\Depend\build\libs\Depend-1.0.jar
[22:55:47] [Client thread/WARN]: ResourcePack: ignored non-lowercase namespace: multiModel in C:\ModdingSpace2\GVCC\Depend\build\libs\Depend-1.0.jar
[22:55:47] [Client thread/WARN]: ResourcePack: ignored non-lowercase namespace: multiModel in C:\ModdingSpace2\GVCC\Depend\build\libs\Depend-1.0.jar
[22:55:47] [Client thread/WARN]: ResourcePack: ignored non-lowercase namespace: multiModel in C:\ModdingSpace2\GVCC\Depend\build\libs\Depend-1.0.jar
[22:55:47] [Client thread/WARN]: ResourcePack: ignored non-lowercase namespace: multiModel in C:\ModdingSpace2\GVCC\Depend\build\libs\Depend-1.0.jar
[22:55:47] [Client thread/WARN]: ResourcePack: ignored non-lowercase namespace: multiModel in C:\ModdingSpace2\GVCC\Depend\build\libs\Depend-1.0.jar
[22:55:47] [Client thread/WARN]: ResourcePack: ignored non-lowercase namespace: multiModel in C:\ModdingSpace2\GVCC\Depend\build\libs\Depend-1.0.jar
[22:55:47] [Client thread/WARN]: ResourcePack: ignored non-lowercase namespace: multiModel in C:\ModdingSpace2\GVCC\Depend\build\libs\Depend-1.0.jar
[22:55:47] [Client thread/WARN]: ResourcePack: ignored non-lowercase namespace: multiModel in C:\ModdingSpace2\GVCC\Depend\build\libs\Depend-1.0.jar
[22:55:47] [Client thread/WARN]: ResourcePack: ignored non-lowercase namespace: multiModel in C:\ModdingSpace2\GVCC\Depend\build\libs\Depend-1.0.jar
[22:55:47] [Client thread/WARN]: ResourcePack: ignored non-lowercase namespace: multiModel in C:\ModdingSpace2\GVCC\Depend\build\libs\Depend-1.0.jar
[22:55:47] [Client thread/WARN]: ResourcePack: ignored non-lowercase namespace: multiModel in C:\ModdingSpace2\GVCC\Depend\build\libs\Depend-1.0.jar
[22:55:47] [Client thread/WARN]: ResourcePack: ignored non-lowercase namespace: multiModel in C:\ModdingSpace2\GVCC\Depend\build\libs\Depend-1.0.jar
[22:55:47] [Client thread/WARN]: ResourcePack: ignored non-lowercase namespace: multiModel in C:\ModdingSpace2\GVCC\Depend\build\libs\Depend-1.0.jar
[22:55:47] [Client thread/WARN]: ResourcePack: ignored non-lowercase namespace: multiModel in C:\ModdingSpace2\GVCC\Depend\build\libs\Depend-1.0.jar
[22:55:47] [Client thread/WARN]: ResourcePack: ignored non-lowercase namespace: multiModel in C:\ModdingSpace2\GVCC\Depend\build\libs\Depend-1.0.jar
[22:55:47] [Client thread/WARN]: ResourcePack: ignored non-lowercase namespace: multiModel in C:\ModdingSpace2\GVCC\Depend\build\libs\Depend-1.0.jar
[22:55:47] [Client thread/WARN]: ResourcePack: ignored non-lowercase namespace: multiModel in C:\ModdingSpace2\GVCC\Depend\build\libs\Depend-1.0.jar
[22:55:47] [Client thread/WARN]: ResourcePack: ignored non-lowercase namespace: multiModel in C:\ModdingSpace2\GVCC\Depend\build\libs\Depend-1.0.jar
[22:55:47] [Client thread/WARN]: ResourcePack: ignored non-lowercase namespace: multiModel in C:\ModdingSpace2\GVCC\Depend\build\libs\Depend-1.0.jar
[22:55:47] [Client thread/WARN]: ResourcePack: ignored non-lowercase namespace: multiModel in C:\ModdingSpace2\GVCC\Depend\build\libs\Depend-1.0.jar
[22:55:47] [Client thread/WARN]: ResourcePack: ignored non-lowercase namespace: multiModel in C:\ModdingSpace2\GVCC\Depend\build\libs\Depend-1.0.jar
[22:55:47] [Client thread/WARN]: ResourcePack: ignored non-lowercase namespace: multiModel in C:\ModdingSpace2\GVCC\Depend\build\libs\Depend-1.0.jar
[22:55:47] [Client thread/WARN]: ResourcePack: ignored non-lowercase namespace: multiModel in C:\ModdingSpace2\GVCC\Depend\build\libs\Depend-1.0.jar
[22:55:47] [Client thread/WARN]: ResourcePack: ignored non-lowercase namespace: multiModel in C:\ModdingSpace2\GVCC\Depend\build\libs\Depend-1.0.jar
[22:55:47] [Client thread/WARN]: ResourcePack: ignored non-lowercase namespace: multiModel in C:\ModdingSpace2\GVCC\Depend\build\libs\Depend-1.0.jar
[22:55:47] [Client thread/WARN]: ResourcePack: ignored non-lowercase namespace: multiModel in C:\ModdingSpace2\GVCC\Depend\build\libs\Depend-1.0.jar
[22:55:47] [Client thread/WARN]: ResourcePack: ignored non-lowercase namespace: multiModel in C:\ModdingSpace2\GVCC\Depend\build\libs\Depend-1.0.jar
[22:55:47] [Client thread/WARN]: ResourcePack: ignored non-lowercase namespace: multiModel in C:\ModdingSpace2\GVCC\Depend\build\libs\Depend-1.0.jar
[22:55:47] [Client thread/WARN]: ResourcePack: ignored non-lowercase namespace: multiModel in C:\ModdingSpace2\GVCC\Depend\build\libs\Depend-1.0.jar
[22:55:47] [Client thread/WARN]: ResourcePack: ignored non-lowercase namespace: multiModel in C:\ModdingSpace2\GVCC\Depend\build\libs\Depend-1.0.jar
[22:55:47] [Client thread/WARN]: ResourcePack: ignored non-lowercase namespace: multiModel in C:\ModdingSpace2\GVCC\Depend\build\libs\Depend-1.0.jar
[22:55:47] [Client thread/WARN]: ResourcePack: ignored non-lowercase namespace: multiModel in C:\ModdingSpace2\GVCC\Depend\build\libs\Depend-1.0.jar
[22:55:47] [Client thread/WARN]: ResourcePack: ignored non-lowercase namespace: multiModel in C:\ModdingSpace2\GVCC\Depend\build\libs\Depend-1.0.jar
[22:55:47] [Client thread/WARN]: ResourcePack: ignored non-lowercase namespace: multiModel in C:\ModdingSpace2\GVCC\Depend\build\libs\Depend-1.0.jar
[22:55:47] [Client thread/WARN]: ResourcePack: ignored non-lowercase namespace: multiModel in C:\ModdingSpace2\GVCC\Depend\build\libs\Depend-1.0.jar
[22:55:47] [Client thread/WARN]: ResourcePack: ignored non-lowercase namespace: multiModel in C:\ModdingSpace2\GVCC\Depend\build\libs\Depend-1.0.jar
[22:55:47] [Client thread/WARN]: ResourcePack: ignored non-lowercase namespace: multiModel in C:\ModdingSpace2\GVCC\Depend\build\libs\Depend-1.0.jar
[22:55:47] [Client thread/WARN]: ResourcePack: ignored non-lowercase namespace: multiModel in C:\ModdingSpace2\GVCC\Depend\build\libs\Depend-1.0.jar
[22:55:47] [Client thread/WARN]: ResourcePack: ignored non-lowercase namespace: multiModel in C:\ModdingSpace2\GVCC\Depend\build\libs\Depend-1.0.jar
[22:55:47] [Client thread/WARN]: ResourcePack: ignored non-lowercase namespace: multiModel in C:\ModdingSpace2\GVCC\Depend\build\libs\Depend-1.0.jar
[22:55:47] [Client thread/WARN]: ResourcePack: ignored non-lowercase namespace: multiModel in C:\ModdingSpace2\GVCC\Depend\build\libs\Depend-1.0.jar
[22:55:47] [Client thread/WARN]: ResourcePack: ignored non-lowercase namespace: multiModel in C:\ModdingSpace2\GVCC\Depend\build\libs\Depend-1.0.jar
[22:55:47] [Client thread/WARN]: ResourcePack: ignored non-lowercase namespace: multiModel in C:\ModdingSpace2\GVCC\Depend\build\libs\Depend-1.0.jar
[22:55:47] [Client thread/WARN]: ResourcePack: ignored non-lowercase namespace: multiModel in C:\ModdingSpace2\GVCC\Depend\build\libs\Depend-1.0.jar
[22:55:47] [Client thread/WARN]: ResourcePack: ignored non-lowercase namespace: multiModel in C:\ModdingSpace2\GVCC\Depend\build\libs\Depend-1.0.jar
[22:55:47] [Client thread/WARN]: ResourcePack: ignored non-lowercase namespace: multiModel in C:\ModdingSpace2\GVCC\Depend\build\libs\Depend-1.0.jar
[22:55:47] [Client thread/WARN]: ResourcePack: ignored non-lowercase namespace: multiModel in C:\ModdingSpace2\GVCC\Depend\build\libs\Depend-1.0.jar
[22:55:47] [Client thread/WARN]: ResourcePack: ignored non-lowercase namespace: multiModel in C:\ModdingSpace2\GVCC\Depend\build\libs\Depend-1.0.jar
[22:55:47] [Client thread/WARN]: ResourcePack: ignored non-lowercase namespace: multiModel in C:\ModdingSpace2\GVCC\Depend\build\libs\Depend-1.0.jar
[22:55:47] [Client thread/WARN]: ResourcePack: ignored non-lowercase namespace: multiModel in C:\ModdingSpace2\GVCC\Depend\build\libs\Depend-1.0.jar
[22:55:47] [Client thread/WARN]: ResourcePack: ignored non-lowercase namespace: multiModel in C:\ModdingSpace2\GVCC\Depend\build\libs\Depend-1.0.jar
[22:55:47] [Client thread/WARN]: ResourcePack: ignored non-lowercase namespace: multiModel in C:\ModdingSpace2\GVCC\Depend\build\libs\Depend-1.0.jar
[22:55:47] [Client thread/WARN]: ResourcePack: ignored non-lowercase namespace: multiModel in C:\ModdingSpace2\GVCC\Depend\build\libs\Depend-1.0.jar
[22:55:47] [Client thread/WARN]: ResourcePack: ignored non-lowercase namespace: multiModel in C:\ModdingSpace2\GVCC\Depend\build\libs\Depend-1.0.jar
[22:55:47] [Client thread/WARN]: ResourcePack: ignored non-lowercase namespace: multiModel in C:\ModdingSpace2\GVCC\Depend\build\libs\Depend-1.0.jar
[22:55:47] [Client thread/WARN]: ResourcePack: ignored non-lowercase namespace: multiModel in C:\ModdingSpace2\GVCC\Depend\build\libs\Depend-1.0.jar
[22:55:47] [Client thread/WARN]: ResourcePack: ignored non-lowercase namespace: multiModel in C:\ModdingSpace2\GVCC\Depend\build\libs\Depend-1.0.jar
[22:55:47] [Client thread/WARN]: ResourcePack: ignored non-lowercase namespace: multiModel in C:\ModdingSpace2\GVCC\Depend\build\libs\Depend-1.0.jar
[22:55:47] [Client thread/WARN]: ResourcePack: ignored non-lowercase namespace: multiModel in C:\ModdingSpace2\GVCC\Depend\build\libs\Depend-1.0.jar
[22:55:47] [Client thread/WARN]: ResourcePack: ignored non-lowercase namespace: multiModel in C:\ModdingSpace2\GVCC\Depend\build\libs\Depend-1.0.jar
[22:55:47] [Client thread/WARN]: ResourcePack: ignored non-lowercase namespace: multiModel in C:\ModdingSpace2\GVCC\Depend\build\libs\Depend-1.0.jar
[22:55:47] [Client thread/WARN]: ResourcePack: ignored non-lowercase namespace: multiModel in C:\ModdingSpace2\GVCC\Depend\build\libs\Depend-1.0.jar
[22:55:47] [Client thread/WARN]: ResourcePack: ignored non-lowercase namespace: multiModel in C:\ModdingSpace2\GVCC\Depend\build\libs\Depend-1.0.jar
[22:55:47] [Client thread/WARN]: ResourcePack: ignored non-lowercase namespace: multiModel in C:\ModdingSpace2\GVCC\Depend\build\libs\Depend-1.0.jar
[22:55:47] [Client thread/WARN]: ResourcePack: ignored non-lowercase namespace: multiModel in C:\ModdingSpace2\GVCC\Depend\build\libs\Depend-1.0.jar
[22:55:47] [Client thread/WARN]: ResourcePack: ignored non-lowercase namespace: multiModel in C:\ModdingSpace2\GVCC\Depend\build\libs\Depend-1.0.jar
[22:55:47] [Client thread/WARN]: ResourcePack: ignored non-lowercase namespace: multiModel in C:\ModdingSpace2\GVCC\Depend\build\libs\Depend-1.0.jar
[22:55:47] [Client thread/WARN]: ResourcePack: ignored non-lowercase namespace: multiModel in C:\ModdingSpace2\GVCC\Depend\build\libs\Depend-1.0.jar
[22:55:47] [Client thread/WARN]: ResourcePack: ignored non-lowercase namespace: multiModel in C:\ModdingSpace2\GVCC\Depend\build\libs\Depend-1.0.jar
[22:55:47] [Client thread/WARN]: ResourcePack: ignored non-lowercase namespace: multiModel in C:\ModdingSpace2\GVCC\Depend\build\libs\Depend-1.0.jar
[22:55:47] [Client thread/WARN]: ResourcePack: ignored non-lowercase namespace: multiModel in C:\ModdingSpace2\GVCC\Depend\build\libs\Depend-1.0.jar
[22:55:47] [Client thread/WARN]: ResourcePack: ignored non-lowercase namespace: multiModel in C:\ModdingSpace2\GVCC\Depend\build\libs\Depend-1.0.jar
[22:55:47] [Client thread/WARN]: ResourcePack: ignored non-lowercase namespace: multiModel in C:\ModdingSpace2\GVCC\Depend\build\libs\Depend-1.0.jar
[22:55:47] [Client thread/WARN]: ResourcePack: ignored non-lowercase namespace: multiModel in C:\ModdingSpace2\GVCC\Depend\build\libs\Depend-1.0.jar
[22:55:47] [Client thread/WARN]: ResourcePack: ignored non-lowercase namespace: multiModel in C:\ModdingSpace2\GVCC\Depend\build\libs\Depend-1.0.jar
[22:55:47] [Client thread/WARN]: ResourcePack: ignored non-lowercase namespace: multiModel in C:\ModdingSpace2\GVCC\Depend\build\libs\Depend-1.0.jar
[22:55:47] [Client thread/WARN]: ResourcePack: ignored non-lowercase namespace: multiModel in C:\ModdingSpace2\GVCC\Depend\build\libs\Depend-1.0.jar
[22:55:47] [Client thread/WARN]: ResourcePack: ignored non-lowercase namespace: multiModel in C:\ModdingSpace2\GVCC\Depend\build\libs\Depend-1.0.jar
[22:55:47] [Client thread/WARN]: ResourcePack: ignored non-lowercase namespace: multiModel in C:\ModdingSpace2\GVCC\Depend\build\libs\Depend-1.0.jar
[22:55:47] [Client thread/WARN]: ResourcePack: ignored non-lowercase namespace: multiModel in C:\ModdingSpace2\GVCC\Depend\build\libs\Depend-1.0.jar
[22:55:47] [Client thread/WARN]: ResourcePack: ignored non-lowercase namespace: multiModel in C:\ModdingSpace2\GVCC\Depend\build\libs\Depend-1.0.jar
[22:55:47] [Client thread/WARN]: ResourcePack: ignored non-lowercase namespace: multiModel in C:\ModdingSpace2\GVCC\Depend\build\libs\Depend-1.0.jar
[22:55:47] [Client thread/WARN]: ResourcePack: ignored non-lowercase namespace: multiModel in C:\ModdingSpace2\GVCC\Depend\build\libs\Depend-1.0.jar
[22:55:47] [Client thread/WARN]: ResourcePack: ignored non-lowercase namespace: multiModel in C:\ModdingSpace2\GVCC\Depend\build\libs\Depend-1.0.jar
[22:55:47] [Client thread/WARN]: ResourcePack: ignored non-lowercase namespace: multiModel in C:\ModdingSpace2\GVCC\Depend\build\libs\Depend-1.0.jar
[22:55:47] [Client thread/WARN]: ResourcePack: ignored non-lowercase namespace: multiModel in C:\ModdingSpace2\GVCC\Depend\build\libs\Depend-1.0.jar
[22:55:47] [Client thread/WARN]: ResourcePack: ignored non-lowercase namespace: multiModel in C:\ModdingSpace2\GVCC\Depend\build\libs\Depend-1.0.jar
[22:55:47] [Client thread/WARN]: ResourcePack: ignored non-lowercase namespace: multiModel in C:\ModdingSpace2\GVCC\Depend\build\libs\Depend-1.0.jar
[22:55:47] [Client thread/WARN]: ResourcePack: ignored non-lowercase namespace: multiModel in C:\ModdingSpace2\GVCC\Depend\build\libs\Depend-1.0.jar
[22:55:47] [Client thread/WARN]: ResourcePack: ignored non-lowercase namespace: multiModel in C:\ModdingSpace2\GVCC\Depend\build\libs\Depend-1.0.jar
[22:55:47] [Client thread/WARN]: ResourcePack: ignored non-lowercase namespace: multiModel in C:\ModdingSpace2\GVCC\Depend\build\libs\Depend-1.0.jar
[22:55:47] [Client thread/WARN]: ResourcePack: ignored non-lowercase namespace: multiModel in C:\ModdingSpace2\GVCC\Depend\build\libs\Depend-1.0.jar
[22:55:47] [Client thread/WARN]: ResourcePack: ignored non-lowercase namespace: multiModel in C:\ModdingSpace2\GVCC\Depend\build\libs\Depend-1.0.jar
[22:55:47] [Client thread/WARN]: ResourcePack: ignored non-lowercase namespace: multiModel in C:\ModdingSpace2\GVCC\Depend\build\libs\Depend-1.0.jar
[22:55:47] [Client thread/WARN]: ResourcePack: ignored non-lowercase namespace: multiModel in C:\ModdingSpace2\GVCC\Depend\build\libs\Depend-1.0.jar
[22:55:47] [Client thread/WARN]: ResourcePack: ignored non-lowercase namespace: multiModel in C:\ModdingSpace2\GVCC\Depend\build\libs\Depend-1.0.jar
[22:55:47] [Client thread/WARN]: ResourcePack: ignored non-lowercase namespace: multiModel in C:\ModdingSpace2\GVCC\Depend\build\libs\Depend-1.0.jar
[22:55:47] [Client thread/WARN]: ResourcePack: ignored non-lowercase namespace: multiModel in C:\ModdingSpace2\GVCC\Depend\build\libs\Depend-1.0.jar
[22:55:47] [Client thread/WARN]: ResourcePack: ignored non-lowercase namespace: multiModel in C:\ModdingSpace2\GVCC\Depend\build\libs\Depend-1.0.jar
[22:55:47] [Client thread/WARN]: ResourcePack: ignored non-lowercase namespace: multiModel in C:\ModdingSpace2\GVCC\Depend\build\libs\Depend-1.0.jar
[22:55:47] [Client thread/WARN]: ResourcePack: ignored non-lowercase namespace: multiModel in C:\ModdingSpace2\GVCC\Depend\build\libs\Depend-1.0.jar
[22:55:47] [Client thread/WARN]: ResourcePack: ignored non-lowercase namespace: multiModel in C:\ModdingSpace2\GVCC\Depend\build\libs\Depend-1.0.jar
[22:55:47] [Client thread/WARN]: ResourcePack: ignored non-lowercase namespace: multiModel in C:\ModdingSpace2\GVCC\Depend\build\libs\Depend-1.0.jar
[22:55:47] [Client thread/WARN]: ResourcePack: ignored non-lowercase namespace: multiModel in C:\ModdingSpace2\GVCC\Depend\build\libs\Depend-1.0.jar
[22:55:47] [Client thread/WARN]: ResourcePack: ignored non-lowercase namespace: multiModel in C:\ModdingSpace2\GVCC\Depend\build\libs\Depend-1.0.jar
[22:55:47] [Client thread/WARN]: ResourcePack: ignored non-lowercase namespace: multiModel in C:\ModdingSpace2\GVCC\Depend\build\libs\Depend-1.0.jar
[22:55:47] [Client thread/WARN]: ResourcePack: ignored non-lowercase namespace: multiModel in C:\ModdingSpace2\GVCC\Depend\build\libs\Depend-1.0.jar
[22:55:47] [Client thread/WARN]: ResourcePack: ignored non-lowercase namespace: multiModel in C:\ModdingSpace2\GVCC\Depend\build\libs\Depend-1.0.jar
[22:55:47] [Client thread/WARN]: ResourcePack: ignored non-lowercase namespace: multiModel in C:\ModdingSpace2\GVCC\Depend\build\libs\Depend-1.0.jar
[22:55:47] [Client thread/WARN]: ResourcePack: ignored non-lowercase namespace: multiModel in C:\ModdingSpace2\GVCC\Depend\build\libs\Depend-1.0.jar
[22:55:47] [Client thread/WARN]: ResourcePack: ignored non-lowercase namespace: multiModel in C:\ModdingSpace2\GVCC\Depend\build\libs\Depend-1.0.jar
[22:55:47] [Client thread/WARN]: ResourcePack: ignored non-lowercase namespace: multiModel in C:\ModdingSpace2\GVCC\Depend\build\libs\Depend-1.0.jar
[22:55:47] [Client thread/WARN]: ResourcePack: ignored non-lowercase namespace: multiModel in C:\ModdingSpace2\GVCC\Depend\build\libs\Depend-1.0.jar
[22:55:47] [Client thread/WARN]: ResourcePack: ignored non-lowercase namespace: multiModel in C:\ModdingSpace2\GVCC\Depend\build\libs\Depend-1.0.jar
[22:55:47] [Client thread/WARN]: ResourcePack: ignored non-lowercase namespace: multiModel in C:\ModdingSpace2\GVCC\Depend\build\libs\Depend-1.0.jar
[22:55:47] [Client thread/WARN]: ResourcePack: ignored non-lowercase namespace: multiModel in C:\ModdingSpace2\GVCC\Depend\build\libs\Depend-1.0.jar
[22:55:47] [Client thread/WARN]: ResourcePack: ignored non-lowercase namespace: multiModel in C:\ModdingSpace2\GVCC\Depend\build\libs\Depend-1.0.jar
[22:55:47] [Client thread/WARN]: ResourcePack: ignored non-lowercase namespace: multiModel in C:\ModdingSpace2\GVCC\Depend\build\libs\Depend-1.0.jar
[22:55:47] [Client thread/WARN]: ResourcePack: ignored non-lowercase namespace: multiModel in C:\ModdingSpace2\GVCC\Depend\build\libs\Depend-1.0.jar
[22:55:58] [Sound Library Loader/INFO]: Sound engine started
[22:55:58] [Client thread/WARN]: File handmadeguns:sounds/nulls.ogg does not exist, cannot add it to event handmadeguns:handmadeguns.nulls
[22:55:58] [Client thread/WARN]: File handmadeguns:sounds/nulls.ogg does not exist, cannot add it to event handmadeguns:handmadeguns.nulls
[22:55:59] [Client thread/INFO]: Created: 16x16 textures/blocks-atlas
[22:55:59] [Client thread/INFO]: Created: 16x16 textures/items-atlas
[22:56:00] [Client thread/INFO]: Reloading ResourceManager: Default, FMLFileResourcePack:Forge Mod Loader, FMLFileResourcePack:Minecraft Forge, FMLFileResourcePack:lmmx, FMLFileResourcePack:MMMLibX, FMLFileResourcePack:Sokoniyatugairuzo, FMLFileResourcePack:zabuton, FMLFileResourcePack:HandMadeGunsModEX, FMLFileResourcePack:HandmadeGuns, FMLFileResourcePack:HandmadeGuns
[22:56:00] [Client thread/WARN]: ResourcePack: ignored non-lowercase namespace: multiModel in C:\ModdingSpace2\GVCC\Depend\build\libs\Depend-1.0.jar
[22:56:00] [Client thread/WARN]: ResourcePack: ignored non-lowercase namespace: multiModel in C:\ModdingSpace2\GVCC\Depend\build\libs\Depend-1.0.jar
[22:56:00] [Client thread/WARN]: ResourcePack: ignored non-lowercase namespace: multiModel in C:\ModdingSpace2\GVCC\Depend\build\libs\Depend-1.0.jar
[22:56:00] [Client thread/WARN]: ResourcePack: ignored non-lowercase namespace: multiModel in C:\ModdingSpace2\GVCC\Depend\build\libs\Depend-1.0.jar
[22:56:00] [Client thread/WARN]: ResourcePack: ignored non-lowercase namespace: multiModel in C:\ModdingSpace2\GVCC\Depend\build\libs\Depend-1.0.jar
[22:56:00] [Client thread/WARN]: ResourcePack: ignored non-lowercase namespace: multiModel in C:\ModdingSpace2\GVCC\Depend\build\libs\Depend-1.0.jar
[22:56:00] [Client thread/WARN]: ResourcePack: ignored non-lowercase namespace: multiModel in C:\ModdingSpace2\GVCC\Depend\build\libs\Depend-1.0.jar
[22:56:00] [Client thread/WARN]: ResourcePack: ignored non-lowercase namespace: multiModel in C:\ModdingSpace2\GVCC\Depend\build\libs\Depend-1.0.jar
[22:56:00] [Client thread/WARN]: ResourcePack: ignored non-lowercase namespace: multiModel in C:\ModdingSpace2\GVCC\Depend\build\libs\Depend-1.0.jar
[22:56:00] [Client thread/WARN]: ResourcePack: ignored non-lowercase namespace: multiModel in C:\ModdingSpace2\GVCC\Depend\build\libs\Depend-1.0.jar
[22:56:00] [Client thread/WARN]: ResourcePack: ignored non-lowercase namespace: multiModel in C:\ModdingSpace2\GVCC\Depend\build\libs\Depend-1.0.jar
[22:56:00] [Client thread/WARN]: ResourcePack: ignored non-lowercase namespace: multiModel in C:\ModdingSpace2\GVCC\Depend\build\libs\Depend-1.0.jar
[22:56:00] [Client thread/WARN]: ResourcePack: ignored non-lowercase namespace: multiModel in C:\ModdingSpace2\GVCC\Depend\build\libs\Depend-1.0.jar
[22:56:00] [Client thread/WARN]: ResourcePack: ignored non-lowercase namespace: multiModel in C:\ModdingSpace2\GVCC\Depend\build\libs\Depend-1.0.jar
[22:56:00] [Client thread/WARN]: ResourcePack: ignored non-lowercase namespace: multiModel in C:\ModdingSpace2\GVCC\Depend\build\libs\Depend-1.0.jar
[22:56:00] [Client thread/WARN]: ResourcePack: ignored non-lowercase namespace: multiModel in C:\ModdingSpace2\GVCC\Depend\build\libs\Depend-1.0.jar
[22:56:00] [Client thread/WARN]: ResourcePack: ignored non-lowercase namespace: multiModel in C:\ModdingSpace2\GVCC\Depend\build\libs\Depend-1.0.jar
[22:56:00] [Client thread/WARN]: ResourcePack: ignored non-lowercase namespace: multiModel in C:\ModdingSpace2\GVCC\Depend\build\libs\Depend-1.0.jar
[22:56:00] [Client thread/WARN]: ResourcePack: ignored non-lowercase namespace: multiModel in C:\ModdingSpace2\GVCC\Depend\build\libs\Depend-1.0.jar
[22:56:00] [Client thread/WARN]: ResourcePack: ignored non-lowercase namespace: multiModel in C:\ModdingSpace2\GVCC\Depend\build\libs\Depend-1.0.jar
[22:56:00] [Client thread/WARN]: ResourcePack: ignored non-lowercase namespace: multiModel in C:\ModdingSpace2\GVCC\Depend\build\libs\Depend-1.0.jar
[22:56:00] [Client thread/WARN]: ResourcePack: ignored non-lowercase namespace: multiModel in C:\ModdingSpace2\GVCC\Depend\build\libs\Depend-1.0.jar
[22:56:00] [Client thread/WARN]: ResourcePack: ignored non-lowercase namespace: multiModel in C:\ModdingSpace2\GVCC\Depend\build\libs\Depend-1.0.jar
[22:56:00] [Client thread/WARN]: ResourcePack: ignored non-lowercase namespace: multiModel in C:\ModdingSpace2\GVCC\Depend\build\libs\Depend-1.0.jar
[22:56:00] [Client thread/WARN]: ResourcePack: ignored non-lowercase namespace: multiModel in C:\ModdingSpace2\GVCC\Depend\build\libs\Depend-1.0.jar
[22:56:00] [Client thread/WARN]: ResourcePack: ignored non-lowercase namespace: multiModel in C:\ModdingSpace2\GVCC\Depend\build\libs\Depend-1.0.jar
[22:56:00] [Client thread/WARN]: ResourcePack: ignored non-lowercase namespace: multiModel in C:\ModdingSpace2\GVCC\Depend\build\libs\Depend-1.0.jar
[22:56:00] [Client thread/WARN]: ResourcePack: ignored non-lowercase namespace: multiModel in C:\ModdingSpace2\GVCC\Depend\build\libs\Depend-1.0.jar
[22:56:00] [Client thread/WARN]: ResourcePack: ignored non-lowercase namespace: multiModel in C:\ModdingSpace2\GVCC\Depend\build\libs\Depend-1.0.jar
[22:56:00] [Client thread/WARN]: ResourcePack: ignored non-lowercase namespace: multiModel in C:\ModdingSpace2\GVCC\Depend\build\libs\Depend-1.0.jar
[22:56:00] [Client thread/WARN]: ResourcePack: ignored non-lowercase namespace: multiModel in C:\ModdingSpace2\GVCC\Depend\build\libs\Depend-1.0.jar
[22:56:00] [Client thread/WARN]: ResourcePack: ignored non-lowercase namespace: multiModel in C:\ModdingSpace2\GVCC\Depend\build\libs\Depend-1.0.jar
[22:56:00] [Client thread/WARN]: ResourcePack: ignored non-lowercase namespace: multiModel in C:\ModdingSpace2\GVCC\Depend\build\libs\Depend-1.0.jar
[22:56:00] [Client thread/WARN]: ResourcePack: ignored non-lowercase namespace: multiModel in C:\ModdingSpace2\GVCC\Depend\build\libs\Depend-1.0.jar
[22:56:00] [Client thread/WARN]: ResourcePack: ignored non-lowercase namespace: multiModel in C:\ModdingSpace2\GVCC\Depend\build\libs\Depend-1.0.jar
[22:56:00] [Client thread/WARN]: ResourcePack: ignored non-lowercase namespace: multiModel in C:\ModdingSpace2\GVCC\Depend\build\libs\Depend-1.0.jar
[22:56:00] [Client thread/WARN]: ResourcePack: ignored non-lowercase namespace: multiModel in C:\ModdingSpace2\GVCC\Depend\build\libs\Depend-1.0.jar
[22:56:00] [Client thread/WARN]: ResourcePack: ignored non-lowercase namespace: multiModel in C:\ModdingSpace2\GVCC\Depend\build\libs\Depend-1.0.jar
[22:56:00] [Client thread/WARN]: ResourcePack: ignored non-lowercase namespace: multiModel in C:\ModdingSpace2\GVCC\Depend\build\libs\Depend-1.0.jar
[22:56:00] [Client thread/WARN]: ResourcePack: ignored non-lowercase namespace: multiModel in C:\ModdingSpace2\GVCC\Depend\build\libs\Depend-1.0.jar
[22:56:00] [Client thread/WARN]: ResourcePack: ignored non-lowercase namespace: multiModel in C:\ModdingSpace2\GVCC\Depend\build\libs\Depend-1.0.jar
[22:56:00] [Client thread/WARN]: ResourcePack: ignored non-lowercase namespace: multiModel in C:\ModdingSpace2\GVCC\Depend\build\libs\Depend-1.0.jar
[22:56:00] [Client thread/WARN]: ResourcePack: ignored non-lowercase namespace: multiModel in C:\ModdingSpace2\GVCC\Depend\build\libs\Depend-1.0.jar
[22:56:00] [Client thread/WARN]: ResourcePack: ignored non-lowercase namespace: multiModel in C:\ModdingSpace2\GVCC\Depend\build\libs\Depend-1.0.jar
[22:56:00] [Client thread/WARN]: ResourcePack: ignored non-lowercase namespace: multiModel in C:\ModdingSpace2\GVCC\Depend\build\libs\Depend-1.0.jar
[22:56:00] [Client thread/WARN]: ResourcePack: ignored non-lowercase namespace: multiModel in C:\ModdingSpace2\GVCC\Depend\build\libs\Depend-1.0.jar
[22:56:00] [Client thread/WARN]: ResourcePack: ignored non-lowercase namespace: multiModel in C:\ModdingSpace2\GVCC\Depend\build\libs\Depend-1.0.jar
[22:56:00] [Client thread/WARN]: ResourcePack: ignored non-lowercase namespace: multiModel in C:\ModdingSpace2\GVCC\Depend\build\libs\Depend-1.0.jar
[22:56:00] [Client thread/WARN]: ResourcePack: ignored non-lowercase namespace: multiModel in C:\ModdingSpace2\GVCC\Depend\build\libs\Depend-1.0.jar
[22:56:00] [Client thread/WARN]: ResourcePack: ignored non-lowercase namespace: multiModel in C:\ModdingSpace2\GVCC\Depend\build\libs\Depend-1.0.jar
[22:56:00] [Client thread/WARN]: ResourcePack: ignored non-lowercase namespace: multiModel in C:\ModdingSpace2\GVCC\Depend\build\libs\Depend-1.0.jar
[22:56:00] [Client thread/WARN]: ResourcePack: ignored non-lowercase namespace: multiModel in C:\ModdingSpace2\GVCC\Depend\build\libs\Depend-1.0.jar
[22:56:00] [Client thread/WARN]: ResourcePack: ignored non-lowercase namespace: multiModel in C:\ModdingSpace2\GVCC\Depend\build\libs\Depend-1.0.jar
[22:56:00] [Client thread/WARN]: ResourcePack: ignored non-lowercase namespace: multiModel in C:\ModdingSpace2\GVCC\Depend\build\libs\Depend-1.0.jar
[22:56:00] [Client thread/WARN]: ResourcePack: ignored non-lowercase namespace: multiModel in C:\ModdingSpace2\GVCC\Depend\build\libs\Depend-1.0.jar
[22:56:00] [Client thread/WARN]: ResourcePack: ignored non-lowercase namespace: multiModel in C:\ModdingSpace2\GVCC\Depend\build\libs\Depend-1.0.jar
[22:56:00] [Client thread/WARN]: ResourcePack: ignored non-lowercase namespace: multiModel in C:\ModdingSpace2\GVCC\Depend\build\libs\Depend-1.0.jar
[22:56:00] [Client thread/WARN]: ResourcePack: ignored non-lowercase namespace: multiModel in C:\ModdingSpace2\GVCC\Depend\build\libs\Depend-1.0.jar
[22:56:00] [Client thread/WARN]: ResourcePack: ignored non-lowercase namespace: multiModel in C:\ModdingSpace2\GVCC\Depend\build\libs\Depend-1.0.jar
[22:56:00] [Client thread/WARN]: ResourcePack: ignored non-lowercase namespace: multiModel in C:\ModdingSpace2\GVCC\Depend\build\libs\Depend-1.0.jar
[22:56:00] [Client thread/WARN]: ResourcePack: ignored non-lowercase namespace: multiModel in C:\ModdingSpace2\GVCC\Depend\build\libs\Depend-1.0.jar
[22:56:00] [Client thread/WARN]: ResourcePack: ignored non-lowercase namespace: multiModel in C:\ModdingSpace2\GVCC\Depend\build\libs\Depend-1.0.jar
[22:56:00] [Client thread/WARN]: ResourcePack: ignored non-lowercase namespace: multiModel in C:\ModdingSpace2\GVCC\Depend\build\libs\Depend-1.0.jar
[22:56:00] [Client thread/WARN]: ResourcePack: ignored non-lowercase namespace: multiModel in C:\ModdingSpace2\GVCC\Depend\build\libs\Depend-1.0.jar
[22:56:00] [Client thread/WARN]: ResourcePack: ignored non-lowercase namespace: multiModel in C:\ModdingSpace2\GVCC\Depend\build\libs\Depend-1.0.jar
[22:56:00] [Client thread/WARN]: ResourcePack: ignored non-lowercase namespace: multiModel in C:\ModdingSpace2\GVCC\Depend\build\libs\Depend-1.0.jar
[22:56:00] [Client thread/WARN]: ResourcePack: ignored non-lowercase namespace: multiModel in C:\ModdingSpace2\GVCC\Depend\build\libs\Depend-1.0.jar
[22:56:00] [Client thread/WARN]: ResourcePack: ignored non-lowercase namespace: multiModel in C:\ModdingSpace2\GVCC\Depend\build\libs\Depend-1.0.jar
[22:56:00] [Client thread/WARN]: ResourcePack: ignored non-lowercase namespace: multiModel in C:\ModdingSpace2\GVCC\Depend\build\libs\Depend-1.0.jar
[22:56:00] [Client thread/WARN]: ResourcePack: ignored non-lowercase namespace: multiModel in C:\ModdingSpace2\GVCC\Depend\build\libs\Depend-1.0.jar
[22:56:00] [Client thread/WARN]: ResourcePack: ignored non-lowercase namespace: multiModel in C:\ModdingSpace2\GVCC\Depend\build\libs\Depend-1.0.jar
[22:56:00] [Client thread/WARN]: ResourcePack: ignored non-lowercase namespace: multiModel in C:\ModdingSpace2\GVCC\Depend\build\libs\Depend-1.0.jar
[22:56:00] [Client thread/WARN]: ResourcePack: ignored non-lowercase namespace: multiModel in C:\ModdingSpace2\GVCC\Depend\build\libs\Depend-1.0.jar
[22:56:00] [Client thread/WARN]: ResourcePack: ignored non-lowercase namespace: multiModel in C:\ModdingSpace2\GVCC\Depend\build\libs\Depend-1.0.jar
[22:56:00] [Client thread/WARN]: ResourcePack: ignored non-lowercase namespace: multiModel in C:\ModdingSpace2\GVCC\Depend\build\libs\Depend-1.0.jar
[22:56:00] [Client thread/WARN]: ResourcePack: ignored non-lowercase namespace: multiModel in C:\ModdingSpace2\GVCC\Depend\build\libs\Depend-1.0.jar
[22:56:00] [Client thread/WARN]: ResourcePack: ignored non-lowercase namespace: multiModel in C:\ModdingSpace2\GVCC\Depend\build\libs\Depend-1.0.jar
[22:56:00] [Client thread/WARN]: ResourcePack: ignored non-lowercase namespace: multiModel in C:\ModdingSpace2\GVCC\Depend\build\libs\Depend-1.0.jar
[22:56:00] [Client thread/WARN]: ResourcePack: ignored non-lowercase namespace: multiModel in C:\ModdingSpace2\GVCC\Depend\build\libs\Depend-1.0.jar
[22:56:00] [Client thread/WARN]: ResourcePack: ignored non-lowercase namespace: multiModel in C:\ModdingSpace2\GVCC\Depend\build\libs\Depend-1.0.jar
[22:56:00] [Client thread/WARN]: ResourcePack: ignored non-lowercase namespace: multiModel in C:\ModdingSpace2\GVCC\Depend\build\libs\Depend-1.0.jar
[22:56:00] [Client thread/WARN]: ResourcePack: ignored non-lowercase namespace: multiModel in C:\ModdingSpace2\GVCC\Depend\build\libs\Depend-1.0.jar
[22:56:00] [Client thread/WARN]: ResourcePack: ignored non-lowercase namespace: multiModel in C:\ModdingSpace2\GVCC\Depend\build\libs\Depend-1.0.jar
[22:56:00] [Client thread/WARN]: ResourcePack: ignored non-lowercase namespace: multiModel in C:\ModdingSpace2\GVCC\Depend\build\libs\Depend-1.0.jar
[22:56:00] [Client thread/WARN]: ResourcePack: ignored non-lowercase namespace: multiModel in C:\ModdingSpace2\GVCC\Depend\build\libs\Depend-1.0.jar
[22:56:00] [Client thread/WARN]: ResourcePack: ignored non-lowercase namespace: multiModel in C:\ModdingSpace2\GVCC\Depend\build\libs\Depend-1.0.jar
[22:56:00] [Client thread/WARN]: ResourcePack: ignored non-lowercase namespace: multiModel in C:\ModdingSpace2\GVCC\Depend\build\libs\Depend-1.0.jar
[22:56:00] [Client thread/WARN]: ResourcePack: ignored non-lowercase namespace: multiModel in C:\ModdingSpace2\GVCC\Depend\build\libs\Depend-1.0.jar
[22:56:00] [Client thread/WARN]: ResourcePack: ignored non-lowercase namespace: multiModel in C:\ModdingSpace2\GVCC\Depend\build\libs\Depend-1.0.jar
[22:56:00] [Client thread/WARN]: ResourcePack: ignored non-lowercase namespace: multiModel in C:\ModdingSpace2\GVCC\Depend\build\libs\Depend-1.0.jar
[22:56:00] [Client thread/WARN]: ResourcePack: ignored non-lowercase namespace: multiModel in C:\ModdingSpace2\GVCC\Depend\build\libs\Depend-1.0.jar
[22:56:00] [Client thread/WARN]: ResourcePack: ignored non-lowercase namespace: multiModel in C:\ModdingSpace2\GVCC\Depend\build\libs\Depend-1.0.jar
[22:56:00] [Client thread/WARN]: ResourcePack: ignored non-lowercase namespace: multiModel in C:\ModdingSpace2\GVCC\Depend\build\libs\Depend-1.0.jar
[22:56:00] [Client thread/WARN]: ResourcePack: ignored non-lowercase namespace: multiModel in C:\ModdingSpace2\GVCC\Depend\build\libs\Depend-1.0.jar
[22:56:00] [Client thread/WARN]: ResourcePack: ignored non-lowercase namespace: multiModel in C:\ModdingSpace2\GVCC\Depend\build\libs\Depend-1.0.jar
[22:56:00] [Client thread/WARN]: ResourcePack: ignored non-lowercase namespace: multiModel in C:\ModdingSpace2\GVCC\Depend\build\libs\Depend-1.0.jar
[22:56:00] [Client thread/WARN]: ResourcePack: ignored non-lowercase namespace: multiModel in C:\ModdingSpace2\GVCC\Depend\build\libs\Depend-1.0.jar
[22:56:00] [Client thread/WARN]: ResourcePack: ignored non-lowercase namespace: multiModel in C:\ModdingSpace2\GVCC\Depend\build\libs\Depend-1.0.jar
[22:56:00] [Client thread/WARN]: ResourcePack: ignored non-lowercase namespace: multiModel in C:\ModdingSpace2\GVCC\Depend\build\libs\Depend-1.0.jar
[22:56:00] [Client thread/WARN]: ResourcePack: ignored non-lowercase namespace: multiModel in C:\ModdingSpace2\GVCC\Depend\build\libs\Depend-1.0.jar
[22:56:00] [Client thread/WARN]: ResourcePack: ignored non-lowercase namespace: multiModel in C:\ModdingSpace2\GVCC\Depend\build\libs\Depend-1.0.jar
[22:56:00] [Client thread/WARN]: ResourcePack: ignored non-lowercase namespace: multiModel in C:\ModdingSpace2\GVCC\Depend\build\libs\Depend-1.0.jar
[22:56:00] [Client thread/WARN]: ResourcePack: ignored non-lowercase namespace: multiModel in C:\ModdingSpace2\GVCC\Depend\build\libs\Depend-1.0.jar
[22:56:00] [Client thread/WARN]: ResourcePack: ignored non-lowercase namespace: multiModel in C:\ModdingSpace2\GVCC\Depend\build\libs\Depend-1.0.jar
[22:56:00] [Client thread/WARN]: ResourcePack: ignored non-lowercase namespace: multiModel in C:\ModdingSpace2\GVCC\Depend\build\libs\Depend-1.0.jar
[22:56:00] [Client thread/WARN]: ResourcePack: ignored non-lowercase namespace: multiModel in C:\ModdingSpace2\GVCC\Depend\build\libs\Depend-1.0.jar
[22:56:00] [Client thread/WARN]: ResourcePack: ignored non-lowercase namespace: multiModel in C:\ModdingSpace2\GVCC\Depend\build\libs\Depend-1.0.jar
[22:56:00] [Client thread/WARN]: ResourcePack: ignored non-lowercase namespace: multiModel in C:\ModdingSpace2\GVCC\Depend\build\libs\Depend-1.0.jar
[22:56:00] [Client thread/WARN]: ResourcePack: ignored non-lowercase namespace: multiModel in C:\ModdingSpace2\GVCC\Depend\build\libs\Depend-1.0.jar
[22:56:00] [Client thread/WARN]: ResourcePack: ignored non-lowercase namespace: multiModel in C:\ModdingSpace2\GVCC\Depend\build\libs\Depend-1.0.jar
[22:56:00] [Client thread/WARN]: ResourcePack: ignored non-lowercase namespace: multiModel in C:\ModdingSpace2\GVCC\Depend\build\libs\Depend-1.0.jar
[22:56:00] [Client thread/WARN]: ResourcePack: ignored non-lowercase namespace: multiModel in C:\ModdingSpace2\GVCC\Depend\build\libs\Depend-1.0.jar
[22:56:00] [Client thread/WARN]: ResourcePack: ignored non-lowercase namespace: multiModel in C:\ModdingSpace2\GVCC\Depend\build\libs\Depend-1.0.jar
[22:56:00] [Client thread/WARN]: ResourcePack: ignored non-lowercase namespace: multiModel in C:\ModdingSpace2\GVCC\Depend\build\libs\Depend-1.0.jar
[22:56:00] [Client thread/WARN]: ResourcePack: ignored non-lowercase namespace: multiModel in C:\ModdingSpace2\GVCC\Depend\build\libs\Depend-1.0.jar
[22:56:00] [Client thread/WARN]: ResourcePack: ignored non-lowercase namespace: multiModel in C:\ModdingSpace2\GVCC\Depend\build\libs\Depend-1.0.jar
[22:56:00] [Client thread/WARN]: ResourcePack: ignored non-lowercase namespace: multiModel in C:\ModdingSpace2\GVCC\Depend\build\libs\Depend-1.0.jar
[22:56:00] [Client thread/WARN]: ResourcePack: ignored non-lowercase namespace: multiModel in C:\ModdingSpace2\GVCC\Depend\build\libs\Depend-1.0.jar
[22:56:00] [Client thread/WARN]: ResourcePack: ignored non-lowercase namespace: multiModel in C:\ModdingSpace2\GVCC\Depend\build\libs\Depend-1.0.jar
[22:56:00] [Client thread/WARN]: ResourcePack: ignored non-lowercase namespace: multiModel in C:\ModdingSpace2\GVCC\Depend\build\libs\Depend-1.0.jar
[22:56:00] [Client thread/WARN]: ResourcePack: ignored non-lowercase namespace: multiModel in C:\ModdingSpace2\GVCC\Depend\build\libs\Depend-1.0.jar
[22:56:00] [Client thread/WARN]: ResourcePack: ignored non-lowercase namespace: multiModel in C:\ModdingSpace2\GVCC\Depend\build\libs\Depend-1.0.jar
[22:56:00] [Client thread/WARN]: ResourcePack: ignored non-lowercase namespace: multiModel in C:\ModdingSpace2\GVCC\Depend\build\libs\Depend-1.0.jar
[22:56:00] [Client thread/WARN]: ResourcePack: ignored non-lowercase namespace: multiModel in C:\ModdingSpace2\GVCC\Depend\build\libs\Depend-1.0.jar
[22:56:00] [Client thread/WARN]: ResourcePack: ignored non-lowercase namespace: multiModel in C:\ModdingSpace2\GVCC\Depend\build\libs\Depend-1.0.jar
[22:56:00] [Client thread/WARN]: ResourcePack: ignored non-lowercase namespace: multiModel in C:\ModdingSpace2\GVCC\Depend\build\libs\Depend-1.0.jar
[22:56:00] [Client thread/WARN]: ResourcePack: ignored non-lowercase namespace: multiModel in C:\ModdingSpace2\GVCC\Depend\build\libs\Depend-1.0.jar
[22:56:00] [Client thread/WARN]: ResourcePack: ignored non-lowercase namespace: multiModel in C:\ModdingSpace2\GVCC\Depend\build\libs\Depend-1.0.jar
[22:56:00] [Client thread/WARN]: ResourcePack: ignored non-lowercase namespace: multiModel in C:\ModdingSpace2\GVCC\Depend\build\libs\Depend-1.0.jar
[22:56:00] [Client thread/WARN]: ResourcePack: ignored non-lowercase namespace: multiModel in C:\ModdingSpace2\GVCC\Depend\build\libs\Depend-1.0.jar
[22:56:00] [Client thread/WARN]: ResourcePack: ignored non-lowercase namespace: multiModel in C:\ModdingSpace2\GVCC\Depend\build\libs\Depend-1.0.jar
[22:56:00] [Client thread/WARN]: ResourcePack: ignored non-lowercase namespace: multiModel in C:\ModdingSpace2\GVCC\Depend\build\libs\Depend-1.0.jar
[22:56:00] [Client thread/WARN]: ResourcePack: ignored non-lowercase namespace: multiModel in C:\ModdingSpace2\GVCC\Depend\build\libs\Depend-1.0.jar
[22:56:00] [Client thread/WARN]: ResourcePack: ignored non-lowercase namespace: multiModel in C:\ModdingSpace2\GVCC\Depend\build\libs\Depend-1.0.jar
[22:56:00] [Client thread/WARN]: ResourcePack: ignored non-lowercase namespace: multiModel in C:\ModdingSpace2\GVCC\Depend\build\libs\Depend-1.0.jar
[22:56:00] [Client thread/WARN]: ResourcePack: ignored non-lowercase namespace: multiModel in C:\ModdingSpace2\GVCC\Depend\build\libs\Depend-1.0.jar
[22:56:00] [Client thread/WARN]: ResourcePack: ignored non-lowercase namespace: multiModel in C:\ModdingSpace2\GVCC\Depend\build\libs\Depend-1.0.jar
[22:56:00] [Client thread/WARN]: ResourcePack: ignored non-lowercase namespace: multiModel in C:\ModdingSpace2\GVCC\Depend\build\libs\Depend-1.0.jar
[22:56:00] [Client thread/WARN]: ResourcePack: ignored non-lowercase namespace: multiModel in C:\ModdingSpace2\GVCC\Depend\build\libs\Depend-1.0.jar
[22:56:00] [Client thread/WARN]: ResourcePack: ignored non-lowercase namespace: multiModel in C:\ModdingSpace2\GVCC\Depend\build\libs\Depend-1.0.jar
[22:56:00] [Client thread/WARN]: ResourcePack: ignored non-lowercase namespace: multiModel in C:\ModdingSpace2\GVCC\Depend\build\libs\Depend-1.0.jar
[22:56:00] [Client thread/WARN]: ResourcePack: ignored non-lowercase namespace: multiModel in C:\ModdingSpace2\GVCC\Depend\build\libs\Depend-1.0.jar
[22:56:00] [Client thread/WARN]: ResourcePack: ignored non-lowercase namespace: multiModel in C:\ModdingSpace2\GVCC\Depend\build\libs\Depend-1.0.jar
[22:56:00] [Client thread/WARN]: ResourcePack: ignored non-lowercase namespace: multiModel in C:\ModdingSpace2\GVCC\Depend\build\libs\Depend-1.0.jar
[22:56:00] [Client thread/WARN]: ResourcePack: ignored non-lowercase namespace: multiModel in C:\ModdingSpace2\GVCC\Depend\build\libs\Depend-1.0.jar
[22:56:00] [Client thread/WARN]: ResourcePack: ignored non-lowercase namespace: multiModel in C:\ModdingSpace2\GVCC\Depend\build\libs\Depend-1.0.jar
[22:56:00] [Client thread/WARN]: ResourcePack: ignored non-lowercase namespace: multiModel in C:\ModdingSpace2\GVCC\Depend\build\libs\Depend-1.0.jar
[22:56:00] [Client thread/WARN]: ResourcePack: ignored non-lowercase namespace: multiModel in C:\ModdingSpace2\GVCC\Depend\build\libs\Depend-1.0.jar
[22:56:00] [Client thread/WARN]: ResourcePack: ignored non-lowercase namespace: multiModel in C:\ModdingSpace2\GVCC\Depend\build\libs\Depend-1.0.jar
[22:56:00] [Client thread/WARN]: ResourcePack: ignored non-lowercase namespace: multiModel in C:\ModdingSpace2\GVCC\Depend\build\libs\Depend-1.0.jar
[22:56:00] [Client thread/WARN]: ResourcePack: ignored non-lowercase namespace: multiModel in C:\ModdingSpace2\GVCC\Depend\build\libs\Depend-1.0.jar
[22:56:00] [Client thread/WARN]: ResourcePack: ignored non-lowercase namespace: multiModel in C:\ModdingSpace2\GVCC\Depend\build\libs\Depend-1.0.jar
[22:56:00] [Client thread/WARN]: ResourcePack: ignored non-lowercase namespace: multiModel in C:\ModdingSpace2\GVCC\Depend\build\libs\Depend-1.0.jar
[22:56:00] [Client thread/WARN]: ResourcePack: ignored non-lowercase namespace: multiModel in C:\ModdingSpace2\GVCC\Depend\build\libs\Depend-1.0.jar
[22:56:00] [Client thread/WARN]: ResourcePack: ignored non-lowercase namespace: multiModel in C:\ModdingSpace2\GVCC\Depend\build\libs\Depend-1.0.jar
[22:56:00] [Client thread/WARN]: ResourcePack: ignored non-lowercase namespace: multiModel in C:\ModdingSpace2\GVCC\Depend\build\libs\Depend-1.0.jar
[22:56:00] [Client thread/WARN]: ResourcePack: ignored non-lowercase namespace: multiModel in C:\ModdingSpace2\GVCC\Depend\build\libs\Depend-1.0.jar
[22:56:00] [Client thread/WARN]: ResourcePack: ignored non-lowercase namespace: multiModel in C:\ModdingSpace2\GVCC\Depend\build\libs\Depend-1.0.jar
[22:56:00] [Client thread/WARN]: ResourcePack: ignored non-lowercase namespace: multiModel in C:\ModdingSpace2\GVCC\Depend\build\libs\Depend-1.0.jar
[22:56:00] [Client thread/WARN]: ResourcePack: ignored non-lowercase namespace: multiModel in C:\ModdingSpace2\GVCC\Depend\build\libs\Depend-1.0.jar
[22:56:00] [Client thread/WARN]: ResourcePack: ignored non-lowercase namespace: multiModel in C:\ModdingSpace2\GVCC\Depend\build\libs\Depend-1.0.jar
[22:56:00] [Client thread/WARN]: ResourcePack: ignored non-lowercase namespace: multiModel in C:\ModdingSpace2\GVCC\Depend\build\libs\Depend-1.0.jar
[22:56:00] [Client thread/WARN]: ResourcePack: ignored non-lowercase namespace: multiModel in C:\ModdingSpace2\GVCC\Depend\build\libs\Depend-1.0.jar
[22:56:00] [Client thread/WARN]: ResourcePack: ignored non-lowercase namespace: multiModel in C:\ModdingSpace2\GVCC\Depend\build\libs\Depend-1.0.jar
[22:56:00] [Client thread/WARN]: ResourcePack: ignored non-lowercase namespace: multiModel in C:\ModdingSpace2\GVCC\Depend\build\libs\Depend-1.0.jar
[22:56:00] [Client thread/WARN]: ResourcePack: ignored non-lowercase namespace: multiModel in C:\ModdingSpace2\GVCC\Depend\build\libs\Depend-1.0.jar
[22:56:00] [Client thread/WARN]: ResourcePack: ignored non-lowercase namespace: multiModel in C:\ModdingSpace2\GVCC\Depend\build\libs\Depend-1.0.jar
[22:56:00] [Client thread/WARN]: ResourcePack: ignored non-lowercase namespace: multiModel in C:\ModdingSpace2\GVCC\Depend\build\libs\Depend-1.0.jar
[22:56:00] [Client thread/WARN]: ResourcePack: ignored non-lowercase namespace: multiModel in C:\ModdingSpace2\GVCC\Depend\build\libs\Depend-1.0.jar
[22:56:00] [Client thread/WARN]: ResourcePack: ignored non-lowercase namespace: multiModel in C:\ModdingSpace2\GVCC\Depend\build\libs\Depend-1.0.jar
[22:56:00] [Client thread/WARN]: ResourcePack: ignored non-lowercase namespace: multiModel in C:\ModdingSpace2\GVCC\Depend\build\libs\Depend-1.0.jar
[22:56:00] [Client thread/WARN]: ResourcePack: ignored non-lowercase namespace: multiModel in C:\ModdingSpace2\GVCC\Depend\build\libs\Depend-1.0.jar
[22:56:00] [Client thread/WARN]: ResourcePack: ignored non-lowercase namespace: multiModel in C:\ModdingSpace2\GVCC\Depend\build\libs\Depend-1.0.jar
[22:56:00] [Client thread/WARN]: ResourcePack: ignored non-lowercase namespace: multiModel in C:\ModdingSpace2\GVCC\Depend\build\libs\Depend-1.0.jar
[22:56:00] [Client thread/WARN]: ResourcePack: ignored non-lowercase namespace: multiModel in C:\ModdingSpace2\GVCC\Depend\build\libs\Depend-1.0.jar
[22:56:00] [Client thread/WARN]: ResourcePack: ignored non-lowercase namespace: multiModel in C:\ModdingSpace2\GVCC\Depend\build\libs\Depend-1.0.jar
[22:56:00] [Client thread/WARN]: ResourcePack: ignored non-lowercase namespace: multiModel in C:\ModdingSpace2\GVCC\Depend\build\libs\Depend-1.0.jar
[22:56:00] [Client thread/WARN]: ResourcePack: ignored non-lowercase namespace: multiModel in C:\ModdingSpace2\GVCC\Depend\build\libs\Depend-1.0.jar
[22:56:00] [Client thread/WARN]: ResourcePack: ignored non-lowercase namespace: multiModel in C:\ModdingSpace2\GVCC\Depend\build\libs\Depend-1.0.jar
[22:56:00] [Client thread/WARN]: ResourcePack: ignored non-lowercase namespace: multiModel in C:\ModdingSpace2\GVCC\Depend\build\libs\Depend-1.0.jar
[22:56:00] [Client thread/INFO]: Created: 512x256 textures/blocks-atlas
[22:56:00] [Client thread/INFO]: Created: 512x512 textures/items-atlas
[22:56:01] [Sound Library Loader/INFO]: Sound engine started
[22:56:01] [Client thread/WARN]: File handmadeguns:sounds/nulls.ogg does not exist, cannot add it to event handmadeguns:handmadeguns.nulls
[22:56:01] [Client thread/WARN]: File handmadeguns:sounds/nulls.ogg does not exist, cannot add it to event handmadeguns:handmadeguns.nulls
[22:56:34] [Server thread/INFO]: Starting integrated minecraft server version 1.7.10
[22:56:34] [Server thread/INFO]: Generating keypair
[22:56:34] [Server thread/INFO]: Converting map!
[22:56:34] [Server thread/INFO]: Scanning folders...
[22:56:34] [Server thread/INFO]: Total conversion count is 0
[22:56:35] [Server thread/INFO]: Preparing start region for level 0
[22:56:36] [Server thread/INFO]: Preparing spawn area: 8%
[22:56:37] [Server thread/INFO]: Preparing spawn area: 16%
[22:56:38] [Server thread/INFO]: Preparing spawn area: 23%
[22:56:39] [Server thread/INFO]: Preparing spawn area: 36%
[22:56:40] [Server thread/INFO]: Preparing spawn area: 47%
[22:56:41] [Server thread/INFO]: Preparing spawn area: 59%
[22:56:42] [Server thread/INFO]: Preparing spawn area: 70%
[22:56:43] [Server thread/INFO]: Preparing spawn area: 81%
[22:56:44] [Server thread/INFO]: Preparing spawn area: 95%
[22:56:44] [Server thread/INFO]: Changing view distance to 6, from 10
[22:56:45] [Server thread/INFO]: Player997[local:E:83622b1a] logged in with entity id 361 at (-217.5, 69.0, 200.5)
[22:56:45] [Server thread/INFO]: Player997 joined the game
[22:56:47] [Server thread/INFO]: Player997 has just earned the achievement [Taking Inventory]
[22:56:47] [Client thread/INFO]: [CHAT] Player997 has just earned the achievement [Taking Inventory]
[22:56:48] [Client thread/INFO]: Warning: Clientside chunk ticking took 327 ms
[22:57:09] [Client thread/INFO]: Stopping!
[22:57:09] [Server thread/INFO]: Stopping server
[22:57:09] [Server thread/INFO]: Saving players
[22:57:09] [Server thread/INFO]: Saving worlds
[22:57:09] [Server thread/INFO]: Saving chunks for level 'New World'/Overworld
[22:57:09] [Server thread/INFO]: Saving chunks for level 'New World'/Nether
[22:57:09] [Server thread/INFO]: Saving chunks for level 'New World'/The End
[22:57:10] [Client Shutdown Thread/INFO]: Stopping server
[22:57:10] [Client Shutdown Thread/INFO]: Saving players
