#
# A fatal error has been detected by the Java Runtime Environment:
#
#  EXCEPTION_ACCESS_VIOLATION (0xc0000005) at pc=0x000000002d701066, pid=2496, tid=0x0000000000003940
#
# JRE version: Java(TM) SE Runtime Environment (8.0_231-b11) (build 1.8.0_231-b11)
# Java VM: Java HotSpot(TM) 64-Bit Server VM (25.231-b11 mixed mode windows-amd64 compressed oops)
# Problematic frame:
# C  [OpenAL64.dll+0x11066]
#
# Failed to write core dump. Minidumps are not enabled by default on client versions of Windows
#
# If you would like to submit a bug report, please visit:
#   http://bugreport.java.com/bugreport/crash.jsp
# The crash happened outside the Java Virtual Machine in native code.
# See problematic frame for where to report the bug.
#

---------------  T H R E A D  ---------------

Current thread (0x00000000228fe000):  JavaThread "Thread-10" [_thread_in_native, id=14656, stack(0x0000000027ea0000,0x0000000027fa0000)]

siginfo: ExceptionCode=0xc0000005, reading address 0x0000000022967004

Registers:
RAX=0x0000000000000004, RBX=0x00000000495c0090, RCX=0x0000000022967008, RDX=0x0000000022967004
RSP=0x0000000027f9ec70, RBP=0x00000000000000ff, RSI=0x0000000022966fbc, RDI=0x0000000000000000
R8 =0x0000000000000012, R9 =0x0000000022966fbc, R10=0x00000000032f85fb, R11=0x00000000665dcf70
R12=0x0000000000000001, R13=0x000000002d44ce08, R14=0x0000000027f9ee08, R15=0x00000000228fe000
RIP=0x000000002d701066, EFLAGS=0x0000000000010202

Top of Stack: (sp=0x0000000027f9ec70)
0x0000000027f9ec70:   0000000000000000 000000006647e00b
0x0000000027f9ec80:   00000000228fe000 00000000228fe000
0x0000000027f9ec90:   000000002d44ce08 0000000000000000
0x0000000027f9eca0:   00000000228fe000 0000000023fd1890
0x0000000027f9ecb0:   000000002d44ce08 0000000027f9ee08
0x0000000027f9ecc0:   0000000039e2bba0 000000006646c396
0x0000000027f9ecd0:   0000000027f9f478 0000000021868450
0x0000000027f9ece0:   00000000228fe000 0000000027f9ee08
0x0000000027f9ecf0:   000000002d44ce08 0000000000000000
0x0000000027f9ed00:   0000000022966fbc 00000006c1079cb8
0x0000000027f9ed10:   0000000027f9edd0 000000002d70248f
0x0000000027f9ed20:   00000000495c0090 00000000495c0090
0x0000000027f9ed30:   000000000000ac44 0000000600000004
0x0000000027f9ed40:   0000000000000010 00000000032f8627
0x0000000027f9ed50:   000000002d44ce08 00000000032f835d
0x0000000027f9ed60:   00000000228fe000 000000002d44ce08 

Instructions: (pc=0x000000002d701066)
0x000000002d701046:   41 2b ec 81 3a 03 00 02 00 75 09 8b 01 89 84 24
0x000000002d701056:   c8 00 00 00 49 83 c0 02 48 83 c1 08 4a 8d 14 86
0x000000002d701066:   39 3a 75 af 4c 8d 84 24 c0 00 00 00 48 8d 15 d7
0x000000002d701076:   2b 03 00 33 c9 e8 58 5f 00 00 b8 40 1f 00 00 4c 


Register to memory mapping:

RAX=0x0000000000000004 is an unknown value
RBX=0x00000000495c0090 is an unknown value
RCX=0x0000000022967008 is an unknown value
RDX=0x0000000022967004 is an unknown value
RSP=0x0000000027f9ec70 is pointing into the stack for thread: 0x00000000228fe000
RBP=0x00000000000000ff is an unknown value
RSI=0x0000000022966fbc is an unknown value
RDI=0x0000000000000000 is an unknown value
R8 =0x0000000000000012 is an unknown value
R9 =0x0000000022966fbc is an unknown value
R10=0x00000000032f85fb is at code_begin+891 in an Interpreter codelet
method entry point (kind = native)  [0x00000000032f8280, 0x00000000032f8c40]  2496 bytes
R11=0x00000000665dcf70 is an unknown value
R12=0x0000000000000001 is an unknown value
R13={method} {0x000000002d44ce10} 'nalcCreateContext' '(JJ)J' in 'org/lwjgl/openal/ALC10'
R14=0x0000000027f9ee08 is pointing into the stack for thread: 0x00000000228fe000
R15=0x00000000228fe000 is a thread


Stack: [0x0000000027ea0000,0x0000000027fa0000],  sp=0x0000000027f9ec70,  free space=1019k
Native frames: (J=compiled Java code, j=interpreted, Vv=VM code, C=native code)
C  [OpenAL64.dll+0x11066]
C  [OpenAL64.dll+0x1248f]
C  0x00000000032f8627

Java frames: (J=compiled Java code, j=interpreted, Vv=VM code)
j  org.lwjgl.openal.ALC10.nalcCreateContext(JJ)J+0
j  org.lwjgl.openal.ALC10.alcCreateContext(Lorg/lwjgl/openal/ALCdevice;Ljava/nio/IntBuffer;)Lorg/lwjgl/openal/ALCcontext;+8
j  org.lwjgl.openal.AL.init(Ljava/lang/String;IIZZ)V+69
j  org.lwjgl.openal.AL.create(Ljava/lang/String;IIZZ)V+227
j  org.lwjgl.openal.AL.create(Ljava/lang/String;IIZ)V+5
j  org.lwjgl.openal.AL.create()V+6
j  paulscode.sound.libraries.LibraryLWJGLOpenAL.init()V+2
j  paulscode.sound.SoundSystem.CommandNewLibrary(Ljava/lang/Class;)V+273
j  paulscode.sound.SoundSystem.CommandQueue(Lpaulscode/sound/CommandObject;)Z+1206
j  paulscode.sound.CommandThread.run()V+51
v  ~StubRoutines::call_stub

---------------  P R O C E S S  ---------------

Java Threads: ( => current thread )
  0x00000000228fc800 JavaThread "Thread-11" [_thread_blocked, id=11520, stack(0x000000002d5f0000,0x000000002d6f0000)]
=>0x00000000228fe000 JavaThread "Thread-10" [_thread_in_native, id=14656, stack(0x0000000027ea0000,0x0000000027fa0000)]
  0x0000000034680800 JavaThread "Sound Library Loader" [_thread_blocked, id=11036, stack(0x0000000000e40000,0x0000000000f40000)]
  0x000000002524a800 JavaThread "Thread-9" daemon [_thread_in_native, id=7416, stack(0x0000000049740000,0x0000000049840000)]
  0x00000000247ca800 JavaThread "LWJGL Timer" daemon [_thread_blocked, id=14264, stack(0x0000000034580000,0x0000000034680000)]
  0x0000000022e54800 JavaThread "Thread-6" [_thread_blocked, id=5048, stack(0x0000000032bc0000,0x0000000032cc0000)]
  0x0000000024325000 JavaThread "Java2D Disposer" daemon [_thread_blocked, id=16664, stack(0x0000000027ff0000,0x00000000280f0000)]
  0x000000002493a000 JavaThread "Timer hack thread" daemon [_thread_blocked, id=12292, stack(0x00000000267b0000,0x00000000268b0000)]
  0x0000000023e74000 JavaThread "Snooper Timer" daemon [_thread_blocked, id=1456, stack(0x0000000026680000,0x0000000026780000)]
  0x000000001ee23000 JavaThread "Service Thread" daemon [_thread_blocked, id=13292, stack(0x00000000214d0000,0x00000000215d0000)]
  0x000000001ed45800 JavaThread "C1 CompilerThread11" daemon [_thread_blocked, id=16192, stack(0x00000000213d0000,0x00000000214d0000)]
  0x000000001ed48800 JavaThread "C1 CompilerThread10" daemon [_thread_blocked, id=1128, stack(0x00000000212d0000,0x00000000213d0000)]
  0x000000001ed46800 JavaThread "C1 CompilerThread9" daemon [_thread_blocked, id=10776, stack(0x00000000211d0000,0x00000000212d0000)]
  0x000000001ed45000 JavaThread "C1 CompilerThread8" daemon [_thread_blocked, id=11196, stack(0x00000000210d0000,0x00000000211d0000)]
  0x000000001ed44000 JavaThread "C2 CompilerThread7" daemon [_thread_blocked, id=1876, stack(0x0000000020fd0000,0x00000000210d0000)]
  0x000000001ed43800 JavaThread "C2 CompilerThread6" daemon [_thread_blocked, id=2444, stack(0x0000000020ed0000,0x0000000020fd0000)]
  0x000000001ed47000 JavaThread "C2 CompilerThread5" daemon [_thread_blocked, id=8848, stack(0x0000000020dd0000,0x0000000020ed0000)]
  0x000000001ed48000 JavaThread "C2 CompilerThread4" daemon [_thread_blocked, id=6640, stack(0x0000000020cd0000,0x0000000020dd0000)]
  0x000000001ed42800 JavaThread "C2 CompilerThread3" daemon [_thread_blocked, id=15676, stack(0x0000000020bd0000,0x0000000020cd0000)]
  0x000000001ed36000 JavaThread "C2 CompilerThread2" daemon [_thread_blocked, id=12232, stack(0x0000000020ad0000,0x0000000020bd0000)]
  0x000000001ed34800 JavaThread "C2 CompilerThread1" daemon [_thread_blocked, id=12876, stack(0x00000000209d0000,0x0000000020ad0000)]
  0x000000001ed33000 JavaThread "C2 CompilerThread0" daemon [_thread_blocked, id=12792, stack(0x00000000208d0000,0x00000000209d0000)]
  0x000000001eceb000 JavaThread "Attach Listener" daemon [_thread_blocked, id=6816, stack(0x00000000207d0000,0x00000000208d0000)]
  0x000000001ecea000 JavaThread "Signal Dispatcher" daemon [_thread_blocked, id=7692, stack(0x00000000206d0000,0x00000000207d0000)]
  0x000000001d267800 JavaThread "Finalizer" daemon [_thread_blocked, id=11312, stack(0x0000000020530000,0x0000000020630000)]
  0x000000001ecc6000 JavaThread "Reference Handler" daemon [_thread_blocked, id=15204, stack(0x0000000020430000,0x0000000020530000)]
  0x00000000031e5800 JavaThread "Client thread" [_thread_in_native, id=2548, stack(0x00000000030e0000,0x00000000031e0000)]

Other Threads:
  0x000000001eca4000 VMThread [stack: 0x0000000020330000,0x0000000020430000] [id=11592]
  0x000000001ee71800 WatcherThread [stack: 0x00000000215d0000,0x00000000216d0000] [id=14508]

VM state:not at safepoint (normal execution)

VM Mutex/Monitor currently owned by a thread: None

heap address: 0x00000006c1000000, size: 4080 MB, Compressed Oops mode: Zero based, Oop shift amount: 3
Narrow klass base: 0x0000000000000000, Narrow klass shift: 3
Compressed class space size: 1073741824 Address: 0x00000007c0000000

Heap:
 PSYoungGen      total 532992K, used 398780K [0x000000076b000000, 0x0000000793a00000, 0x00000007c0000000)
  eden space 470016K, 75% used [0x000000076b000000,0x0000000780afbf80,0x0000000787b00000)
  from space 62976K, 69% used [0x0000000787b00000,0x000000078a5732f0,0x000000078b880000)
  to   space 66048K, 0% used [0x000000078f980000,0x000000078f980000,0x0000000793a00000)
 ParOldGen       total 257536K, used 185279K [0x00000006c1000000, 0x00000006d0b80000, 0x000000076b000000)
  object space 257536K, 71% used [0x00000006c1000000,0x00000006cc4efd38,0x00000006d0b80000)
 Metaspace       used 37694K, capacity 38641K, committed 38912K, reserved 1083392K
  class space    used 4510K, capacity 4831K, committed 4864K, reserved 1048576K

Card table byte_map: [0x00000000126a0000,0x0000000012ea0000] byte_map_base: 0x000000000f098000

Marking Bits: (ParMarkBitMap*) 0x0000000066bd6d90
 Begin Bits: [0x00000000140f0000, 0x00000000180b0000)
 End Bits:   [0x00000000180b0000, 0x000000001c070000)

Polling page: 0x0000000001340000

CodeCache: size=245760Kb used=22640Kb max_used=23561Kb free=223120Kb
 bounds [0x00000000032e0000, 0x0000000004a00000, 0x00000000122e0000]
 total_blobs=6337 nmethods=5591 adapters=655
 compilation: enabled

Compilation events (10 events):
Event: 67.059 Thread 0x000000001ed42800 6898  s    4       java.io.ExpiringCache::get (39 bytes)
Event: 67.061 Thread 0x000000001ed42800 nmethod 6898 0x0000000003952110 code [0x0000000003952260, 0x0000000003952638]
Event: 67.072 Thread 0x000000001ed45800 6899       3       java.lang.ReflectiveOperationException::<init> (6 bytes)
Event: 67.073 Thread 0x000000001ed45800 nmethod 6899 0x0000000003954710 code [0x0000000003954880, 0x0000000003954a68]
Event: 67.073 Thread 0x000000001ed44000 6900       4       java.net.URLClassLoader$2::run (5 bytes)
Event: 67.076 Thread 0x000000001ed48800 6901       3       java.lang.Class::argumentTypesToString (79 bytes)
Event: 67.076 Thread 0x000000001ed48800 nmethod 6901 0x00000000041a3c10 code [0x00000000041a3e40, 0x00000000041a4ab8]
Event: 67.077 Thread 0x000000001ed44000 nmethod 6900 0x0000000003953cd0 code [0x0000000003953e60, 0x0000000003954250]
Event: 67.077 Thread 0x000000001ed45000 6902       3       net.minecraft.client.resources.SimpleReloadableResourceManager::getResource (41 bytes)
Event: 67.078 Thread 0x000000001ed45000 nmethod 6902 0x0000000003de8a50 code [0x0000000003de8c80, 0x0000000003de9908]

GC Heap History (10 events):
Event: 19.583 GC heap before
{Heap before GC invocations=22 (full 3):
 PSYoungGen      total 370176K, used 369688K [0x000000076b000000, 0x0000000787980000, 0x00000007c0000000)
  eden space 354304K, 100% used [0x000000076b000000,0x0000000780a00000,0x0000000780a00000)
  from space 15872K, 96% used [0x0000000786a00000,0x00000007879061a8,0x0000000787980000)
  to   space 56320K, 0% used [0x0000000780b80000,0x0000000780b80000,0x0000000784280000)
 ParOldGen       total 257536K, used 122720K [0x00000006c1000000, 0x00000006d0b80000, 0x000000076b000000)
  object space 257536K, 47% used [0x00000006c1000000,0x00000006c87d8138,0x00000006d0b80000)
 Metaspace       used 30142K, capacity 30423K, committed 30976K, reserved 1077248K
  class space    used 3657K, capacity 3741K, committed 3840K, reserved 1048576K
Event: 19.597 GC heap after
Heap after GC invocations=22 (full 3):
 PSYoungGen      total 412160K, used 12804K [0x000000076b000000, 0x000000078b600000, 0x00000007c0000000)
  eden space 355840K, 0% used [0x000000076b000000,0x000000076b000000,0x0000000780b80000)
  from space 56320K, 22% used [0x0000000780b80000,0x0000000781801058,0x0000000784280000)
  to   space 53760K, 0% used [0x0000000788180000,0x0000000788180000,0x000000078b600000)
 ParOldGen       total 257536K, used 137853K [0x00000006c1000000, 0x00000006d0b80000, 0x000000076b000000)
  object space 257536K, 53% used [0x00000006c1000000,0x00000006c969f618,0x00000006d0b80000)
 Metaspace       used 30142K, capacity 30423K, committed 30976K, reserved 1077248K
  class space    used 3657K, capacity 3741K, committed 3840K, reserved 1048576K
}
Event: 25.470 GC heap before
{Heap before GC invocations=23 (full 3):
 PSYoungGen      total 412160K, used 368644K [0x000000076b000000, 0x000000078b600000, 0x00000007c0000000)
  eden space 355840K, 100% used [0x000000076b000000,0x0000000780b80000,0x0000000780b80000)
  from space 56320K, 22% used [0x0000000780b80000,0x0000000781801058,0x0000000784280000)
  to   space 53760K, 0% used [0x0000000788180000,0x0000000788180000,0x000000078b600000)
 ParOldGen       total 257536K, used 137853K [0x00000006c1000000, 0x00000006d0b80000, 0x000000076b000000)
  object space 257536K, 53% used [0x00000006c1000000,0x00000006c969f618,0x00000006d0b80000)
 Metaspace       used 30145K, capacity 30423K, committed 30976K, reserved 1077248K
  class space    used 3657K, capacity 3741K, committed 3840K, reserved 1048576K
Event: 25.484 GC heap after
Heap after GC invocations=23 (full 3):
 PSYoungGen      total 460288K, used 16409K [0x000000076b000000, 0x000000078ab80000, 0x00000007c0000000)
  eden space 417280K, 0% used [0x000000076b000000,0x000000076b000000,0x0000000784780000)
  from space 43008K, 38% used [0x0000000788180000,0x0000000789186500,0x000000078ab80000)
  to   space 51200K, 0% used [0x0000000784780000,0x0000000784780000,0x0000000787980000)
 ParOldGen       total 257536K, used 150438K [0x00000006c1000000, 0x00000006d0b80000, 0x000000076b000000)
  object space 257536K, 58% used [0x00000006c1000000,0x00000006ca2e9880,0x00000006d0b80000)
 Metaspace       used 30145K, capacity 30423K, committed 30976K, reserved 1077248K
  class space    used 3657K, capacity 3741K, committed 3840K, reserved 1048576K
}
Event: 41.978 GC heap before
{Heap before GC invocations=24 (full 3):
 PSYoungGen      total 460288K, used 433689K [0x000000076b000000, 0x000000078ab80000, 0x00000007c0000000)
  eden space 417280K, 100% used [0x000000076b000000,0x0000000784780000,0x0000000784780000)
  from space 43008K, 38% used [0x0000000788180000,0x0000000789186500,0x000000078ab80000)
  to   space 51200K, 0% used [0x0000000784780000,0x0000000784780000,0x0000000787980000)
 ParOldGen       total 257536K, used 150438K [0x00000006c1000000, 0x00000006d0b80000, 0x000000076b000000)
  object space 257536K, 58% used [0x00000006c1000000,0x00000006ca2e9880,0x00000006d0b80000)
 Metaspace       used 30145K, capacity 30423K, committed 30976K, reserved 1077248K
  class space    used 3657K, capacity 3741K, committed 3840K, reserved 1048576K
Event: 41.993 GC heap after
Heap after GC invocations=24 (full 3):
 PSYoungGen      total 468480K, used 35092K [0x000000076b000000, 0x000000078ed00000, 0x00000007c0000000)
  eden space 417280K, 0% used [0x000000076b000000,0x000000076b000000,0x0000000784780000)
  from space 51200K, 68% used [0x0000000784780000,0x00000007869c5228,0x0000000787980000)
  to   space 53760K, 0% used [0x000000078b880000,0x000000078b880000,0x000000078ed00000)
 ParOldGen       total 257536K, used 150438K [0x00000006c1000000, 0x00000006d0b80000, 0x000000076b000000)
  object space 257536K, 58% used [0x00000006c1000000,0x00000006ca2e9880,0x00000006d0b80000)
 Metaspace       used 30145K, capacity 30423K, committed 30976K, reserved 1077248K
  class space    used 3657K, capacity 3741K, committed 3840K, reserved 1048576K
}
Event: 58.656 GC heap before
{Heap before GC invocations=25 (full 3):
 PSYoungGen      total 468480K, used 452372K [0x000000076b000000, 0x000000078ed00000, 0x00000007c0000000)
  eden space 417280K, 100% used [0x000000076b000000,0x0000000784780000,0x0000000784780000)
  from space 51200K, 68% used [0x0000000784780000,0x00000007869c5228,0x0000000787980000)
  to   space 53760K, 0% used [0x000000078b880000,0x000000078b880000,0x000000078ed00000)
 ParOldGen       total 257536K, used 150438K [0x00000006c1000000, 0x00000006d0b80000, 0x000000076b000000)
  object space 257536K, 58% used [0x00000006c1000000,0x00000006ca2e9880,0x00000006d0b80000)
 Metaspace       used 30149K, capacity 30423K, committed 30976K, reserved 1077248K
  class space    used 3657K, capacity 3741K, committed 3840K, reserved 1048576K
Event: 58.678 GC heap after
Heap after GC invocations=25 (full 3):
 PSYoungGen      total 523776K, used 53759K [0x000000076b000000, 0x000000078f680000, 0x00000007c0000000)
  eden space 470016K, 0% used [0x000000076b000000,0x000000076b000000,0x0000000787b00000)
  from space 53760K, 99% used [0x000000078b880000,0x000000078ecfff28,0x000000078ed00000)
  to   space 62976K, 0% used [0x0000000787b00000,0x0000000787b00000,0x000000078b880000)
 ParOldGen       total 257536K, used 150854K [0x00000006c1000000, 0x00000006d0b80000, 0x000000076b000000)
  object space 257536K, 58% used [0x00000006c1000000,0x00000006ca351880,0x00000006d0b80000)
 Metaspace       used 30149K, capacity 30423K, committed 30976K, reserved 1077248K
  class space    used 3657K, capacity 3741K, committed 3840K, reserved 1048576K
}
Event: 63.574 GC heap before
{Heap before GC invocations=26 (full 3):
 PSYoungGen      total 523776K, used 523775K [0x000000076b000000, 0x000000078f680000, 0x00000007c0000000)
  eden space 470016K, 100% used [0x000000076b000000,0x0000000787b00000,0x0000000787b00000)
  from space 53760K, 99% used [0x000000078b880000,0x000000078ecfff28,0x000000078ed00000)
  to   space 62976K, 0% used [0x0000000787b00000,0x0000000787b00000,0x000000078b880000)
 ParOldGen       total 257536K, used 150854K [0x00000006c1000000, 0x00000006d0b80000, 0x000000076b000000)
  object space 257536K, 58% used [0x00000006c1000000,0x00000006ca351880,0x00000006d0b80000)
 Metaspace       used 37231K, capacity 38149K, committed 38400K, reserved 1083392K
  class space    used 4467K, capacity 4797K, committed 4864K, reserved 1048576K
Event: 63.607 GC heap after
Heap after GC invocations=26 (full 3):
 PSYoungGen      total 532992K, used 43468K [0x000000076b000000, 0x0000000793a00000, 0x00000007c0000000)
  eden space 470016K, 0% used [0x000000076b000000,0x000000076b000000,0x0000000787b00000)
  from space 62976K, 69% used [0x0000000787b00000,0x000000078a5732f0,0x000000078b880000)
  to   space 66048K, 0% used [0x000000078f980000,0x000000078f980000,0x0000000793a00000)
 ParOldGen       total 257536K, used 185279K [0x00000006c1000000, 0x00000006d0b80000, 0x000000076b000000)
  object space 257536K, 71% used [0x00000006c1000000,0x00000006cc4efd38,0x00000006d0b80000)
 Metaspace       used 37231K, capacity 38149K, committed 38400K, reserved 1083392K
  class space    used 4467K, capacity 4797K, committed 4864K, reserved 1048576K
}

Deoptimization events (10 events):
Event: 63.968 Thread 0x00000000031e5800 Uncommon trap: reason=unstable_if action=reinterpret pc=0x00000000041137f8 method=handmadeguns.emb_modelloader.MQO_MetasequoiaObject.parseFace(Ljava/lang/String;IZ)[Lhandmadeguns/emb_modelloader/MQO_Face; @ 499
Event: 65.128 Thread 0x00000000031e5800 Uncommon trap: reason=unstable_if action=reinterpret pc=0x0000000004438504 method=handmadeguns.emb_modelloader.MQO_MetasequoiaObject.loadObjModel(Ljava/io/InputStream;)V @ 727
Event: 65.156 Thread 0x00000000031e5800 Uncommon trap: reason=unstable_if action=reinterpret pc=0x00000000040920fc method=handmadeguns.emb_modelloader.MQO_MetasequoiaObject.loadObjModel(Ljava/io/InputStream;)V @ 727
Event: 66.352 Thread 0x00000000031e5800 Uncommon trap: reason=unstable_if action=reinterpret pc=0x00000000042efe38 method=handmadeguns.tcn_modelloaderMod.TechneModel.loadTechneModel(Ljava/io/InputStream;)V @ 42
Event: 66.363 Thread 0x00000000031e5800 Uncommon trap: reason=unstable_if action=reinterpret pc=0x00000000039b8254 method=com.sun.org.apache.xerces.internal.impl.XMLEntityScanner.arrangeCapacity(IZ)Z @ 16
Event: 66.365 Thread 0x00000000031e5800 Uncommon trap: reason=unstable_if action=reinterpret pc=0x00000000040b801c method=com.sun.org.apache.xerces.internal.impl.XMLEntityScanner.scanContent(Lcom/sun/org/apache/xerces/internal/xni/XMLString;)I @ 526
Event: 66.368 Thread 0x00000000031e5800 Uncommon trap: reason=unstable_if action=reinterpret pc=0x0000000003d65e3c method=com.sun.org.apache.xerces.internal.impl.XMLEntityScanner.arrangeCapacity(IZ)Z @ 16
Event: 66.370 Thread 0x00000000031e5800 Uncommon trap: reason=unstable_if action=reinterpret pc=0x00000000040b0b44 method=com.sun.org.apache.xerces.internal.dom.DeferredDocumentImpl.ensureCapacity(I)V @ 88
Event: 66.371 Thread 0x00000000031e5800 Uncommon trap: reason=class_check action=maybe_recompile pc=0x00000000041fcef0 method=com.sun.org.apache.xerces.internal.dom.ParentNode.hasChildNodes()Z @ 8
Event: 66.420 Thread 0x00000000031e5800 Uncommon trap: reason=class_check action=maybe_recompile pc=0x00000000041fcef0 method=com.sun.org.apache.xerces.internal.dom.ParentNode.hasChildNodes()Z @ 8

Classes redefined (0 events):
No events

Internal exceptions (10 events):
Event: 67.077 Thread 0x00000000228fe000 Exception <a 'org/lwjgl/LWJGLException'> (0x00000007808eda00) thrown at [C:\re\workspace\8-2-build-windows-amd64-cygwin\jdk8u231\13620\hotspot\src\share\vm\prims\jni.cpp, line 710]
Event: 67.077 Thread 0x00000000228fe000 Exception <a 'org/lwjgl/LWJGLException'> (0x00000007808edf50) thrown at [C:\re\workspace\8-2-build-windows-amd64-cygwin\jdk8u231\13620\hotspot\src\share\vm\prims\jni.cpp, line 710]
Event: 67.077 Thread 0x00000000228fe000 Exception <a 'org/lwjgl/LWJGLException'> (0x00000007808ee498) thrown at [C:\re\workspace\8-2-build-windows-amd64-cygwin\jdk8u231\13620\hotspot\src\share\vm\prims\jni.cpp, line 710]
Event: 67.077 Thread 0x00000000228fe000 Exception <a 'org/lwjgl/LWJGLException'> (0x00000007808eea98) thrown at [C:\re\workspace\8-2-build-windows-amd64-cygwin\jdk8u231\13620\hotspot\src\share\vm\prims\jni.cpp, line 710]
Event: 67.077 Thread 0x00000000228fe000 Exception <a 'org/lwjgl/LWJGLException'> (0x00000007808ef0f8) thrown at [C:\re\workspace\8-2-build-windows-amd64-cygwin\jdk8u231\13620\hotspot\src\share\vm\prims\jni.cpp, line 710]
Event: 67.077 Thread 0x00000000228fe000 Exception <a 'org/lwjgl/LWJGLException'> (0x00000007808ef6b8) thrown at [C:\re\workspace\8-2-build-windows-amd64-cygwin\jdk8u231\13620\hotspot\src\share\vm\prims\jni.cpp, line 710]
Event: 67.077 Thread 0x00000000228fe000 Exception <a 'org/lwjgl/LWJGLException'> (0x00000007808efca8) thrown at [C:\re\workspace\8-2-build-windows-amd64-cygwin\jdk8u231\13620\hotspot\src\share\vm\prims\jni.cpp, line 710]
Event: 67.077 Thread 0x00000000228fe000 Exception <a 'org/lwjgl/LWJGLException'> (0x00000007808f0330) thrown at [C:\re\workspace\8-2-build-windows-amd64-cygwin\jdk8u231\13620\hotspot\src\share\vm\prims\jni.cpp, line 710]
Event: 67.077 Thread 0x00000000228fe000 Exception <a 'org/lwjgl/LWJGLException'> (0x00000007808f0970) thrown at [C:\re\workspace\8-2-build-windows-amd64-cygwin\jdk8u231\13620\hotspot\src\share\vm\prims\jni.cpp, line 710]
Event: 67.078 Thread 0x00000000228fe000 Exception <a 'org/lwjgl/LWJGLException'> (0x00000007808f0fe0) thrown at [C:\re\workspace\8-2-build-windows-amd64-cygwin\jdk8u231\13620\hotspot\src\share\vm\prims\jni.cpp, line 710]

Events (10 events):
Event: 67.082 loading class org/lwjgl/openal/ALC10
Event: 67.082 loading class org/lwjgl/openal/ALC10 done
Event: 67.090 loading class org/lwjgl/openal/ALCdevice
Event: 67.090 loading class org/lwjgl/openal/ALCdevice done
Event: 67.092 loading class org/lwjgl/openal/ALCcontext
Event: 67.092 loading class org/lwjgl/openal/ALCcontext done
Event: 67.093 loading class org/lwjgl/openal/Util
Event: 67.093 loading class org/lwjgl/openal/Util done
Event: 67.094 loading class org/lwjgl/openal/OpenALException
Event: 67.094 loading class org/lwjgl/openal/OpenALException done


Dynamic libraries:
0x00007ff775770000 - 0x00007ff7757a7000 	C:\Program Files\Java\jdk1.8.0_231\bin\java.exe
0x00007ff9780e0000 - 0x00007ff9782d0000 	C:\WINDOWS\SYSTEM32\ntdll.dll
0x00007ff977400000 - 0x00007ff9774b2000 	C:\WINDOWS\System32\KERNEL32.DLL
0x00007ff975120000 - 0x00007ff9753c3000 	C:\WINDOWS\System32\KERNELBASE.dll
0x00007ff976ef0000 - 0x00007ff976f93000 	C:\WINDOWS\System32\ADVAPI32.dll
0x00007ff976aa0000 - 0x00007ff976b3e000 	C:\WINDOWS\System32\msvcrt.dll
0x00007ff976fa0000 - 0x00007ff977037000 	C:\WINDOWS\System32\sechost.dll
0x00007ff977f50000 - 0x00007ff978070000 	C:\WINDOWS\System32\RPCRT4.dll
0x00007ff976ca0000 - 0x00007ff976e34000 	C:\WINDOWS\System32\USER32.dll
0x00007ff976130000 - 0x00007ff976151000 	C:\WINDOWS\System32\win32u.dll
0x00007ff978070000 - 0x00007ff978096000 	C:\WINDOWS\System32\GDI32.dll
0x00007ff9753d0000 - 0x00007ff975564000 	C:\WINDOWS\System32\gdi32full.dll
0x00007ff975570000 - 0x00007ff97560e000 	C:\WINDOWS\System32\msvcp_win.dll
0x00007ff9758b0000 - 0x00007ff9759aa000 	C:\WINDOWS\System32\ucrtbase.dll
0x00007ff95e370000 - 0x00007ff95e5f5000 	C:\WINDOWS\WinSxS\amd64_microsoft.windows.common-controls_6595b64144ccf1df_6.0.18362.657_none_e6c5b579130e3898\COMCTL32.dll
0x00007ff977bb0000 - 0x00007ff977ee6000 	C:\WINDOWS\System32\combase.dll
0x00007ff9757b0000 - 0x00007ff975830000 	C:\WINDOWS\System32\bcryptPrimitives.dll
0x00007ff9770b0000 - 0x00007ff9770de000 	C:\WINDOWS\System32\IMM32.DLL
0x0000000066c60000 - 0x0000000066d32000 	C:\Program Files\Java\jdk1.8.0_231\jre\bin\msvcr100.dll
0x00000000663b0000 - 0x0000000066c56000 	C:\Program Files\Java\jdk1.8.0_231\jre\bin\server\jvm.dll
0x00007ff976e40000 - 0x00007ff976e48000 	C:\WINDOWS\System32\PSAPI.DLL
0x00007ff95b510000 - 0x00007ff95b519000 	C:\WINDOWS\SYSTEM32\WSOCK32.dll
0x00007ff967ec0000 - 0x00007ff967ee4000 	C:\WINDOWS\SYSTEM32\WINMM.dll
0x00007ff977040000 - 0x00007ff9770af000 	C:\WINDOWS\System32\WS2_32.dll
0x00007ff970b30000 - 0x00007ff970b3a000 	C:\WINDOWS\SYSTEM32\VERSION.dll
0x00007ff96b8b0000 - 0x00007ff96b8dd000 	C:\WINDOWS\SYSTEM32\WINMMBASE.dll
0x00007ff975610000 - 0x00007ff97565a000 	C:\WINDOWS\System32\cfgmgr32.dll
0x00007ff958030000 - 0x00007ff95803f000 	C:\Program Files\Java\jdk1.8.0_231\jre\bin\verify.dll
0x00007ff957380000 - 0x00007ff9573a9000 	C:\Program Files\Java\jdk1.8.0_231\jre\bin\java.dll
0x00007ff957360000 - 0x00007ff957376000 	C:\Program Files\Java\jdk1.8.0_231\jre\bin\zip.dll
0x00007ff976190000 - 0x00007ff976875000 	C:\WINDOWS\System32\SHELL32.dll
0x00007ff977350000 - 0x00007ff9773f9000 	C:\WINDOWS\System32\shcore.dll
0x00007ff9759b0000 - 0x00007ff97612f000 	C:\WINDOWS\System32\windows.storage.dll
0x00007ff975030000 - 0x00007ff97504f000 	C:\WINDOWS\System32\profapi.dll
0x00007ff974fe0000 - 0x00007ff97502a000 	C:\WINDOWS\System32\powrprof.dll
0x00007ff974fb0000 - 0x00007ff974fc0000 	C:\WINDOWS\System32\UMPDC.dll
0x00007ff977ef0000 - 0x00007ff977f42000 	C:\WINDOWS\System32\shlwapi.dll
0x00007ff975050000 - 0x00007ff975061000 	C:\WINDOWS\System32\kernel.appcore.dll
0x00007ff975890000 - 0x00007ff9758a7000 	C:\WINDOWS\System32\cryptsp.dll
0x00007ff957fe0000 - 0x00007ff957fed000 	C:\Program Files\Java\jdk1.8.0_231\jre\bin\management.dll
0x00007ff957340000 - 0x00007ff95735a000 	C:\Program Files\Java\jdk1.8.0_231\jre\bin\net.dll
0x00007ff974770000 - 0x00007ff9747d7000 	C:\WINDOWS\system32\mswsock.dll
0x00007ff957320000 - 0x00007ff957332000 	C:\Program Files\Java\jdk1.8.0_231\jre\bin\nio.dll
0x00007ff966800000 - 0x00007ff966816000 	C:\WINDOWS\system32\napinsp.dll
0x00007ff966830000 - 0x00007ff96684a000 	C:\WINDOWS\system32\pnrpnsp.dll
0x00007ff9744d0000 - 0x00007ff97459a000 	C:\WINDOWS\SYSTEM32\DNSAPI.dll
0x00007ff976c10000 - 0x00007ff976c18000 	C:\WINDOWS\System32\NSI.dll
0x00007ff974490000 - 0x00007ff9744ca000 	C:\WINDOWS\SYSTEM32\IPHLPAPI.DLL
0x00007ff966820000 - 0x00007ff96682e000 	C:\WINDOWS\System32\winrnr.dll
0x00007ff9706e0000 - 0x00007ff9706fc000 	C:\WINDOWS\system32\NLAapi.dll
0x00007ff966850000 - 0x00007ff966865000 	C:\WINDOWS\system32\wshbth.dll
0x00007ff96e300000 - 0x00007ff96e30a000 	C:\Windows\System32\rasadhlp.dll
0x00007ff971950000 - 0x00007ff9719c7000 	C:\WINDOWS\System32\fwpuclnt.dll
0x00007ff976160000 - 0x00007ff976186000 	C:\WINDOWS\System32\bcrypt.dll
0x0000000180000000 - 0x0000000180051000 	C:\Users\akema.IMPREZA\.gradle\caches\minecraft\net\minecraft\minecraft_natives\1.7.10\lwjgl64.dll
0x00007ff923050000 - 0x00007ff9231a6000 	C:\WINDOWS\SYSTEM32\OPENGL32.dll
0x00007ff923020000 - 0x00007ff92304c000 	C:\WINDOWS\SYSTEM32\GLU32.dll
0x00007ff973c10000 - 0x00007ff973c30000 	C:\WINDOWS\SYSTEM32\dxcore.dll
0x00007ff9742f0000 - 0x00007ff974323000 	C:\WINDOWS\system32\rsaenh.dll
0x00007ff974ed0000 - 0x00007ff974ef5000 	C:\WINDOWS\SYSTEM32\USERENV.dll
0x00007ff9748f0000 - 0x00007ff9748fc000 	C:\WINDOWS\SYSTEM32\CRYPTBASE.dll
0x00007ff971800000 - 0x00007ff971816000 	C:\WINDOWS\SYSTEM32\dhcpcsvc6.DLL
0x00007ff9717e0000 - 0x00007ff9717fc000 	C:\WINDOWS\SYSTEM32\dhcpcsvc.DLL
0x00007ff945e60000 - 0x00007ff945ffa000 	C:\Program Files\Java\jdk1.8.0_231\jre\bin\awt.dll
0x00007ff977a70000 - 0x00007ff977b34000 	C:\WINDOWS\System32\OLEAUT32.dll
0x00007ff973110000 - 0x00007ff97319f000 	C:\WINDOWS\SYSTEM32\apphelp.dll
0x00007ff9642a0000 - 0x00007ff96434e000 	C:\WINDOWS\SYSTEM32\mscms.dll
0x00007ff964280000 - 0x00007ff964297000 	C:\WINDOWS\SYSTEM32\ColorAdapterClient.dll
0x00007ff9772a0000 - 0x00007ff977342000 	C:\WINDOWS\System32\clbcatq.dll
0x00007ff963fa0000 - 0x00007ff963fba000 	C:\Windows\System32\Windows.Internal.Graphics.Display.DisplayColorManagement.dll
0x00007ff9732f0000 - 0x00007ff973389000 	C:\WINDOWS\system32\uxtheme.dll
0x00007ff977930000 - 0x00007ff977a65000 	C:\WINDOWS\System32\MSCTF.dll
0x00007ff914a50000 - 0x00007ff917128000 	C:\WINDOWS\System32\DriverStore\FileRepository\nv_dispi.inf_amd64_ce13a81bcfac4a48\nvoglv64.dll
0x00007ff9774c0000 - 0x00007ff977930000 	C:\WINDOWS\System32\SETUPAPI.dll
0x00007ff9770e0000 - 0x00007ff977236000 	C:\WINDOWS\System32\ole32.dll
0x00007ff970d10000 - 0x00007ff970d23000 	C:\WINDOWS\SYSTEM32\WTSAPI32.dll
0x00007ff974db0000 - 0x00007ff974dda000 	C:\WINDOWS\SYSTEM32\DEVOBJ.dll
0x00007ff975830000 - 0x00007ff97588c000 	C:\WINDOWS\System32\WINTRUST.dll
0x00007ff974fc0000 - 0x00007ff974fd2000 	C:\WINDOWS\System32\MSASN1.dll
0x00007ff975660000 - 0x00007ff9757a9000 	C:\WINDOWS\System32\CRYPT32.dll
0x00007ff973f70000 - 0x00007ff973fa1000 	C:\WINDOWS\SYSTEM32\ntmarta.dll
0x00007ff973710000 - 0x00007ff97373d000 	C:\WINDOWS\SYSTEM32\dwmapi.dll
0x00007ff9629b0000 - 0x00007ff962c74000 	C:\WINDOWS\system32\nvspcap64.dll
0x00007ff9573f0000 - 0x00007ff957433000 	C:\WINDOWS\SYSTEM32\icm32.dll
0x00007ff9749b0000 - 0x00007ff974a0c000 	C:\WINDOWS\SYSTEM32\WINSTA.dll
0x0000000070a40000 - 0x0000000070adc000 	C:\Users\akema.IMPREZA\.gradle\caches\minecraft\net\minecraft\minecraft_natives\1.7.10\avutil-ttv-51.dll
0x0000000065980000 - 0x00000000659d6000 	C:\Users\akema.IMPREZA\.gradle\caches\minecraft\net\minecraft\minecraft_natives\1.7.10\swresample-ttv-0.dll
0x000000006eb80000 - 0x000000006ec50000 	C:\Users\akema.IMPREZA\.gradle\caches\minecraft\net\minecraft\minecraft_natives\1.7.10\libmp3lame-ttv.dll
0x00007ff9136a0000 - 0x00007ff914a44000 	C:\Users\akema.IMPREZA\.gradle\caches\minecraft\net\minecraft\minecraft_natives\1.7.10\libmfxsw64.dll
0x00007ff944550000 - 0x00007ff94467b000 	C:\Users\akema.IMPREZA\.gradle\caches\minecraft\net\minecraft\minecraft_natives\1.7.10\twitchsdk.dll
0x00007ff96b2a0000 - 0x00007ff96b776000 	C:\WINDOWS\SYSTEM32\WININET.dll
0x00000000302a0000 - 0x00000000302b6000 	C:\Users\akema.IMPREZA\.gradle\caches\minecraft\net\minecraft\minecraft_natives\1.7.10\jinput-dx8_64.dll
0x00007ff953ef0000 - 0x00007ff953f33000 	C:\WINDOWS\SYSTEM32\DINPUT8.dll
0x00007ff964560000 - 0x00007ff96467a000 	C:\WINDOWS\SYSTEM32\inputhost.dll
0x00007ff971090000 - 0x00007ff97117f000 	C:\WINDOWS\SYSTEM32\PROPSYS.dll
0x00007ff96f070000 - 0x00007ff96f1c3000 	C:\WINDOWS\SYSTEM32\wintypes.dll
0x00007ff964a90000 - 0x00007ff964dba000 	C:\WINDOWS\SYSTEM32\CoreUIComponents.dll
0x00007ff972f00000 - 0x00007ff972fd4000 	C:\WINDOWS\SYSTEM32\CoreMessaging.dll
0x00007ff973b80000 - 0x00007ff973b8e000 	C:\WINDOWS\SYSTEM32\HID.DLL
0x0000000033550000 - 0x0000000033564000 	C:\Users\akema.IMPREZA\.gradle\caches\minecraft\net\minecraft\minecraft_natives\1.7.10\jinput-raw_64.dll
0x000000002d6f0000 - 0x000000002d754000 	C:\Users\akema.IMPREZA\.gradle\caches\minecraft\net\minecraft\minecraft_natives\1.7.10\OpenAL64.dll
0x00007ff96f830000 - 0x00007ff96f8a2000 	C:\WINDOWS\System32\MMDevApi.dll
0x00007ff91c9a0000 - 0x00007ff91ca39000 	C:\WINDOWS\SYSTEM32\dsound.dll
0x00007ff96e8d0000 - 0x00007ff96ea2d000 	C:\WINDOWS\SYSTEM32\AUDIOSES.DLL
0x00007ff96feb0000 - 0x00007ff9700a4000 	C:\WINDOWS\SYSTEM32\dbghelp.dll

VM Arguments:
jvm_args: -Dfile.encoding=UTF-8 -Duser.country=JP -Duser.language=ja -Duser.variant 
java_command: GradleStart
java_class_path (initial): C:\Users\akema.IMPREZA\.gradle\caches\minecraft\net\minecraftforge\forge\1.7.10-10.13.4.1614-1.7.10\start;D:\GVCC\Depend\build\libs\Depend-1.0.jar;C:\Users\akema.IMPREZA\.gradle\caches\modules-2\files-2.1\javax.vecmath\vecmath\1.5.2\fd17bc3e67f909573dfc039d8e2abecf407c4e27\vecmath-1.5.2.jar;C:\Users\akema.IMPREZA\.gradle\caches\minecraft\net\minecraftforge\forge\1.7.10-10.13.4.1614-1.7.10\forgeSrc-1.7.10-10.13.4.1614-1.7.10.jar;C:\Users\akema.IMPREZA\.gradle\caches\modules-2\files-2.1\net.minecraft\launchwrapper\1.12\111e7bea9c968cdb3d06ef4632bf7ff0824d0f36\launchwrapper-1.12.jar;C:\Users\akema.IMPREZA\.gradle\caches\modules-2\files-2.1\com.google.code.findbugs\jsr305\1.3.9\40719ea6961c0cb6afaeb6a921eaa1f6afd4cfdf\jsr305-1.3.9.jar;C:\Users\akema.IMPREZA\.gradle\caches\modules-2\files-2.1\org.ow2.asm\asm-debug-all\5.0.3\f9e364ae2a66ce2a543012a4668856e84e5dab74\asm-debug-all-5.0.3.jar;C:\Users\akema.IMPREZA\.gradle\caches\modules-2\files-2.1\com.typesafe.akka\akka-actor_2.11\2.3.3\ed62e9fc709ca0f2ff1a3220daa8b70a2870078e\akka-actor_2.11-2.3.3.jar;C:\Users\akema.IMPREZA\.gradle\caches\modules-2\files-2.1\com.typesafe\config\1.2.1\f771f71fdae3df231bcd54d5ca2d57f0bf93f467\config-1.2.1.jar;C:\Users\akema.IMPREZA\.gradle\caches\modules-2\files-2.1\org.scala-lang\scala-actors-migration_2.11\1.1.0\dfa8bc42b181d5b9f1a5dd147f8ae308b893eb6f\scala-actors-migration_2.11-1.1.0.jar;C:\Users\akema.IMPREZA\.gradle\caches\modules-2\files-2.1\org.scala-lang\scala-compiler\2.11.1\56ea2e6c025e0821f28d73ca271218b8dd04926a\scala-compiler-2.11.1.jar;C:\Users\akema.IMPREZA\.gradle\caches\modules-2\files-2.1\org.scala-lang.plugins\scala-continuations-library_2.11\1.0.2\e517c53a7e9acd6b1668c5a35eccbaa3bab9aac\scala-continuations-library_2.11-1.0.2.jar;C:\Users\akema.IMPREZA\.gradle\caches\modules-2\files-2.1\org.scala-lang.plugins\scala-continuations-plugin_2.11.1\1.0.2\f361a3283452c57fa30c1ee69448995de23c60f7\scala-continuations-plugin_2.11.1-1.0.2.jar;C:\Users\ak
Launcher Type: SUN_STANDARD

Environment Variables:
PATH=C:\Program Files (x86)\Common Files\Oracle\Java\javapath;C:\Windows\system32;C:\Windows;C:\Windows\System32\Wbem;C:\Windows\System32\WindowsPowerShell\v1.0\;C:\Windows\System32\OpenSSH\;C:\Program Files (x86)\NVIDIA Corporation\PhysX\Common;C:\Tools\curl\bin;C:\WINDOWS\system32;C:\WINDOWS;C:\WINDOWS\System32\Wbem;C:\WINDOWS\System32\WindowsPowerShell\v1.0\;C:\WINDOWS\System32\OpenSSH\;C:\Tools\ffmpeg\bin;C:\Program Files\NVIDIA Corporation\NVIDIA NvDLISR;C:\Program Files\Git\cmd;C:\Users\akema.IMPREZA\AppData\Local\Microsoft\WindowsApps;
USERNAME=akema
OS=Windows_NT
PROCESSOR_IDENTIFIER=AMD64 Family 23 Model 1 Stepping 1, AuthenticAMD



---------------  S Y S T E M  ---------------

OS: Windows 10.0 , 64 bit Build 18362 (10.0.18362.329)

CPU:total 16 (initial active 16) (16 cores per cpu, 1 threads per core) family 23 model 1 stepping 1, cmov, cx8, fxsr, mmx, sse, sse2, sse3, ssse3, sse4.1, sse4.2, popcnt, avx, avx2, aes, clmul, mmxext, 3dnowpref, lzcnt, sse4a, tsc, tscinvbit, tscinv, bmi1

Memory: 4k page, physical 16707488k(8052516k free), swap 23523232k(9766028k free)

vm_info: Java HotSpot(TM) 64-Bit Server VM (25.231-b11) for windows-amd64 JRE (1.8.0_231-b11), built on Oct  5 2019 03:11:30 by "java_re" with MS VC++ 10.0 (VS2010)

time: Fri Feb 14 15:42:41 2020
timezone: ìåãû (ïWèÄéû)
elapsed time: 67 seconds (0d 0h 1m 7s)

