#
# A fatal error has been detected by the Java Runtime Environment:
#
#  EXCEPTION_ILLEGAL_INSTRUCTION (0xc000001d) at pc=0x0000000004213414, pid=2580, tid=3624
#
# JRE version: Java(TM) SE Runtime Environment (8.0_91-b14) (build 1.8.0_91-b14)
# Java VM: Java HotSpot(TM) 64-Bit Server VM (25.91-b14 mixed mode windows-amd64 compressed oops)
# Problematic frame:
# J 11975 C2 net.minecraft.world.World.updateLightByType(Lnet/minecraft/world/EnumSkyBlock;III)Z (985 bytes) @ 0x0000000004213414 [0x0000000004212260+0x11b4]
#
# Failed to write core dump. Minidumps are not enabled by default on client versions of Windows
#
# If you would like to submit a bug report, please visit:
#   http://bugreport.java.com/bugreport/crash.jsp
#

---------------  T H R E A D  ---------------

Current thread (0x0000000020d0e800):  JavaThread "Server thread" [_thread_in_Java, id=3624, stack(0x00000000692c0000,0x00000000693c0000)]

siginfo: ExceptionCode=0xc000001d

Registers:
RAX=0x0000000000000000, RBX=0x0000000000000004, RCX=0x0000000000000004, RDX=0x00000000000003ff
RSP=0x00000000693bebf0, RBP=0x0000000000000004, RSI=0x0000000000000004, RDI=0x0000000000000000
R8 =0x0000000000000006, R9 =0x0000000000000002, R10=0x00000006e82aeb68, R11=0x00000000dcc11ad3
R12=0x0000000000000000, R13=0x00000000dcc19f1d, R14=0x0000000000000004, R15=0x0000000020d0e800
RIP=0x0000000004213414, EFLAGS=0x0000000000010246

Top of Stack: (sp=0x00000000693bebf0)
0x00000000693bebf0:   0000000100000005 00000006e6300b08
0x00000000693bec00:   0000000000000018 0000000004df97a0
0x00000000693bec10:   00000006e5dad438 0000001700000044
0x00000000693bec20:   0000004600000056 00000006e5b383c0
0x00000000693bec30:   000000000000001e 00000006c212e2e0
0x00000000693bec40:   0000000100000044 0000000700000007
0x00000000693bec50:   0000000100000005 0000000003aa3b84
0x00000000693bec60:   0000000600000052 0000000600000000
0x00000000693bec70:   00000006c21196e0 0000000004af9738
0x00000000693bec80:   000000000000001e 00000000054f44fc
0x00000000693bec90:   000000560000001e 00000006e5d6e518
0x00000000693beca0:   00000006e5b383c0 00000046f80742b0
0x00000000693becb0:   0000000000000000 0000000000000045
0x00000000693becc0:   00000006c51fcfa8 00000006e5d6e230
0x00000000693becd0:   0000004700000057 0000004600000056
0x00000000693bece0:   000000060000001f 000000006cd79aff 

Instructions: (pc=0x0000000004213414)
0x00000000042133f4:   44 cc 0c 45 85 c0 0f 86 e9 08 00 00 41 c7 44 cc
0x0000000004213404:   10 20 08 02 00 41 b8 01 00 00 00 e9 09 f7 ff ff
0x0000000004213414:   45 8b d0 45 8b c3 e9 2f f2 ff ff 44 8b 51 28 47
0x0000000004213424:   0f b6 5c d4 39 45 85 db 0f 84 8e 00 00 00 48 8b 


Register to memory mapping:

RAX=0x0000000000000000 is an unknown value
RBX=0x0000000000000004 is an unknown value
RCX=0x0000000000000004 is an unknown value
RDX=0x00000000000003ff is an unknown value
RSP=0x00000000693bebf0 is pointing into the stack for thread: 0x0000000020d0e800
RBP=0x0000000000000004 is an unknown value
RSI=0x0000000000000004 is an unknown value
RDI=0x0000000000000000 is an unknown value
R8 =0x0000000000000006 is an unknown value
R9 =0x0000000000000002 is an unknown value
R10=0x00000006e82aeb68 is an oop
net.minecraft.util.LongHashMap$Entry 
 - klass: 'net/minecraft/util/LongHashMap$Entry'
R11=0x00000000dcc11ad3 is an unknown value
R12=0x0000000000000000 is an unknown value
R13=0x00000000dcc19f1d is an unknown value
R14=0x0000000000000004 is an unknown value
R15=0x0000000020d0e800 is a thread


Stack: [0x00000000692c0000,0x00000000693c0000],  sp=0x00000000693bebf0,  free space=1018k
Native frames: (J=compiled Java code, j=interpreted, Vv=VM code, C=native code)
C  0x0000000004213414


---------------  P R O C E S S  ---------------

Java Threads: ( => current thread )
  0x0000000020d11800 JavaThread "Chunk I/O Executor Thread-1" daemon [_thread_blocked, id=2060, stack(0x000000006c240000,0x000000006c340000)]
  0x0000000020d0b000 JavaThread "File IO Thread" [_thread_blocked, id=5164, stack(0x000000006bd10000,0x000000006be10000)]
  0x0000000020d12800 JavaThread "Netty IO #1" daemon [_thread_in_native, id=12168, stack(0x00000000694c0000,0x00000000695c0000)]
  0x0000000020d11000 JavaThread "Netty Client IO #0" daemon [_thread_in_native, id=10932, stack(0x00000000693c0000,0x00000000694c0000)]
  0x0000000020d0b800 JavaThread "Netty IO #0" daemon [_thread_in_native, id=4232, stack(0x00000000677e0000,0x00000000678e0000)]
=>0x0000000020d0e800 JavaThread "Server thread" [_thread_in_Java, id=3624, stack(0x00000000692c0000,0x00000000693c0000)]
  0x0000000020d0e000 JavaThread "Snooper Timer" daemon [_thread_blocked, id=11704, stack(0x00000000691c0000,0x00000000692c0000)]
  0x0000000020d09800 JavaThread "Thread-11" [_thread_blocked, id=6048, stack(0x000000006e1d0000,0x000000006e2d0000)]
  0x0000000020d0c800 JavaThread "Thread-10" [_thread_blocked, id=10708, stack(0x000000006dad0000,0x000000006dbd0000)]
  0x000000002243e000 JavaThread "LWJGL Timer" daemon [_thread_blocked, id=10680, stack(0x000000006dcc0000,0x000000006ddc0000)]
  0x000000002243c800 JavaThread "Java2D Disposer" daemon [_thread_blocked, id=5992, stack(0x0000000021a70000,0x0000000021b70000)]
  0x0000000022439800 JavaThread "Timer hack thread" daemon [_thread_blocked, id=10004, stack(0x0000000020960000,0x0000000020a60000)]
  0x000000002243a800 JavaThread "Snooper Timer" daemon [_thread_blocked, id=10648, stack(0x000000001f430000,0x000000001f530000)]
  0x000000001cf4a800 JavaThread "Service Thread" daemon [_thread_blocked, id=7688, stack(0x000000001d7d0000,0x000000001d8d0000)]
  0x000000001bb4e000 JavaThread "C1 CompilerThread2" daemon [_thread_blocked, id=6656, stack(0x000000001d6d0000,0x000000001d7d0000)]
  0x000000001bb09000 JavaThread "C2 CompilerThread1" daemon [_thread_blocked, id=1896, stack(0x000000001d5d0000,0x000000001d6d0000)]
  0x000000001bb02800 JavaThread "C2 CompilerThread0" daemon [_thread_blocked, id=4836, stack(0x000000001d4d0000,0x000000001d5d0000)]
  0x000000001baeb800 JavaThread "Attach Listener" daemon [_thread_blocked, id=1912, stack(0x000000001d3d0000,0x000000001d4d0000)]
  0x000000001cf13800 JavaThread "Signal Dispatcher" daemon [_thread_blocked, id=9468, stack(0x000000001d2d0000,0x000000001d3d0000)]
  0x00000000024dd800 JavaThread "Finalizer" daemon [_thread_blocked, id=6448, stack(0x000000001cd50000,0x000000001ce50000)]
  0x00000000024d3800 JavaThread "Reference Handler" daemon [_thread_blocked, id=7456, stack(0x000000001cc50000,0x000000001cd50000)]
  0x00000000023e4800 JavaThread "Client thread" [_thread_in_Java, id=8896, stack(0x00000000022e0000,0x00000000023e0000)]

Other Threads:
  0x000000001bab8000 VMThread [stack: 0x000000001cb50000,0x000000001cc50000] [id=5092]
  0x000000001cf92800 WatcherThread [stack: 0x000000001d8d0000,0x000000001d9d0000] [id=2800]

VM state:not at safepoint (normal execution)

VM Mutex/Monitor currently owned by a thread: None

Heap:
 PSYoungGen      total 1241600K, used 756087K [0x000000076b180000, 0x00000007be400000, 0x00000007c0000000)
  eden space 1126912K, 60% used [0x000000076b180000,0x0000000794cd2428,0x00000007afe00000)
  from space 114688K, 63% used [0x00000007b7400000,0x00000007bbb0b8e0,0x00000007be400000)
  to   space 117760K, 0% used [0x00000007afe00000,0x00000007afe00000,0x00000007b7100000)
 ParOldGen       total 988160K, used 673513K [0x00000006c1400000, 0x00000006fd900000, 0x000000076b180000)
  object space 988160K, 68% used [0x00000006c1400000,0x00000006ea5ba4f0,0x00000006fd900000)
 Metaspace       used 55408K, capacity 56445K, committed 56960K, reserved 1099776K
  class space    used 6555K, capacity 6927K, committed 7040K, reserved 1048576K

Card table byte_map: [0x00000000118a0000,0x00000000120a0000] byte_map_base: 0x000000000e296000

Marking Bits: (ParMarkBitMap*) 0x000000006d362f70
 Begin Bits: [0x00000000129f0000, 0x00000000169a0000)
 End Bits:   [0x00000000169a0000, 0x000000001a950000)

Polling page: 0x0000000000630000

CodeCache: size=245760Kb used=49114Kb max_used=49148Kb free=196645Kb
 bounds [0x00000000024e0000, 0x0000000005530000, 0x00000000114e0000]
 total_blobs=11746 nmethods=10832 adapters=822
 compilation: enabled

Compilation events (10 events):
Event: 416.723 Thread 0x000000001bb09000 15991       4       net.minecraft.entity.item.EntityItem::combineItems (204 bytes)
Event: 416.756 Thread 0x000000001bb09000 nmethod 15991 0x000000000550f9d0 code [0x000000000550fd00, 0x00000000055111a0]
Event: 416.806 Thread 0x000000001bb4e000 15992       3       net.minecraft.network.PacketBuffer::readStringFromBuffer (139 bytes)
Event: 416.807 Thread 0x000000001bb4e000 nmethod 15992 0x000000000489b6d0 code [0x000000000489b9e0, 0x000000000489ccc8]
Event: 416.954 Thread 0x000000001bb4e000 15993       1       net.minecraft.item.Item::onUpdate (1 bytes)
Event: 416.954 Thread 0x000000001bb4e000 nmethod 15993 0x0000000002b31210 code [0x0000000002b31360, 0x0000000002b31470]
Event: 416.962 Thread 0x000000001bb02800 15994       4       hmggvcmob.entity.guerrilla.GVCEntityJeep::collideWithNearbyEntities (136 bytes)
Event: 416.969 Thread 0x000000001bb09000 15995       4       net.minecraft.entity.EntityLivingBase::updateArmSwingProgress (61 bytes)
Event: 416.976 Thread 0x000000001bb02800 nmethod 15994 0x0000000002fa3c90 code [0x0000000002fa3e40, 0x0000000002fa4628]
Event: 416.983 Thread 0x000000001bb09000 nmethod 15995 0x00000000028f53d0 code [0x00000000028f55c0, 0x00000000028f5d98]

GC Heap History (10 events):
Event: 373.970 GC heap before
{Heap before GC invocations=49 (full 9):
 PSYoungGen      total 1224192K, used 1155808K [0x000000076b180000, 0x00000007bec00000, 0x00000007c0000000)
  eden space 1088512K, 100% used [0x000000076b180000,0x00000007ad880000,0x00000007ad880000)
  from space 135680K, 49% used [0x00000007ad880000,0x00000007b1a381f0,0x00000007b5d00000)
  to   space 131584K, 0% used [0x00000007b6b80000,0x00000007b6b80000,0x00000007bec00000)
 ParOldGen       total 988160K, used 673489K [0x00000006c1400000, 0x00000006fd900000, 0x000000076b180000)
  object space 988160K, 68% used [0x00000006c1400000,0x00000006ea5b44f0,0x00000006fd900000)
 Metaspace       used 55272K, capacity 56299K, committed 56704K, reserved 1099776K
  class space    used 6548K, capacity 6924K, committed 7040K, reserved 1048576K
Event: 373.991 GC heap after
Heap after GC invocations=49 (full 9):
 PSYoungGen      total 1224704K, used 65190K [0x000000076b180000, 0x00000007be080000, 0x00000007c0000000)
  eden space 1104896K, 0% used [0x000000076b180000,0x000000076b180000,0x00000007ae880000)
  from space 119808K, 54% used [0x00000007b6b80000,0x00000007bab29918,0x00000007be080000)
  to   space 126976K, 0% used [0x00000007ae880000,0x00000007ae880000,0x00000007b6480000)
 ParOldGen       total 988160K, used 673497K [0x00000006c1400000, 0x00000006fd900000, 0x000000076b180000)
  object space 988160K, 68% used [0x00000006c1400000,0x00000006ea5b64f0,0x00000006fd900000)
 Metaspace       used 55272K, capacity 56299K, committed 56704K, reserved 1099776K
  class space    used 6548K, capacity 6924K, committed 7040K, reserved 1048576K
}
Event: 384.489 GC heap before
{Heap before GC invocations=50 (full 9):
 PSYoungGen      total 1224704K, used 1170086K [0x000000076b180000, 0x00000007be080000, 0x00000007c0000000)
  eden space 1104896K, 100% used [0x000000076b180000,0x00000007ae880000,0x00000007ae880000)
  from space 119808K, 54% used [0x00000007b6b80000,0x00000007bab29918,0x00000007be080000)
  to   space 126976K, 0% used [0x00000007ae880000,0x00000007ae880000,0x00000007b6480000)
 ParOldGen       total 988160K, used 673497K [0x00000006c1400000, 0x00000006fd900000, 0x000000076b180000)
  object space 988160K, 68% used [0x00000006c1400000,0x00000006ea5b64f0,0x00000006fd900000)
 Metaspace       used 55301K, capacity 56375K, committed 56704K, reserved 1099776K
  class space    used 6549K, capacity 6926K, committed 7040K, reserved 1048576K
Event: 384.510 GC heap after
Heap after GC invocations=50 (full 9):
 PSYoungGen      total 1231872K, used 67374K [0x000000076b180000, 0x00000007be700000, 0x00000007c0000000)
  eden space 1104896K, 0% used [0x000000076b180000,0x000000076b180000,0x00000007ae880000)
  from space 126976K, 53% used [0x00000007ae880000,0x00000007b2a4b848,0x00000007b6480000)
  to   space 123392K, 0% used [0x00000007b6e80000,0x00000007b6e80000,0x00000007be700000)
 ParOldGen       total 988160K, used 673505K [0x00000006c1400000, 0x00000006fd900000, 0x000000076b180000)
  object space 988160K, 68% used [0x00000006c1400000,0x00000006ea5b84f0,0x00000006fd900000)
 Metaspace       used 55301K, capacity 56375K, committed 56704K, reserved 1099776K
  class space    used 6549K, capacity 6926K, committed 7040K, reserved 1048576K
}
Event: 393.602 GC heap before
{Heap before GC invocations=51 (full 9):
 PSYoungGen      total 1231872K, used 1172270K [0x000000076b180000, 0x00000007be700000, 0x00000007c0000000)
  eden space 1104896K, 100% used [0x000000076b180000,0x00000007ae880000,0x00000007ae880000)
  from space 126976K, 53% used [0x00000007ae880000,0x00000007b2a4b848,0x00000007b6480000)
  to   space 123392K, 0% used [0x00000007b6e80000,0x00000007b6e80000,0x00000007be700000)
 ParOldGen       total 988160K, used 673505K [0x00000006c1400000, 0x00000006fd900000, 0x000000076b180000)
  object space 988160K, 68% used [0x00000006c1400000,0x00000006ea5b84f0,0x00000006fd900000)
 Metaspace       used 55315K, capacity 56381K, committed 56704K, reserved 1099776K
  class space    used 6550K, capacity 6927K, committed 7040K, reserved 1048576K
Event: 393.624 GC heap after
Heap after GC invocations=51 (full 9):
 PSYoungGen      total 1233920K, used 70510K [0x000000076b180000, 0x00000007be080000, 0x00000007c0000000)
  eden space 1117184K, 0% used [0x000000076b180000,0x000000076b180000,0x00000007af480000)
  from space 116736K, 60% used [0x00000007b6e80000,0x00000007bb35b970,0x00000007be080000)
  to   space 120832K, 0% used [0x00000007af480000,0x00000007af480000,0x00000007b6a80000)
 ParOldGen       total 988160K, used 673505K [0x00000006c1400000, 0x00000006fd900000, 0x000000076b180000)
  object space 988160K, 68% used [0x00000006c1400000,0x00000006ea5b84f0,0x00000006fd900000)
 Metaspace       used 55315K, capacity 56381K, committed 56704K, reserved 1099776K
  class space    used 6550K, capacity 6927K, committed 7040K, reserved 1048576K
}
Event: 402.778 GC heap before
{Heap before GC invocations=52 (full 9):
 PSYoungGen      total 1233920K, used 1187694K [0x000000076b180000, 0x00000007be080000, 0x00000007c0000000)
  eden space 1117184K, 100% used [0x000000076b180000,0x00000007af480000,0x00000007af480000)
  from space 116736K, 60% used [0x00000007b6e80000,0x00000007bb35b970,0x00000007be080000)
  to   space 120832K, 0% used [0x00000007af480000,0x00000007af480000,0x00000007b6a80000)
 ParOldGen       total 988160K, used 673505K [0x00000006c1400000, 0x00000006fd900000, 0x000000076b180000)
  object space 988160K, 68% used [0x00000006c1400000,0x00000006ea5b84f0,0x00000006fd900000)
 Metaspace       used 55330K, capacity 56381K, committed 56704K, reserved 1099776K
  class space    used 6550K, capacity 6927K, committed 7040K, reserved 1048576K
Event: 402.803 GC heap after
Heap after GC invocations=52 (full 9):
 PSYoungGen      total 1238016K, used 72480K [0x000000076b180000, 0x00000007be880000, 0x00000007c0000000)
  eden space 1117184K, 0% used [0x000000076b180000,0x000000076b180000,0x00000007af480000)
  from space 120832K, 59% used [0x00000007af480000,0x00000007b3b483a8,0x00000007b6a80000)
  to   space 119296K, 0% used [0x00000007b7400000,0x00000007b7400000,0x00000007be880000)
 ParOldGen       total 988160K, used 673513K [0x00000006c1400000, 0x00000006fd900000, 0x000000076b180000)
  object space 988160K, 68% used [0x00000006c1400000,0x00000006ea5ba4f0,0x00000006fd900000)
 Metaspace       used 55330K, capacity 56381K, committed 56704K, reserved 1099776K
  class space    used 6550K, capacity 6927K, committed 7040K, reserved 1048576K
}
Event: 413.542 GC heap before
{Heap before GC invocations=53 (full 9):
 PSYoungGen      total 1238016K, used 1189664K [0x000000076b180000, 0x00000007be880000, 0x00000007c0000000)
  eden space 1117184K, 100% used [0x000000076b180000,0x00000007af480000,0x00000007af480000)
  from space 120832K, 59% used [0x00000007af480000,0x00000007b3b483a8,0x00000007b6a80000)
  to   space 119296K, 0% used [0x00000007b7400000,0x00000007b7400000,0x00000007be880000)
 ParOldGen       total 988160K, used 673513K [0x00000006c1400000, 0x00000006fd900000, 0x000000076b180000)
  object space 988160K, 68% used [0x00000006c1400000,0x00000006ea5ba4f0,0x00000006fd900000)
 Metaspace       used 55395K, capacity 56445K, committed 56960K, reserved 1099776K
  class space    used 6555K, capacity 6927K, committed 7040K, reserved 1048576K
Event: 413.565 GC heap after
Heap after GC invocations=53 (full 9):
 PSYoungGen      total 1241600K, used 72750K [0x000000076b180000, 0x00000007be400000, 0x00000007c0000000)
  eden space 1126912K, 0% used [0x000000076b180000,0x000000076b180000,0x00000007afe00000)
  from space 114688K, 63% used [0x00000007b7400000,0x00000007bbb0b8e0,0x00000007be400000)
  to   space 117760K, 0% used [0x00000007afe00000,0x00000007afe00000,0x00000007b7100000)
 ParOldGen       total 988160K, used 673513K [0x00000006c1400000, 0x00000006fd900000, 0x000000076b180000)
  object space 988160K, 68% used [0x00000006c1400000,0x00000006ea5ba4f0,0x00000006fd900000)
 Metaspace       used 55395K, capacity 56445K, committed 56960K, reserved 1099776K
  class space    used 6555K, capacity 6927K, committed 7040K, reserved 1048576K
}

Deoptimization events (10 events):
Event: 415.630 Thread 0x0000000020d0e800 Uncommon trap: reason=class_check action=maybe_recompile pc=0x00000000054dd764 method=handmadeguns.items.guns.HMGItem_Unified_Guns.onUpdate(Lnet/minecraft/item/ItemStack;Lnet/minecraft/world/World;Lnet/minecraft/entity/Entity;IZ)V @ 3743
Event: 415.678 Thread 0x0000000020d0e800 Uncommon trap: reason=bimorphic action=maybe_recompile pc=0x0000000004b54f34 method=net.minecraft.entity.passive.EntityBat.updateAITasks()V @ 39
Event: 415.723 Thread 0x0000000020d0e800 Uncommon trap: reason=bimorphic action=maybe_recompile pc=0x0000000004b54f34 method=net.minecraft.entity.passive.EntityBat.updateAITasks()V @ 39
Event: 415.870 Thread 0x0000000020d0e800 Uncommon trap: reason=class_check action=maybe_recompile pc=0x0000000004719954 method=hmggvcmob.entity.EntityMGAX55.onUpdate()V @ 2103
Event: 415.920 Thread 0x0000000020d0e800 Uncommon trap: reason=class_check action=maybe_recompile pc=0x0000000004719954 method=hmggvcmob.entity.EntityMGAX55.onUpdate()V @ 2103
Event: 415.971 Thread 0x0000000020d0e800 Uncommon trap: reason=class_check action=maybe_recompile pc=0x0000000004719954 method=hmggvcmob.entity.EntityMGAX55.onUpdate()V @ 2103
Event: 416.073 Thread 0x0000000020d0e800 Uncommon trap: reason=class_check action=maybe_recompile pc=0x0000000003bd87e4 method=net.minecraft.world.gen.feature.WorldGenLakes.generate(Lnet/minecraft/world/World;Ljava/util/Random;III)Z @ 1242
Event: 416.395 Thread 0x0000000020d0e800 Uncommon trap: reason=class_check action=maybe_recompile pc=0x0000000004719954 method=hmggvcmob.entity.EntityMGAX55.onUpdate()V @ 2103
Event: 416.415 Thread 0x00000000023e4800 Uncommon trap: reason=unstable_if action=reinterpret pc=0x00000000045f9db4 method=net.minecraft.block.BlockLiquid.randomDisplayTick(Lnet/minecraft/world/World;IIILjava/util/Random;)V @ 32
Event: 417.220 Thread 0x0000000020d0e800 Uncommon trap: reason=bimorphic action=maybe_recompile pc=0x0000000004afd400 method=net.minecraft.entity.Entity.moveEntity(DDD)V @ 1838

Internal exceptions (10 events):
Event: 416.429 Thread 0x0000000020d0c800 Exception <a 'java/lang/InterruptedException': sleep interrupted> (0x0000000776dd4258) thrown at [C:\re\workspace\8-2-build-windows-amd64-cygwin\jdk8u91\6644\hotspot\src\share\vm\prims\jvm.cpp, line 3215]
Event: 416.806 Thread 0x0000000020d0c800 Exception <a 'java/lang/InterruptedException': sleep interrupted> (0x0000000776dd44b0) thrown at [C:\re\workspace\8-2-build-windows-amd64-cygwin\jdk8u91\6644\hotspot\src\share\vm\prims\jvm.cpp, line 3215]
Event: 416.806 Thread 0x0000000020d0c800 Exception <a 'java/lang/InterruptedException': sleep interrupted> (0x0000000776dd52e0) thrown at [C:\re\workspace\8-2-build-windows-amd64-cygwin\jdk8u91\6644\hotspot\src\share\vm\prims\jvm.cpp, line 3167]
Event: 416.815 Thread 0x0000000020d0c800 Exception <a 'java/lang/InterruptedException': sleep interrupted> (0x0000000776dd5538) thrown at [C:\re\workspace\8-2-build-windows-amd64-cygwin\jdk8u91\6644\hotspot\src\share\vm\prims\jvm.cpp, line 3215]
Event: 416.815 Thread 0x0000000020d0c800 Exception <a 'java/lang/InterruptedException': sleep interrupted> (0x0000000776dd6368) thrown at [C:\re\workspace\8-2-build-windows-amd64-cygwin\jdk8u91\6644\hotspot\src\share\vm\prims\jvm.cpp, line 3167]
Event: 416.818 Thread 0x0000000020d0c800 Exception <a 'java/lang/InterruptedException': sleep interrupted> (0x0000000776dd65c0) thrown at [C:\re\workspace\8-2-build-windows-amd64-cygwin\jdk8u91\6644\hotspot\src\share\vm\prims\jvm.cpp, line 3215]
Event: 416.818 Thread 0x0000000020d0c800 Exception <a 'java/lang/InterruptedException': sleep interrupted> (0x0000000776dd6818) thrown at [C:\re\workspace\8-2-build-windows-amd64-cygwin\jdk8u91\6644\hotspot\src\share\vm\prims\jvm.cpp, line 3167]
Event: 416.957 Thread 0x0000000020d0c800 Exception <a 'java/lang/InterruptedException': sleep interrupted> (0x0000000776dd6a70) thrown at [C:\re\workspace\8-2-build-windows-amd64-cygwin\jdk8u91\6644\hotspot\src\share\vm\prims\jvm.cpp, line 3215]
Event: 417.299 Thread 0x0000000020d0c800 Exception <a 'java/lang/InterruptedException': sleep interrupted> (0x0000000776dd6cc8) thrown at [C:\re\workspace\8-2-build-windows-amd64-cygwin\jdk8u91\6644\hotspot\src\share\vm\prims\jvm.cpp, line 3215]
Event: 417.385 Thread 0x0000000020d0c800 Exception <a 'java/lang/InterruptedException': sleep interrupted> (0x0000000776dd6f20) thrown at [C:\re\workspace\8-2-build-windows-amd64-cygwin\jdk8u91\6644\hotspot\src\share\vm\prims\jvm.cpp, line 3215]

Events (10 events):
Event: 416.807 Thread 0x000000001bb4e000 flushing nmethod 0x0000000003152a50
Event: 416.808 Thread 0x000000001bb4e000 flushing nmethod 0x000000000321c490
Event: 416.808 Thread 0x000000001bb4e000 flushing nmethod 0x00000000032e9590
Event: 416.954 Thread 0x000000001bb4e000 flushing nmethod 0x0000000003347d50
Event: 416.977 Thread 0x000000001bb02800 flushing nmethod 0x000000000364af10
Event: 416.983 Thread 0x000000001bb09000 flushing nmethod 0x00000000037b2f50
Event: 416.983 Thread 0x000000001bb09000 flushing nmethod 0x00000000037ddd90
Event: 417.220 Thread 0x0000000020d0e800 Uncommon trap: trap_request=0xffffffc6 fr.pc=0x0000000004afd400
Event: 417.220 Thread 0x0000000020d0e800 DEOPT PACKING pc=0x0000000004afd400 sp=0x00000000693be990
Event: 417.220 Thread 0x0000000020d0e800 DEOPT UNPACKING pc=0x000000000252582a sp=0x00000000693be8e0 mode 2


Dynamic libraries:
0x00007ff68d400000 - 0x00007ff68d437000 	C:\Program Files\Java\jdk1.8.0_91\bin\java.exe
0x00007fff9ba20000 - 0x00007fff9bbcd000 	C:\Windows\SYSTEM32\ntdll.dll
0x00007fff99340000 - 0x00007fff9947e000 	C:\Windows\system32\KERNEL32.DLL
0x00007fff98f90000 - 0x00007fff990a6000 	C:\Windows\system32\KERNELBASE.dll
0x00007fff96990000 - 0x00007fff96a1e000 	C:\Windows\system32\apphelp.dll
0x00007fff8df00000 - 0x00007fff8df54000 	C:\Windows\AppPatch\AppPatch64\AcGenral.DLL
0x00007fff99cc0000 - 0x00007fff99d6a000 	C:\Windows\system32\msvcrt.dll
0x00007fff98c70000 - 0x00007fff98c9e000 	C:\Windows\system32\SspiCli.dll
0x00007fff99de0000 - 0x00007fff99e34000 	C:\Windows\system32\SHLWAPI.dll
0x00007fff99f20000 - 0x00007fff9a097000 	C:\Windows\system32\USER32.dll
0x00007fff99160000 - 0x00007fff992f4000 	C:\Windows\system32\ole32.dll
0x00007fff9a1d0000 - 0x00007fff9b6fb000 	C:\Windows\system32\SHELL32.dll
0x00007fff98170000 - 0x00007fff98191000 	C:\Windows\SYSTEM32\USERENV.dll
0x00007fff990b0000 - 0x00007fff9915a000 	C:\Windows\system32\ADVAPI32.dll
0x00007fff8a750000 - 0x00007fff8a76e000 	C:\Windows\SYSTEM32\MPR.dll
0x00007fff99480000 - 0x00007fff995c0000 	C:\Windows\system32\RPCRT4.dll
0x00007fff9a160000 - 0x00007fff9a1b9000 	C:\Windows\SYSTEM32\sechost.dll
0x00007fff99a90000 - 0x00007fff99ca0000 	C:\Windows\SYSTEM32\combase.dll
0x00007fff99690000 - 0x00007fff997dc000 	C:\Windows\system32\GDI32.dll
0x00007fff98b50000 - 0x00007fff98b65000 	C:\Windows\SYSTEM32\profapi.dll
0x00007fff97040000 - 0x00007fff970f2000 	C:\Windows\SYSTEM32\SHCORE.dll
0x00007fff99300000 - 0x00007fff99336000 	C:\Windows\system32\IMM32.DLL
0x00007fff9b700000 - 0x00007fff9b851000 	C:\Windows\system32\MSCTF.dll
0x00007fff966f0000 - 0x00007fff9696b000 	C:\Windows\WinSxS\amd64_microsoft.windows.common-controls_6595b64144ccf1df_6.0.9600.18006_none_623f33d3ecbe86e8\COMCTL32.dll
0x000000006d3f0000 - 0x000000006d4c2000 	C:\Program Files\Java\jdk1.8.0_91\jre\bin\msvcr100.dll
0x000000006cb50000 - 0x000000006d3e3000 	C:\Program Files\Java\jdk1.8.0_91\jre\bin\server\jvm.dll
0x00007fff93250000 - 0x00007fff93259000 	C:\Windows\SYSTEM32\WSOCK32.dll
0x00007fff92410000 - 0x00007fff92432000 	C:\Windows\SYSTEM32\WINMM.dll
0x00007fff91840000 - 0x00007fff9184a000 	C:\Windows\SYSTEM32\VERSION.dll
0x00007fff9a1c0000 - 0x00007fff9a1c7000 	C:\Windows\system32\PSAPI.DLL
0x00007fff99e50000 - 0x00007fff99eaa000 	C:\Windows\system32\WS2_32.dll
0x00007fff923e0000 - 0x00007fff9240a000 	C:\Windows\SYSTEM32\WINMMBASE.dll
0x00007fff99e40000 - 0x00007fff99e49000 	C:\Windows\system32\NSI.dll
0x00007fff98c20000 - 0x00007fff98c6f000 	C:\Windows\SYSTEM32\cfgmgr32.dll
0x00007fff97980000 - 0x00007fff979a8000 	C:\Windows\SYSTEM32\DEVOBJ.dll
0x000000006cb40000 - 0x000000006cb4f000 	C:\Program Files\Java\jdk1.8.0_91\jre\bin\verify.dll
0x000000006cb10000 - 0x000000006cb39000 	C:\Program Files\Java\jdk1.8.0_91\jre\bin\java.dll
0x000000006caf0000 - 0x000000006cb06000 	C:\Program Files\Java\jdk1.8.0_91\jre\bin\zip.dll
0x000000006ca70000 - 0x000000006ca7d000 	C:\Program Files\Java\jdk1.8.0_91\jre\bin\management.dll
0x000000006cad0000 - 0x000000006caea000 	C:\Program Files\Java\jdk1.8.0_91\jre\bin\net.dll
0x00007fff983e0000 - 0x00007fff98439000 	C:\Windows\system32\mswsock.dll
0x000000006cab0000 - 0x000000006cac1000 	C:\Program Files\Java\jdk1.8.0_91\jre\bin\nio.dll
0x00007fff8e3b0000 - 0x00007fff8e3c5000 	C:\Windows\system32\napinsp.dll
0x00007fff8e3d0000 - 0x00007fff8e3ea000 	C:\Windows\system32\pnrpnsp.dll
0x00007fff973f0000 - 0x00007fff9740b000 	C:\Windows\system32\NLAapi.dll
0x00007fff981e0000 - 0x00007fff98284000 	C:\Windows\SYSTEM32\DNSAPI.dll
0x00007fff8e910000 - 0x00007fff8e91d000 	C:\Windows\System32\winrnr.dll
0x00007fff8e3f0000 - 0x00007fff8e404000 	C:\Windows\system32\wshbth.dll
0x00007fff8ecb0000 - 0x00007fff8ecba000 	C:\Windows\System32\rasadhlp.dll
0x00007fff95e00000 - 0x00007fff95e2a000 	C:\Windows\SYSTEM32\IPHLPAPI.DLL
0x00007fff95de0000 - 0x00007fff95dea000 	C:\Windows\SYSTEM32\WINNSI.DLL
0x00007fff95950000 - 0x00007fff959bb000 	C:\Windows\System32\fwpuclnt.dll
0x0000000180000000 - 0x0000000180051000 	C:\Users\frou01\.gradle\caches\minecraft\net\minecraft\minecraft_natives\1.7.10\lwjgl64.dll
0x00007fff83af0000 - 0x00007fff83c1b000 	C:\Windows\SYSTEM32\OPENGL32.dll
0x00007fff83db0000 - 0x00007fff83dde000 	C:\Windows\SYSTEM32\GLU32.dll
0x00007fff83c90000 - 0x00007fff83d88000 	C:\Windows\SYSTEM32\DDRAW.dll
0x00007fff840f0000 - 0x00007fff840f9000 	C:\Windows\SYSTEM32\DCIMAN32.dll
0x00007fff98440000 - 0x00007fff98460000 	C:\Windows\SYSTEM32\CRYPTSP.dll
0x00007fff98060000 - 0x00007fff98096000 	C:\Windows\system32\rsaenh.dll
0x00007fff98690000 - 0x00007fff986b6000 	C:\Windows\SYSTEM32\bcrypt.dll
0x00007fff989b0000 - 0x00007fff98a13000 	C:\Windows\system32\bcryptprimitives.dll
0x00007fff98a20000 - 0x00007fff98a2b000 	C:\Windows\SYSTEM32\CRYPTBASE.dll
0x00007fff959c0000 - 0x00007fff959d6000 	C:\Windows\SYSTEM32\dhcpcsvc6.DLL
0x00007fff95aa0000 - 0x00007fff95aba000 	C:\Windows\SYSTEM32\dhcpcsvc.DLL
0x000000006c8d0000 - 0x000000006ca68000 	C:\Program Files\Java\jdk1.8.0_91\jre\bin\awt.dll
0x00007fff995c0000 - 0x00007fff99686000 	C:\Windows\system32\OLEAUT32.dll
0x00007fff977e0000 - 0x00007fff97909000 	C:\Windows\system32\uxtheme.dll
0x00007fff973b0000 - 0x00007fff973d1000 	C:\Windows\system32\dwmapi.dll
0x00007fff6e870000 - 0x00007fff6f588000 	C:\Windows\SYSTEM32\ig8icd64.dll
0x00007fff92620000 - 0x00007fff9305f000 	C:\Windows\SYSTEM32\igdusc64.dll
0x00007fff96500000 - 0x00007fff96512000 	C:\Windows\SYSTEM32\WTSAPI32.dll
0x00007fff979b0000 - 0x00007fff979bb000 	C:\Windows\SYSTEM32\kernel.appcore.dll
0x00007fff9a0a0000 - 0x00007fff9a156000 	C:\Windows\SYSTEM32\clbcatq.dll
0x000000006e3a0000 - 0x000000006e63c000 	C:\Program Files (x86)\Google\Google Japanese Input\GoogleIMEJaTIP64.dll
0x00007fff819e0000 - 0x00007fff81a23000 	C:\Windows\SYSTEM32\input.dll
0x00007fff90df0000 - 0x00007fff90f79000 	C:\Windows\SYSTEM32\dbghelp.dll
0x00007fff91cd0000 - 0x00007fff92151000 	C:\Windows\SYSTEM32\d2d1.dll
0x00007fff933e0000 - 0x00007fff935ca000 	C:\Windows\SYSTEM32\DWrite.dll
0x00007fff89ff0000 - 0x00007fff8a082000 	C:\Windows\SYSTEM32\mscms.dll
0x00007fff8c720000 - 0x00007fff8c761000 	C:\Windows\SYSTEM32\icm32.dll
0x00007fff98af0000 - 0x00007fff98b36000 	C:\Windows\SYSTEM32\powrprof.dll
0x0000000070a40000 - 0x0000000070adc000 	C:\Users\frou01\.gradle\caches\minecraft\net\minecraft\minecraft_natives\1.7.10\avutil-ttv-51.dll
0x0000000022210000 - 0x0000000022266000 	C:\Users\frou01\.gradle\caches\minecraft\net\minecraft\minecraft_natives\1.7.10\swresample-ttv-0.dll
0x000000006eb80000 - 0x000000006ec50000 	C:\Users\frou01\.gradle\caches\minecraft\net\minecraft\minecraft_natives\1.7.10\libmp3lame-ttv.dll
0x00007fff6ae00000 - 0x00007fff6c1a4000 	C:\Users\frou01\.gradle\caches\minecraft\net\minecraft\minecraft_natives\1.7.10\libmfxsw64.dll
0x00007fff79b60000 - 0x00007fff79c8b000 	C:\Users\frou01\.gradle\caches\minecraft\net\minecraft\minecraft_natives\1.7.10\twitchsdk.dll
0x00007fff910b0000 - 0x00007fff9155c000 	C:\Windows\SYSTEM32\WININET.dll
0x00007fff91560000 - 0x00007fff9182a000 	C:\Windows\SYSTEM32\iertutil.dll
0x00007fff96200000 - 0x00007fff96270000 	C:\Windows\System32\MMDevApi.dll
0x00007fff92160000 - 0x00007fff921de000 	C:\Windows\SYSTEM32\AUDIOSES.DLL
0x0000000023630000 - 0x0000000023694000 	C:\Users\frou01\.gradle\caches\minecraft\net\minecraft\minecraft_natives\1.7.10\OpenAL64.dll
0x00007fff81db0000 - 0x00007fff81e4d000 	C:\Windows\SYSTEM32\dsound.dll
0x000000006ca80000 - 0x000000006caa4000 	C:\Program Files\Java\jdk1.8.0_91\jre\bin\sunec.dll

VM Arguments:
jvm_args: -Dfile.encoding=windows-31j 
java_command: GradleStart
java_class_path (initial): C:\Users\frou01\.gradle\caches\minecraft\net\minecraftforge\forge\1.7.10-10.13.4.1614-1.7.10\start;C:\ModdingSpace2\GVCC\GVC\build\libs\GVC-HD10.5.jar;C:\Users\frou01\.gradle\caches\minecraft\net\minecraftforge\forge\1.7.10-10.13.4.1614-1.7.10\forgeSrc-1.7.10-10.13.4.1614-1.7.10.jar;C:\Users\frou01\.gradle\caches\modules-2\files-2.1\net.minecraft\launchwrapper\1.12\111e7bea9c968cdb3d06ef4632bf7ff0824d0f36\launchwrapper-1.12.jar;C:\Users\frou01\.gradle\caches\modules-2\files-2.1\com.google.code.findbugs\jsr305\1.3.9\40719ea6961c0cb6afaeb6a921eaa1f6afd4cfdf\jsr305-1.3.9.jar;C:\Users\frou01\.gradle\caches\modules-2\files-2.1\org.ow2.asm\asm-debug-all\5.0.3\f9e364ae2a66ce2a543012a4668856e84e5dab74\asm-debug-all-5.0.3.jar;C:\Users\frou01\.gradle\caches\modules-2\files-2.1\com.typesafe.akka\akka-actor_2.11\2.3.3\ed62e9fc709ca0f2ff1a3220daa8b70a2870078e\akka-actor_2.11-2.3.3.jar;C:\Users\frou01\.gradle\caches\modules-2\files-2.1\com.typesafe\config\1.2.1\f771f71fdae3df231bcd54d5ca2d57f0bf93f467\config-1.2.1.jar;C:\Users\frou01\.gradle\caches\modules-2\files-2.1\org.scala-lang\scala-actors-migration_2.11\1.1.0\dfa8bc42b181d5b9f1a5dd147f8ae308b893eb6f\scala-actors-migration_2.11-1.1.0.jar;C:\Users\frou01\.gradle\caches\modules-2\files-2.1\org.scala-lang\scala-compiler\2.11.1\56ea2e6c025e0821f28d73ca271218b8dd04926a\scala-compiler-2.11.1.jar;C:\Users\frou01\.gradle\caches\modules-2\files-2.1\org.scala-lang.plugins\scala-continuations-library_2.11\1.0.2\e517c53a7e9acd6b1668c5a35eccbaa3bab9aac\scala-continuations-library_2.11-1.0.2.jar;C:\Users\frou01\.gradle\caches\modules-2\files-2.1\org.scala-lang.plugins\scala-continuations-plugin_2.11.1\1.0.2\f361a3283452c57fa30c1ee69448995de23c60f7\scala-continuations-plugin_2.11.1-1.0.2.jar;C:\Users\frou01\.gradle\caches\modules-2\files-2.1\org.scala-lang\scala-library\2.11.1\e11da23da3eabab9f4777b9220e60d44c1aab6a\scala-library-2.11.1.jar;C:\Users\frou01\.gradle\caches\modules-2\files-2.1\org.scala-lang\scal
Launcher Type: SUN_STANDARD

Environment Variables:
JAVA_HOME=C:\Program Files\Java\jdk1.8.0_91
PATH=C:\Windows\system32;C:\Windows;C:\Windows\System32\Wbem;C:\Windows\System32\WindowsPowerShell\v1.0\;C:\Program Files\Java\jdk1.7.0_80\bin;C:\Program Files (x86)\Skype\Phone\;C:\Program Files (x86)\GtkSharp\2.12\bin;C:\ProgramData\Oracle\Java\javapath;C:\Program Files\Git\cmd
USERNAME=frou01
OS=Windows_NT
PROCESSOR_IDENTIFIER=Intel64 Family 6 Model 61 Stepping 4, GenuineIntel



---------------  S Y S T E M  ---------------

OS: Windows 8.1 , 64 bit Build 9600 (6.3.9600.17415)

CPU:total 4 (2 cores per cpu, 2 threads per core) family 6 model 61 stepping 4, cmov, cx8, fxsr, mmx, sse, sse2, sse3, ssse3, sse4.1, sse4.2, popcnt, avx, avx2, aes, clmul, erms, 3dnowpref, lzcnt, ht, tsc, tscinvbit, bmi1, bmi2, adx

Memory: 4k page, physical 16695288k(5788776k free), swap 20536108k(7498816k free)

vm_info: Java HotSpot(TM) 64-Bit Server VM (25.91-b14) for windows-amd64 JRE (1.8.0_91-b14), built on Apr  1 2016 00:58:32 by "java_re" with MS VC++ 10.0 (VS2010)

time: Thu Feb 14 23:06:46 2019
elapsed time: 417 seconds (0d 0h 6m 57s)

