#
# A fatal error has been detected by the Java Runtime Environment:
#
#  EXCEPTION_ACCESS_VIOLATION (0xc0000005) at pc=0x000000005705ca70, pid=2216, tid=2764
#
# JRE version: Java(TM) SE Runtime Environment (8.0_91-b14) (build 1.8.0_91-b14)
# Java VM: Java HotSpot(TM) 64-Bit Server VM (25.91-b14 mixed mode windows-amd64 compressed oops)
# Problematic frame:
# V  [jvm.dll+0x49ca70]
#
# Failed to write core dump. Minidumps are not enabled by default on client versions of Windows
#
# If you would like to submit a bug report, please visit:
#   http://bugreport.java.com/bugreport/crash.jsp
#

---------------  T H R E A D  ---------------

Current thread (0x000000001b9a4800):  JavaThread "C2 CompilerThread1" daemon [_thread_in_native, id=2764, stack(0x000000001d480000,0x000000001d580000)]

siginfo: ExceptionCode=0xc0000005, writing address 0x0000000000000000

Registers:
RAX=0x0000000000000000, RBX=0x000000002cdf59d0, RCX=0x000000001d57c240, RDX=0x0000000010000200
RSP=0x000000001d57c1a8, RBP=0x000000000000147c, RSI=0x000000001d57c560, RDI=0x0000000000001d5c
R8 =0x0000000010000000, R9 =0x000000001e1bb860, R10=0x0000000056bc0000, R11=0x000000002ce3a850
R12=0x00000000573d36a8, R13=0x000000002e591570, R14=0x00000000000bfdf0, R15=0x0000000056bc0000
RIP=0x000000005705ca70, EFLAGS=0x0000000000010246

Top of Stack: (sp=0x000000001d57c1a8)
0x000000001d57c1a8:   0000000057025bdf 000000001d57c580
0x000000001d57c1b8:   000000002cdf1c90 000000000000147c
0x000000001d57c1c8:   000000001d57c560 0000244500000000
0x000000001d57c1d8:   0000000000000008 00000000320631c0
0x000000001d57c1e8:   0000000000000025 00000000222232e8
0x000000001d57c1f8:   0000000000000025 000000002cde21f0
0x000000001d57c208:   0000244f00000000 0000000000000008
0x000000001d57c218:   000000001e6d1c80 0000000000000025
0x000000001d57c228:   000000001f4ed610 0000000000000025
0x000000001d57c238:   000000002cd9cdd0 00001d6100000000
0x000000001d57c248:   0000000000000003 000000001e6d1cc0
0x000000001d57c258:   000000000000001e 00000000320672e0
0x000000001d57c268:   0000000000000025 000000001d57c580
0x000000001d57c278:   0000000000000025 0000000022cceb10
0x000000001d57c288:   000000001d57c560 000000000000147c
0x000000001d57c298:   000000002cde21f0 0000000000001b69 

Instructions: (pc=0x000000005705ca70)
0x000000005705ca50:   bb 90 00 00 00 72 e9 48 8b 5c 24 40 48 83 c4 20
0x000000005705ca60:   5f c3 cc cc cc cc cc cc cc cc cc cc cc cc cc cc
0x000000005705ca70:   40 57 48 83 ec 20 48 63 51 08 48 8b f9 83 fa 08
0x000000005705ca80:   73 22 48 8b 41 10 48 8d 0c 90 66 0f 1f 44 00 00 


Register to memory mapping:

RAX=0x0000000000000000 is an unknown value
RBX=0x000000002cdf59d0 is an unknown value
RCX=0x000000001d57c240 is pointing into the stack for thread: 0x000000001b9a4800
RDX=0x0000000010000200 is an unknown value
RSP=0x000000001d57c1a8 is pointing into the stack for thread: 0x000000001b9a4800
RBP=0x000000000000147c is an unknown value
RSI=0x000000001d57c560 is pointing into the stack for thread: 0x000000001b9a4800
RDI=0x0000000000001d5c is an unknown value
R8 =0x0000000010000000 is an unknown value
R9 =0x000000001e1bb860 is an unknown value
R10=0x0000000056bc0000 is an unknown value
R11=0x000000002ce3a850 is an unknown value
R12=0x00000000573d36a8 is an unknown value
R13=0x000000002e591570 is an unknown value
R14=0x00000000000bfdf0 is an unknown value
R15=0x0000000056bc0000 is an unknown value


Stack: [0x000000001d480000,0x000000001d580000],  sp=0x000000001d57c1a8,  free space=1008k
Native frames: (J=compiled Java code, j=interpreted, Vv=VM code, C=native code)
V  [jvm.dll+0x49ca70]
V  [jvm.dll+0x465bdf]
V  [jvm.dll+0x4676a8]
V  [jvm.dll+0x467896]
V  [jvm.dll+0x465424]
V  [jvm.dll+0x4644d4]
V  [jvm.dll+0x46f55b]
V  [jvm.dll+0x471b72]
V  [jvm.dll+0x454ce2]
V  [jvm.dll+0xa4be2]
V  [jvm.dll+0xa551f]
V  [jvm.dll+0x243ae4]
V  [jvm.dll+0x29a99a]
C  [msvcr100.dll+0x21d9f]
C  [msvcr100.dll+0x21e3b]
C  [KERNEL32.DLL+0x13d2]
C  [ntdll.dll+0x154f4]


Current CompileTask:
C2:  24072 4343       4       org.objectweb.asm.ClassReader::readCode (3263 bytes)


---------------  P R O C E S S  ---------------

Java Threads: ( => current thread )
  0x000000002f2b6800 JavaThread "Keep-Alive-Timer" daemon [_thread_blocked, id=3660, stack(0x0000000027740000,0x0000000027840000)]
  0x000000001e94e800 JavaThread "LWJGL Timer" daemon [_thread_blocked, id=3684, stack(0x0000000025e40000,0x0000000025f40000)]
  0x000000001e89b800 JavaThread "Thread-6" [_thread_blocked, id=8072, stack(0x0000000027440000,0x0000000027540000)]
  0x000000001e563800 JavaThread "Java2D Disposer" daemon [_thread_blocked, id=1940, stack(0x0000000021b60000,0x0000000021c60000)]
  0x0000000020f47800 JavaThread "Timer hack thread" daemon [_thread_blocked, id=2588, stack(0x00000000206b0000,0x00000000207b0000)]
  0x000000001eedc000 JavaThread "Snooper Timer" daemon [_thread_blocked, id=3732, stack(0x0000000020860000,0x0000000020960000)]
  0x000000001b9ee000 JavaThread "Service Thread" daemon [_thread_blocked, id=5664, stack(0x000000001d680000,0x000000001d780000)]
  0x000000001b9b3000 JavaThread "C1 CompilerThread2" daemon [_thread_blocked, id=5240, stack(0x000000001d580000,0x000000001d680000)]
=>0x000000001b9a4800 JavaThread "C2 CompilerThread1" daemon [_thread_in_native, id=2764, stack(0x000000001d480000,0x000000001d580000)]
  0x000000001b9a2000 JavaThread "C2 CompilerThread0" daemon [_thread_in_native, id=5376, stack(0x000000001d380000,0x000000001d480000)]
  0x000000001b9a1800 JavaThread "Attach Listener" daemon [_thread_blocked, id=4940, stack(0x000000001d280000,0x000000001d380000)]
  0x000000001cdc3800 JavaThread "Signal Dispatcher" daemon [_thread_blocked, id=6624, stack(0x000000001d180000,0x000000001d280000)]
  0x00000000022ee000 JavaThread "Finalizer" daemon [_thread_blocked, id=5428, stack(0x000000001cc00000,0x000000001cd00000)]
  0x00000000022e5800 JavaThread "Reference Handler" daemon [_thread_blocked, id=6784, stack(0x000000001cb00000,0x000000001cc00000)]
  0x00000000021f4000 JavaThread "Client thread" [_thread_in_Java, id=2296, stack(0x0000000001dd0000,0x0000000001ed0000)]

Other Threads:
  0x000000001b958000 VMThread [stack: 0x000000001ca00000,0x000000001cb00000] [id=2284]
  0x000000001ce38000 WatcherThread [stack: 0x000000001d780000,0x000000001d880000] [id=5784]

VM state:not at safepoint (normal execution)

VM Mutex/Monitor currently owned by a thread: None

Heap:
 PSYoungGen      total 534528K, used 271160K [0x000000076b180000, 0x0000000796480000, 0x00000007c0000000)
  eden space 518656K, 49% used [0x000000076b180000,0x000000077aae0648,0x000000078ac00000)
  from space 15872K, 99% used [0x0000000795500000,0x000000079646da40,0x0000000796480000)
  to   space 73728K, 0% used [0x000000078d480000,0x000000078d480000,0x0000000791c80000)
 ParOldGen       total 289792K, used 121811K [0x00000006c1400000, 0x00000006d2f00000, 0x000000076b180000)
  object space 289792K, 42% used [0x00000006c1400000,0x00000006c8af4cd0,0x00000006d2f00000)
 Metaspace       used 30188K, capacity 30527K, committed 30976K, reserved 1077248K
  class space    used 3710K, capacity 3799K, committed 3840K, reserved 1048576K

Card table byte_map: [0x00000000116f0000,0x0000000011ef0000] byte_map_base: 0x000000000e0e6000

Marking Bits: (ParMarkBitMap*) 0x00000000573d2f70
 Begin Bits: [0x0000000012840000, 0x00000000167f0000)
 End Bits:   [0x00000000167f0000, 0x000000001a7a0000)

Polling page: 0x0000000000550000

CodeCache: size=245760Kb used=14434Kb max_used=14699Kb free=231325Kb
 bounds [0x0000000002330000, 0x00000000031a0000, 0x0000000011330000]
 total_blobs=4225 nmethods=3586 adapters=551
 compilation: enabled

Compilation events (10 events):
Event: 23.933 Thread 0x000000001b9a2000 nmethod 4347% 0x0000000002752710 code [0x0000000002752b80, 0x0000000002756858]
Event: 23.934 Thread 0x000000001b9a2000 4359       4       sun.misc.FloatingDecimal$ASCIIToBinaryBuffer::floatValue (1087 bytes)
Event: 23.978 Thread 0x000000001b9a2000 nmethod 4359 0x000000000274f310 code [0x000000000274f560, 0x0000000002750b50]
Event: 23.978 Thread 0x000000001b9a2000 4350       4       java.net.URL::isValidProtocol (78 bytes)
Event: 23.983 Thread 0x000000001b9a2000 nmethod 4350 0x0000000002453250 code [0x00000000024533a0, 0x0000000002453758]
Event: 23.983 Thread 0x000000001b9a2000 4358       4       sun.misc.FDBigInteger::trimLeadingZeros (57 bytes)
Event: 23.985 Thread 0x000000001b9a2000 nmethod 4358 0x00000000027cc390 code [0x00000000027cc4e0, 0x00000000027cc618]
Event: 23.985 Thread 0x000000001b9a2000 4348       4       org.objectweb.asm.FieldWriter::getSize (262 bytes)
Event: 24.020 Thread 0x000000001b9b3000 4361       3       net.minecraft.client.gui.FontRenderer::renderString (172 bytes)
Event: 24.022 Thread 0x000000001b9b3000 nmethod 4361 0x00000000024ab190 code [0x00000000024ab3e0, 0x00000000024abf58]

GC Heap History (10 events):
Event: 10.898 GC heap before
{Heap before GC invocations=9 (full 2):
 PSYoungGen      total 267264K, used 256512K [0x000000076b180000, 0x000000077d180000, 0x00000007c0000000)
  eden space 256512K, 100% used [0x000000076b180000,0x000000077ac00000,0x000000077ac00000)
  from space 10752K, 0% used [0x000000077bc00000,0x000000077bc00000,0x000000077c680000)
  to   space 16384K, 0% used [0x000000077ac00000,0x000000077ac00000,0x000000077bc00000)
 ParOldGen       total 125440K, used 27663K [0x00000006c1400000, 0x00000006c8e80000, 0x000000076b180000)
  object space 125440K, 22% used [0x00000006c1400000,0x00000006c2f03ff0,0x00000006c8e80000)
 Metaspace       used 24911K, capacity 25139K, committed 25472K, reserved 1071104K
  class space    used 3057K, capacity 3116K, committed 3200K, reserved 1048576K
Event: 10.933 GC heap after
Heap after GC invocations=9 (full 2):
 PSYoungGen      total 272896K, used 16368K [0x000000076b180000, 0x0000000787000000, 0x00000007c0000000)
  eden space 256512K, 0% used [0x000000076b180000,0x000000076b180000,0x000000077ac00000)
  from space 16384K, 99% used [0x000000077ac00000,0x000000077bbfc020,0x000000077bc00000)
  to   space 25088K, 0% used [0x0000000785780000,0x0000000785780000,0x0000000787000000)
 ParOldGen       total 125440K, used 40366K [0x00000006c1400000, 0x00000006c8e80000, 0x000000076b180000)
  object space 125440K, 32% used [0x00000006c1400000,0x00000006c3b6b8f0,0x00000006c8e80000)
 Metaspace       used 24911K, capacity 25139K, committed 25472K, reserved 1071104K
  class space    used 3057K, capacity 3116K, committed 3200K, reserved 1048576K
}
Event: 14.599 GC heap before
{Heap before GC invocations=10 (full 2):
 PSYoungGen      total 272896K, used 272880K [0x000000076b180000, 0x0000000787000000, 0x00000007c0000000)
  eden space 256512K, 100% used [0x000000076b180000,0x000000077ac00000,0x000000077ac00000)
  from space 16384K, 99% used [0x000000077ac00000,0x000000077bbfc020,0x000000077bc00000)
  to   space 25088K, 0% used [0x0000000785780000,0x0000000785780000,0x0000000787000000)
 ParOldGen       total 125440K, used 40366K [0x00000006c1400000, 0x00000006c8e80000, 0x000000076b180000)
  object space 125440K, 32% used [0x00000006c1400000,0x00000006c3b6b8f0,0x00000006c8e80000)
 Metaspace       used 24957K, capacity 25203K, committed 25472K, reserved 1071104K
  class space    used 3057K, capacity 3116K, committed 3200K, reserved 1048576K
Event: 14.646 GC heap after
Heap after GC invocations=10 (full 2):
 PSYoungGen      total 410624K, used 25081K [0x000000076b180000, 0x0000000789300000, 0x00000007c0000000)
  eden space 385536K, 0% used [0x000000076b180000,0x000000076b180000,0x0000000782a00000)
  from space 25088K, 99% used [0x0000000785780000,0x0000000786ffe4d8,0x0000000787000000)
  to   space 46592K, 0% used [0x0000000782a00000,0x0000000782a00000,0x0000000785780000)
 ParOldGen       total 125440K, used 81067K [0x00000006c1400000, 0x00000006c8e80000, 0x000000076b180000)
  object space 125440K, 64% used [0x00000006c1400000,0x00000006c632ad78,0x00000006c8e80000)
 Metaspace       used 24957K, capacity 25203K, committed 25472K, reserved 1071104K
  class space    used 3057K, capacity 3116K, committed 3200K, reserved 1048576K
}
Event: 17.348 GC heap before
{Heap before GC invocations=11 (full 2):
 PSYoungGen      total 410624K, used 410617K [0x000000076b180000, 0x0000000789300000, 0x00000007c0000000)
  eden space 385536K, 100% used [0x000000076b180000,0x0000000782a00000,0x0000000782a00000)
  from space 25088K, 99% used [0x0000000785780000,0x0000000786ffe4d8,0x0000000787000000)
  to   space 46592K, 0% used [0x0000000782a00000,0x0000000782a00000,0x0000000785780000)
 ParOldGen       total 125440K, used 81067K [0x00000006c1400000, 0x00000006c8e80000, 0x000000076b180000)
  object space 125440K, 64% used [0x00000006c1400000,0x00000006c632ad78,0x00000006c8e80000)
 Metaspace       used 25283K, capacity 25619K, committed 26112K, reserved 1073152K
  class space    used 3102K, capacity 3212K, committed 3328K, reserved 1048576K
Event: 17.440 GC heap after
Heap after GC invocations=11 (full 2):
 PSYoungGen      total 432128K, used 46586K [0x000000076b180000, 0x0000000799f80000, 0x00000007c0000000)
  eden space 385536K, 0% used [0x000000076b180000,0x000000076b180000,0x0000000782a00000)
  from space 46592K, 99% used [0x0000000782a00000,0x000000078577eb50,0x0000000785780000)
  to   space 76288K, 0% used [0x0000000795500000,0x0000000795500000,0x0000000799f80000)
 ParOldGen       total 135168K, used 134778K [0x00000006c1400000, 0x00000006c9800000, 0x000000076b180000)
  object space 135168K, 99% used [0x00000006c1400000,0x00000006c979e8d0,0x00000006c9800000)
 Metaspace       used 25283K, capacity 25619K, committed 26112K, reserved 1073152K
  class space    used 3102K, capacity 3212K, committed 3328K, reserved 1048576K
}
Event: 17.440 GC heap before
{Heap before GC invocations=12 (full 3):
 PSYoungGen      total 432128K, used 46586K [0x000000076b180000, 0x0000000799f80000, 0x00000007c0000000)
  eden space 385536K, 0% used [0x000000076b180000,0x000000076b180000,0x0000000782a00000)
  from space 46592K, 99% used [0x0000000782a00000,0x000000078577eb50,0x0000000785780000)
  to   space 76288K, 0% used [0x0000000795500000,0x0000000795500000,0x0000000799f80000)
 ParOldGen       total 135168K, used 134778K [0x00000006c1400000, 0x00000006c9800000, 0x000000076b180000)
  object space 135168K, 99% used [0x00000006c1400000,0x00000006c979e8d0,0x00000006c9800000)
 Metaspace       used 25283K, capacity 25619K, committed 26112K, reserved 1073152K
  class space    used 3102K, capacity 3212K, committed 3328K, reserved 1048576K
Event: 17.582 GC heap after
Heap after GC invocations=12 (full 3):
 PSYoungGen      total 432128K, used 0K [0x000000076b180000, 0x0000000799f80000, 0x00000007c0000000)
  eden space 385536K, 0% used [0x000000076b180000,0x000000076b180000,0x0000000782a00000)
  from space 46592K, 0% used [0x0000000782a00000,0x0000000782a00000,0x0000000785780000)
  to   space 76288K, 0% used [0x0000000795500000,0x0000000795500000,0x0000000799f80000)
 ParOldGen       total 289792K, used 121803K [0x00000006c1400000, 0x00000006d2f00000, 0x000000076b180000)
  object space 289792K, 42% used [0x00000006c1400000,0x00000006c8af2cd0,0x00000006d2f00000)
 Metaspace       used 25283K, capacity 25619K, committed 26112K, reserved 1073152K
  class space    used 3102K, capacity 3212K, committed 3328K, reserved 1048576K
}
Event: 22.745 GC heap before
{Heap before GC invocations=13 (full 3):
 PSYoungGen      total 432128K, used 385536K [0x000000076b180000, 0x0000000799f80000, 0x00000007c0000000)
  eden space 385536K, 100% used [0x000000076b180000,0x0000000782a00000,0x0000000782a00000)
  from space 46592K, 0% used [0x0000000782a00000,0x0000000782a00000,0x0000000785780000)
  to   space 76288K, 0% used [0x0000000795500000,0x0000000795500000,0x0000000799f80000)
 ParOldGen       total 289792K, used 121803K [0x00000006c1400000, 0x00000006d2f00000, 0x000000076b180000)
  object space 289792K, 42% used [0x00000006c1400000,0x00000006c8af2cd0,0x00000006d2f00000)
 Metaspace       used 30005K, capacity 30303K, committed 30720K, reserved 1077248K
  class space    used 3699K, capacity 3767K, committed 3840K, reserved 1048576K
Event: 22.791 GC heap after
Heap after GC invocations=13 (full 3):
 PSYoungGen      total 534528K, used 15798K [0x000000076b180000, 0x0000000796480000, 0x00000007c0000000)
  eden space 518656K, 0% used [0x000000076b180000,0x000000076b180000,0x000000078ac00000)
  from space 15872K, 99% used [0x0000000795500000,0x000000079646da40,0x0000000796480000)
  to   space 73728K, 0% used [0x000000078d480000,0x000000078d480000,0x0000000791c80000)
 ParOldGen       total 289792K, used 121811K [0x00000006c1400000, 0x00000006d2f00000, 0x000000076b180000)
  object space 289792K, 42% used [0x00000006c1400000,0x00000006c8af4cd0,0x00000006d2f00000)
 Metaspace       used 30005K, capacity 30303K, committed 30720K, reserved 1077248K
  class space    used 3699K, capacity 3767K, committed 3840K, reserved 1048576K
}

Deoptimization events (10 events):
Event: 22.568 Thread 0x00000000021f4000 Uncommon trap: reason=unstable_if action=reinterpret pc=0x0000000002b3c078 method=org.objectweb.asm.MethodWriter.visitVarInsn(II)V @ 228
Event: 22.571 Thread 0x00000000021f4000 Uncommon trap: reason=class_check action=maybe_recompile pc=0x0000000002e8cb18 method=org.objectweb.asm.ClassReader.readCode(Lorg/objectweb/asm/MethodVisitor;Lorg/objectweb/asm/Context;I)V @ 1827
Event: 22.571 Thread 0x00000000021f4000 Uncommon trap: reason=unstable_if action=reinterpret pc=0x0000000002890664 method=org.objectweb.asm.MethodWriter.visitVarInsn(II)V @ 228
Event: 22.657 Thread 0x00000000021f4000 Uncommon trap: reason=predicate action=maybe_recompile pc=0x00000000030c5420 method=java.util.AbstractCollection.toArray([Ljava/lang/Object;)[Ljava/lang/Object; @ 49
Event: 22.702 Thread 0x00000000021f4000 Uncommon trap: reason=array_check action=maybe_recompile pc=0x00000000030f8144 method=java.util.AbstractCollection.toArray([Ljava/lang/Object;)[Ljava/lang/Object; @ 119
Event: 22.702 Thread 0x00000000021f4000 Uncommon trap: reason=array_check action=maybe_recompile pc=0x00000000030f8144 method=java.util.AbstractCollection.toArray([Ljava/lang/Object;)[Ljava/lang/Object; @ 119
Event: 22.702 Thread 0x00000000021f4000 Uncommon trap: reason=array_check action=maybe_recompile pc=0x00000000030f8144 method=java.util.AbstractCollection.toArray([Ljava/lang/Object;)[Ljava/lang/Object; @ 119
Event: 22.702 Thread 0x00000000021f4000 Uncommon trap: reason=array_check action=maybe_recompile pc=0x00000000030f8144 method=java.util.AbstractCollection.toArray([Ljava/lang/Object;)[Ljava/lang/Object; @ 119
Event: 23.692 Thread 0x00000000021f4000 Uncommon trap: reason=unstable_if action=reinterpret pc=0x00000000027c8984 method=net.minecraft.util.Vec3.normalize()Lnet/minecraft/util/Vec3; @ 39
Event: 23.830 Thread 0x00000000021f4000 Uncommon trap: reason=unstable_if action=reinterpret pc=0x00000000030f4d94 method=sun.misc.FloatingDecimal$ASCIIToBinaryBuffer.floatValue()F @ 973

Internal exceptions (10 events):
Event: 17.998 Thread 0x00000000021f4000 Exception <a 'java/lang/NullPointerException'> (0x000000076e24f900) thrown at [C:\re\workspace\8-2-build-windows-amd64-cygwin\jdk8u91\6644\hotspot\src\share\vm\runtime\sharedRuntime.cpp, line 605]
Event: 17.998 Thread 0x00000000021f4000 Exception <a 'java/lang/NoClassDefFoundError': javassist/ClassPath> (0x000000076e250158) thrown at [C:\re\workspace\8-2-build-windows-amd64-cygwin\jdk8u91\6644\hotspot\src\share\vm\classfile\systemDictionary.cpp, line 199]
Event: 19.638 Thread 0x00000000021f4000 Implicit null exception at 0x0000000002a6e136 to 0x0000000002a6e741
Event: 19.638 Thread 0x00000000021f4000 Implicit null exception at 0x0000000002ba82d1 to 0x0000000002ba96ad
Event: 19.638 Thread 0x00000000021f4000 Implicit null exception at 0x0000000002b3a2f6 to 0x0000000002b3a639
Event: 19.674 Thread 0x000000001e0fb800 Implicit null exception at 0x00000000027b658f to 0x00000000027b6651
Event: 21.943 Thread 0x00000000021f4000 Exception <a 'java/io/FileNotFoundException'> (0x000000077e536ac8) thrown at [C:\re\workspace\8-2-build-windows-amd64-cygwin\jdk8u91\6644\hotspot\src\share\vm\prims\jni.cpp, line 709]
Event: 21.947 Thread 0x00000000021f4000 Exception <a 'java/io/FileNotFoundException'> (0x000000077e543aa0) thrown at [C:\re\workspace\8-2-build-windows-amd64-cygwin\jdk8u91\6644\hotspot\src\share\vm\prims\jni.cpp, line 709]
Event: 21.948 Thread 0x00000000021f4000 Exception <a 'java/io/FileNotFoundException'> (0x000000077e54d228) thrown at [C:\re\workspace\8-2-build-windows-amd64-cygwin\jdk8u91\6644\hotspot\src\share\vm\prims\jni.cpp, line 709]
Event: 21.949 Thread 0x00000000021f4000 Exception <a 'java/io/FileNotFoundException'> (0x000000077e556998) thrown at [C:\re\workspace\8-2-build-windows-amd64-cygwin\jdk8u91\6644\hotspot\src\share\vm\prims\jni.cpp, line 709]

Events (10 events):
Event: 23.978 Thread 0x000000001b9a2000 flushing nmethod 0x00000000029c6d10
Event: 23.978 Thread 0x000000001b9a2000 flushing nmethod 0x00000000029d5f90
Event: 23.983 Thread 0x000000001b9a2000 flushing nmethod 0x00000000029e03d0
Event: 23.983 Thread 0x000000001b9a2000 flushing nmethod 0x00000000029e65d0
Event: 23.983 Thread 0x000000001b9a2000 flushing nmethod 0x0000000002a09390
Event: 23.983 Thread 0x000000001b9a2000 flushing nmethod 0x0000000002a28c10
Event: 24.022 Thread 0x000000001b9b3000 flushing nmethod 0x0000000002bcfed0
Event: 24.022 Thread 0x000000001b9b3000 flushing nmethod 0x0000000002bd3b50
Event: 24.022 Thread 0x000000001b9b3000 flushing nmethod 0x0000000002be5390
Event: 24.022 Thread 0x000000001b9b3000 flushing nmethod 0x0000000002bfdc50


Dynamic libraries:
0x00007ff6e29c0000 - 0x00007ff6e29f7000 	C:\Program Files\Java\jdk1.8.0_91\bin\java.exe
0x00007ffdc6e10000 - 0x00007ffdc6fbd000 	C:\Windows\SYSTEM32\ntdll.dll
0x00007ffdc6790000 - 0x00007ffdc68ce000 	C:\Windows\system32\KERNEL32.DLL
0x00007ffdc4320000 - 0x00007ffdc4436000 	C:\Windows\system32\KERNELBASE.dll
0x00007ffdc1920000 - 0x00007ffdc19ae000 	C:\Windows\system32\apphelp.dll
0x00007ffdb7fb0000 - 0x00007ffdb8004000 	C:\Windows\AppPatch\AppPatch64\AcGenral.DLL
0x00007ffdc4bb0000 - 0x00007ffdc4c5a000 	C:\Windows\system32\msvcrt.dll
0x00007ffdc42f0000 - 0x00007ffdc431e000 	C:\Windows\system32\SspiCli.dll
0x00007ffdc68d0000 - 0x00007ffdc6924000 	C:\Windows\system32\SHLWAPI.dll
0x00007ffdc6a00000 - 0x00007ffdc6b77000 	C:\Windows\system32\USER32.dll
0x00007ffdc4e00000 - 0x00007ffdc4f94000 	C:\Windows\system32\ole32.dll
0x00007ffdc5060000 - 0x00007ffdc658b000 	C:\Windows\system32\SHELL32.dll
0x00007ffdc35f0000 - 0x00007ffdc3611000 	C:\Windows\SYSTEM32\USERENV.dll
0x00007ffdc66d0000 - 0x00007ffdc677a000 	C:\Windows\system32\ADVAPI32.dll
0x00007ffdb5ba0000 - 0x00007ffdb5bbe000 	C:\Windows\SYSTEM32\MPR.dll
0x00007ffdc4cc0000 - 0x00007ffdc4e00000 	C:\Windows\system32\RPCRT4.dll
0x00007ffdc4c60000 - 0x00007ffdc4cb9000 	C:\Windows\SYSTEM32\sechost.dll
0x00007ffdc6b80000 - 0x00007ffdc6d90000 	C:\Windows\SYSTEM32\combase.dll
0x00007ffdc4600000 - 0x00007ffdc474c000 	C:\Windows\system32\GDI32.dll
0x00007ffdc3f40000 - 0x00007ffdc3f55000 	C:\Windows\SYSTEM32\profapi.dll
0x00007ffdc2400000 - 0x00007ffdc24b2000 	C:\Windows\SYSTEM32\SHCORE.dll
0x00007ffdc4750000 - 0x00007ffdc4786000 	C:\Windows\system32\IMM32.DLL
0x00007ffdc44a0000 - 0x00007ffdc45f1000 	C:\Windows\system32\MSCTF.dll
0x00007ffdc19b0000 - 0x00007ffdc1c2b000 	C:\Windows\WinSxS\amd64_microsoft.windows.common-controls_6595b64144ccf1df_6.0.9600.18006_none_623f33d3ecbe86e8\COMCTL32.dll
0x0000000057460000 - 0x0000000057532000 	C:\Program Files\Java\jdk1.8.0_91\jre\bin\msvcr100.dll
0x0000000056bc0000 - 0x0000000057453000 	C:\Program Files\Java\jdk1.8.0_91\jre\bin\server\jvm.dll
0x00007ffdc1700000 - 0x00007ffdc1709000 	C:\Windows\SYSTEM32\WSOCK32.dll
0x00007ffdbdb10000 - 0x00007ffdbdb32000 	C:\Windows\SYSTEM32\WINMM.dll
0x00007ffdbb7d0000 - 0x00007ffdbb7da000 	C:\Windows\SYSTEM32\VERSION.dll
0x00007ffdc49b0000 - 0x00007ffdc49b7000 	C:\Windows\system32\PSAPI.DLL
0x00007ffdc4790000 - 0x00007ffdc47ea000 	C:\Windows\system32\WS2_32.dll
0x00007ffdbdae0000 - 0x00007ffdbdb0a000 	C:\Windows\SYSTEM32\WINMMBASE.dll
0x00007ffdc6780000 - 0x00007ffdc6789000 	C:\Windows\system32\NSI.dll
0x00007ffdc4010000 - 0x00007ffdc405f000 	C:\Windows\SYSTEM32\cfgmgr32.dll
0x00007ffdc2d80000 - 0x00007ffdc2da8000 	C:\Windows\SYSTEM32\DEVOBJ.dll
0x00000000583d0000 - 0x00000000583df000 	C:\Program Files\Java\jdk1.8.0_91\jre\bin\verify.dll
0x00000000583a0000 - 0x00000000583c9000 	C:\Program Files\Java\jdk1.8.0_91\jre\bin\java.dll
0x0000000057e80000 - 0x0000000057e96000 	C:\Program Files\Java\jdk1.8.0_91\jre\bin\zip.dll
0x0000000058390000 - 0x000000005839d000 	C:\Program Files\Java\jdk1.8.0_91\jre\bin\management.dll
0x0000000056ba0000 - 0x0000000056bba000 	C:\Program Files\Java\jdk1.8.0_91\jre\bin\net.dll
0x00007ffdc38d0000 - 0x00007ffdc3929000 	C:\Windows\system32\mswsock.dll
0x0000000056b80000 - 0x0000000056b91000 	C:\Program Files\Java\jdk1.8.0_91\jre\bin\nio.dll
0x00007ffdb9a50000 - 0x00007ffdb9a65000 	C:\Windows\system32\napinsp.dll
0x00007ffdb9a30000 - 0x00007ffdb9a4a000 	C:\Windows\system32\pnrpnsp.dll
0x00007ffdc2770000 - 0x00007ffdc278b000 	C:\Windows\system32\NLAapi.dll
0x00007ffdc3490000 - 0x00007ffdc3534000 	C:\Windows\SYSTEM32\DNSAPI.dll
0x00007ffdba090000 - 0x00007ffdba09d000 	C:\Windows\System32\winrnr.dll
0x00007ffdb9a70000 - 0x00007ffdb9a84000 	C:\Windows\system32\wshbth.dll
0x00007ffdba2a0000 - 0x00007ffdba2aa000 	C:\Windows\System32\rasadhlp.dll
0x00007ffdbee80000 - 0x00007ffdbeeaa000 	C:\Windows\SYSTEM32\IPHLPAPI.DLL
0x00007ffdbee70000 - 0x00007ffdbee7a000 	C:\Windows\SYSTEM32\WINNSI.DLL
0x00007ffdbda70000 - 0x00007ffdbdadb000 	C:\Windows\System32\fwpuclnt.dll
0x0000000180000000 - 0x0000000180051000 	C:\Users\frou01\.gradle\caches\minecraft\net\minecraft\minecraft_natives\1.7.10\lwjgl64.dll
0x00007ffdb0e80000 - 0x00007ffdb0fab000 	C:\Windows\SYSTEM32\OPENGL32.dll
0x00007ffdb0e10000 - 0x00007ffdb0e3e000 	C:\Windows\SYSTEM32\GLU32.dll
0x00007ffdb0d10000 - 0x00007ffdb0e08000 	C:\Windows\SYSTEM32\DDRAW.dll
0x00007ffdb0c90000 - 0x00007ffdb0c99000 	C:\Windows\SYSTEM32\DCIMAN32.dll
0x00007ffdc3930000 - 0x00007ffdc3950000 	C:\Windows\SYSTEM32\CRYPTSP.dll
0x00007ffdc3450000 - 0x00007ffdc3486000 	C:\Windows\system32\rsaenh.dll
0x00007ffdc3a40000 - 0x00007ffdc3a66000 	C:\Windows\SYSTEM32\bcrypt.dll
0x00007ffdc3da0000 - 0x00007ffdc3e03000 	C:\Windows\system32\bcryptprimitives.dll
0x00007ffdc3e10000 - 0x00007ffdc3e1b000 	C:\Windows\SYSTEM32\CRYPTBASE.dll
0x00007ffdbdc70000 - 0x00007ffdbdc86000 	C:\Windows\SYSTEM32\dhcpcsvc6.DLL
0x00007ffdbdc50000 - 0x00007ffdbdc6a000 	C:\Windows\SYSTEM32\dhcpcsvc.DLL
0x00000000569b0000 - 0x0000000056b48000 	C:\Program Files\Java\jdk1.8.0_91\jre\bin\awt.dll
0x00007ffdc6930000 - 0x00007ffdc69f6000 	C:\Windows\system32\OLEAUT32.dll
0x00007ffdc2bd0000 - 0x00007ffdc2cf9000 	C:\Windows\system32\uxtheme.dll
0x00007ffdc27d0000 - 0x00007ffdc27f1000 	C:\Windows\system32\dwmapi.dll
0x00007ffda3790000 - 0x00007ffda44a8000 	C:\Windows\SYSTEM32\ig8icd64.dll
0x00007ffdbe330000 - 0x00007ffdbed6f000 	C:\Windows\SYSTEM32\igdusc64.dll
0x00007ffdc1370000 - 0x00007ffdc1382000 	C:\Windows\SYSTEM32\WTSAPI32.dll
0x00007ffdc2d50000 - 0x00007ffdc2d5b000 	C:\Windows\SYSTEM32\kernel.appcore.dll
0x00007ffdc4fa0000 - 0x00007ffdc5056000 	C:\Windows\SYSTEM32\clbcatq.dll
0x0000000058410000 - 0x00000000586ac000 	C:\Program Files (x86)\Google\Google Japanese Input\GoogleIMEJaTIP64.dll
0x00007ffdabf10000 - 0x00007ffdabf53000 	C:\Windows\SYSTEM32\input.dll
0x00007ffdc1e30000 - 0x00007ffdc1fb9000 	C:\Windows\SYSTEM32\dbghelp.dll
0x00007ffdbd4d0000 - 0x00007ffdbd951000 	C:\Windows\SYSTEM32\d2d1.dll
0x00007ffdc0420000 - 0x00007ffdc060a000 	C:\Windows\SYSTEM32\DWrite.dll
0x00007ffdb93d0000 - 0x00007ffdb9462000 	C:\Windows\SYSTEM32\mscms.dll
0x00007ffdb7450000 - 0x00007ffdb7491000 	C:\Windows\SYSTEM32\icm32.dll
0x00007ffdc3ee0000 - 0x00007ffdc3f26000 	C:\Windows\SYSTEM32\powrprof.dll
0x0000000070a40000 - 0x0000000070adc000 	C:\Users\frou01\.gradle\caches\minecraft\net\minecraft\minecraft_natives\1.7.10\avutil-ttv-51.dll
0x0000000065980000 - 0x00000000659d6000 	C:\Users\frou01\.gradle\caches\minecraft\net\minecraft\minecraft_natives\1.7.10\swresample-ttv-0.dll
0x000000006eb80000 - 0x000000006ec50000 	C:\Users\frou01\.gradle\caches\minecraft\net\minecraft\minecraft_natives\1.7.10\libmp3lame-ttv.dll
0x00007ffd9a020000 - 0x00007ffd9b3c4000 	C:\Users\frou01\.gradle\caches\minecraft\net\minecraft\minecraft_natives\1.7.10\libmfxsw64.dll
0x00007ffdb6480000 - 0x00007ffdb65ab000 	C:\Users\frou01\.gradle\caches\minecraft\net\minecraft\minecraft_natives\1.7.10\twitchsdk.dll
0x00007ffdbb9d0000 - 0x00007ffdbbe7c000 	C:\Windows\SYSTEM32\WININET.dll
0x00007ffdbbe80000 - 0x00007ffdbc14a000 	C:\Windows\SYSTEM32\iertutil.dll

VM Arguments:
jvm_args: -Dfile.encoding=windows-31j 
java_command: GradleStart
java_class_path (initial): C:\Users\frou01\.gradle\caches\minecraft\net\minecraftforge\forge\1.7.10-10.13.4.1614-1.7.10\start;C:\ModdingSpace2\GVCC\HMG\build\libs\HMG-EX10.5.jar;C:\Users\frou01\.gradle\caches\minecraft\net\minecraftforge\forge\1.7.10-10.13.4.1614-1.7.10\forgeSrc-1.7.10-10.13.4.1614-1.7.10.jar;C:\Users\frou01\.gradle\caches\modules-2\files-2.1\net.minecraft\launchwrapper\1.12\111e7bea9c968cdb3d06ef4632bf7ff0824d0f36\launchwrapper-1.12.jar;C:\Users\frou01\.gradle\caches\modules-2\files-2.1\com.google.code.findbugs\jsr305\1.3.9\40719ea6961c0cb6afaeb6a921eaa1f6afd4cfdf\jsr305-1.3.9.jar;C:\Users\frou01\.gradle\caches\modules-2\files-2.1\org.ow2.asm\asm-debug-all\5.0.3\f9e364ae2a66ce2a543012a4668856e84e5dab74\asm-debug-all-5.0.3.jar;C:\Users\frou01\.gradle\caches\modules-2\files-2.1\com.typesafe.akka\akka-actor_2.11\2.3.3\ed62e9fc709ca0f2ff1a3220daa8b70a2870078e\akka-actor_2.11-2.3.3.jar;C:\Users\frou01\.gradle\caches\modules-2\files-2.1\com.typesafe\config\1.2.1\f771f71fdae3df231bcd54d5ca2d57f0bf93f467\config-1.2.1.jar;C:\Users\frou01\.gradle\caches\modules-2\files-2.1\org.scala-lang\scala-actors-migration_2.11\1.1.0\dfa8bc42b181d5b9f1a5dd147f8ae308b893eb6f\scala-actors-migration_2.11-1.1.0.jar;C:\Users\frou01\.gradle\caches\modules-2\files-2.1\org.scala-lang\scala-compiler\2.11.1\56ea2e6c025e0821f28d73ca271218b8dd04926a\scala-compiler-2.11.1.jar;C:\Users\frou01\.gradle\caches\modules-2\files-2.1\org.scala-lang.plugins\scala-continuations-library_2.11\1.0.2\e517c53a7e9acd6b1668c5a35eccbaa3bab9aac\scala-continuations-library_2.11-1.0.2.jar;C:\Users\frou01\.gradle\caches\modules-2\files-2.1\org.scala-lang.plugins\scala-continuations-plugin_2.11.1\1.0.2\f361a3283452c57fa30c1ee69448995de23c60f7\scala-continuations-plugin_2.11.1-1.0.2.jar;C:\Users\frou01\.gradle\caches\modules-2\files-2.1\org.scala-lang\scala-library\2.11.1\e11da23da3eabab9f4777b9220e60d44c1aab6a\scala-library-2.11.1.jar;C:\Users\frou01\.gradle\caches\modules-2\files-2.1\org.scala-lang\scal
Launcher Type: SUN_STANDARD

Environment Variables:
JAVA_HOME=C:\Program Files\Java\jdk1.8.0_91
PATH=C:\Windows\system32;C:\Windows;C:\Windows\System32\Wbem;C:\Windows\System32\WindowsPowerShell\v1.0\;C:\Program Files\Java\jdk1.7.0_80\bin;C:\Program Files (x86)\Skype\Phone\;C:\Program Files (x86)\GtkSharp\2.12\bin;C:\ProgramData\Oracle\Java\javapath;C:\Program Files\Git\cmd
USERNAME=frou01
OS=Windows_NT
PROCESSOR_IDENTIFIER=Intel64 Family 6 Model 61 Stepping 4, GenuineIntel



---------------  S Y S T E M  ---------------

OS: Windows 8.1 , 64 bit Build 9600 (6.3.9600.17415)

CPU:total 4 (2 cores per cpu, 2 threads per core) family 6 model 61 stepping 4, cmov, cx8, fxsr, mmx, sse, sse2, sse3, ssse3, sse4.1, sse4.2, popcnt, avx, avx2, aes, clmul, erms, 3dnowpref, lzcnt, ht, tsc, tscinvbit, bmi1, bmi2, adx

Memory: 4k page, physical 16695288k(8610276k free), swap 19185656k(10183576k free)

vm_info: Java HotSpot(TM) 64-Bit Server VM (25.91-b14) for windows-amd64 JRE (1.8.0_91-b14), built on Apr  1 2016 00:58:32 by "java_re" with MS VC++ 10.0 (VS2010)

time: Sun Mar 03 16:28:19 2019
elapsed time: 24 seconds (0d 0h 0m 24s)

