#
# A fatal error has been detected by the Java Runtime Environment:
#
#  EXCEPTION_ACCESS_VIOLATION (0xc0000005) at pc=0x000000005705ca70, pid=1296, tid=7060
#
# JRE version: Java(TM) SE Runtime Environment (8.0_91-b14) (build 1.8.0_91-b14)
# Java VM: Java HotSpot(TM) 64-Bit Server VM (25.91-b14 mixed mode windows-amd64 compressed oops)
# Problematic frame:
# V  [jvm.dll+0x49ca70]
#
# Failed to write core dump. Minidumps are not enabled by default on client versions of Windows
#
# If you would like to submit a bug report, please visit:
#   http://bugreport.java.com/bugreport/crash.jsp
#

---------------  T H R E A D  ---------------

Current thread (0x000000001bdd7800):  JavaThread "C2 CompilerThread1" daemon [_thread_in_native, id=7060, stack(0x000000001d8a0000,0x000000001d9a0000)]

siginfo: ExceptionCode=0xc0000005, writing address 0x0000000000000000

Registers:
RAX=0x0000000000000000, RBX=0x000000004a9c07b0, RCX=0x000000001d99c3d0, RDX=0x0000000000006300
RSP=0x000000001d99c338, RBP=0x0000000000002769, RSI=0x000000001d99c6f0, RDI=0x000000000000193f
R8 =0x0000000000000200, R9 =0x00000000351ef100, R10=0x0000000056bc0000, R11=0x000000004aa9a2d0
R12=0x00000000573d36a8, R13=0x000000004abb8e40, R14=0x0000000000127810, R15=0x0000000056bc0000
RIP=0x000000005705ca70, EFLAGS=0x0000000000010246

Top of Stack: (sp=0x000000001d99c338)
0x000000001d99c338:   0000000057025bdf 000000001d99c710
0x000000001d99c348:   000000004a9bdbf0 0000000000002769
0x000000001d99c358:   000000001d99c6f0 00002f0900000000
0x000000001d99c368:   0000000000000008 0000000037778be0
0x000000001d99c378:   0000000000000030 0000000022a96de0
0x000000001d99c388:   0000000000000030 000000004aa6a2b0
0x000000001d99c398:   00002f1300000000 0000000000000008
0x000000001d99c3a8:   0000000022de7f40 0000000000000030
0x000000001d99c3b8:   000000001ea1aa10 0000000000000030
0x000000001d99c3c8:   000000004aa4e1f0 0000194400000000
0x000000001d99c3d8:   0000000000000002 000000003674a520
0x000000001d99c3e8:   000000000000001a 000000003777b9d0
0x000000001d99c3f8:   0000000000000030 000000001d99c710
0x000000001d99c408:   0000000000000030 000000001dca4020
0x000000001d99c418:   000000001d99c6f0 0000000000002769
0x000000001d99c428:   000000004aa6a2b0 0000000000002a37 

Instructions: (pc=0x000000005705ca70)
0x000000005705ca50:   bb 90 00 00 00 72 e9 48 8b 5c 24 40 48 83 c4 20
0x000000005705ca60:   5f c3 cc cc cc cc cc cc cc cc cc cc cc cc cc cc
0x000000005705ca70:   40 57 48 83 ec 20 48 63 51 08 48 8b f9 83 fa 08
0x000000005705ca80:   73 22 48 8b 41 10 48 8d 0c 90 66 0f 1f 44 00 00 


Register to memory mapping:

RAX=0x0000000000000000 is an unknown value
RBX=0x000000004a9c07b0 is an unknown value
RCX=0x000000001d99c3d0 is pointing into the stack for thread: 0x000000001bdd7800
RDX=0x0000000000006300 is an unknown value
RSP=0x000000001d99c338 is pointing into the stack for thread: 0x000000001bdd7800
RBP=0x0000000000002769 is an unknown value
RSI=0x000000001d99c6f0 is pointing into the stack for thread: 0x000000001bdd7800
RDI=0x000000000000193f is an unknown value
R8 =0x0000000000000200 is an unknown value
R9 =0x00000000351ef100 is an unknown value
R10=0x0000000056bc0000 is an unknown value
R11=0x000000004aa9a2d0 is an unknown value
R12=0x00000000573d36a8 is an unknown value
R13=0x000000004abb8e40 is an unknown value
R14=0x0000000000127810 is an unknown value
R15=0x0000000056bc0000 is an unknown value


Stack: [0x000000001d8a0000,0x000000001d9a0000],  sp=0x000000001d99c338,  free space=1008k
Native frames: (J=compiled Java code, j=interpreted, Vv=VM code, C=native code)
V  [jvm.dll+0x49ca70]
V  [jvm.dll+0x465bdf]
V  [jvm.dll+0x4676a8]
V  [jvm.dll+0x467896]
V  [jvm.dll+0x465424]
V  [jvm.dll+0x4644d4]
V  [jvm.dll+0x46f55b]
V  [jvm.dll+0x471b72]
V  [jvm.dll+0x454ce2]
V  [jvm.dll+0xa4be2]
V  [jvm.dll+0xa551f]
V  [jvm.dll+0x243ae4]
V  [jvm.dll+0x29a99a]
C  [msvcr100.dll+0x21d9f]
C  [msvcr100.dll+0x21e3b]
C  [KERNEL32.DLL+0x13d2]
C  [ntdll.dll+0x154f4]


Current CompileTask:
C2: 351247 12104   !   4       net.minecraft.world.SpawnerAnimals::findChunksForSpawning (931 bytes)


---------------  P R O C E S S  ---------------

Java Threads: ( => current thread )
  0x000000002126b800 JavaThread "pool-2-thread-1" [_thread_blocked, id=3528, stack(0x000000002d490000,0x000000002d590000)]
  0x0000000021269000 JavaThread "Chunk I/O Executor Thread-1" daemon [_thread_blocked, id=4784, stack(0x000000002b7c0000,0x000000002b8c0000)]
  0x000000001e503800 JavaThread "Netty IO #3" daemon [_thread_in_native, id=3220, stack(0x000000002b6c0000,0x000000002b7c0000)]
  0x000000001e502800 JavaThread "Netty Client IO #1" daemon [_thread_in_native, id=5588, stack(0x000000002ac40000,0x000000002ad40000)]
  0x000000001e501000 JavaThread "Netty IO #2" daemon [_thread_in_native, id=8124, stack(0x00000000294a0000,0x00000000295a0000)]
  0x000000001f107800 JavaThread "Server thread" [_thread_blocked, id=6692, stack(0x0000000028380000,0x0000000028480000)]
  0x000000001f102800 JavaThread "Snooper Timer" daemon [_thread_blocked, id=2552, stack(0x0000000028080000,0x0000000028180000)]
  0x000000001f105800 JavaThread "File IO Thread" [_thread_blocked, id=4676, stack(0x000000002add0000,0x000000002aed0000)]
  0x000000001f104000 JavaThread "Netty IO #1" daemon [_thread_in_native, id=8088, stack(0x000000002a340000,0x000000002a440000)]
  0x000000001e507000 JavaThread "Netty Client IO #0" daemon [_thread_in_native, id=7020, stack(0x000000002a240000,0x000000002a340000)]
  0x000000001e506800 JavaThread "Netty IO #0" daemon [_thread_in_native, id=7264, stack(0x0000000029a80000,0x0000000029b80000)]
  0x000000001e505000 JavaThread "Thread-11" [_thread_blocked, id=8020, stack(0x000000002d720000,0x000000002d820000)]
  0x000000001e504000 JavaThread "Thread-10" [_thread_blocked, id=828, stack(0x000000002d620000,0x000000002d720000)]
  0x000000001f104800 JavaThread "LWJGL Timer" daemon [_thread_blocked, id=7296, stack(0x0000000026c80000,0x0000000026d80000)]
  0x000000001f101000 JavaThread "Java2D Disposer" daemon [_thread_blocked, id=6172, stack(0x0000000022150000,0x0000000022250000)]
  0x000000001f103000 JavaThread "Timer hack thread" daemon [_thread_blocked, id=6292, stack(0x0000000021d80000,0x0000000021e80000)]
  0x000000001f101800 JavaThread "Snooper Timer" daemon [_thread_blocked, id=7716, stack(0x0000000020bb0000,0x0000000020cb0000)]
  0x000000001be1e000 JavaThread "Service Thread" daemon [_thread_blocked, id=7896, stack(0x000000001daa0000,0x000000001dba0000)]
  0x000000001bddb800 JavaThread "C1 CompilerThread2" daemon [_thread_in_native, id=7640, stack(0x000000001d9a0000,0x000000001daa0000)]
=>0x000000001bdd7800 JavaThread "C2 CompilerThread1" daemon [_thread_in_native, id=7060, stack(0x000000001d8a0000,0x000000001d9a0000)]
  0x000000001bdd1800 JavaThread "C2 CompilerThread0" daemon [_thread_blocked, id=7476, stack(0x000000001d7a0000,0x000000001d8a0000)]
  0x000000001bdba800 JavaThread "Attach Listener" daemon [_thread_blocked, id=7376, stack(0x000000001d6a0000,0x000000001d7a0000)]
  0x000000001d1e3800 JavaThread "Signal Dispatcher" daemon [_thread_blocked, id=7584, stack(0x000000001d5a0000,0x000000001d6a0000)]
  0x000000001bdaa000 JavaThread "Finalizer" daemon [_thread_blocked, id=6044, stack(0x000000001d020000,0x000000001d120000)]
  0x00000000027a3800 JavaThread "Reference Handler" daemon [_thread_blocked, id=4868, stack(0x000000001cf20000,0x000000001d020000)]
  0x00000000026b4000 JavaThread "Client thread" [_thread_in_native, id=5764, stack(0x00000000025b0000,0x00000000026b0000)]

Other Threads:
  0x000000001bd88000 VMThread [stack: 0x000000001ce20000,0x000000001cf20000] [id=2688]
  0x000000001d25b800 WatcherThread [stack: 0x000000001dba0000,0x000000001dca0000] [id=5292]

VM state:not at safepoint (normal execution)

VM Mutex/Monitor currently owned by a thread: None

Heap:
 PSYoungGen      total 826880K, used 458052K [0x000000076b180000, 0x00000007aaf00000, 0x00000007c0000000)
  eden space 729600K, 57% used [0x000000076b180000,0x0000000784b57728,0x0000000797a00000)
  from space 97280K, 39% used [0x0000000797a00000,0x0000000799f79b50,0x000000079d900000)
  to   space 93696K, 0% used [0x00000007a5380000,0x00000007a5380000,0x00000007aaf00000)
 ParOldGen       total 383488K, used 183600K [0x00000006c1400000, 0x00000006d8a80000, 0x000000076b180000)
  object space 383488K, 47% used [0x00000006c1400000,0x00000006cc74c038,0x00000006d8a80000)
 Metaspace       used 53713K, capacity 54619K, committed 55040K, reserved 1097728K
  class space    used 6528K, capacity 6874K, committed 6912K, reserved 1048576K

Card table byte_map: [0x0000000011b70000,0x0000000012370000] byte_map_base: 0x000000000e566000

Marking Bits: (ParMarkBitMap*) 0x00000000573d2f70
 Begin Bits: [0x0000000012cc0000, 0x0000000016c70000)
 End Bits:   [0x0000000016c70000, 0x000000001ac20000)

Polling page: 0x0000000000a70000

CodeCache: size=245760Kb used=34392Kb max_used=35147Kb free=211367Kb
 bounds [0x00000000027b0000, 0x0000000004a80000, 0x00000000117b0000]
 total_blobs=9470 nmethods=8535 adapters=844
 compilation: enabled

Compilation events (10 events):
Event: 351.054 Thread 0x000000001bdd1800 12144       4       net.minecraft.entity.ai.attributes.ModifiableAttributeInstance::flagForUpdate (14 bytes)
Event: 351.055 Thread 0x000000001bdd1800 nmethod 12144 0x0000000002e3ac50 code [0x0000000002e3ada0, 0x0000000002e3ae48]
Event: 351.057 Thread 0x000000001bddb800 12154       1       net.minecraft.entity.EntityLiving::canDespawn (2 bytes)
Event: 351.057 Thread 0x000000001bddb800 nmethod 12154 0x0000000002f1f690 code [0x0000000002f1f7e0, 0x0000000002f1f8f0]
Event: 351.058 Thread 0x000000001bddb800 12155       3       net.minecraft.entity.passive.EntityBat::onUpdate (62 bytes)
Event: 351.059 Thread 0x000000001bddb800 nmethod 12155 0x00000000032eb710 code [0x00000000032eb900, 0x00000000032ec0e8]
Event: 351.060 Thread 0x000000001bddb800 12156       3       net.minecraft.entity.passive.EntityBat::updateFallState (1 bytes)
Event: 351.060 Thread 0x000000001bddb800 nmethod 12156 0x00000000031d0210 code [0x00000000031d0360, 0x00000000031d04b0]
Event: 351.074 Thread 0x000000001bddb800 12157       3       net.minecraft.network.play.server.S14PacketEntity$S15PacketEntityRelMove::processPacket (9 bytes)
Event: 351.075 Thread 0x000000001bddb800 nmethod 12157 0x00000000034834d0 code [0x0000000003483660, 0x00000000034839a8]

GC Heap History (10 events):
Event: 329.648 GC heap before
{Heap before GC invocations=32 (full 7):
 PSYoungGen      total 829952K, used 5737K [0x000000076b180000, 0x00000007a4300000, 0x00000007c0000000)
  eden space 729600K, 0% used [0x000000076b180000,0x000000076b71a6e0,0x0000000797a00000)
  from space 100352K, 0% used [0x000000079e100000,0x000000079e100000,0x00000007a4300000)
  to   space 102912K, 0% used [0x0000000797a00000,0x0000000797a00000,0x000000079de80000)
 ParOldGen       total 383488K, used 150610K [0x00000006c1400000, 0x00000006d8a80000, 0x000000076b180000)
  object space 383488K, 39% used [0x00000006c1400000,0x00000006ca714a28,0x00000006d8a80000)
 Metaspace       used 47223K, capacity 48175K, committed 48640K, reserved 1091584K
  class space    used 5963K, capacity 6306K, committed 6400K, reserved 1048576K
Event: 329.650 GC heap after
Heap after GC invocations=32 (full 7):
 PSYoungGen      total 730112K, used 32K [0x000000076b180000, 0x00000007a3f00000, 0x00000007c0000000)
  eden space 729600K, 0% used [0x000000076b180000,0x000000076b180000,0x0000000797a00000)
  from space 512K, 6% used [0x0000000797a00000,0x0000000797a08000,0x0000000797a80000)
  to   space 100864K, 0% used [0x000000079dc80000,0x000000079dc80000,0x00000007a3f00000)
 ParOldGen       total 383488K, used 150610K [0x00000006c1400000, 0x00000006d8a80000, 0x000000076b180000)
  object space 383488K, 39% used [0x00000006c1400000,0x00000006ca714a28,0x00000006d8a80000)
 Metaspace       used 47223K, capacity 48175K, committed 48640K, reserved 1091584K
  class space    used 5963K, capacity 6306K, committed 6400K, reserved 1048576K
}
Event: 329.650 GC heap before
{Heap before GC invocations=33 (full 8):
 PSYoungGen      total 730112K, used 32K [0x000000076b180000, 0x00000007a3f00000, 0x00000007c0000000)
  eden space 729600K, 0% used [0x000000076b180000,0x000000076b180000,0x0000000797a00000)
  from space 512K, 6% used [0x0000000797a00000,0x0000000797a08000,0x0000000797a80000)
  to   space 100864K, 0% used [0x000000079dc80000,0x000000079dc80000,0x00000007a3f00000)
 ParOldGen       total 383488K, used 150610K [0x00000006c1400000, 0x00000006d8a80000, 0x000000076b180000)
  object space 383488K, 39% used [0x00000006c1400000,0x00000006ca714a28,0x00000006d8a80000)
 Metaspace       used 47223K, capacity 48175K, committed 48640K, reserved 1091584K
  class space    used 5963K, capacity 6306K, committed 6400K, reserved 1048576K
Event: 329.904 GC heap after
Heap after GC invocations=33 (full 8):
 PSYoungGen      total 730112K, used 0K [0x000000076b180000, 0x00000007a3f00000, 0x00000007c0000000)
  eden space 729600K, 0% used [0x000000076b180000,0x000000076b180000,0x0000000797a00000)
  from space 512K, 0% used [0x0000000797a00000,0x0000000797a00000,0x0000000797a80000)
  to   space 100864K, 0% used [0x000000079dc80000,0x000000079dc80000,0x00000007a3f00000)
 ParOldGen       total 383488K, used 150607K [0x00000006c1400000, 0x00000006d8a80000, 0x000000076b180000)
  object space 383488K, 39% used [0x00000006c1400000,0x00000006ca713f28,0x00000006d8a80000)
 Metaspace       used 47223K, capacity 48175K, committed 48640K, reserved 1091584K
  class space    used 5963K, capacity 6306K, committed 6400K, reserved 1048576K
}
Event: 331.046 GC heap before
{Heap before GC invocations=34 (full 8):
 PSYoungGen      total 730112K, used 256484K [0x000000076b180000, 0x00000007a3f00000, 0x00000007c0000000)
  eden space 729600K, 35% used [0x000000076b180000,0x000000077abf93a8,0x0000000797a00000)
  from space 512K, 0% used [0x0000000797a00000,0x0000000797a00000,0x0000000797a80000)
  to   space 100864K, 0% used [0x000000079dc80000,0x000000079dc80000,0x00000007a3f00000)
 ParOldGen       total 383488K, used 150607K [0x00000006c1400000, 0x00000006d8a80000, 0x000000076b180000)
  object space 383488K, 39% used [0x00000006c1400000,0x00000006ca713f28,0x00000006d8a80000)
 Metaspace       used 48384K, capacity 49305K, committed 49792K, reserved 1093632K
  class space    used 6098K, capacity 6441K, committed 6528K, reserved 1048576K
Event: 331.065 GC heap after
Heap after GC invocations=34 (full 8):
 PSYoungGen      total 823296K, used 37878K [0x000000076b180000, 0x00000007a3800000, 0x00000007c0000000)
  eden space 729600K, 0% used [0x000000076b180000,0x000000076b180000,0x0000000797a00000)
  from space 93696K, 40% used [0x000000079dc80000,0x00000007a017da50,0x00000007a3800000)
  to   space 97280K, 0% used [0x0000000797a00000,0x0000000797a00000,0x000000079d900000)
 ParOldGen       total 383488K, used 150615K [0x00000006c1400000, 0x00000006d8a80000, 0x000000076b180000)
  object space 383488K, 39% used [0x00000006c1400000,0x00000006ca715f28,0x00000006d8a80000)
 Metaspace       used 48384K, capacity 49305K, committed 49792K, reserved 1093632K
  class space    used 6098K, capacity 6441K, committed 6528K, reserved 1048576K
}
Event: 331.065 GC heap before
{Heap before GC invocations=35 (full 9):
 PSYoungGen      total 823296K, used 37878K [0x000000076b180000, 0x00000007a3800000, 0x00000007c0000000)
  eden space 729600K, 0% used [0x000000076b180000,0x000000076b180000,0x0000000797a00000)
  from space 93696K, 40% used [0x000000079dc80000,0x00000007a017da50,0x00000007a3800000)
  to   space 97280K, 0% used [0x0000000797a00000,0x0000000797a00000,0x000000079d900000)
 ParOldGen       total 383488K, used 150615K [0x00000006c1400000, 0x00000006d8a80000, 0x000000076b180000)
  object space 383488K, 39% used [0x00000006c1400000,0x00000006ca715f28,0x00000006d8a80000)
 Metaspace       used 48384K, capacity 49305K, committed 49792K, reserved 1093632K
  class space    used 6098K, capacity 6441K, committed 6528K, reserved 1048576K
Event: 331.808 GC heap after
Heap after GC invocations=35 (full 9):
 PSYoungGen      total 823296K, used 0K [0x000000076b180000, 0x00000007a3800000, 0x00000007c0000000)
  eden space 729600K, 0% used [0x000000076b180000,0x000000076b180000,0x0000000797a00000)
  from space 93696K, 0% used [0x000000079dc80000,0x000000079dc80000,0x00000007a3800000)
  to   space 97280K, 0% used [0x0000000797a00000,0x0000000797a00000,0x000000079d900000)
 ParOldGen       total 383488K, used 183592K [0x00000006c1400000, 0x00000006d8a80000, 0x000000076b180000)
  object space 383488K, 47% used [0x00000006c1400000,0x00000006cc74a038,0x00000006d8a80000)
 Metaspace       used 48384K, capacity 49305K, committed 49792K, reserved 1093632K
  class space    used 6098K, capacity 6441K, committed 6528K, reserved 1048576K
}
Event: 348.781 GC heap before
{Heap before GC invocations=36 (full 9):
 PSYoungGen      total 823296K, used 729600K [0x000000076b180000, 0x00000007a3800000, 0x00000007c0000000)
  eden space 729600K, 100% used [0x000000076b180000,0x0000000797a00000,0x0000000797a00000)
  from space 93696K, 0% used [0x000000079dc80000,0x000000079dc80000,0x00000007a3800000)
  to   space 97280K, 0% used [0x0000000797a00000,0x0000000797a00000,0x000000079d900000)
 ParOldGen       total 383488K, used 183592K [0x00000006c1400000, 0x00000006d8a80000, 0x000000076b180000)
  object space 383488K, 47% used [0x00000006c1400000,0x00000006cc74a038,0x00000006d8a80000)
 Metaspace       used 53586K, capacity 54543K, committed 55040K, reserved 1097728K
  class space    used 6524K, capacity 6872K, committed 6912K, reserved 1048576K
Event: 348.797 GC heap after
Heap after GC invocations=36 (full 9):
 PSYoungGen      total 826880K, used 38374K [0x000000076b180000, 0x00000007aaf00000, 0x00000007c0000000)
  eden space 729600K, 0% used [0x000000076b180000,0x000000076b180000,0x0000000797a00000)
  from space 97280K, 39% used [0x0000000797a00000,0x0000000799f79b50,0x000000079d900000)
  to   space 93696K, 0% used [0x00000007a5380000,0x00000007a5380000,0x00000007aaf00000)
 ParOldGen       total 383488K, used 183600K [0x00000006c1400000, 0x00000006d8a80000, 0x000000076b180000)
  object space 383488K, 47% used [0x00000006c1400000,0x00000006cc74c038,0x00000006d8a80000)
 Metaspace       used 53586K, capacity 54543K, committed 55040K, reserved 1097728K
  class space    used 6524K, capacity 6872K, committed 6912K, reserved 1048576K
}

Deoptimization events (10 events):
Event: 348.863 Thread 0x00000000026b4000 Uncommon trap: reason=unstable_if action=reinterpret pc=0x0000000002aba9b8 method=java.nio.Bits.copyFromArray(Ljava/lang/Object;JJJJ)V @ 18
Event: 348.993 Thread 0x00000000026b4000 Uncommon trap: reason=unstable_if action=reinterpret pc=0x00000000043c00dc method=net.minecraft.entity.EntityLivingBase.updatePotionEffects()V @ 19
Event: 349.145 Thread 0x000000001e504000 Uncommon trap: reason=unstable_if action=reinterpret pc=0x0000000003c2e3b0 method=com.jcraft.jorbis.Mapping0.inverse(Lcom/jcraft/jorbis/Block;Ljava/lang/Object;)I @ 550
Event: 349.780 Thread 0x00000000026b4000 Uncommon trap: reason=class_check action=maybe_recompile pc=0x0000000003dfa560 method=sun.reflect.GeneratedConstructorAccessor34.newInstance([Ljava/lang/Object;)Ljava/lang/Object; @ 25
Event: 350.111 Thread 0x000000001f107800 Uncommon trap: reason=class_check action=maybe_recompile pc=0x00000000042ebd88 method=net.minecraft.entity.EntityLivingBase.moveEntityWithHeading(FF)V @ 645
Event: 350.142 Thread 0x00000000026b4000 Uncommon trap: reason=unstable_if action=reinterpret pc=0x000000000414e680 method=net.minecraft.world.World.updateEntityWithOptionalForce(Lnet/minecraft/entity/Entity;Z)V @ 533
Event: 350.142 Thread 0x00000000026b4000 Uncommon trap: reason=class_check action=maybe_recompile pc=0x0000000002fd3de0 method=net.minecraft.world.World.updateEntity(Lnet/minecraft/entity/Entity;)V @ 3
Event: 350.142 Thread 0x00000000026b4000 Uncommon trap: reason=unstable_if action=reinterpret pc=0x00000000046b1668 method=net.minecraft.entity.Entity.onEntityUpdate()V @ 17
Event: 350.173 Thread 0x000000001f107800 Uncommon trap: reason=unstable_if action=reinterpret pc=0x000000000454149c method=net.minecraft.entity.EntityTrackerEntry.sendLocationToAllClients(Ljava/util/List;)V @ 97
Event: 350.798 Thread 0x00000000026b4000 Uncommon trap: reason=class_check action=maybe_recompile pc=0x0000000003dfa560 method=sun.reflect.GeneratedConstructorAccessor34.newInstance([Ljava/lang/Object;)Ljava/lang/Object; @ 25

Internal exceptions (10 events):
Event: 350.891 Thread 0x000000001e504000 Exception <a 'java/lang/InterruptedException': sleep interrupted> (0x00000007793fee40) thrown at [C:\re\workspace\8-2-build-windows-amd64-cygwin\jdk8u91\6644\hotspot\src\share\vm\prims\jvm.cpp, line 3215]
Event: 350.937 Thread 0x000000001e504000 Exception <a 'java/lang/InterruptedException': sleep interrupted> (0x00000007793ff0c0) thrown at [C:\re\workspace\8-2-build-windows-amd64-cygwin\jdk8u91\6644\hotspot\src\share\vm\prims\jvm.cpp, line 3215]
Event: 350.974 Thread 0x000000001e504000 Exception <a 'java/lang/InterruptedException': sleep interrupted> (0x00000007793ff368) thrown at [C:\re\workspace\8-2-build-windows-amd64-cygwin\jdk8u91\6644\hotspot\src\share\vm\prims\jvm.cpp, line 3215]
Event: 351.002 Thread 0x000000001e504000 Exception <a 'java/lang/InterruptedException': sleep interrupted> (0x00000007793ff610) thrown at [C:\re\workspace\8-2-build-windows-amd64-cygwin\jdk8u91\6644\hotspot\src\share\vm\prims\jvm.cpp, line 3215]
Event: 351.045 Thread 0x000000001e504000 Exception <a 'java/lang/InterruptedException': sleep interrupted> (0x00000007793ff8b8) thrown at [C:\re\workspace\8-2-build-windows-amd64-cygwin\jdk8u91\6644\hotspot\src\share\vm\prims\jvm.cpp, line 3215]
Event: 351.046 Thread 0x000000001e504000 Exception <a 'java/lang/InterruptedException': sleep interrupted> (0x00000007793ffb10) thrown at [C:\re\workspace\8-2-build-windows-amd64-cygwin\jdk8u91\6644\hotspot\src\share\vm\prims\jvm.cpp, line 3215]
Event: 351.046 Thread 0x000000001e504000 Exception <a 'java/lang/InterruptedException': sleep interrupted> (0x00000007793ffd90) thrown at [C:\re\workspace\8-2-build-windows-amd64-cygwin\jdk8u91\6644\hotspot\src\share\vm\prims\jvm.cpp, line 3215]
Event: 351.077 Thread 0x000000001e504000 Exception <a 'java/lang/InterruptedException': sleep interrupted> (0x0000000779400010) thrown at [C:\re\workspace\8-2-build-windows-amd64-cygwin\jdk8u91\6644\hotspot\src\share\vm\prims\jvm.cpp, line 3215]
Event: 351.103 Thread 0x000000001e504000 Exception <a 'java/lang/InterruptedException': sleep interrupted> (0x00000007794002b8) thrown at [C:\re\workspace\8-2-build-windows-amd64-cygwin\jdk8u91\6644\hotspot\src\share\vm\prims\jvm.cpp, line 3215]
Event: 351.103 Thread 0x000000001e504000 Exception <a 'java/lang/InterruptedException': sleep interrupted> (0x0000000779400560) thrown at [C:\re\workspace\8-2-build-windows-amd64-cygwin\jdk8u91\6644\hotspot\src\share\vm\prims\jvm.cpp, line 3167]

Events (10 events):
Event: 351.075 Thread 0x000000001bddb800 flushing nmethod 0x0000000004515110
Event: 351.075 Thread 0x000000001bddb800 flushing nmethod 0x0000000004525310
Event: 351.076 Thread 0x000000001bddb800 flushing nmethod 0x0000000004534350
Event: 351.076 Thread 0x000000001bddb800 flushing nmethod 0x00000000045a0ed0
Event: 351.076 Thread 0x000000001bddb800 flushing nmethod 0x00000000045af9d0
Event: 351.076 Thread 0x000000001bddb800 flushing nmethod 0x00000000045b6850
Event: 351.076 Thread 0x000000001bddb800 flushing nmethod 0x00000000045e7390
Event: 351.076 Thread 0x000000001bddb800 flushing nmethod 0x00000000046bea50
Event: 351.077 Thread 0x000000001bddb800 flushing nmethod 0x0000000004862890
Event: 351.077 Thread 0x000000001bddb800 flushing nmethod 0x000000000489bb10


Dynamic libraries:
0x00007ff67a600000 - 0x00007ff67a637000 	C:\Program Files\Java\jdk1.8.0_91\bin\java.exe
0x00007ffdc6e10000 - 0x00007ffdc6fbd000 	C:\Windows\SYSTEM32\ntdll.dll
0x00007ffdc6790000 - 0x00007ffdc68ce000 	C:\Windows\system32\KERNEL32.DLL
0x00007ffdc4320000 - 0x00007ffdc4436000 	C:\Windows\system32\KERNELBASE.dll
0x00007ffdc1920000 - 0x00007ffdc19ae000 	C:\Windows\system32\apphelp.dll
0x00007ffdb73e0000 - 0x00007ffdb7434000 	C:\Windows\AppPatch\AppPatch64\AcGenral.DLL
0x00007ffdc4bb0000 - 0x00007ffdc4c5a000 	C:\Windows\system32\msvcrt.dll
0x00007ffdc42f0000 - 0x00007ffdc431e000 	C:\Windows\system32\SspiCli.dll
0x00007ffdc68d0000 - 0x00007ffdc6924000 	C:\Windows\system32\SHLWAPI.dll
0x00007ffdc6a00000 - 0x00007ffdc6b77000 	C:\Windows\system32\USER32.dll
0x00007ffdc4e00000 - 0x00007ffdc4f94000 	C:\Windows\system32\ole32.dll
0x00007ffdc5060000 - 0x00007ffdc658b000 	C:\Windows\system32\SHELL32.dll
0x00007ffdc35f0000 - 0x00007ffdc3611000 	C:\Windows\SYSTEM32\USERENV.dll
0x00007ffdc66d0000 - 0x00007ffdc677a000 	C:\Windows\system32\ADVAPI32.dll
0x00007ffdb5ba0000 - 0x00007ffdb5bbe000 	C:\Windows\SYSTEM32\MPR.dll
0x00007ffdc4cc0000 - 0x00007ffdc4e00000 	C:\Windows\system32\RPCRT4.dll
0x00007ffdc4c60000 - 0x00007ffdc4cb9000 	C:\Windows\SYSTEM32\sechost.dll
0x00007ffdc6b80000 - 0x00007ffdc6d90000 	C:\Windows\SYSTEM32\combase.dll
0x00007ffdc4600000 - 0x00007ffdc474c000 	C:\Windows\system32\GDI32.dll
0x00007ffdc3f40000 - 0x00007ffdc3f55000 	C:\Windows\SYSTEM32\profapi.dll
0x00007ffdc2400000 - 0x00007ffdc24b2000 	C:\Windows\SYSTEM32\SHCORE.dll
0x00007ffdc4750000 - 0x00007ffdc4786000 	C:\Windows\system32\IMM32.DLL
0x00007ffdc44a0000 - 0x00007ffdc45f1000 	C:\Windows\system32\MSCTF.dll
0x00007ffdc19b0000 - 0x00007ffdc1c2b000 	C:\Windows\WinSxS\amd64_microsoft.windows.common-controls_6595b64144ccf1df_6.0.9600.18006_none_623f33d3ecbe86e8\COMCTL32.dll
0x0000000057460000 - 0x0000000057532000 	C:\Program Files\Java\jdk1.8.0_91\jre\bin\msvcr100.dll
0x0000000056bc0000 - 0x0000000057453000 	C:\Program Files\Java\jdk1.8.0_91\jre\bin\server\jvm.dll
0x00007ffdc16d0000 - 0x00007ffdc16d9000 	C:\Windows\SYSTEM32\WSOCK32.dll
0x00007ffdbdb10000 - 0x00007ffdbdb32000 	C:\Windows\SYSTEM32\WINMM.dll
0x00007ffdbb7d0000 - 0x00007ffdbb7da000 	C:\Windows\SYSTEM32\VERSION.dll
0x00007ffdc49b0000 - 0x00007ffdc49b7000 	C:\Windows\system32\PSAPI.DLL
0x00007ffdc4790000 - 0x00007ffdc47ea000 	C:\Windows\system32\WS2_32.dll
0x00007ffdbdae0000 - 0x00007ffdbdb0a000 	C:\Windows\SYSTEM32\WINMMBASE.dll
0x00007ffdc6780000 - 0x00007ffdc6789000 	C:\Windows\system32\NSI.dll
0x00007ffdc4010000 - 0x00007ffdc405f000 	C:\Windows\SYSTEM32\cfgmgr32.dll
0x00007ffdc2d80000 - 0x00007ffdc2da8000 	C:\Windows\SYSTEM32\DEVOBJ.dll
0x0000000057e90000 - 0x0000000057e9f000 	C:\Program Files\Java\jdk1.8.0_91\jre\bin\verify.dll
0x0000000056b90000 - 0x0000000056bb9000 	C:\Program Files\Java\jdk1.8.0_91\jre\bin\java.dll
0x0000000057e70000 - 0x0000000057e86000 	C:\Program Files\Java\jdk1.8.0_91\jre\bin\zip.dll
0x00000000568b0000 - 0x00000000568bd000 	C:\Program Files\Java\jdk1.8.0_91\jre\bin\management.dll
0x0000000056b70000 - 0x0000000056b8a000 	C:\Program Files\Java\jdk1.8.0_91\jre\bin\net.dll
0x00007ffdc38d0000 - 0x00007ffdc3929000 	C:\Windows\system32\mswsock.dll
0x0000000056b50000 - 0x0000000056b61000 	C:\Program Files\Java\jdk1.8.0_91\jre\bin\nio.dll
0x00007ffdb9a50000 - 0x00007ffdb9a65000 	C:\Windows\system32\napinsp.dll
0x00007ffdb9a30000 - 0x00007ffdb9a4a000 	C:\Windows\system32\pnrpnsp.dll
0x00007ffdc2770000 - 0x00007ffdc278b000 	C:\Windows\system32\NLAapi.dll
0x00007ffdc3490000 - 0x00007ffdc3534000 	C:\Windows\SYSTEM32\DNSAPI.dll
0x00007ffdba090000 - 0x00007ffdba09d000 	C:\Windows\System32\winrnr.dll
0x00007ffdb9a70000 - 0x00007ffdb9a84000 	C:\Windows\system32\wshbth.dll
0x00007ffdba2a0000 - 0x00007ffdba2aa000 	C:\Windows\System32\rasadhlp.dll
0x00007ffdbee80000 - 0x00007ffdbeeaa000 	C:\Windows\SYSTEM32\IPHLPAPI.DLL
0x00007ffdbee70000 - 0x00007ffdbee7a000 	C:\Windows\SYSTEM32\WINNSI.DLL
0x00007ffdbda70000 - 0x00007ffdbdadb000 	C:\Windows\System32\fwpuclnt.dll
0x0000000180000000 - 0x0000000180051000 	C:\Users\frou01\.gradle\caches\minecraft\net\minecraft\minecraft_natives\1.7.10\lwjgl64.dll
0x00007ffdb0e80000 - 0x00007ffdb0fab000 	C:\Windows\SYSTEM32\OPENGL32.dll
0x00007ffdb0e10000 - 0x00007ffdb0e3e000 	C:\Windows\SYSTEM32\GLU32.dll
0x00007ffdb0d10000 - 0x00007ffdb0e08000 	C:\Windows\SYSTEM32\DDRAW.dll
0x00007ffdb0c90000 - 0x00007ffdb0c99000 	C:\Windows\SYSTEM32\DCIMAN32.dll
0x00007ffdc3930000 - 0x00007ffdc3950000 	C:\Windows\SYSTEM32\CRYPTSP.dll
0x00007ffdc3450000 - 0x00007ffdc3486000 	C:\Windows\system32\rsaenh.dll
0x00007ffdc3a40000 - 0x00007ffdc3a66000 	C:\Windows\SYSTEM32\bcrypt.dll
0x00007ffdc3da0000 - 0x00007ffdc3e03000 	C:\Windows\system32\bcryptprimitives.dll
0x00007ffdc3e10000 - 0x00007ffdc3e1b000 	C:\Windows\SYSTEM32\CRYPTBASE.dll
0x00007ffdbdc70000 - 0x00007ffdbdc86000 	C:\Windows\SYSTEM32\dhcpcsvc6.DLL
0x00007ffdbdc50000 - 0x00007ffdbdc6a000 	C:\Windows\SYSTEM32\dhcpcsvc.DLL
0x0000000056980000 - 0x0000000056b18000 	C:\Program Files\Java\jdk1.8.0_91\jre\bin\awt.dll
0x00007ffdc6930000 - 0x00007ffdc69f6000 	C:\Windows\system32\OLEAUT32.dll
0x00007ffdc2bd0000 - 0x00007ffdc2cf9000 	C:\Windows\system32\uxtheme.dll
0x00007ffdc27d0000 - 0x00007ffdc27f1000 	C:\Windows\system32\dwmapi.dll
0x00007ffd98c60000 - 0x00007ffd99978000 	C:\Windows\SYSTEM32\ig8icd64.dll
0x00007ffdbe330000 - 0x00007ffdbed6f000 	C:\Windows\SYSTEM32\igdusc64.dll
0x00007ffdc1370000 - 0x00007ffdc1382000 	C:\Windows\SYSTEM32\WTSAPI32.dll
0x00007ffdc2d50000 - 0x00007ffdc2d5b000 	C:\Windows\SYSTEM32\kernel.appcore.dll
0x00007ffdc4fa0000 - 0x00007ffdc5056000 	C:\Windows\SYSTEM32\clbcatq.dll
0x0000000058410000 - 0x00000000586ac000 	C:\Program Files (x86)\Google\Google Japanese Input\GoogleIMEJaTIP64.dll
0x00007ffdabf10000 - 0x00007ffdabf53000 	C:\Windows\SYSTEM32\input.dll
0x00007ffdc1e30000 - 0x00007ffdc1fb9000 	C:\Windows\SYSTEM32\dbghelp.dll
0x00007ffdbd4d0000 - 0x00007ffdbd951000 	C:\Windows\SYSTEM32\d2d1.dll
0x00007ffdc0420000 - 0x00007ffdc060a000 	C:\Windows\SYSTEM32\DWrite.dll
0x00007ffda2970000 - 0x00007ffda2a02000 	C:\Windows\SYSTEM32\mscms.dll
0x00007ffdb91e0000 - 0x00007ffdb9221000 	C:\Windows\SYSTEM32\icm32.dll
0x00007ffdc3ee0000 - 0x00007ffdc3f26000 	C:\Windows\SYSTEM32\powrprof.dll
0x0000000070a40000 - 0x0000000070adc000 	C:\Users\frou01\.gradle\caches\minecraft\net\minecraft\minecraft_natives\1.7.10\avutil-ttv-51.dll
0x0000000065980000 - 0x00000000659d6000 	C:\Users\frou01\.gradle\caches\minecraft\net\minecraft\minecraft_natives\1.7.10\swresample-ttv-0.dll
0x000000006eb80000 - 0x000000006ec50000 	C:\Users\frou01\.gradle\caches\minecraft\net\minecraft\minecraft_natives\1.7.10\libmp3lame-ttv.dll
0x00007ffd978b0000 - 0x00007ffd98c54000 	C:\Users\frou01\.gradle\caches\minecraft\net\minecraft\minecraft_natives\1.7.10\libmfxsw64.dll
0x00007ffdb58d0000 - 0x00007ffdb59fb000 	C:\Users\frou01\.gradle\caches\minecraft\net\minecraft\minecraft_natives\1.7.10\twitchsdk.dll
0x00007ffdbb9d0000 - 0x00007ffdbbe7c000 	C:\Windows\SYSTEM32\WININET.dll
0x00007ffdbbe80000 - 0x00007ffdbc14a000 	C:\Windows\SYSTEM32\iertutil.dll
0x00000000225f0000 - 0x0000000022654000 	C:\Users\frou01\.gradle\caches\minecraft\net\minecraft\minecraft_natives\1.7.10\OpenAL64.dll
0x00007ffdc1650000 - 0x00007ffdc16c0000 	C:\Windows\System32\MMDevApi.dll
0x00007ffdb5830000 - 0x00007ffdb58cd000 	C:\Windows\SYSTEM32\dsound.dll
0x00007ffdbd450000 - 0x00007ffdbd4ce000 	C:\Windows\SYSTEM32\AUDIOSES.DLL
0x0000000056b20000 - 0x0000000056b44000 	C:\Program Files\Java\jdk1.8.0_91\jre\bin\sunec.dll

VM Arguments:
jvm_args: -Dfile.encoding=windows-31j 
java_command: GradleStart
java_class_path (initial): C:\Users\frou01\.gradle\caches\minecraft\net\minecraftforge\forge\1.7.10-10.13.4.1614-1.7.10\start;C:\ModdingSpace2\GVCC\HMG\build\libs\HMG-EX10.5.jar;C:\Users\frou01\.gradle\caches\minecraft\net\minecraftforge\forge\1.7.10-10.13.4.1614-1.7.10\forgeSrc-1.7.10-10.13.4.1614-1.7.10.jar;C:\Users\frou01\.gradle\caches\modules-2\files-2.1\net.minecraft\launchwrapper\1.12\111e7bea9c968cdb3d06ef4632bf7ff0824d0f36\launchwrapper-1.12.jar;C:\Users\frou01\.gradle\caches\modules-2\files-2.1\com.google.code.findbugs\jsr305\1.3.9\40719ea6961c0cb6afaeb6a921eaa1f6afd4cfdf\jsr305-1.3.9.jar;C:\Users\frou01\.gradle\caches\modules-2\files-2.1\org.ow2.asm\asm-debug-all\5.0.3\f9e364ae2a66ce2a543012a4668856e84e5dab74\asm-debug-all-5.0.3.jar;C:\Users\frou01\.gradle\caches\modules-2\files-2.1\com.typesafe.akka\akka-actor_2.11\2.3.3\ed62e9fc709ca0f2ff1a3220daa8b70a2870078e\akka-actor_2.11-2.3.3.jar;C:\Users\frou01\.gradle\caches\modules-2\files-2.1\com.typesafe\config\1.2.1\f771f71fdae3df231bcd54d5ca2d57f0bf93f467\config-1.2.1.jar;C:\Users\frou01\.gradle\caches\modules-2\files-2.1\org.scala-lang\scala-actors-migration_2.11\1.1.0\dfa8bc42b181d5b9f1a5dd147f8ae308b893eb6f\scala-actors-migration_2.11-1.1.0.jar;C:\Users\frou01\.gradle\caches\modules-2\files-2.1\org.scala-lang\scala-compiler\2.11.1\56ea2e6c025e0821f28d73ca271218b8dd04926a\scala-compiler-2.11.1.jar;C:\Users\frou01\.gradle\caches\modules-2\files-2.1\org.scala-lang.plugins\scala-continuations-library_2.11\1.0.2\e517c53a7e9acd6b1668c5a35eccbaa3bab9aac\scala-continuations-library_2.11-1.0.2.jar;C:\Users\frou01\.gradle\caches\modules-2\files-2.1\org.scala-lang.plugins\scala-continuations-plugin_2.11.1\1.0.2\f361a3283452c57fa30c1ee69448995de23c60f7\scala-continuations-plugin_2.11.1-1.0.2.jar;C:\Users\frou01\.gradle\caches\modules-2\files-2.1\org.scala-lang\scala-library\2.11.1\e11da23da3eabab9f4777b9220e60d44c1aab6a\scala-library-2.11.1.jar;C:\Users\frou01\.gradle\caches\modules-2\files-2.1\org.scala-lang\scal
Launcher Type: SUN_STANDARD

Environment Variables:
JAVA_HOME=C:\Program Files\Java\jdk1.8.0_91
PATH=C:\Windows\system32;C:\Windows;C:\Windows\System32\Wbem;C:\Windows\System32\WindowsPowerShell\v1.0\;C:\Program Files\Java\jdk1.7.0_80\bin;C:\Program Files (x86)\Skype\Phone\;C:\Program Files (x86)\GtkSharp\2.12\bin;C:\ProgramData\Oracle\Java\javapath;C:\Program Files\Git\cmd
USERNAME=frou01
OS=Windows_NT
PROCESSOR_IDENTIFIER=Intel64 Family 6 Model 61 Stepping 4, GenuineIntel



---------------  S Y S T E M  ---------------

OS: Windows 8.1 , 64 bit Build 9600 (6.3.9600.17415)

CPU:total 4 (2 cores per cpu, 2 threads per core) family 6 model 61 stepping 4, cmov, cx8, fxsr, mmx, sse, sse2, sse3, ssse3, sse4.1, sse4.2, popcnt, avx, avx2, aes, clmul, erms, 3dnowpref, lzcnt, ht, tsc, tscinvbit, bmi1, bmi2, adx

Memory: 4k page, physical 16695288k(7770056k free), swap 19185656k(8431444k free)

vm_info: Java HotSpot(TM) 64-Bit Server VM (25.91-b14) for windows-amd64 JRE (1.8.0_91-b14), built on Apr  1 2016 00:58:32 by "java_re" with MS VC++ 10.0 (VS2010)

time: Thu Feb 21 23:53:29 2019
elapsed time: 351 seconds (0d 0h 5m 51s)

