#
# A fatal error has been detected by the Java Runtime Environment:
#
#  EXCEPTION_ACCESS_VIOLATION (0xc0000005) at pc=0x000000005797ca70, pid=7104, tid=8076
#
# JRE version: Java(TM) SE Runtime Environment (8.0_91-b14) (build 1.8.0_91-b14)
# Java VM: Java HotSpot(TM) 64-Bit Server VM (25.91-b14 mixed mode windows-amd64 compressed oops)
# Problematic frame:
# V  [jvm.dll+0x49ca70]
#
# Failed to write core dump. Minidumps are not enabled by default on client versions of Windows
#
# If you would like to submit a bug report, please visit:
#   http://bugreport.java.com/bugreport/crash.jsp
#

---------------  T H R E A D  ---------------

Current thread (0x000000001ce7f000):  JavaThread "C2 CompilerThread1" daemon [_thread_in_native, id=8076, stack(0x000000001d660000,0x000000001d760000)]

siginfo: ExceptionCode=0xc0000005, writing address 0x0000000000000000

Registers:
RAX=0x0000000000000000, RBX=0x000000004aaf5710, RCX=0x000000001d75c400, RDX=0x0000000000103000
RSP=0x000000001d75c368, RBP=0x0000000000001bac, RSI=0x000000001d75c720, RDI=0x000000000000223e
R8 =0x0000000000001000, R9 =0x000000001e0b68c0, R10=0x00000000574e0000, R11=0x000000004aab4cb0
R12=0x0000000057cf36a8, R13=0x000000004ad76b90, R14=0x00000000000c2470, R15=0x00000000574e0000
RIP=0x000000005797ca70, EFLAGS=0x0000000000010246

Top of Stack: (sp=0x000000001d75c368)
0x000000001d75c368:   0000000057945bdf 000000001d75c740
0x000000001d75c378:   000000004aaf2fb0 0000000000001bac
0x000000001d75c388:   000000001d75c720 00001bcc00000000
0x000000001d75c398:   0000000000000008 000000003e18b520
0x000000001d75c3a8:   000000000000004f 0000000022140780
0x000000001d75c3b8:   000000000000004f 000000004aab48f0
0x000000001d75c3c8:   00004daa00000000 0000000000000008
0x000000001d75c3d8:   0000000021140260 000000000000004f
0x000000001d75c3e8:   000000002214d180 000000000000004f
0x000000001d75c3f8:   000000004aab3bd0 0000224300000000
0x000000001d75c408:   0000000000000002 0000000020add7c0
0x000000001d75c418:   0000000000000023 000000002112f4a0
0x000000001d75c428:   000000000000004f 000000001d75c740
0x000000001d75c438:   000000000000004f 0000000023f35750
0x000000001d75c448:   000000001d75c720 0000000000001bac
0x000000001d75c458:   000000004aab48f0 0000000000001bc1 

Instructions: (pc=0x000000005797ca70)
0x000000005797ca50:   bb 90 00 00 00 72 e9 48 8b 5c 24 40 48 83 c4 20
0x000000005797ca60:   5f c3 cc cc cc cc cc cc cc cc cc cc cc cc cc cc
0x000000005797ca70:   40 57 48 83 ec 20 48 63 51 08 48 8b f9 83 fa 08
0x000000005797ca80:   73 22 48 8b 41 10 48 8d 0c 90 66 0f 1f 44 00 00 


Register to memory mapping:

RAX=0x0000000000000000 is an unknown value
RBX=0x000000004aaf5710 is an unknown value
RCX=0x000000001d75c400 is pointing into the stack for thread: 0x000000001ce7f000
RDX=0x0000000000103000 is an unknown value
RSP=0x000000001d75c368 is pointing into the stack for thread: 0x000000001ce7f000
RBP=0x0000000000001bac is an unknown value
RSI=0x000000001d75c720 is pointing into the stack for thread: 0x000000001ce7f000
RDI=0x000000000000223e is an unknown value
R8 =0x0000000000001000 is an unknown value
R9 =0x000000001e0b68c0 is an unknown value
R10=0x00000000574e0000 is an unknown value
R11=0x000000004aab4cb0 is an unknown value
R12=0x0000000057cf36a8 is an unknown value
R13=0x000000004ad76b90 is an unknown value
R14=0x00000000000c2470 is an unknown value
R15=0x00000000574e0000 is an unknown value


Stack: [0x000000001d660000,0x000000001d760000],  sp=0x000000001d75c368,  free space=1008k
Native frames: (J=compiled Java code, j=interpreted, Vv=VM code, C=native code)
V  [jvm.dll+0x49ca70]
V  [jvm.dll+0x465bdf]
V  [jvm.dll+0x4676a8]
V  [jvm.dll+0x467896]
V  [jvm.dll+0x465424]
V  [jvm.dll+0x4644d4]
V  [jvm.dll+0x46f55b]
V  [jvm.dll+0x471b72]
V  [jvm.dll+0x454ce2]
V  [jvm.dll+0xa4be2]
V  [jvm.dll+0xa551f]
V  [jvm.dll+0x243ae4]
V  [jvm.dll+0x29a99a]
C  [msvcr100.dll+0x21d9f]
C  [msvcr100.dll+0x21e3b]
C  [KERNEL32.DLL+0x13d2]
C  [ntdll.dll+0x154f4]


Current CompileTask:
C2: 241194 12831       4       net.minecraft.client.renderer.RenderBlocks::renderStandardBlockWithAmbientOcclusion (7633 bytes)


---------------  P R O C E S S  ---------------

Java Threads: ( => current thread )
  0x000000002565a000 JavaThread "File IO Thread" [_thread_blocked, id=7300, stack(0x0000000031a40000,0x0000000031b40000)]
  0x0000000025755800 JavaThread "pool-2-thread-1" [_thread_blocked, id=3764, stack(0x000000002f5e0000,0x000000002f6e0000)]
  0x0000000025754800 JavaThread "Chunk I/O Executor Thread-1" daemon [_thread_blocked, id=3696, stack(0x000000002dd10000,0x000000002de10000)]
  0x000000003a01e800 JavaThread "Netty IO #1" daemon [_thread_in_native, id=2784, stack(0x000000002da10000,0x000000002db10000)]
  0x00000000233da800 JavaThread "Netty Client IO #0" daemon [_thread_in_native, id=4340, stack(0x000000002ae30000,0x000000002af30000)]
  0x000000001e329000 JavaThread "Netty IO #0" daemon [_thread_in_native, id=6836, stack(0x000000002ad30000,0x000000002ae30000)]
  0x000000003858e800 JavaThread "Server thread" [_thread_blocked, id=2892, stack(0x00000000299c0000,0x0000000029ac0000)]
  0x00000000418be800 JavaThread "Snooper Timer" daemon [_thread_blocked, id=7496, stack(0x0000000025b80000,0x0000000025c80000)]
  0x000000001cf5d000 JavaThread "Thread-11" [_thread_blocked, id=3720, stack(0x0000000031d40000,0x0000000031e40000)]
  0x0000000031154800 JavaThread "Thread-10" [_thread_blocked, id=7728, stack(0x0000000031c40000,0x0000000031d40000)]
  0x00000000256ec800 JavaThread "LWJGL Timer" daemon [_thread_blocked, id=7016, stack(0x0000000024360000,0x0000000024460000)]
  0x0000000020e9e800 JavaThread "Java2D Disposer" daemon [_thread_blocked, id=7356, stack(0x0000000024710000,0x0000000024810000)]
  0x0000000024d30000 JavaThread "Timer hack thread" daemon [_thread_blocked, id=6072, stack(0x0000000020bf0000,0x0000000020cf0000)]
  0x00000000225f3800 JavaThread "Snooper Timer" daemon [_thread_blocked, id=2352, stack(0x0000000020af0000,0x0000000020bf0000)]
  0x000000001cf09000 JavaThread "Service Thread" daemon [_thread_blocked, id=5720, stack(0x000000001d860000,0x000000001d960000)]
  0x000000001ce86800 JavaThread "C1 CompilerThread2" daemon [_thread_blocked, id=3080, stack(0x000000001d760000,0x000000001d860000)]
=>0x000000001ce7f000 JavaThread "C2 CompilerThread1" daemon [_thread_in_native, id=8076, stack(0x000000001d660000,0x000000001d760000)]
  0x000000001ce82000 JavaThread "C2 CompilerThread0" daemon [_thread_in_native, id=5948, stack(0x000000001d560000,0x000000001d660000)]
  0x000000001ce73000 JavaThread "JDWP Command Reader" daemon [_thread_in_native, id=4740, stack(0x000000001d460000,0x000000001d560000)]
  0x000000001ce6f800 JavaThread "JDWP Event Helper Thread" daemon [_thread_blocked, id=6620, stack(0x000000001d360000,0x000000001d460000)]
  0x000000001ce65800 JavaThread "JDWP Transport Listener: dt_socket" daemon [_thread_blocked, id=4664, stack(0x000000001d260000,0x000000001d360000)]
  0x000000001b8e6800 JavaThread "Attach Listener" daemon [_thread_blocked, id=4320, stack(0x000000001cd60000,0x000000001ce60000)]
  0x000000001b8a2800 JavaThread "Signal Dispatcher" daemon [_thread_blocked, id=6684, stack(0x000000001cc60000,0x000000001cd60000)]
  0x000000001b87e800 JavaThread "Finalizer" daemon [_thread_blocked, id=6460, stack(0x000000001cae0000,0x000000001cbe0000)]
  0x00000000021f5000 JavaThread "Reference Handler" daemon [_thread_blocked, id=6808, stack(0x000000001c9e0000,0x000000001cae0000)]
  0x0000000002105800 JavaThread "Client thread" [_thread_in_native, id=8188, stack(0x0000000001cc0000,0x0000000001dc0000)]

Other Threads:
  0x000000001b857800 VMThread [stack: 0x000000001c8e0000,0x000000001c9e0000] [id=552]
  0x000000001cf5b800 WatcherThread [stack: 0x000000001d960000,0x000000001da60000] [id=6060]

VM state:not at safepoint (normal execution)

VM Mutex/Monitor currently owned by a thread: None

Heap:
 PSYoungGen      total 1308672K, used 988104K [0x000000076b180000, 0x00000007c0000000, 0x00000007c0000000)
  eden space 1225728K, 79% used [0x000000076b180000,0x00000007a6daf1f8,0x00000007b5e80000)
  from space 82944K, 10% used [0x00000007bad00000,0x00000007bb5c2e48,0x00000007bfe00000)
  to   space 80384K, 0% used [0x00000007b5e80000,0x00000007b5e80000,0x00000007bad00000)
 ParOldGen       total 376320K, used 268525K [0x00000006c1400000, 0x00000006d8380000, 0x000000076b180000)
  object space 376320K, 71% used [0x00000006c1400000,0x00000006d1a3b760,0x00000006d8380000)
 Metaspace       used 53994K, capacity 54955K, committed 55296K, reserved 1097728K
  class space    used 6495K, capacity 6880K, committed 6912K, reserved 1048576K

Card table byte_map: [0x0000000011640000,0x0000000011e40000] byte_map_base: 0x000000000e036000

Marking Bits: (ParMarkBitMap*) 0x0000000057cf2f70
 Begin Bits: [0x0000000012790000, 0x0000000016740000)
 End Bits:   [0x0000000016740000, 0x000000001a6f0000)

Polling page: 0x00000000003d0000

CodeCache: size=245760Kb used=42101Kb max_used=42749Kb free=203658Kb
 bounds [0x0000000002280000, 0x0000000004d20000, 0x0000000011280000]
 total_blobs=10071 nmethods=9177 adapters=810
 compilation: enabled

Compilation events (10 events):
Event: 240.987 Thread 0x000000001ce82000 nmethod 12846 0x0000000003a39010 code [0x0000000003a391e0, 0x0000000003a3ab48]
Event: 240.987 Thread 0x000000001ce82000 12847       4       net.minecraft.client.renderer.WorldRenderer::updateRenderer (643 bytes)
Event: 241.046 Thread 0x000000001ce86800 12853       3       paulscode.sound.Library::midiSourcename (53 bytes)
Event: 241.048 Thread 0x000000001ce86800 nmethod 12853 0x0000000003b21cd0 code [0x0000000003b21e80, 0x0000000003b22438]
Event: 241.063 Thread 0x000000001ce86800 12854       3       net.minecraft.entity.monster.EntityZombie::<init> (250 bytes)
Event: 241.067 Thread 0x000000001ce86800 nmethod 12854 0x000000000407c850 code [0x000000000407cdc0, 0x0000000004080758]
Event: 241.069 Thread 0x000000001ce86800 12856       3       java.util.HashMap$TreeNode::treeify (221 bytes)
Event: 241.071 Thread 0x000000001ce86800 nmethod 12856 0x0000000003328910 code [0x0000000003328b20, 0x0000000003329708]
Event: 241.089 Thread 0x000000001ce86800 12857       3       net.minecraft.client.renderer.EntityRenderer::hurtCameraEffect (119 bytes)
Event: 241.094 Thread 0x000000001ce86800 nmethod 12857 0x0000000004078510 code [0x00000000040789e0, 0x000000000407ab68]

GC Heap History (10 events):
Event: 214.890 GC heap before
{Heap before GC invocations=27 (full 7):
 PSYoungGen      total 1297408K, used 1219231K [0x000000076b180000, 0x00000007bfc80000, 0x00000007c0000000)
  eden space 1220096K, 99% used [0x000000076b180000,0x00000007b5827fc0,0x00000007b5900000)
  from space 77312K, 0% used [0x00000007b5900000,0x00000007b5900000,0x00000007ba480000)
  to   space 82944K, 0% used [0x00000007bab80000,0x00000007bab80000,0x00000007bfc80000)
 ParOldGen       total 376320K, used 216391K [0x00000006c1400000, 0x00000006d8380000, 0x000000076b180000)
  object space 376320K, 57% used [0x00000006c1400000,0x00000006ce751d68,0x00000006d8380000)
 Metaspace       used 52902K, capacity 53835K, committed 54016K, reserved 1095680K
  class space    used 6458K, capacity 6848K, committed 6912K, reserved 1048576K
Event: 214.944 GC heap after
Heap after GC invocations=27 (full 7):
 PSYoungGen      total 1303552K, used 49256K [0x000000076b180000, 0x00000007c0000000, 0x00000007c0000000)
  eden space 1220608K, 0% used [0x000000076b180000,0x000000076b180000,0x00000007b5980000)
  from space 82944K, 59% used [0x00000007bab80000,0x00000007bdb9a270,0x00000007bfc80000)
  to   space 83968K, 0% used [0x00000007b5980000,0x00000007b5980000,0x00000007bab80000)
 ParOldGen       total 376320K, used 216399K [0x00000006c1400000, 0x00000006d8380000, 0x000000076b180000)
  object space 376320K, 57% used [0x00000006c1400000,0x00000006ce753d68,0x00000006d8380000)
 Metaspace       used 52902K, capacity 53835K, committed 54016K, reserved 1095680K
  class space    used 6458K, capacity 6848K, committed 6912K, reserved 1048576K
}
Event: 222.324 GC heap before
{Heap before GC invocations=28 (full 7):
 PSYoungGen      total 1303552K, used 1269864K [0x000000076b180000, 0x00000007c0000000, 0x00000007c0000000)
  eden space 1220608K, 100% used [0x000000076b180000,0x00000007b5980000,0x00000007b5980000)
  from space 82944K, 59% used [0x00000007bab80000,0x00000007bdb9a270,0x00000007bfc80000)
  to   space 83968K, 0% used [0x00000007b5980000,0x00000007b5980000,0x00000007bab80000)
 ParOldGen       total 376320K, used 216399K [0x00000006c1400000, 0x00000006d8380000, 0x000000076b180000)
  object space 376320K, 57% used [0x00000006c1400000,0x00000006ce753d68,0x00000006d8380000)
 Metaspace       used 53558K, capacity 54475K, committed 54784K, reserved 1097728K
  class space    used 6487K, capacity 6848K, committed 6912K, reserved 1048576K
Event: 222.380 GC heap after
Heap after GC invocations=28 (full 7):
 PSYoungGen      total 1304576K, used 6114K [0x000000076b180000, 0x00000007c0000000, 0x00000007c0000000)
  eden space 1220608K, 0% used [0x000000076b180000,0x000000076b180000,0x00000007b5980000)
  from space 83968K, 7% used [0x00000007b5980000,0x00000007b5f78a68,0x00000007bab80000)
  to   space 83968K, 0% used [0x00000007bae00000,0x00000007bae00000,0x00000007c0000000)
 ParOldGen       total 376320K, used 265931K [0x00000006c1400000, 0x00000006d8380000, 0x000000076b180000)
  object space 376320K, 70% used [0x00000006c1400000,0x00000006d17b2e60,0x00000006d8380000)
 Metaspace       used 53558K, capacity 54475K, committed 54784K, reserved 1097728K
  class space    used 6487K, capacity 6848K, committed 6912K, reserved 1048576K
}
Event: 227.351 GC heap before
{Heap before GC invocations=29 (full 7):
 PSYoungGen      total 1304576K, used 1226722K [0x000000076b180000, 0x00000007c0000000, 0x00000007c0000000)
  eden space 1220608K, 100% used [0x000000076b180000,0x00000007b5980000,0x00000007b5980000)
  from space 83968K, 7% used [0x00000007b5980000,0x00000007b5f78a68,0x00000007bab80000)
  to   space 83968K, 0% used [0x00000007bae00000,0x00000007bae00000,0x00000007c0000000)
 ParOldGen       total 376320K, used 265931K [0x00000006c1400000, 0x00000006d8380000, 0x000000076b180000)
  object space 376320K, 70% used [0x00000006c1400000,0x00000006d17b2e60,0x00000006d8380000)
 Metaspace       used 53759K, capacity 54667K, committed 55040K, reserved 1097728K
  class space    used 6493K, capacity 6848K, committed 6912K, reserved 1048576K
Event: 227.359 GC heap after
Heap after GC invocations=29 (full 7):
 PSYoungGen      total 1307136K, used 3392K [0x000000076b180000, 0x00000007c0000000, 0x00000007c0000000)
  eden space 1223168K, 0% used [0x000000076b180000,0x000000076b180000,0x00000007b5c00000)
  from space 83968K, 4% used [0x00000007bae00000,0x00000007bb150010,0x00000007c0000000)
  to   space 83968K, 0% used [0x00000007b5c00000,0x00000007b5c00000,0x00000007bae00000)
 ParOldGen       total 376320K, used 268509K [0x00000006c1400000, 0x00000006d8380000, 0x000000076b180000)
  object space 376320K, 71% used [0x00000006c1400000,0x00000006d1a37760,0x00000006d8380000)
 Metaspace       used 53759K, capacity 54667K, committed 55040K, reserved 1097728K
  class space    used 6493K, capacity 6848K, committed 6912K, reserved 1048576K
}
Event: 232.457 GC heap before
{Heap before GC invocations=30 (full 7):
 PSYoungGen      total 1307136K, used 1226463K [0x000000076b180000, 0x00000007c0000000, 0x00000007c0000000)
  eden space 1223168K, 99% used [0x000000076b180000,0x00000007b5be7ed8,0x00000007b5c00000)
  from space 83968K, 4% used [0x00000007bae00000,0x00000007bb150010,0x00000007c0000000)
  to   space 83968K, 0% used [0x00000007b5c00000,0x00000007b5c00000,0x00000007bae00000)
 ParOldGen       total 376320K, used 268509K [0x00000006c1400000, 0x00000006d8380000, 0x000000076b180000)
  object space 376320K, 71% used [0x00000006c1400000,0x00000006d1a37760,0x00000006d8380000)
 Metaspace       used 53861K, capacity 54795K, committed 55040K, reserved 1097728K
  class space    used 6493K, capacity 6848K, committed 6912K, reserved 1048576K
Event: 232.462 GC heap after
Heap after GC invocations=30 (full 7):
 PSYoungGen      total 1227264K, used 3971K [0x000000076b180000, 0x00000007bfe00000, 0x00000007c0000000)
  eden space 1223168K, 0% used [0x000000076b180000,0x000000076b180000,0x00000007b5c00000)
  from space 4096K, 96% used [0x00000007b5c00000,0x00000007b5fe0df0,0x00000007b6000000)
  to   space 82944K, 0% used [0x00000007bad00000,0x00000007bad00000,0x00000007bfe00000)
 ParOldGen       total 376320K, used 268517K [0x00000006c1400000, 0x00000006d8380000, 0x000000076b180000)
  object space 376320K, 71% used [0x00000006c1400000,0x00000006d1a39760,0x00000006d8380000)
 Metaspace       used 53861K, capacity 54795K, committed 55040K, reserved 1097728K
  class space    used 6493K, capacity 6848K, committed 6912K, reserved 1048576K
}
Event: 236.937 GC heap before
{Heap before GC invocations=31 (full 7):
 PSYoungGen      total 1227264K, used 1227139K [0x000000076b180000, 0x00000007bfe00000, 0x00000007c0000000)
  eden space 1223168K, 100% used [0x000000076b180000,0x00000007b5c00000,0x00000007b5c00000)
  from space 4096K, 96% used [0x00000007b5c00000,0x00000007b5fe0df0,0x00000007b6000000)
  to   space 82944K, 0% used [0x00000007bad00000,0x00000007bad00000,0x00000007bfe00000)
 ParOldGen       total 376320K, used 268517K [0x00000006c1400000, 0x00000006d8380000, 0x000000076b180000)
  object space 376320K, 71% used [0x00000006c1400000,0x00000006d1a39760,0x00000006d8380000)
 Metaspace       used 53955K, capacity 54923K, committed 55296K, reserved 1097728K
  class space    used 6494K, capacity 6848K, committed 6912K, reserved 1048576K
Event: 236.943 GC heap after
Heap after GC invocations=31 (full 7):
 PSYoungGen      total 1308672K, used 8971K [0x000000076b180000, 0x00000007c0000000, 0x00000007c0000000)
  eden space 1225728K, 0% used [0x000000076b180000,0x000000076b180000,0x00000007b5e80000)
  from space 82944K, 10% used [0x00000007bad00000,0x00000007bb5c2e48,0x00000007bfe00000)
  to   space 80384K, 0% used [0x00000007b5e80000,0x00000007b5e80000,0x00000007bad00000)
 ParOldGen       total 376320K, used 268525K [0x00000006c1400000, 0x00000006d8380000, 0x000000076b180000)
  object space 376320K, 71% used [0x00000006c1400000,0x00000006d1a3b760,0x00000006d8380000)
 Metaspace       used 53955K, capacity 54923K, committed 55296K, reserved 1097728K
  class space    used 6494K, capacity 6848K, committed 6912K, reserved 1048576K
}

Deoptimization events (10 events):
Event: 240.635 Thread 0x0000000002105800 Uncommon trap: reason=class_check action=maybe_recompile pc=0x0000000003b6d980 method=net.minecraft.block.BlockStairs.getMixedBrightnessForBlock(Lnet/minecraft/world/IBlockAccess;III)I @ 9
Event: 240.635 Thread 0x0000000002105800 Uncommon trap: reason=class_check action=maybe_recompile pc=0x0000000003b6d980 method=net.minecraft.block.BlockStairs.getMixedBrightnessForBlock(Lnet/minecraft/world/IBlockAccess;III)I @ 9
Event: 240.635 Thread 0x0000000002105800 Uncommon trap: reason=class_check action=maybe_recompile pc=0x0000000003b6d980 method=net.minecraft.block.BlockStairs.getMixedBrightnessForBlock(Lnet/minecraft/world/IBlockAccess;III)I @ 9
Event: 240.635 Thread 0x0000000002105800 Uncommon trap: reason=class_check action=maybe_recompile pc=0x0000000003b6d980 method=net.minecraft.block.BlockStairs.getMixedBrightnessForBlock(Lnet/minecraft/world/IBlockAccess;III)I @ 9
Event: 240.640 Thread 0x0000000002105800 Uncommon trap: reason=unstable_if action=reinterpret pc=0x0000000003d955f8 method=net.minecraft.block.Block.getMixedBrightnessForBlock(Lnet/minecraft/world/IBlockAccess;III)I @ 44
Event: 240.732 Thread 0x000000003858e800 Uncommon trap: reason=unstable_if action=reinterpret pc=0x0000000003d3ef9c method=java.util.HashMap$TreeNode.treeify([Ljava/util/HashMap$Node;)V @ 94
Event: 240.732 Thread 0x000000003858e800 Uncommon trap: reason=unstable_if action=reinterpret pc=0x0000000003853170 method=java.util.HashMap$TreeNode.putTreeVal(Ljava/util/HashMap;[Ljava/util/HashMap$Node;ILjava/lang/Object;Ljava/lang/Object;)Ljava/util/HashMap$TreeNode; @ 48
Event: 240.769 Thread 0x0000000002105800 Uncommon trap: reason=array_check action=maybe_recompile pc=0x0000000003d6e7c4 method=java.util.TimSort.mergeLo(IIII)V @ 133
Event: 240.769 Thread 0x0000000002105800 Uncommon trap: reason=array_check action=maybe_recompile pc=0x0000000003f79918 method=java.util.TimSort.mergeHi(IIII)V @ 171
Event: 240.802 Thread 0x000000003858e800 Uncommon trap: reason=unstable_if action=reinterpret pc=0x00000000044cfc08 method=net.minecraft.world.chunk.Chunk.func_150811_f(II)Z @ 58

Internal exceptions (10 events):
Event: 240.989 Thread 0x0000000031154800 Exception <a 'java/lang/InterruptedException': sleep interrupted> (0x000000076c7eb2c8) thrown at [C:\re\workspace\8-2-build-windows-amd64-cygwin\jdk8u91\6644\hotspot\src\share\vm\prims\jvm.cpp, line 3215]
Event: 241.013 Thread 0x0000000031154800 Exception <a 'java/lang/InterruptedException': sleep interrupted> (0x000000076c7eb570) thrown at [C:\re\workspace\8-2-build-windows-amd64-cygwin\jdk8u91\6644\hotspot\src\share\vm\prims\jvm.cpp, line 3215]
Event: 241.013 Thread 0x0000000031154800 Exception <a 'java/lang/InterruptedException': sleep interrupted> (0x000000076c7eb7f0) thrown at [C:\re\workspace\8-2-build-windows-amd64-cygwin\jdk8u91\6644\hotspot\src\share\vm\prims\jvm.cpp, line 3215]
Event: 241.046 Thread 0x0000000031154800 Exception <a 'java/lang/InterruptedException': sleep interrupted> (0x000000076c7eba70) thrown at [C:\re\workspace\8-2-build-windows-amd64-cygwin\jdk8u91\6644\hotspot\src\share\vm\prims\jvm.cpp, line 3215]
Event: 241.048 Thread 0x0000000031154800 Exception <a 'java/lang/InterruptedException': sleep interrupted> (0x000000076c7ec8a0) thrown at [C:\re\workspace\8-2-build-windows-amd64-cygwin\jdk8u91\6644\hotspot\src\share\vm\prims\jvm.cpp, line 3167]
Event: 241.049 Thread 0x0000000031154800 Exception <a 'java/lang/InterruptedException': sleep interrupted> (0x000000076c7ecaf8) thrown at [C:\re\workspace\8-2-build-windows-amd64-cygwin\jdk8u91\6644\hotspot\src\share\vm\prims\jvm.cpp, line 3215]
Event: 241.050 Thread 0x0000000031154800 Exception <a 'java/lang/InterruptedException': sleep interrupted> (0x000000076c7ecd50) thrown at [C:\re\workspace\8-2-build-windows-amd64-cygwin\jdk8u91\6644\hotspot\src\share\vm\prims\jvm.cpp, line 3215]
Event: 241.096 Thread 0x0000000031154800 Exception <a 'java/lang/InterruptedException': sleep interrupted> (0x000000076c7ecff8) thrown at [C:\re\workspace\8-2-build-windows-amd64-cygwin\jdk8u91\6644\hotspot\src\share\vm\prims\jvm.cpp, line 3215]
Event: 241.096 Thread 0x0000000031154800 Exception <a 'java/lang/InterruptedException': sleep interrupted> (0x000000076c7ed250) thrown at [C:\re\workspace\8-2-build-windows-amd64-cygwin\jdk8u91\6644\hotspot\src\share\vm\prims\jvm.cpp, line 3167]
Event: 241.096 Thread 0x0000000031154800 Exception <a 'java/lang/InterruptedException': sleep interrupted> (0x000000076c7ed4a8) thrown at [C:\re\workspace\8-2-build-windows-amd64-cygwin\jdk8u91\6644\hotspot\src\share\vm\prims\jvm.cpp, line 3215]

Events (10 events):
Event: 241.096 Thread 0x0000000031154800 DEOPT UNPACKING pc=0x00000000022c787f sp=0x0000000031d3eaf8 mode 1
Event: 241.096 Thread 0x0000000002105800 DEOPT UNPACKING pc=0x00000000022c787f sp=0x0000000001dbdef8 mode 1
Event: 241.096 Thread 0x0000000002105800 DEOPT PACKING pc=0x000000000282bedc sp=0x0000000001dbdfd0
Event: 241.096 Thread 0x0000000002105800 DEOPT UNPACKING pc=0x00000000022c787f sp=0x0000000001dbde00 mode 1
Event: 241.096 Thread 0x0000000031154800 DEOPT PACKING pc=0x0000000003a7c66c sp=0x0000000031d3edc0
Event: 241.096 Thread 0x0000000031154800 DEOPT UNPACKING pc=0x00000000022c787f sp=0x0000000031d3eaf8 mode 1
Event: 241.096 Thread 0x0000000002105800 DEOPT PACKING pc=0x000000000297bb64 sp=0x0000000001dbe1b0
Event: 241.096 Thread 0x0000000002105800 DEOPT UNPACKING pc=0x00000000022c787f sp=0x0000000001dbde98 mode 1
Event: 241.096 Thread 0x0000000031154800 DEOPT PACKING pc=0x0000000003a7c66c sp=0x0000000031d3edc0
Event: 241.096 Thread 0x0000000031154800 DEOPT UNPACKING pc=0x00000000022c787f sp=0x0000000031d3eaf8 mode 1


Dynamic libraries:
0x00007ff67a600000 - 0x00007ff67a637000 	C:\Program Files\Java\jdk1.8.0_91\bin\java.exe
0x00007ffdc6e10000 - 0x00007ffdc6fbd000 	C:\Windows\SYSTEM32\ntdll.dll
0x00007ffdc6790000 - 0x00007ffdc68ce000 	C:\Windows\system32\KERNEL32.DLL
0x00007ffdc4320000 - 0x00007ffdc4436000 	C:\Windows\system32\KERNELBASE.dll
0x00007ffdc1920000 - 0x00007ffdc19ae000 	C:\Windows\system32\apphelp.dll
0x00007ffdba760000 - 0x00007ffdba7b4000 	C:\Windows\AppPatch\AppPatch64\AcGenral.DLL
0x00007ffdc4bb0000 - 0x00007ffdc4c5a000 	C:\Windows\system32\msvcrt.dll
0x00007ffdc42f0000 - 0x00007ffdc431e000 	C:\Windows\system32\SspiCli.dll
0x00007ffdc68d0000 - 0x00007ffdc6924000 	C:\Windows\system32\SHLWAPI.dll
0x00007ffdc6a00000 - 0x00007ffdc6b77000 	C:\Windows\system32\USER32.dll
0x00007ffdc4e00000 - 0x00007ffdc4f94000 	C:\Windows\system32\ole32.dll
0x00007ffdc5060000 - 0x00007ffdc658b000 	C:\Windows\system32\SHELL32.dll
0x00007ffdc35f0000 - 0x00007ffdc3611000 	C:\Windows\SYSTEM32\USERENV.dll
0x00007ffdc66d0000 - 0x00007ffdc677a000 	C:\Windows\system32\ADVAPI32.dll
0x00007ffdb5ba0000 - 0x00007ffdb5bbe000 	C:\Windows\SYSTEM32\MPR.dll
0x00007ffdc4cc0000 - 0x00007ffdc4e00000 	C:\Windows\system32\RPCRT4.dll
0x00007ffdc4c60000 - 0x00007ffdc4cb9000 	C:\Windows\SYSTEM32\sechost.dll
0x00007ffdc6b80000 - 0x00007ffdc6d90000 	C:\Windows\SYSTEM32\combase.dll
0x00007ffdc4600000 - 0x00007ffdc474c000 	C:\Windows\system32\GDI32.dll
0x00007ffdc3f40000 - 0x00007ffdc3f55000 	C:\Windows\SYSTEM32\profapi.dll
0x00007ffdc2400000 - 0x00007ffdc24b2000 	C:\Windows\SYSTEM32\SHCORE.dll
0x00007ffdc4750000 - 0x00007ffdc4786000 	C:\Windows\system32\IMM32.DLL
0x00007ffdc44a0000 - 0x00007ffdc45f1000 	C:\Windows\system32\MSCTF.dll
0x00007ffdc19b0000 - 0x00007ffdc1c2b000 	C:\Windows\WinSxS\amd64_microsoft.windows.common-controls_6595b64144ccf1df_6.0.9600.18006_none_623f33d3ecbe86e8\COMCTL32.dll
0x0000000057d80000 - 0x0000000057e52000 	C:\Program Files\Java\jdk1.8.0_91\jre\bin\msvcr100.dll
0x00000000574e0000 - 0x0000000057d73000 	C:\Program Files\Java\jdk1.8.0_91\jre\bin\server\jvm.dll
0x00007ffdc1700000 - 0x00007ffdc1709000 	C:\Windows\SYSTEM32\WSOCK32.dll
0x00007ffdbdb10000 - 0x00007ffdbdb32000 	C:\Windows\SYSTEM32\WINMM.dll
0x00007ffdbb7d0000 - 0x00007ffdbb7da000 	C:\Windows\SYSTEM32\VERSION.dll
0x00007ffdc49b0000 - 0x00007ffdc49b7000 	C:\Windows\system32\PSAPI.DLL
0x00007ffdc4790000 - 0x00007ffdc47ea000 	C:\Windows\system32\WS2_32.dll
0x00007ffdbdae0000 - 0x00007ffdbdb0a000 	C:\Windows\SYSTEM32\WINMMBASE.dll
0x00007ffdc6780000 - 0x00007ffdc6789000 	C:\Windows\system32\NSI.dll
0x00007ffdc4010000 - 0x00007ffdc405f000 	C:\Windows\SYSTEM32\cfgmgr32.dll
0x00007ffdc2d80000 - 0x00007ffdc2da8000 	C:\Windows\SYSTEM32\DEVOBJ.dll
0x0000000057e90000 - 0x0000000057e9f000 	C:\Program Files\Java\jdk1.8.0_91\jre\bin\verify.dll
0x00000000574b0000 - 0x00000000574d9000 	C:\Program Files\Java\jdk1.8.0_91\jre\bin\java.dll
0x0000000056780000 - 0x00000000567b5000 	C:\Program Files\Java\jdk1.8.0_91\jre\bin\jdwp.dll
0x0000000056770000 - 0x0000000056778000 	C:\Program Files\Java\jdk1.8.0_91\jre\bin\npt.dll
0x0000000057e70000 - 0x0000000057e86000 	C:\Program Files\Java\jdk1.8.0_91\jre\bin\zip.dll
0x0000000056760000 - 0x0000000056769000 	C:\Program Files\Java\jdk1.8.0_91\jre\bin\dt_socket.dll
0x00007ffdc38d0000 - 0x00007ffdc3929000 	C:\Windows\system32\mswsock.dll
0x00000000571d0000 - 0x00000000571dd000 	C:\Program Files\Java\jdk1.8.0_91\jre\bin\management.dll
0x00000000572a0000 - 0x00000000572ba000 	C:\Program Files\Java\jdk1.8.0_91\jre\bin\net.dll
0x0000000057280000 - 0x0000000057291000 	C:\Program Files\Java\jdk1.8.0_91\jre\bin\nio.dll
0x00007ffdb9a50000 - 0x00007ffdb9a65000 	C:\Windows\system32\napinsp.dll
0x00007ffdb9a30000 - 0x00007ffdb9a4a000 	C:\Windows\system32\pnrpnsp.dll
0x00007ffdc2770000 - 0x00007ffdc278b000 	C:\Windows\system32\NLAapi.dll
0x00007ffdc3490000 - 0x00007ffdc3534000 	C:\Windows\SYSTEM32\DNSAPI.dll
0x00007ffdba090000 - 0x00007ffdba09d000 	C:\Windows\System32\winrnr.dll
0x00007ffdb9a70000 - 0x00007ffdb9a84000 	C:\Windows\system32\wshbth.dll
0x00007ffdba2a0000 - 0x00007ffdba2aa000 	C:\Windows\System32\rasadhlp.dll
0x00007ffdbee80000 - 0x00007ffdbeeaa000 	C:\Windows\SYSTEM32\IPHLPAPI.DLL
0x00007ffdbee70000 - 0x00007ffdbee7a000 	C:\Windows\SYSTEM32\WINNSI.DLL
0x00007ffdbda70000 - 0x00007ffdbdadb000 	C:\Windows\System32\fwpuclnt.dll
0x0000000180000000 - 0x0000000180051000 	C:\Users\frou01\.gradle\caches\minecraft\net\minecraft\minecraft_natives\1.7.10\lwjgl64.dll
0x00007ffdb0e80000 - 0x00007ffdb0fab000 	C:\Windows\SYSTEM32\OPENGL32.dll
0x00007ffdb0e10000 - 0x00007ffdb0e3e000 	C:\Windows\SYSTEM32\GLU32.dll
0x00007ffdb0d10000 - 0x00007ffdb0e08000 	C:\Windows\SYSTEM32\DDRAW.dll
0x00007ffdb0c90000 - 0x00007ffdb0c99000 	C:\Windows\SYSTEM32\DCIMAN32.dll
0x00007ffdc3930000 - 0x00007ffdc3950000 	C:\Windows\SYSTEM32\CRYPTSP.dll
0x00007ffdc3450000 - 0x00007ffdc3486000 	C:\Windows\system32\rsaenh.dll
0x00007ffdc3a40000 - 0x00007ffdc3a66000 	C:\Windows\SYSTEM32\bcrypt.dll
0x00007ffdc3da0000 - 0x00007ffdc3e03000 	C:\Windows\system32\bcryptprimitives.dll
0x00007ffdc3e10000 - 0x00007ffdc3e1b000 	C:\Windows\SYSTEM32\CRYPTBASE.dll
0x00007ffdbdc70000 - 0x00007ffdbdc86000 	C:\Windows\SYSTEM32\dhcpcsvc6.DLL
0x00007ffdbdc50000 - 0x00007ffdbdc6a000 	C:\Windows\SYSTEM32\dhcpcsvc.DLL
0x0000000057310000 - 0x00000000574a8000 	C:\Program Files\Java\jdk1.8.0_91\jre\bin\awt.dll
0x00007ffdc6930000 - 0x00007ffdc69f6000 	C:\Windows\system32\OLEAUT32.dll
0x00007ffdc2bd0000 - 0x00007ffdc2cf9000 	C:\Windows\system32\uxtheme.dll
0x00007ffdc27d0000 - 0x00007ffdc27f1000 	C:\Windows\system32\dwmapi.dll
0x00007ffd9dc00000 - 0x00007ffd9e918000 	C:\Windows\SYSTEM32\ig8icd64.dll
0x00007ffdbe330000 - 0x00007ffdbed6f000 	C:\Windows\SYSTEM32\igdusc64.dll
0x00007ffdc1370000 - 0x00007ffdc1382000 	C:\Windows\SYSTEM32\WTSAPI32.dll
0x00007ffdc2d50000 - 0x00007ffdc2d5b000 	C:\Windows\SYSTEM32\kernel.appcore.dll
0x00007ffdb7f70000 - 0x00007ffdb8002000 	C:\Windows\SYSTEM32\mscms.dll
0x00007ffdb8f80000 - 0x00007ffdb8fc1000 	C:\Windows\SYSTEM32\icm32.dll
0x00007ffdc3ee0000 - 0x00007ffdc3f26000 	C:\Windows\SYSTEM32\powrprof.dll
0x00007ffdc4fa0000 - 0x00007ffdc5056000 	C:\Windows\SYSTEM32\clbcatq.dll
0x0000000058410000 - 0x00000000586ac000 	C:\Program Files (x86)\Google\Google Japanese Input\GoogleIMEJaTIP64.dll
0x00007ffdabf10000 - 0x00007ffdabf53000 	C:\Windows\SYSTEM32\input.dll
0x00007ffdc1e30000 - 0x00007ffdc1fb9000 	C:\Windows\SYSTEM32\dbghelp.dll
0x00007ffdbd4d0000 - 0x00007ffdbd951000 	C:\Windows\SYSTEM32\d2d1.dll
0x00007ffdc0420000 - 0x00007ffdc060a000 	C:\Windows\SYSTEM32\DWrite.dll
0x0000000070a40000 - 0x0000000070adc000 	C:\Users\frou01\.gradle\caches\minecraft\net\minecraft\minecraft_natives\1.7.10\avutil-ttv-51.dll
0x0000000065980000 - 0x00000000659d6000 	C:\Users\frou01\.gradle\caches\minecraft\net\minecraft\minecraft_natives\1.7.10\swresample-ttv-0.dll
0x000000006eb80000 - 0x000000006ec50000 	C:\Users\frou01\.gradle\caches\minecraft\net\minecraft\minecraft_natives\1.7.10\libmp3lame-ttv.dll
0x00007ffd9a020000 - 0x00007ffd9b3c4000 	C:\Users\frou01\.gradle\caches\minecraft\net\minecraft\minecraft_natives\1.7.10\libmfxsw64.dll
0x00007ffda73e0000 - 0x00007ffda750b000 	C:\Users\frou01\.gradle\caches\minecraft\net\minecraft\minecraft_natives\1.7.10\twitchsdk.dll
0x00007ffdbb9d0000 - 0x00007ffdbbe7c000 	C:\Windows\SYSTEM32\WININET.dll
0x00007ffdbbe80000 - 0x00007ffdbc14a000 	C:\Windows\SYSTEM32\iertutil.dll
0x0000000024660000 - 0x00000000246c4000 	C:\Users\frou01\.gradle\caches\minecraft\net\minecraft\minecraft_natives\1.7.10\OpenAL64.dll
0x00007ffdc1650000 - 0x00007ffdc16c0000 	C:\Windows\System32\MMDevApi.dll
0x00007ffdb5340000 - 0x00007ffdb53dd000 	C:\Windows\SYSTEM32\dsound.dll
0x00007ffdbd450000 - 0x00007ffdbd4ce000 	C:\Windows\SYSTEM32\AUDIOSES.DLL
0x0000000057200000 - 0x0000000057224000 	C:\Program Files\Java\jdk1.8.0_91\jre\bin\sunec.dll

VM Arguments:
jvm_args: -agentlib:jdwp=transport=dt_socket,server=n,suspend=y,address=56154 -Dfile.encoding=windows-31j 
java_command: GradleStart
java_class_path (initial): C:\Users\frou01\.gradle\caches\minecraft\net\minecraftforge\forge\1.7.10-10.13.4.1614-1.7.10\start;C:\ModdingSpace2\GVCC\HMG\build\libs\HMG-EX10.5.jar;C:\Users\frou01\.gradle\caches\minecraft\net\minecraftforge\forge\1.7.10-10.13.4.1614-1.7.10\forgeSrc-1.7.10-10.13.4.1614-1.7.10.jar;C:\Users\frou01\.gradle\caches\modules-2\files-2.1\net.minecraft\launchwrapper\1.12\111e7bea9c968cdb3d06ef4632bf7ff0824d0f36\launchwrapper-1.12.jar;C:\Users\frou01\.gradle\caches\modules-2\files-2.1\com.google.code.findbugs\jsr305\1.3.9\40719ea6961c0cb6afaeb6a921eaa1f6afd4cfdf\jsr305-1.3.9.jar;C:\Users\frou01\.gradle\caches\modules-2\files-2.1\org.ow2.asm\asm-debug-all\5.0.3\f9e364ae2a66ce2a543012a4668856e84e5dab74\asm-debug-all-5.0.3.jar;C:\Users\frou01\.gradle\caches\modules-2\files-2.1\com.typesafe.akka\akka-actor_2.11\2.3.3\ed62e9fc709ca0f2ff1a3220daa8b70a2870078e\akka-actor_2.11-2.3.3.jar;C:\Users\frou01\.gradle\caches\modules-2\files-2.1\com.typesafe\config\1.2.1\f771f71fdae3df231bcd54d5ca2d57f0bf93f467\config-1.2.1.jar;C:\Users\frou01\.gradle\caches\modules-2\files-2.1\org.scala-lang\scala-actors-migration_2.11\1.1.0\dfa8bc42b181d5b9f1a5dd147f8ae308b893eb6f\scala-actors-migration_2.11-1.1.0.jar;C:\Users\frou01\.gradle\caches\modules-2\files-2.1\org.scala-lang\scala-compiler\2.11.1\56ea2e6c025e0821f28d73ca271218b8dd04926a\scala-compiler-2.11.1.jar;C:\Users\frou01\.gradle\caches\modules-2\files-2.1\org.scala-lang.plugins\scala-continuations-library_2.11\1.0.2\e517c53a7e9acd6b1668c5a35eccbaa3bab9aac\scala-continuations-library_2.11-1.0.2.jar;C:\Users\frou01\.gradle\caches\modules-2\files-2.1\org.scala-lang.plugins\scala-continuations-plugin_2.11.1\1.0.2\f361a3283452c57fa30c1ee69448995de23c60f7\scala-continuations-plugin_2.11.1-1.0.2.jar;C:\Users\frou01\.gradle\caches\modules-2\files-2.1\org.scala-lang\scala-library\2.11.1\e11da23da3eabab9f4777b9220e60d44c1aab6a\scala-library-2.11.1.jar;C:\Users\frou01\.gradle\caches\modules-2\files-2.1\org.scala-lang\scal
Launcher Type: SUN_STANDARD

Environment Variables:
JAVA_HOME=C:\Program Files\Java\jdk1.8.0_91
PATH=C:\Windows\system32;C:\Windows;C:\Windows\System32\Wbem;C:\Windows\System32\WindowsPowerShell\v1.0\;C:\Program Files\Java\jdk1.7.0_80\bin;C:\Program Files (x86)\Skype\Phone\;C:\Program Files (x86)\GtkSharp\2.12\bin;C:\ProgramData\Oracle\Java\javapath;C:\Program Files\Git\cmd
USERNAME=frou01
OS=Windows_NT
PROCESSOR_IDENTIFIER=Intel64 Family 6 Model 61 Stepping 4, GenuineIntel



---------------  S Y S T E M  ---------------

OS: Windows 8.1 , 64 bit Build 9600 (6.3.9600.17415)

CPU:total 4 (2 cores per cpu, 2 threads per core) family 6 model 61 stepping 4, cmov, cx8, fxsr, mmx, sse, sse2, sse3, ssse3, sse4.1, sse4.2, popcnt, avx, avx2, aes, clmul, erms, 3dnowpref, lzcnt, ht, tsc, tscinvbit, bmi1, bmi2, adx

Memory: 4k page, physical 16695288k(7870304k free), swap 19185656k(9396688k free)

vm_info: Java HotSpot(TM) 64-Bit Server VM (25.91-b14) for windows-amd64 JRE (1.8.0_91-b14), built on Apr  1 2016 00:58:32 by "java_re" with MS VC++ 10.0 (VS2010)

time: Tue Feb 26 01:32:43 2019
elapsed time: 241 seconds (0d 0h 4m 1s)

