[02:16:08] [main/INFO]: Setting user: Player208
[02:16:10] [Client thread/INFO]: LWJGL Version: 2.9.1
[02:16:25] [Client thread/INFO]: Reloading ResourceManager: Default, FMLFileResourcePack:Forge Mod Loader, FMLFileResourcePack:Minecraft Forge, FMLFileResourcePack:HandMadeGunsModEX, FMLFileResourcePack:lmmx, FMLFileResourcePack:MMMLibX, FMLFileResourcePack:Sokoniyatugairuzo, FMLFileResourcePack:zabuton, FMLFileResourcePack:Guerrilla vs Command mod : High Difficulity version, FMLFileResourcePack:GVCGuns, FMLFileResourcePack:HMVehicle
[02:16:25] [Client thread/WARN]: ResourcePack: ignored non-lowercase namespace: multiModel in C:\ModdingSpace2\GVCC\Depend\build\libs\Depend-1.0.jar
[02:16:25] [Client thread/WARN]: ResourcePack: ignored non-lowercase namespace: multiModel in C:\ModdingSpace2\GVCC\Depend\build\libs\Depend-1.0.jar
[02:16:25] [Client thread/WARN]: ResourcePack: ignored non-lowercase namespace: multiModel in C:\ModdingSpace2\GVCC\Depend\build\libs\Depend-1.0.jar
[02:16:25] [Client thread/WARN]: ResourcePack: ignored non-lowercase namespace: multiModel in C:\ModdingSpace2\GVCC\Depend\build\libs\Depend-1.0.jar
[02:16:25] [Client thread/WARN]: ResourcePack: ignored non-lowercase namespace: multiModel in C:\ModdingSpace2\GVCC\Depend\build\libs\Depend-1.0.jar
[02:16:25] [Client thread/WARN]: ResourcePack: ignored non-lowercase namespace: multiModel in C:\ModdingSpace2\GVCC\Depend\build\libs\Depend-1.0.jar
[02:16:25] [Client thread/WARN]: ResourcePack: ignored non-lowercase namespace: multiModel in C:\ModdingSpace2\GVCC\Depend\build\libs\Depend-1.0.jar
[02:16:25] [Client thread/WARN]: ResourcePack: ignored non-lowercase namespace: multiModel in C:\ModdingSpace2\GVCC\Depend\build\libs\Depend-1.0.jar
[02:16:25] [Client thread/WARN]: ResourcePack: ignored non-lowercase namespace: multiModel in C:\ModdingSpace2\GVCC\Depend\build\libs\Depend-1.0.jar
[02:16:25] [Client thread/WARN]: ResourcePack: ignored non-lowercase namespace: multiModel in C:\ModdingSpace2\GVCC\Depend\build\libs\Depend-1.0.jar
[02:16:25] [Client thread/WARN]: ResourcePack: ignored non-lowercase namespace: multiModel in C:\ModdingSpace2\GVCC\Depend\build\libs\Depend-1.0.jar
[02:16:25] [Client thread/WARN]: ResourcePack: ignored non-lowercase namespace: multiModel in C:\ModdingSpace2\GVCC\Depend\build\libs\Depend-1.0.jar
[02:16:25] [Client thread/WARN]: ResourcePack: ignored non-lowercase namespace: multiModel in C:\ModdingSpace2\GVCC\Depend\build\libs\Depend-1.0.jar
[02:16:25] [Client thread/WARN]: ResourcePack: ignored non-lowercase namespace: multiModel in C:\ModdingSpace2\GVCC\Depend\build\libs\Depend-1.0.jar
[02:16:25] [Client thread/WARN]: ResourcePack: ignored non-lowercase namespace: multiModel in C:\ModdingSpace2\GVCC\Depend\build\libs\Depend-1.0.jar
[02:16:25] [Client thread/WARN]: ResourcePack: ignored non-lowercase namespace: multiModel in C:\ModdingSpace2\GVCC\Depend\build\libs\Depend-1.0.jar
[02:16:25] [Client thread/WARN]: ResourcePack: ignored non-lowercase namespace: multiModel in C:\ModdingSpace2\GVCC\Depend\build\libs\Depend-1.0.jar
[02:16:25] [Client thread/WARN]: ResourcePack: ignored non-lowercase namespace: multiModel in C:\ModdingSpace2\GVCC\Depend\build\libs\Depend-1.0.jar
[02:16:25] [Client thread/WARN]: ResourcePack: ignored non-lowercase namespace: multiModel in C:\ModdingSpace2\GVCC\Depend\build\libs\Depend-1.0.jar
[02:16:25] [Client thread/WARN]: ResourcePack: ignored non-lowercase namespace: multiModel in C:\ModdingSpace2\GVCC\Depend\build\libs\Depend-1.0.jar
[02:16:25] [Client thread/WARN]: ResourcePack: ignored non-lowercase namespace: multiModel in C:\ModdingSpace2\GVCC\Depend\build\libs\Depend-1.0.jar
[02:16:25] [Client thread/WARN]: ResourcePack: ignored non-lowercase namespace: multiModel in C:\ModdingSpace2\GVCC\Depend\build\libs\Depend-1.0.jar
[02:16:25] [Client thread/WARN]: ResourcePack: ignored non-lowercase namespace: multiModel in C:\ModdingSpace2\GVCC\Depend\build\libs\Depend-1.0.jar
[02:16:25] [Client thread/WARN]: ResourcePack: ignored non-lowercase namespace: multiModel in C:\ModdingSpace2\GVCC\Depend\build\libs\Depend-1.0.jar
[02:16:25] [Client thread/WARN]: ResourcePack: ignored non-lowercase namespace: multiModel in C:\ModdingSpace2\GVCC\Depend\build\libs\Depend-1.0.jar
[02:16:25] [Client thread/WARN]: ResourcePack: ignored non-lowercase namespace: multiModel in C:\ModdingSpace2\GVCC\Depend\build\libs\Depend-1.0.jar
[02:16:25] [Client thread/WARN]: ResourcePack: ignored non-lowercase namespace: multiModel in C:\ModdingSpace2\GVCC\Depend\build\libs\Depend-1.0.jar
[02:16:25] [Client thread/WARN]: ResourcePack: ignored non-lowercase namespace: multiModel in C:\ModdingSpace2\GVCC\Depend\build\libs\Depend-1.0.jar
[02:16:25] [Client thread/WARN]: ResourcePack: ignored non-lowercase namespace: multiModel in C:\ModdingSpace2\GVCC\Depend\build\libs\Depend-1.0.jar
[02:16:25] [Client thread/WARN]: ResourcePack: ignored non-lowercase namespace: multiModel in C:\ModdingSpace2\GVCC\Depend\build\libs\Depend-1.0.jar
[02:16:25] [Client thread/WARN]: ResourcePack: ignored non-lowercase namespace: multiModel in C:\ModdingSpace2\GVCC\Depend\build\libs\Depend-1.0.jar
[02:16:25] [Client thread/WARN]: ResourcePack: ignored non-lowercase namespace: multiModel in C:\ModdingSpace2\GVCC\Depend\build\libs\Depend-1.0.jar
[02:16:25] [Client thread/WARN]: ResourcePack: ignored non-lowercase namespace: multiModel in C:\ModdingSpace2\GVCC\Depend\build\libs\Depend-1.0.jar
[02:16:25] [Client thread/WARN]: ResourcePack: ignored non-lowercase namespace: multiModel in C:\ModdingSpace2\GVCC\Depend\build\libs\Depend-1.0.jar
[02:16:25] [Client thread/WARN]: ResourcePack: ignored non-lowercase namespace: multiModel in C:\ModdingSpace2\GVCC\Depend\build\libs\Depend-1.0.jar
[02:16:25] [Client thread/WARN]: ResourcePack: ignored non-lowercase namespace: multiModel in C:\ModdingSpace2\GVCC\Depend\build\libs\Depend-1.0.jar
[02:16:25] [Client thread/WARN]: ResourcePack: ignored non-lowercase namespace: multiModel in C:\ModdingSpace2\GVCC\Depend\build\libs\Depend-1.0.jar
[02:16:25] [Client thread/WARN]: ResourcePack: ignored non-lowercase namespace: multiModel in C:\ModdingSpace2\GVCC\Depend\build\libs\Depend-1.0.jar
[02:16:25] [Client thread/WARN]: ResourcePack: ignored non-lowercase namespace: multiModel in C:\ModdingSpace2\GVCC\Depend\build\libs\Depend-1.0.jar
[02:16:25] [Client thread/WARN]: ResourcePack: ignored non-lowercase namespace: multiModel in C:\ModdingSpace2\GVCC\Depend\build\libs\Depend-1.0.jar
[02:16:25] [Client thread/WARN]: ResourcePack: ignored non-lowercase namespace: multiModel in C:\ModdingSpace2\GVCC\Depend\build\libs\Depend-1.0.jar
[02:16:25] [Client thread/WARN]: ResourcePack: ignored non-lowercase namespace: multiModel in C:\ModdingSpace2\GVCC\Depend\build\libs\Depend-1.0.jar
[02:16:25] [Client thread/WARN]: ResourcePack: ignored non-lowercase namespace: multiModel in C:\ModdingSpace2\GVCC\Depend\build\libs\Depend-1.0.jar
[02:16:25] [Client thread/WARN]: ResourcePack: ignored non-lowercase namespace: multiModel in C:\ModdingSpace2\GVCC\Depend\build\libs\Depend-1.0.jar
[02:16:25] [Client thread/WARN]: ResourcePack: ignored non-lowercase namespace: multiModel in C:\ModdingSpace2\GVCC\Depend\build\libs\Depend-1.0.jar
[02:16:25] [Client thread/WARN]: ResourcePack: ignored non-lowercase namespace: multiModel in C:\ModdingSpace2\GVCC\Depend\build\libs\Depend-1.0.jar
[02:16:25] [Client thread/WARN]: ResourcePack: ignored non-lowercase namespace: multiModel in C:\ModdingSpace2\GVCC\Depend\build\libs\Depend-1.0.jar
[02:16:25] [Client thread/WARN]: ResourcePack: ignored non-lowercase namespace: multiModel in C:\ModdingSpace2\GVCC\Depend\build\libs\Depend-1.0.jar
[02:16:25] [Client thread/WARN]: ResourcePack: ignored non-lowercase namespace: multiModel in C:\ModdingSpace2\GVCC\Depend\build\libs\Depend-1.0.jar
[02:16:25] [Client thread/WARN]: ResourcePack: ignored non-lowercase namespace: multiModel in C:\ModdingSpace2\GVCC\Depend\build\libs\Depend-1.0.jar
[02:16:25] [Client thread/WARN]: ResourcePack: ignored non-lowercase namespace: multiModel in C:\ModdingSpace2\GVCC\Depend\build\libs\Depend-1.0.jar
[02:16:25] [Client thread/WARN]: ResourcePack: ignored non-lowercase namespace: multiModel in C:\ModdingSpace2\GVCC\Depend\build\libs\Depend-1.0.jar
[02:16:25] [Client thread/WARN]: ResourcePack: ignored non-lowercase namespace: multiModel in C:\ModdingSpace2\GVCC\Depend\build\libs\Depend-1.0.jar
[02:16:25] [Client thread/WARN]: ResourcePack: ignored non-lowercase namespace: multiModel in C:\ModdingSpace2\GVCC\Depend\build\libs\Depend-1.0.jar
[02:16:25] [Client thread/WARN]: ResourcePack: ignored non-lowercase namespace: multiModel in C:\ModdingSpace2\GVCC\Depend\build\libs\Depend-1.0.jar
[02:16:25] [Client thread/WARN]: ResourcePack: ignored non-lowercase namespace: multiModel in C:\ModdingSpace2\GVCC\Depend\build\libs\Depend-1.0.jar
[02:16:25] [Client thread/WARN]: ResourcePack: ignored non-lowercase namespace: multiModel in C:\ModdingSpace2\GVCC\Depend\build\libs\Depend-1.0.jar
[02:16:25] [Client thread/WARN]: ResourcePack: ignored non-lowercase namespace: multiModel in C:\ModdingSpace2\GVCC\Depend\build\libs\Depend-1.0.jar
[02:16:25] [Client thread/WARN]: ResourcePack: ignored non-lowercase namespace: multiModel in C:\ModdingSpace2\GVCC\Depend\build\libs\Depend-1.0.jar
[02:16:25] [Client thread/WARN]: ResourcePack: ignored non-lowercase namespace: multiModel in C:\ModdingSpace2\GVCC\Depend\build\libs\Depend-1.0.jar
[02:16:25] [Client thread/WARN]: ResourcePack: ignored non-lowercase namespace: multiModel in C:\ModdingSpace2\GVCC\Depend\build\libs\Depend-1.0.jar
[02:16:25] [Client thread/WARN]: ResourcePack: ignored non-lowercase namespace: multiModel in C:\ModdingSpace2\GVCC\Depend\build\libs\Depend-1.0.jar
[02:16:25] [Client thread/WARN]: ResourcePack: ignored non-lowercase namespace: multiModel in C:\ModdingSpace2\GVCC\Depend\build\libs\Depend-1.0.jar
[02:16:25] [Client thread/WARN]: ResourcePack: ignored non-lowercase namespace: multiModel in C:\ModdingSpace2\GVCC\Depend\build\libs\Depend-1.0.jar
[02:16:25] [Client thread/WARN]: ResourcePack: ignored non-lowercase namespace: multiModel in C:\ModdingSpace2\GVCC\Depend\build\libs\Depend-1.0.jar
[02:16:25] [Client thread/WARN]: ResourcePack: ignored non-lowercase namespace: multiModel in C:\ModdingSpace2\GVCC\Depend\build\libs\Depend-1.0.jar
[02:16:25] [Client thread/WARN]: ResourcePack: ignored non-lowercase namespace: multiModel in C:\ModdingSpace2\GVCC\Depend\build\libs\Depend-1.0.jar
[02:16:25] [Client thread/WARN]: ResourcePack: ignored non-lowercase namespace: multiModel in C:\ModdingSpace2\GVCC\Depend\build\libs\Depend-1.0.jar
[02:16:25] [Client thread/WARN]: ResourcePack: ignored non-lowercase namespace: multiModel in C:\ModdingSpace2\GVCC\Depend\build\libs\Depend-1.0.jar
[02:16:25] [Client thread/WARN]: ResourcePack: ignored non-lowercase namespace: multiModel in C:\ModdingSpace2\GVCC\Depend\build\libs\Depend-1.0.jar
[02:16:25] [Client thread/WARN]: ResourcePack: ignored non-lowercase namespace: multiModel in C:\ModdingSpace2\GVCC\Depend\build\libs\Depend-1.0.jar
[02:16:25] [Client thread/WARN]: ResourcePack: ignored non-lowercase namespace: multiModel in C:\ModdingSpace2\GVCC\Depend\build\libs\Depend-1.0.jar
[02:16:25] [Client thread/WARN]: ResourcePack: ignored non-lowercase namespace: multiModel in C:\ModdingSpace2\GVCC\Depend\build\libs\Depend-1.0.jar
[02:16:25] [Client thread/WARN]: ResourcePack: ignored non-lowercase namespace: multiModel in C:\ModdingSpace2\GVCC\Depend\build\libs\Depend-1.0.jar
[02:16:25] [Client thread/WARN]: ResourcePack: ignored non-lowercase namespace: multiModel in C:\ModdingSpace2\GVCC\Depend\build\libs\Depend-1.0.jar
[02:16:25] [Client thread/WARN]: ResourcePack: ignored non-lowercase namespace: multiModel in C:\ModdingSpace2\GVCC\Depend\build\libs\Depend-1.0.jar
[02:16:25] [Client thread/WARN]: ResourcePack: ignored non-lowercase namespace: multiModel in C:\ModdingSpace2\GVCC\Depend\build\libs\Depend-1.0.jar
[02:16:25] [Client thread/WARN]: ResourcePack: ignored non-lowercase namespace: multiModel in C:\ModdingSpace2\GVCC\Depend\build\libs\Depend-1.0.jar
[02:16:25] [Client thread/WARN]: ResourcePack: ignored non-lowercase namespace: multiModel in C:\ModdingSpace2\GVCC\Depend\build\libs\Depend-1.0.jar
[02:16:25] [Client thread/WARN]: ResourcePack: ignored non-lowercase namespace: multiModel in C:\ModdingSpace2\GVCC\Depend\build\libs\Depend-1.0.jar
[02:16:25] [Client thread/WARN]: ResourcePack: ignored non-lowercase namespace: multiModel in C:\ModdingSpace2\GVCC\Depend\build\libs\Depend-1.0.jar
[02:16:25] [Client thread/WARN]: ResourcePack: ignored non-lowercase namespace: multiModel in C:\ModdingSpace2\GVCC\Depend\build\libs\Depend-1.0.jar
[02:16:25] [Client thread/WARN]: ResourcePack: ignored non-lowercase namespace: multiModel in C:\ModdingSpace2\GVCC\Depend\build\libs\Depend-1.0.jar
[02:16:25] [Client thread/WARN]: ResourcePack: ignored non-lowercase namespace: multiModel in C:\ModdingSpace2\GVCC\Depend\build\libs\Depend-1.0.jar
[02:16:25] [Client thread/WARN]: ResourcePack: ignored non-lowercase namespace: multiModel in C:\ModdingSpace2\GVCC\Depend\build\libs\Depend-1.0.jar
[02:16:25] [Client thread/WARN]: ResourcePack: ignored non-lowercase namespace: multiModel in C:\ModdingSpace2\GVCC\Depend\build\libs\Depend-1.0.jar
[02:16:25] [Client thread/WARN]: ResourcePack: ignored non-lowercase namespace: multiModel in C:\ModdingSpace2\GVCC\Depend\build\libs\Depend-1.0.jar
[02:16:25] [Client thread/WARN]: ResourcePack: ignored non-lowercase namespace: multiModel in C:\ModdingSpace2\GVCC\Depend\build\libs\Depend-1.0.jar
[02:16:25] [Client thread/WARN]: ResourcePack: ignored non-lowercase namespace: multiModel in C:\ModdingSpace2\GVCC\Depend\build\libs\Depend-1.0.jar
[02:16:25] [Client thread/WARN]: ResourcePack: ignored non-lowercase namespace: multiModel in C:\ModdingSpace2\GVCC\Depend\build\libs\Depend-1.0.jar
[02:16:25] [Client thread/WARN]: ResourcePack: ignored non-lowercase namespace: multiModel in C:\ModdingSpace2\GVCC\Depend\build\libs\Depend-1.0.jar
[02:16:25] [Client thread/WARN]: ResourcePack: ignored non-lowercase namespace: multiModel in C:\ModdingSpace2\GVCC\Depend\build\libs\Depend-1.0.jar
[02:16:25] [Client thread/WARN]: ResourcePack: ignored non-lowercase namespace: multiModel in C:\ModdingSpace2\GVCC\Depend\build\libs\Depend-1.0.jar
[02:16:25] [Client thread/WARN]: ResourcePack: ignored non-lowercase namespace: multiModel in C:\ModdingSpace2\GVCC\Depend\build\libs\Depend-1.0.jar
[02:16:25] [Client thread/WARN]: ResourcePack: ignored non-lowercase namespace: multiModel in C:\ModdingSpace2\GVCC\Depend\build\libs\Depend-1.0.jar
[02:16:25] [Client thread/WARN]: ResourcePack: ignored non-lowercase namespace: multiModel in C:\ModdingSpace2\GVCC\Depend\build\libs\Depend-1.0.jar
[02:16:25] [Client thread/WARN]: ResourcePack: ignored non-lowercase namespace: multiModel in C:\ModdingSpace2\GVCC\Depend\build\libs\Depend-1.0.jar
[02:16:25] [Client thread/WARN]: ResourcePack: ignored non-lowercase namespace: multiModel in C:\ModdingSpace2\GVCC\Depend\build\libs\Depend-1.0.jar
[02:16:25] [Client thread/WARN]: ResourcePack: ignored non-lowercase namespace: multiModel in C:\ModdingSpace2\GVCC\Depend\build\libs\Depend-1.0.jar
[02:16:25] [Client thread/WARN]: ResourcePack: ignored non-lowercase namespace: multiModel in C:\ModdingSpace2\GVCC\Depend\build\libs\Depend-1.0.jar
[02:16:25] [Client thread/WARN]: ResourcePack: ignored non-lowercase namespace: multiModel in C:\ModdingSpace2\GVCC\Depend\build\libs\Depend-1.0.jar
[02:16:25] [Client thread/WARN]: ResourcePack: ignored non-lowercase namespace: multiModel in C:\ModdingSpace2\GVCC\Depend\build\libs\Depend-1.0.jar
[02:16:25] [Client thread/WARN]: ResourcePack: ignored non-lowercase namespace: multiModel in C:\ModdingSpace2\GVCC\Depend\build\libs\Depend-1.0.jar
[02:16:25] [Client thread/WARN]: ResourcePack: ignored non-lowercase namespace: multiModel in C:\ModdingSpace2\GVCC\Depend\build\libs\Depend-1.0.jar
[02:16:25] [Client thread/WARN]: ResourcePack: ignored non-lowercase namespace: multiModel in C:\ModdingSpace2\GVCC\Depend\build\libs\Depend-1.0.jar
[02:16:25] [Client thread/WARN]: ResourcePack: ignored non-lowercase namespace: multiModel in C:\ModdingSpace2\GVCC\Depend\build\libs\Depend-1.0.jar
[02:16:25] [Client thread/WARN]: ResourcePack: ignored non-lowercase namespace: multiModel in C:\ModdingSpace2\GVCC\Depend\build\libs\Depend-1.0.jar
[02:16:25] [Client thread/WARN]: ResourcePack: ignored non-lowercase namespace: multiModel in C:\ModdingSpace2\GVCC\Depend\build\libs\Depend-1.0.jar
[02:16:25] [Client thread/WARN]: ResourcePack: ignored non-lowercase namespace: multiModel in C:\ModdingSpace2\GVCC\Depend\build\libs\Depend-1.0.jar
[02:16:25] [Client thread/WARN]: ResourcePack: ignored non-lowercase namespace: multiModel in C:\ModdingSpace2\GVCC\Depend\build\libs\Depend-1.0.jar
[02:16:25] [Client thread/WARN]: ResourcePack: ignored non-lowercase namespace: multiModel in C:\ModdingSpace2\GVCC\Depend\build\libs\Depend-1.0.jar
[02:16:25] [Client thread/WARN]: ResourcePack: ignored non-lowercase namespace: multiModel in C:\ModdingSpace2\GVCC\Depend\build\libs\Depend-1.0.jar
[02:16:25] [Client thread/WARN]: ResourcePack: ignored non-lowercase namespace: multiModel in C:\ModdingSpace2\GVCC\Depend\build\libs\Depend-1.0.jar
[02:16:25] [Client thread/WARN]: ResourcePack: ignored non-lowercase namespace: multiModel in C:\ModdingSpace2\GVCC\Depend\build\libs\Depend-1.0.jar
[02:16:25] [Client thread/WARN]: ResourcePack: ignored non-lowercase namespace: multiModel in C:\ModdingSpace2\GVCC\Depend\build\libs\Depend-1.0.jar
[02:16:25] [Client thread/WARN]: ResourcePack: ignored non-lowercase namespace: multiModel in C:\ModdingSpace2\GVCC\Depend\build\libs\Depend-1.0.jar
[02:16:25] [Client thread/WARN]: ResourcePack: ignored non-lowercase namespace: multiModel in C:\ModdingSpace2\GVCC\Depend\build\libs\Depend-1.0.jar
[02:16:25] [Client thread/WARN]: ResourcePack: ignored non-lowercase namespace: multiModel in C:\ModdingSpace2\GVCC\Depend\build\libs\Depend-1.0.jar
[02:16:25] [Client thread/WARN]: ResourcePack: ignored non-lowercase namespace: multiModel in C:\ModdingSpace2\GVCC\Depend\build\libs\Depend-1.0.jar
[02:16:25] [Client thread/WARN]: ResourcePack: ignored non-lowercase namespace: multiModel in C:\ModdingSpace2\GVCC\Depend\build\libs\Depend-1.0.jar
[02:16:25] [Client thread/WARN]: ResourcePack: ignored non-lowercase namespace: multiModel in C:\ModdingSpace2\GVCC\Depend\build\libs\Depend-1.0.jar
[02:16:25] [Client thread/WARN]: ResourcePack: ignored non-lowercase namespace: multiModel in C:\ModdingSpace2\GVCC\Depend\build\libs\Depend-1.0.jar
[02:16:25] [Client thread/WARN]: ResourcePack: ignored non-lowercase namespace: multiModel in C:\ModdingSpace2\GVCC\Depend\build\libs\Depend-1.0.jar
[02:16:25] [Client thread/WARN]: ResourcePack: ignored non-lowercase namespace: multiModel in C:\ModdingSpace2\GVCC\Depend\build\libs\Depend-1.0.jar
[02:16:25] [Client thread/WARN]: ResourcePack: ignored non-lowercase namespace: multiModel in C:\ModdingSpace2\GVCC\Depend\build\libs\Depend-1.0.jar
[02:16:25] [Client thread/WARN]: ResourcePack: ignored non-lowercase namespace: multiModel in C:\ModdingSpace2\GVCC\Depend\build\libs\Depend-1.0.jar
[02:16:25] [Client thread/WARN]: ResourcePack: ignored non-lowercase namespace: multiModel in C:\ModdingSpace2\GVCC\Depend\build\libs\Depend-1.0.jar
[02:16:25] [Client thread/WARN]: ResourcePack: ignored non-lowercase namespace: multiModel in C:\ModdingSpace2\GVCC\Depend\build\libs\Depend-1.0.jar
[02:16:25] [Client thread/WARN]: ResourcePack: ignored non-lowercase namespace: multiModel in C:\ModdingSpace2\GVCC\Depend\build\libs\Depend-1.0.jar
[02:16:25] [Client thread/WARN]: ResourcePack: ignored non-lowercase namespace: multiModel in C:\ModdingSpace2\GVCC\Depend\build\libs\Depend-1.0.jar
[02:16:25] [Client thread/WARN]: ResourcePack: ignored non-lowercase namespace: multiModel in C:\ModdingSpace2\GVCC\Depend\build\libs\Depend-1.0.jar
[02:16:25] [Client thread/WARN]: ResourcePack: ignored non-lowercase namespace: multiModel in C:\ModdingSpace2\GVCC\Depend\build\libs\Depend-1.0.jar
[02:16:25] [Client thread/WARN]: ResourcePack: ignored non-lowercase namespace: multiModel in C:\ModdingSpace2\GVCC\Depend\build\libs\Depend-1.0.jar
[02:16:25] [Client thread/WARN]: ResourcePack: ignored non-lowercase namespace: multiModel in C:\ModdingSpace2\GVCC\Depend\build\libs\Depend-1.0.jar
[02:16:25] [Client thread/WARN]: ResourcePack: ignored non-lowercase namespace: multiModel in C:\ModdingSpace2\GVCC\Depend\build\libs\Depend-1.0.jar
[02:16:25] [Client thread/WARN]: ResourcePack: ignored non-lowercase namespace: multiModel in C:\ModdingSpace2\GVCC\Depend\build\libs\Depend-1.0.jar
[02:16:25] [Client thread/WARN]: ResourcePack: ignored non-lowercase namespace: multiModel in C:\ModdingSpace2\GVCC\Depend\build\libs\Depend-1.0.jar
[02:16:25] [Client thread/WARN]: ResourcePack: ignored non-lowercase namespace: multiModel in C:\ModdingSpace2\GVCC\Depend\build\libs\Depend-1.0.jar
[02:16:25] [Client thread/WARN]: ResourcePack: ignored non-lowercase namespace: multiModel in C:\ModdingSpace2\GVCC\Depend\build\libs\Depend-1.0.jar
[02:16:25] [Client thread/WARN]: ResourcePack: ignored non-lowercase namespace: multiModel in C:\ModdingSpace2\GVCC\Depend\build\libs\Depend-1.0.jar
[02:16:25] [Client thread/WARN]: ResourcePack: ignored non-lowercase namespace: multiModel in C:\ModdingSpace2\GVCC\Depend\build\libs\Depend-1.0.jar
[02:16:25] [Client thread/WARN]: ResourcePack: ignored non-lowercase namespace: multiModel in C:\ModdingSpace2\GVCC\Depend\build\libs\Depend-1.0.jar
[02:16:25] [Client thread/WARN]: ResourcePack: ignored non-lowercase namespace: multiModel in C:\ModdingSpace2\GVCC\Depend\build\libs\Depend-1.0.jar
[02:16:25] [Client thread/WARN]: ResourcePack: ignored non-lowercase namespace: multiModel in C:\ModdingSpace2\GVCC\Depend\build\libs\Depend-1.0.jar
[02:16:25] [Client thread/WARN]: ResourcePack: ignored non-lowercase namespace: multiModel in C:\ModdingSpace2\GVCC\Depend\build\libs\Depend-1.0.jar
[02:16:25] [Client thread/WARN]: ResourcePack: ignored non-lowercase namespace: multiModel in C:\ModdingSpace2\GVCC\Depend\build\libs\Depend-1.0.jar
[02:16:25] [Client thread/WARN]: ResourcePack: ignored non-lowercase namespace: multiModel in C:\ModdingSpace2\GVCC\Depend\build\libs\Depend-1.0.jar
[02:16:25] [Client thread/WARN]: ResourcePack: ignored non-lowercase namespace: multiModel in C:\ModdingSpace2\GVCC\Depend\build\libs\Depend-1.0.jar
[02:16:25] [Client thread/WARN]: ResourcePack: ignored non-lowercase namespace: multiModel in C:\ModdingSpace2\GVCC\Depend\build\libs\Depend-1.0.jar
[02:16:25] [Client thread/WARN]: ResourcePack: ignored non-lowercase namespace: multiModel in C:\ModdingSpace2\GVCC\Depend\build\libs\Depend-1.0.jar
[02:16:25] [Client thread/WARN]: ResourcePack: ignored non-lowercase namespace: multiModel in C:\ModdingSpace2\GVCC\Depend\build\libs\Depend-1.0.jar
[02:16:25] [Client thread/WARN]: ResourcePack: ignored non-lowercase namespace: multiModel in C:\ModdingSpace2\GVCC\Depend\build\libs\Depend-1.0.jar
[02:16:25] [Client thread/WARN]: ResourcePack: ignored non-lowercase namespace: multiModel in C:\ModdingSpace2\GVCC\Depend\build\libs\Depend-1.0.jar
[02:16:25] [Client thread/WARN]: ResourcePack: ignored non-lowercase namespace: multiModel in C:\ModdingSpace2\GVCC\Depend\build\libs\Depend-1.0.jar
[02:16:25] [Client thread/WARN]: ResourcePack: ignored non-lowercase namespace: multiModel in C:\ModdingSpace2\GVCC\Depend\build\libs\Depend-1.0.jar
[02:16:25] [Client thread/WARN]: ResourcePack: ignored non-lowercase namespace: multiModel in C:\ModdingSpace2\GVCC\Depend\build\libs\Depend-1.0.jar
[02:16:25] [Client thread/WARN]: ResourcePack: ignored non-lowercase namespace: multiModel in C:\ModdingSpace2\GVCC\Depend\build\libs\Depend-1.0.jar
[02:16:25] [Client thread/WARN]: ResourcePack: ignored non-lowercase namespace: multiModel in C:\ModdingSpace2\GVCC\Depend\build\libs\Depend-1.0.jar
[02:16:25] [Client thread/WARN]: ResourcePack: ignored non-lowercase namespace: multiModel in C:\ModdingSpace2\GVCC\Depend\build\libs\Depend-1.0.jar
[02:16:25] [Client thread/WARN]: ResourcePack: ignored non-lowercase namespace: multiModel in C:\ModdingSpace2\GVCC\Depend\build\libs\Depend-1.0.jar
[02:16:25] [Client thread/WARN]: ResourcePack: ignored non-lowercase namespace: multiModel in C:\ModdingSpace2\GVCC\Depend\build\libs\Depend-1.0.jar
[02:16:25] [Client thread/WARN]: ResourcePack: ignored non-lowercase namespace: multiModel in C:\ModdingSpace2\GVCC\Depend\build\libs\Depend-1.0.jar
[02:16:25] [Client thread/WARN]: ResourcePack: ignored non-lowercase namespace: multiModel in C:\ModdingSpace2\GVCC\Depend\build\libs\Depend-1.0.jar
[02:16:25] [Client thread/WARN]: ResourcePack: ignored non-lowercase namespace: multiModel in C:\ModdingSpace2\GVCC\Depend\build\libs\Depend-1.0.jar
[02:16:25] [Client thread/WARN]: ResourcePack: ignored non-lowercase namespace: multiModel in C:\ModdingSpace2\GVCC\Depend\build\libs\Depend-1.0.jar
[02:16:25] [Client thread/WARN]: ResourcePack: ignored non-lowercase namespace: multiModel in C:\ModdingSpace2\GVCC\Depend\build\libs\Depend-1.0.jar
[02:16:25] [Client thread/WARN]: ResourcePack: ignored non-lowercase namespace: multiModel in C:\ModdingSpace2\GVCC\Depend\build\libs\Depend-1.0.jar
[02:16:25] [Client thread/WARN]: ResourcePack: ignored non-lowercase namespace: multiModel in C:\ModdingSpace2\GVCC\Depend\build\libs\Depend-1.0.jar
[02:16:25] [Client thread/WARN]: ResourcePack: ignored non-lowercase namespace: multiModel in C:\ModdingSpace2\GVCC\Depend\build\libs\Depend-1.0.jar
[02:16:25] [Client thread/WARN]: ResourcePack: ignored non-lowercase namespace: multiModel in C:\ModdingSpace2\GVCC\Depend\build\libs\Depend-1.0.jar
[02:16:25] [Client thread/WARN]: ResourcePack: ignored non-lowercase namespace: multiModel in C:\ModdingSpace2\GVCC\Depend\build\libs\Depend-1.0.jar
[02:16:25] [Client thread/WARN]: ResourcePack: ignored non-lowercase namespace: multiModel in C:\ModdingSpace2\GVCC\Depend\build\libs\Depend-1.0.jar
[02:16:25] [Client thread/WARN]: ResourcePack: ignored non-lowercase namespace: multiModel in C:\ModdingSpace2\GVCC\Depend\build\libs\Depend-1.0.jar
[02:16:25] [Client thread/WARN]: ResourcePack: ignored non-lowercase namespace: multiModel in C:\ModdingSpace2\GVCC\Depend\build\libs\Depend-1.0.jar
[02:16:25] [Client thread/WARN]: ResourcePack: ignored non-lowercase namespace: multiModel in C:\ModdingSpace2\GVCC\Depend\build\libs\Depend-1.0.jar
[02:16:25] [Client thread/WARN]: ResourcePack: ignored non-lowercase namespace: multiModel in C:\ModdingSpace2\GVCC\Depend\build\libs\Depend-1.0.jar
[02:16:25] [Client thread/WARN]: ResourcePack: ignored non-lowercase namespace: multiModel in C:\ModdingSpace2\GVCC\Depend\build\libs\Depend-1.0.jar
[02:16:25] [Client thread/WARN]: ResourcePack: ignored non-lowercase namespace: multiModel in C:\ModdingSpace2\GVCC\Depend\build\libs\Depend-1.0.jar
[02:16:25] [Client thread/WARN]: ResourcePack: ignored non-lowercase namespace: multiModel in C:\ModdingSpace2\GVCC\Depend\build\libs\Depend-1.0.jar
[02:16:25] [Client thread/WARN]: ResourcePack: ignored non-lowercase namespace: multiModel in C:\ModdingSpace2\GVCC\Depend\build\libs\Depend-1.0.jar
[02:16:26] [Client thread/INFO]: Reloading ResourceManager: Default, FMLFileResourcePack:Forge Mod Loader, FMLFileResourcePack:Minecraft Forge, FMLFileResourcePack:HandMadeGunsModEX, FMLFileResourcePack:lmmx, FMLFileResourcePack:MMMLibX, FMLFileResourcePack:Sokoniyatugairuzo, FMLFileResourcePack:zabuton, FMLFileResourcePack:Guerrilla vs Command mod : High Difficulity version, FMLFileResourcePack:GVCGuns, FMLFileResourcePack:HMVehicle, FMLFileResourcePack:HandmadeGuns, FMLFileResourcePack:HandmadeGuns
[02:16:26] [Client thread/WARN]: ResourcePack: ignored non-lowercase namespace: multiModel in C:\ModdingSpace2\GVCC\Depend\build\libs\Depend-1.0.jar
[02:16:26] [Client thread/WARN]: ResourcePack: ignored non-lowercase namespace: multiModel in C:\ModdingSpace2\GVCC\Depend\build\libs\Depend-1.0.jar
[02:16:26] [Client thread/WARN]: ResourcePack: ignored non-lowercase namespace: multiModel in C:\ModdingSpace2\GVCC\Depend\build\libs\Depend-1.0.jar
[02:16:26] [Client thread/WARN]: ResourcePack: ignored non-lowercase namespace: multiModel in C:\ModdingSpace2\GVCC\Depend\build\libs\Depend-1.0.jar
[02:16:26] [Client thread/WARN]: ResourcePack: ignored non-lowercase namespace: multiModel in C:\ModdingSpace2\GVCC\Depend\build\libs\Depend-1.0.jar
[02:16:26] [Client thread/WARN]: ResourcePack: ignored non-lowercase namespace: multiModel in C:\ModdingSpace2\GVCC\Depend\build\libs\Depend-1.0.jar
[02:16:26] [Client thread/WARN]: ResourcePack: ignored non-lowercase namespace: multiModel in C:\ModdingSpace2\GVCC\Depend\build\libs\Depend-1.0.jar
[02:16:26] [Client thread/WARN]: ResourcePack: ignored non-lowercase namespace: multiModel in C:\ModdingSpace2\GVCC\Depend\build\libs\Depend-1.0.jar
[02:16:26] [Client thread/WARN]: ResourcePack: ignored non-lowercase namespace: multiModel in C:\ModdingSpace2\GVCC\Depend\build\libs\Depend-1.0.jar
[02:16:26] [Client thread/WARN]: ResourcePack: ignored non-lowercase namespace: multiModel in C:\ModdingSpace2\GVCC\Depend\build\libs\Depend-1.0.jar
[02:16:26] [Client thread/WARN]: ResourcePack: ignored non-lowercase namespace: multiModel in C:\ModdingSpace2\GVCC\Depend\build\libs\Depend-1.0.jar
[02:16:26] [Client thread/WARN]: ResourcePack: ignored non-lowercase namespace: multiModel in C:\ModdingSpace2\GVCC\Depend\build\libs\Depend-1.0.jar
[02:16:26] [Client thread/WARN]: ResourcePack: ignored non-lowercase namespace: multiModel in C:\ModdingSpace2\GVCC\Depend\build\libs\Depend-1.0.jar
[02:16:26] [Client thread/WARN]: ResourcePack: ignored non-lowercase namespace: multiModel in C:\ModdingSpace2\GVCC\Depend\build\libs\Depend-1.0.jar
[02:16:26] [Client thread/WARN]: ResourcePack: ignored non-lowercase namespace: multiModel in C:\ModdingSpace2\GVCC\Depend\build\libs\Depend-1.0.jar
[02:16:26] [Client thread/WARN]: ResourcePack: ignored non-lowercase namespace: multiModel in C:\ModdingSpace2\GVCC\Depend\build\libs\Depend-1.0.jar
[02:16:26] [Client thread/WARN]: ResourcePack: ignored non-lowercase namespace: multiModel in C:\ModdingSpace2\GVCC\Depend\build\libs\Depend-1.0.jar
[02:16:26] [Client thread/WARN]: ResourcePack: ignored non-lowercase namespace: multiModel in C:\ModdingSpace2\GVCC\Depend\build\libs\Depend-1.0.jar
[02:16:26] [Client thread/WARN]: ResourcePack: ignored non-lowercase namespace: multiModel in C:\ModdingSpace2\GVCC\Depend\build\libs\Depend-1.0.jar
[02:16:26] [Client thread/WARN]: ResourcePack: ignored non-lowercase namespace: multiModel in C:\ModdingSpace2\GVCC\Depend\build\libs\Depend-1.0.jar
[02:16:26] [Client thread/WARN]: ResourcePack: ignored non-lowercase namespace: multiModel in C:\ModdingSpace2\GVCC\Depend\build\libs\Depend-1.0.jar
[02:16:26] [Client thread/WARN]: ResourcePack: ignored non-lowercase namespace: multiModel in C:\ModdingSpace2\GVCC\Depend\build\libs\Depend-1.0.jar
[02:16:26] [Client thread/WARN]: ResourcePack: ignored non-lowercase namespace: multiModel in C:\ModdingSpace2\GVCC\Depend\build\libs\Depend-1.0.jar
[02:16:26] [Client thread/WARN]: ResourcePack: ignored non-lowercase namespace: multiModel in C:\ModdingSpace2\GVCC\Depend\build\libs\Depend-1.0.jar
[02:16:26] [Client thread/WARN]: ResourcePack: ignored non-lowercase namespace: multiModel in C:\ModdingSpace2\GVCC\Depend\build\libs\Depend-1.0.jar
[02:16:26] [Client thread/WARN]: ResourcePack: ignored non-lowercase namespace: multiModel in C:\ModdingSpace2\GVCC\Depend\build\libs\Depend-1.0.jar
[02:16:26] [Client thread/WARN]: ResourcePack: ignored non-lowercase namespace: multiModel in C:\ModdingSpace2\GVCC\Depend\build\libs\Depend-1.0.jar
[02:16:26] [Client thread/WARN]: ResourcePack: ignored non-lowercase namespace: multiModel in C:\ModdingSpace2\GVCC\Depend\build\libs\Depend-1.0.jar
[02:16:26] [Client thread/WARN]: ResourcePack: ignored non-lowercase namespace: multiModel in C:\ModdingSpace2\GVCC\Depend\build\libs\Depend-1.0.jar
[02:16:26] [Client thread/WARN]: ResourcePack: ignored non-lowercase namespace: multiModel in C:\ModdingSpace2\GVCC\Depend\build\libs\Depend-1.0.jar
[02:16:26] [Client thread/WARN]: ResourcePack: ignored non-lowercase namespace: multiModel in C:\ModdingSpace2\GVCC\Depend\build\libs\Depend-1.0.jar
[02:16:26] [Client thread/WARN]: ResourcePack: ignored non-lowercase namespace: multiModel in C:\ModdingSpace2\GVCC\Depend\build\libs\Depend-1.0.jar
[02:16:26] [Client thread/WARN]: ResourcePack: ignored non-lowercase namespace: multiModel in C:\ModdingSpace2\GVCC\Depend\build\libs\Depend-1.0.jar
[02:16:26] [Client thread/WARN]: ResourcePack: ignored non-lowercase namespace: multiModel in C:\ModdingSpace2\GVCC\Depend\build\libs\Depend-1.0.jar
[02:16:26] [Client thread/WARN]: ResourcePack: ignored non-lowercase namespace: multiModel in C:\ModdingSpace2\GVCC\Depend\build\libs\Depend-1.0.jar
[02:16:26] [Client thread/WARN]: ResourcePack: ignored non-lowercase namespace: multiModel in C:\ModdingSpace2\GVCC\Depend\build\libs\Depend-1.0.jar
[02:16:26] [Client thread/WARN]: ResourcePack: ignored non-lowercase namespace: multiModel in C:\ModdingSpace2\GVCC\Depend\build\libs\Depend-1.0.jar
[02:16:26] [Client thread/WARN]: ResourcePack: ignored non-lowercase namespace: multiModel in C:\ModdingSpace2\GVCC\Depend\build\libs\Depend-1.0.jar
[02:16:26] [Client thread/WARN]: ResourcePack: ignored non-lowercase namespace: multiModel in C:\ModdingSpace2\GVCC\Depend\build\libs\Depend-1.0.jar
[02:16:26] [Client thread/WARN]: ResourcePack: ignored non-lowercase namespace: multiModel in C:\ModdingSpace2\GVCC\Depend\build\libs\Depend-1.0.jar
[02:16:26] [Client thread/WARN]: ResourcePack: ignored non-lowercase namespace: multiModel in C:\ModdingSpace2\GVCC\Depend\build\libs\Depend-1.0.jar
[02:16:26] [Client thread/WARN]: ResourcePack: ignored non-lowercase namespace: multiModel in C:\ModdingSpace2\GVCC\Depend\build\libs\Depend-1.0.jar
[02:16:26] [Client thread/WARN]: ResourcePack: ignored non-lowercase namespace: multiModel in C:\ModdingSpace2\GVCC\Depend\build\libs\Depend-1.0.jar
[02:16:26] [Client thread/WARN]: ResourcePack: ignored non-lowercase namespace: multiModel in C:\ModdingSpace2\GVCC\Depend\build\libs\Depend-1.0.jar
[02:16:26] [Client thread/WARN]: ResourcePack: ignored non-lowercase namespace: multiModel in C:\ModdingSpace2\GVCC\Depend\build\libs\Depend-1.0.jar
[02:16:26] [Client thread/WARN]: ResourcePack: ignored non-lowercase namespace: multiModel in C:\ModdingSpace2\GVCC\Depend\build\libs\Depend-1.0.jar
[02:16:26] [Client thread/WARN]: ResourcePack: ignored non-lowercase namespace: multiModel in C:\ModdingSpace2\GVCC\Depend\build\libs\Depend-1.0.jar
[02:16:26] [Client thread/WARN]: ResourcePack: ignored non-lowercase namespace: multiModel in C:\ModdingSpace2\GVCC\Depend\build\libs\Depend-1.0.jar
[02:16:26] [Client thread/WARN]: ResourcePack: ignored non-lowercase namespace: multiModel in C:\ModdingSpace2\GVCC\Depend\build\libs\Depend-1.0.jar
[02:16:26] [Client thread/WARN]: ResourcePack: ignored non-lowercase namespace: multiModel in C:\ModdingSpace2\GVCC\Depend\build\libs\Depend-1.0.jar
[02:16:26] [Client thread/WARN]: ResourcePack: ignored non-lowercase namespace: multiModel in C:\ModdingSpace2\GVCC\Depend\build\libs\Depend-1.0.jar
[02:16:26] [Client thread/WARN]: ResourcePack: ignored non-lowercase namespace: multiModel in C:\ModdingSpace2\GVCC\Depend\build\libs\Depend-1.0.jar
[02:16:26] [Client thread/WARN]: ResourcePack: ignored non-lowercase namespace: multiModel in C:\ModdingSpace2\GVCC\Depend\build\libs\Depend-1.0.jar
[02:16:26] [Client thread/WARN]: ResourcePack: ignored non-lowercase namespace: multiModel in C:\ModdingSpace2\GVCC\Depend\build\libs\Depend-1.0.jar
[02:16:26] [Client thread/WARN]: ResourcePack: ignored non-lowercase namespace: multiModel in C:\ModdingSpace2\GVCC\Depend\build\libs\Depend-1.0.jar
[02:16:26] [Client thread/WARN]: ResourcePack: ignored non-lowercase namespace: multiModel in C:\ModdingSpace2\GVCC\Depend\build\libs\Depend-1.0.jar
[02:16:26] [Client thread/WARN]: ResourcePack: ignored non-lowercase namespace: multiModel in C:\ModdingSpace2\GVCC\Depend\build\libs\Depend-1.0.jar
[02:16:26] [Client thread/WARN]: ResourcePack: ignored non-lowercase namespace: multiModel in C:\ModdingSpace2\GVCC\Depend\build\libs\Depend-1.0.jar
[02:16:26] [Client thread/WARN]: ResourcePack: ignored non-lowercase namespace: multiModel in C:\ModdingSpace2\GVCC\Depend\build\libs\Depend-1.0.jar
[02:16:26] [Client thread/WARN]: ResourcePack: ignored non-lowercase namespace: multiModel in C:\ModdingSpace2\GVCC\Depend\build\libs\Depend-1.0.jar
[02:16:26] [Client thread/WARN]: ResourcePack: ignored non-lowercase namespace: multiModel in C:\ModdingSpace2\GVCC\Depend\build\libs\Depend-1.0.jar
[02:16:26] [Client thread/WARN]: ResourcePack: ignored non-lowercase namespace: multiModel in C:\ModdingSpace2\GVCC\Depend\build\libs\Depend-1.0.jar
[02:16:26] [Client thread/WARN]: ResourcePack: ignored non-lowercase namespace: multiModel in C:\ModdingSpace2\GVCC\Depend\build\libs\Depend-1.0.jar
[02:16:26] [Client thread/WARN]: ResourcePack: ignored non-lowercase namespace: multiModel in C:\ModdingSpace2\GVCC\Depend\build\libs\Depend-1.0.jar
[02:16:26] [Client thread/WARN]: ResourcePack: ignored non-lowercase namespace: multiModel in C:\ModdingSpace2\GVCC\Depend\build\libs\Depend-1.0.jar
[02:16:26] [Client thread/WARN]: ResourcePack: ignored non-lowercase namespace: multiModel in C:\ModdingSpace2\GVCC\Depend\build\libs\Depend-1.0.jar
[02:16:26] [Client thread/WARN]: ResourcePack: ignored non-lowercase namespace: multiModel in C:\ModdingSpace2\GVCC\Depend\build\libs\Depend-1.0.jar
[02:16:26] [Client thread/WARN]: ResourcePack: ignored non-lowercase namespace: multiModel in C:\ModdingSpace2\GVCC\Depend\build\libs\Depend-1.0.jar
[02:16:26] [Client thread/WARN]: ResourcePack: ignored non-lowercase namespace: multiModel in C:\ModdingSpace2\GVCC\Depend\build\libs\Depend-1.0.jar
[02:16:26] [Client thread/WARN]: ResourcePack: ignored non-lowercase namespace: multiModel in C:\ModdingSpace2\GVCC\Depend\build\libs\Depend-1.0.jar
[02:16:26] [Client thread/WARN]: ResourcePack: ignored non-lowercase namespace: multiModel in C:\ModdingSpace2\GVCC\Depend\build\libs\Depend-1.0.jar
[02:16:26] [Client thread/WARN]: ResourcePack: ignored non-lowercase namespace: multiModel in C:\ModdingSpace2\GVCC\Depend\build\libs\Depend-1.0.jar
[02:16:26] [Client thread/WARN]: ResourcePack: ignored non-lowercase namespace: multiModel in C:\ModdingSpace2\GVCC\Depend\build\libs\Depend-1.0.jar
[02:16:26] [Client thread/WARN]: ResourcePack: ignored non-lowercase namespace: multiModel in C:\ModdingSpace2\GVCC\Depend\build\libs\Depend-1.0.jar
[02:16:26] [Client thread/WARN]: ResourcePack: ignored non-lowercase namespace: multiModel in C:\ModdingSpace2\GVCC\Depend\build\libs\Depend-1.0.jar
[02:16:26] [Client thread/WARN]: ResourcePack: ignored non-lowercase namespace: multiModel in C:\ModdingSpace2\GVCC\Depend\build\libs\Depend-1.0.jar
[02:16:26] [Client thread/WARN]: ResourcePack: ignored non-lowercase namespace: multiModel in C:\ModdingSpace2\GVCC\Depend\build\libs\Depend-1.0.jar
[02:16:26] [Client thread/WARN]: ResourcePack: ignored non-lowercase namespace: multiModel in C:\ModdingSpace2\GVCC\Depend\build\libs\Depend-1.0.jar
[02:16:26] [Client thread/WARN]: ResourcePack: ignored non-lowercase namespace: multiModel in C:\ModdingSpace2\GVCC\Depend\build\libs\Depend-1.0.jar
[02:16:26] [Client thread/WARN]: ResourcePack: ignored non-lowercase namespace: multiModel in C:\ModdingSpace2\GVCC\Depend\build\libs\Depend-1.0.jar
[02:16:26] [Client thread/WARN]: ResourcePack: ignored non-lowercase namespace: multiModel in C:\ModdingSpace2\GVCC\Depend\build\libs\Depend-1.0.jar
[02:16:26] [Client thread/WARN]: ResourcePack: ignored non-lowercase namespace: multiModel in C:\ModdingSpace2\GVCC\Depend\build\libs\Depend-1.0.jar
[02:16:26] [Client thread/WARN]: ResourcePack: ignored non-lowercase namespace: multiModel in C:\ModdingSpace2\GVCC\Depend\build\libs\Depend-1.0.jar
[02:16:26] [Client thread/WARN]: ResourcePack: ignored non-lowercase namespace: multiModel in C:\ModdingSpace2\GVCC\Depend\build\libs\Depend-1.0.jar
[02:16:26] [Client thread/WARN]: ResourcePack: ignored non-lowercase namespace: multiModel in C:\ModdingSpace2\GVCC\Depend\build\libs\Depend-1.0.jar
[02:16:26] [Client thread/WARN]: ResourcePack: ignored non-lowercase namespace: multiModel in C:\ModdingSpace2\GVCC\Depend\build\libs\Depend-1.0.jar
[02:16:26] [Client thread/WARN]: ResourcePack: ignored non-lowercase namespace: multiModel in C:\ModdingSpace2\GVCC\Depend\build\libs\Depend-1.0.jar
[02:16:26] [Client thread/WARN]: ResourcePack: ignored non-lowercase namespace: multiModel in C:\ModdingSpace2\GVCC\Depend\build\libs\Depend-1.0.jar
[02:16:26] [Client thread/WARN]: ResourcePack: ignored non-lowercase namespace: multiModel in C:\ModdingSpace2\GVCC\Depend\build\libs\Depend-1.0.jar
[02:16:26] [Client thread/WARN]: ResourcePack: ignored non-lowercase namespace: multiModel in C:\ModdingSpace2\GVCC\Depend\build\libs\Depend-1.0.jar
[02:16:26] [Client thread/WARN]: ResourcePack: ignored non-lowercase namespace: multiModel in C:\ModdingSpace2\GVCC\Depend\build\libs\Depend-1.0.jar
[02:16:26] [Client thread/WARN]: ResourcePack: ignored non-lowercase namespace: multiModel in C:\ModdingSpace2\GVCC\Depend\build\libs\Depend-1.0.jar
[02:16:26] [Client thread/WARN]: ResourcePack: ignored non-lowercase namespace: multiModel in C:\ModdingSpace2\GVCC\Depend\build\libs\Depend-1.0.jar
[02:16:26] [Client thread/WARN]: ResourcePack: ignored non-lowercase namespace: multiModel in C:\ModdingSpace2\GVCC\Depend\build\libs\Depend-1.0.jar
[02:16:26] [Client thread/WARN]: ResourcePack: ignored non-lowercase namespace: multiModel in C:\ModdingSpace2\GVCC\Depend\build\libs\Depend-1.0.jar
[02:16:26] [Client thread/WARN]: ResourcePack: ignored non-lowercase namespace: multiModel in C:\ModdingSpace2\GVCC\Depend\build\libs\Depend-1.0.jar
[02:16:26] [Client thread/WARN]: ResourcePack: ignored non-lowercase namespace: multiModel in C:\ModdingSpace2\GVCC\Depend\build\libs\Depend-1.0.jar
[02:16:26] [Client thread/WARN]: ResourcePack: ignored non-lowercase namespace: multiModel in C:\ModdingSpace2\GVCC\Depend\build\libs\Depend-1.0.jar
[02:16:26] [Client thread/WARN]: ResourcePack: ignored non-lowercase namespace: multiModel in C:\ModdingSpace2\GVCC\Depend\build\libs\Depend-1.0.jar
[02:16:26] [Client thread/WARN]: ResourcePack: ignored non-lowercase namespace: multiModel in C:\ModdingSpace2\GVCC\Depend\build\libs\Depend-1.0.jar
[02:16:26] [Client thread/WARN]: ResourcePack: ignored non-lowercase namespace: multiModel in C:\ModdingSpace2\GVCC\Depend\build\libs\Depend-1.0.jar
[02:16:26] [Client thread/WARN]: ResourcePack: ignored non-lowercase namespace: multiModel in C:\ModdingSpace2\GVCC\Depend\build\libs\Depend-1.0.jar
[02:16:26] [Client thread/WARN]: ResourcePack: ignored non-lowercase namespace: multiModel in C:\ModdingSpace2\GVCC\Depend\build\libs\Depend-1.0.jar
[02:16:26] [Client thread/WARN]: ResourcePack: ignored non-lowercase namespace: multiModel in C:\ModdingSpace2\GVCC\Depend\build\libs\Depend-1.0.jar
[02:16:26] [Client thread/WARN]: ResourcePack: ignored non-lowercase namespace: multiModel in C:\ModdingSpace2\GVCC\Depend\build\libs\Depend-1.0.jar
[02:16:26] [Client thread/WARN]: ResourcePack: ignored non-lowercase namespace: multiModel in C:\ModdingSpace2\GVCC\Depend\build\libs\Depend-1.0.jar
[02:16:26] [Client thread/WARN]: ResourcePack: ignored non-lowercase namespace: multiModel in C:\ModdingSpace2\GVCC\Depend\build\libs\Depend-1.0.jar
[02:16:26] [Client thread/WARN]: ResourcePack: ignored non-lowercase namespace: multiModel in C:\ModdingSpace2\GVCC\Depend\build\libs\Depend-1.0.jar
[02:16:26] [Client thread/WARN]: ResourcePack: ignored non-lowercase namespace: multiModel in C:\ModdingSpace2\GVCC\Depend\build\libs\Depend-1.0.jar
[02:16:26] [Client thread/WARN]: ResourcePack: ignored non-lowercase namespace: multiModel in C:\ModdingSpace2\GVCC\Depend\build\libs\Depend-1.0.jar
[02:16:26] [Client thread/WARN]: ResourcePack: ignored non-lowercase namespace: multiModel in C:\ModdingSpace2\GVCC\Depend\build\libs\Depend-1.0.jar
[02:16:26] [Client thread/WARN]: ResourcePack: ignored non-lowercase namespace: multiModel in C:\ModdingSpace2\GVCC\Depend\build\libs\Depend-1.0.jar
[02:16:26] [Client thread/WARN]: ResourcePack: ignored non-lowercase namespace: multiModel in C:\ModdingSpace2\GVCC\Depend\build\libs\Depend-1.0.jar
[02:16:26] [Client thread/WARN]: ResourcePack: ignored non-lowercase namespace: multiModel in C:\ModdingSpace2\GVCC\Depend\build\libs\Depend-1.0.jar
[02:16:26] [Client thread/WARN]: ResourcePack: ignored non-lowercase namespace: multiModel in C:\ModdingSpace2\GVCC\Depend\build\libs\Depend-1.0.jar
[02:16:26] [Client thread/WARN]: ResourcePack: ignored non-lowercase namespace: multiModel in C:\ModdingSpace2\GVCC\Depend\build\libs\Depend-1.0.jar
[02:16:26] [Client thread/WARN]: ResourcePack: ignored non-lowercase namespace: multiModel in C:\ModdingSpace2\GVCC\Depend\build\libs\Depend-1.0.jar
[02:16:26] [Client thread/WARN]: ResourcePack: ignored non-lowercase namespace: multiModel in C:\ModdingSpace2\GVCC\Depend\build\libs\Depend-1.0.jar
[02:16:26] [Client thread/WARN]: ResourcePack: ignored non-lowercase namespace: multiModel in C:\ModdingSpace2\GVCC\Depend\build\libs\Depend-1.0.jar
[02:16:26] [Client thread/WARN]: ResourcePack: ignored non-lowercase namespace: multiModel in C:\ModdingSpace2\GVCC\Depend\build\libs\Depend-1.0.jar
[02:16:26] [Client thread/WARN]: ResourcePack: ignored non-lowercase namespace: multiModel in C:\ModdingSpace2\GVCC\Depend\build\libs\Depend-1.0.jar
[02:16:26] [Client thread/WARN]: ResourcePack: ignored non-lowercase namespace: multiModel in C:\ModdingSpace2\GVCC\Depend\build\libs\Depend-1.0.jar
[02:16:26] [Client thread/WARN]: ResourcePack: ignored non-lowercase namespace: multiModel in C:\ModdingSpace2\GVCC\Depend\build\libs\Depend-1.0.jar
[02:16:26] [Client thread/WARN]: ResourcePack: ignored non-lowercase namespace: multiModel in C:\ModdingSpace2\GVCC\Depend\build\libs\Depend-1.0.jar
[02:16:26] [Client thread/WARN]: ResourcePack: ignored non-lowercase namespace: multiModel in C:\ModdingSpace2\GVCC\Depend\build\libs\Depend-1.0.jar
[02:16:26] [Client thread/WARN]: ResourcePack: ignored non-lowercase namespace: multiModel in C:\ModdingSpace2\GVCC\Depend\build\libs\Depend-1.0.jar
[02:16:26] [Client thread/WARN]: ResourcePack: ignored non-lowercase namespace: multiModel in C:\ModdingSpace2\GVCC\Depend\build\libs\Depend-1.0.jar
[02:16:26] [Client thread/WARN]: ResourcePack: ignored non-lowercase namespace: multiModel in C:\ModdingSpace2\GVCC\Depend\build\libs\Depend-1.0.jar
[02:16:26] [Client thread/WARN]: ResourcePack: ignored non-lowercase namespace: multiModel in C:\ModdingSpace2\GVCC\Depend\build\libs\Depend-1.0.jar
[02:16:26] [Client thread/WARN]: ResourcePack: ignored non-lowercase namespace: multiModel in C:\ModdingSpace2\GVCC\Depend\build\libs\Depend-1.0.jar
[02:16:26] [Client thread/WARN]: ResourcePack: ignored non-lowercase namespace: multiModel in C:\ModdingSpace2\GVCC\Depend\build\libs\Depend-1.0.jar
[02:16:26] [Client thread/WARN]: ResourcePack: ignored non-lowercase namespace: multiModel in C:\ModdingSpace2\GVCC\Depend\build\libs\Depend-1.0.jar
[02:16:26] [Client thread/WARN]: ResourcePack: ignored non-lowercase namespace: multiModel in C:\ModdingSpace2\GVCC\Depend\build\libs\Depend-1.0.jar
[02:16:26] [Client thread/WARN]: ResourcePack: ignored non-lowercase namespace: multiModel in C:\ModdingSpace2\GVCC\Depend\build\libs\Depend-1.0.jar
[02:16:26] [Client thread/WARN]: ResourcePack: ignored non-lowercase namespace: multiModel in C:\ModdingSpace2\GVCC\Depend\build\libs\Depend-1.0.jar
[02:16:26] [Client thread/WARN]: ResourcePack: ignored non-lowercase namespace: multiModel in C:\ModdingSpace2\GVCC\Depend\build\libs\Depend-1.0.jar
[02:16:26] [Client thread/WARN]: ResourcePack: ignored non-lowercase namespace: multiModel in C:\ModdingSpace2\GVCC\Depend\build\libs\Depend-1.0.jar
[02:16:26] [Client thread/WARN]: ResourcePack: ignored non-lowercase namespace: multiModel in C:\ModdingSpace2\GVCC\Depend\build\libs\Depend-1.0.jar
[02:16:26] [Client thread/WARN]: ResourcePack: ignored non-lowercase namespace: multiModel in C:\ModdingSpace2\GVCC\Depend\build\libs\Depend-1.0.jar
[02:16:26] [Client thread/WARN]: ResourcePack: ignored non-lowercase namespace: multiModel in C:\ModdingSpace2\GVCC\Depend\build\libs\Depend-1.0.jar
[02:16:26] [Client thread/WARN]: ResourcePack: ignored non-lowercase namespace: multiModel in C:\ModdingSpace2\GVCC\Depend\build\libs\Depend-1.0.jar
[02:16:26] [Client thread/WARN]: ResourcePack: ignored non-lowercase namespace: multiModel in C:\ModdingSpace2\GVCC\Depend\build\libs\Depend-1.0.jar
[02:16:26] [Client thread/WARN]: ResourcePack: ignored non-lowercase namespace: multiModel in C:\ModdingSpace2\GVCC\Depend\build\libs\Depend-1.0.jar
[02:16:26] [Client thread/WARN]: ResourcePack: ignored non-lowercase namespace: multiModel in C:\ModdingSpace2\GVCC\Depend\build\libs\Depend-1.0.jar
[02:16:26] [Client thread/WARN]: ResourcePack: ignored non-lowercase namespace: multiModel in C:\ModdingSpace2\GVCC\Depend\build\libs\Depend-1.0.jar
[02:16:26] [Client thread/WARN]: ResourcePack: ignored non-lowercase namespace: multiModel in C:\ModdingSpace2\GVCC\Depend\build\libs\Depend-1.0.jar
[02:16:26] [Client thread/WARN]: ResourcePack: ignored non-lowercase namespace: multiModel in C:\ModdingSpace2\GVCC\Depend\build\libs\Depend-1.0.jar
[02:16:26] [Client thread/WARN]: ResourcePack: ignored non-lowercase namespace: multiModel in C:\ModdingSpace2\GVCC\Depend\build\libs\Depend-1.0.jar
[02:16:26] [Client thread/WARN]: ResourcePack: ignored non-lowercase namespace: multiModel in C:\ModdingSpace2\GVCC\Depend\build\libs\Depend-1.0.jar
[02:16:26] [Client thread/WARN]: ResourcePack: ignored non-lowercase namespace: multiModel in C:\ModdingSpace2\GVCC\Depend\build\libs\Depend-1.0.jar
[02:16:26] [Client thread/WARN]: ResourcePack: ignored non-lowercase namespace: multiModel in C:\ModdingSpace2\GVCC\Depend\build\libs\Depend-1.0.jar
[02:16:26] [Client thread/WARN]: ResourcePack: ignored non-lowercase namespace: multiModel in C:\ModdingSpace2\GVCC\Depend\build\libs\Depend-1.0.jar
[02:16:26] [Client thread/WARN]: ResourcePack: ignored non-lowercase namespace: multiModel in C:\ModdingSpace2\GVCC\Depend\build\libs\Depend-1.0.jar
[02:16:26] [Client thread/WARN]: ResourcePack: ignored non-lowercase namespace: multiModel in C:\ModdingSpace2\GVCC\Depend\build\libs\Depend-1.0.jar
[02:16:26] [Client thread/WARN]: ResourcePack: ignored non-lowercase namespace: multiModel in C:\ModdingSpace2\GVCC\Depend\build\libs\Depend-1.0.jar
[02:16:26] [Client thread/WARN]: ResourcePack: ignored non-lowercase namespace: multiModel in C:\ModdingSpace2\GVCC\Depend\build\libs\Depend-1.0.jar
[02:16:26] [Client thread/WARN]: ResourcePack: ignored non-lowercase namespace: multiModel in C:\ModdingSpace2\GVCC\Depend\build\libs\Depend-1.0.jar
[02:16:26] [Client thread/WARN]: ResourcePack: ignored non-lowercase namespace: multiModel in C:\ModdingSpace2\GVCC\Depend\build\libs\Depend-1.0.jar
[02:16:26] [Client thread/WARN]: ResourcePack: ignored non-lowercase namespace: multiModel in C:\ModdingSpace2\GVCC\Depend\build\libs\Depend-1.0.jar
[02:16:26] [Client thread/WARN]: ResourcePack: ignored non-lowercase namespace: multiModel in C:\ModdingSpace2\GVCC\Depend\build\libs\Depend-1.0.jar
[02:16:26] [Client thread/WARN]: ResourcePack: ignored non-lowercase namespace: multiModel in C:\ModdingSpace2\GVCC\Depend\build\libs\Depend-1.0.jar
[02:16:26] [Client thread/WARN]: ResourcePack: ignored non-lowercase namespace: multiModel in C:\ModdingSpace2\GVCC\Depend\build\libs\Depend-1.0.jar
[02:16:26] [Client thread/WARN]: ResourcePack: ignored non-lowercase namespace: multiModel in C:\ModdingSpace2\GVCC\Depend\build\libs\Depend-1.0.jar
[02:16:26] [Client thread/WARN]: ResourcePack: ignored non-lowercase namespace: multiModel in C:\ModdingSpace2\GVCC\Depend\build\libs\Depend-1.0.jar
[02:16:26] [Client thread/WARN]: ResourcePack: ignored non-lowercase namespace: multiModel in C:\ModdingSpace2\GVCC\Depend\build\libs\Depend-1.0.jar
[02:16:26] [Client thread/WARN]: ResourcePack: ignored non-lowercase namespace: multiModel in C:\ModdingSpace2\GVCC\Depend\build\libs\Depend-1.0.jar
[02:16:26] [Client thread/WARN]: ResourcePack: ignored non-lowercase namespace: multiModel in C:\ModdingSpace2\GVCC\Depend\build\libs\Depend-1.0.jar
[02:16:26] [Client thread/WARN]: ResourcePack: ignored non-lowercase namespace: multiModel in C:\ModdingSpace2\GVCC\Depend\build\libs\Depend-1.0.jar
[02:16:26] [Client thread/WARN]: ResourcePack: ignored non-lowercase namespace: multiModel in C:\ModdingSpace2\GVCC\Depend\build\libs\Depend-1.0.jar
[02:16:26] [Client thread/WARN]: ResourcePack: ignored non-lowercase namespace: multiModel in C:\ModdingSpace2\GVCC\Depend\build\libs\Depend-1.0.jar
[02:16:26] [Client thread/WARN]: ResourcePack: ignored non-lowercase namespace: multiModel in C:\ModdingSpace2\GVCC\Depend\build\libs\Depend-1.0.jar
[02:16:26] [Client thread/WARN]: ResourcePack: ignored non-lowercase namespace: multiModel in C:\ModdingSpace2\GVCC\Depend\build\libs\Depend-1.0.jar
[02:16:26] [Client thread/WARN]: ResourcePack: ignored non-lowercase namespace: multiModel in C:\ModdingSpace2\GVCC\Depend\build\libs\Depend-1.0.jar
[02:16:26] [Client thread/WARN]: ResourcePack: ignored non-lowercase namespace: multiModel in C:\ModdingSpace2\GVCC\Depend\build\libs\Depend-1.0.jar
[02:16:26] [Client thread/WARN]: ResourcePack: ignored non-lowercase namespace: multiModel in C:\ModdingSpace2\GVCC\Depend\build\libs\Depend-1.0.jar
[02:16:26] [Client thread/WARN]: ResourcePack: ignored non-lowercase namespace: multiModel in C:\ModdingSpace2\GVCC\Depend\build\libs\Depend-1.0.jar
[02:16:26] [Client thread/WARN]: ResourcePack: ignored non-lowercase namespace: multiModel in C:\ModdingSpace2\GVCC\Depend\build\libs\Depend-1.0.jar
[02:16:26] [Client thread/WARN]: ResourcePack: ignored non-lowercase namespace: multiModel in C:\ModdingSpace2\GVCC\Depend\build\libs\Depend-1.0.jar
[02:16:26] [Client thread/WARN]: ResourcePack: ignored non-lowercase namespace: multiModel in C:\ModdingSpace2\GVCC\Depend\build\libs\Depend-1.0.jar
[02:16:26] [Client thread/WARN]: ResourcePack: ignored non-lowercase namespace: multiModel in C:\ModdingSpace2\GVCC\Depend\build\libs\Depend-1.0.jar
[02:16:38] [Sound Library Loader/INFO]: Sound engine started
[02:16:38] [Client thread/WARN]: File handmadeguns:sounds/nulls.ogg does not exist, cannot add it to event handmadeguns:handmadeguns.nulls
[02:16:38] [Client thread/WARN]: File handmadeguns:sounds/nulls.ogg does not exist, cannot add it to event handmadeguns:handmadeguns.nulls
[02:16:38] [Client thread/INFO]: Created: 16x16 textures/blocks-atlas
[02:16:38] [Client thread/INFO]: Created: 16x16 textures/items-atlas
[02:17:05] [Client thread/INFO]: Reloading ResourceManager: Default, FMLFileResourcePack:Forge Mod Loader, FMLFileResourcePack:Minecraft Forge, FMLFileResourcePack:HandMadeGunsModEX, FMLFileResourcePack:lmmx, FMLFileResourcePack:MMMLibX, FMLFileResourcePack:Sokoniyatugairuzo, FMLFileResourcePack:zabuton, FMLFileResourcePack:Guerrilla vs Command mod : High Difficulity version, FMLFileResourcePack:GVCGuns, FMLFileResourcePack:HMVehicle, FMLFileResourcePack:HandmadeGuns, FMLFileResourcePack:HandmadeGuns
[02:17:05] [Client thread/WARN]: ResourcePack: ignored non-lowercase namespace: multiModel in C:\ModdingSpace2\GVCC\Depend\build\libs\Depend-1.0.jar
[02:17:05] [Client thread/WARN]: ResourcePack: ignored non-lowercase namespace: multiModel in C:\ModdingSpace2\GVCC\Depend\build\libs\Depend-1.0.jar
[02:17:05] [Client thread/WARN]: ResourcePack: ignored non-lowercase namespace: multiModel in C:\ModdingSpace2\GVCC\Depend\build\libs\Depend-1.0.jar
[02:17:05] [Client thread/WARN]: ResourcePack: ignored non-lowercase namespace: multiModel in C:\ModdingSpace2\GVCC\Depend\build\libs\Depend-1.0.jar
[02:17:05] [Client thread/WARN]: ResourcePack: ignored non-lowercase namespace: multiModel in C:\ModdingSpace2\GVCC\Depend\build\libs\Depend-1.0.jar
[02:17:05] [Client thread/WARN]: ResourcePack: ignored non-lowercase namespace: multiModel in C:\ModdingSpace2\GVCC\Depend\build\libs\Depend-1.0.jar
[02:17:05] [Client thread/WARN]: ResourcePack: ignored non-lowercase namespace: multiModel in C:\ModdingSpace2\GVCC\Depend\build\libs\Depend-1.0.jar
[02:17:05] [Client thread/WARN]: ResourcePack: ignored non-lowercase namespace: multiModel in C:\ModdingSpace2\GVCC\Depend\build\libs\Depend-1.0.jar
[02:17:05] [Client thread/WARN]: ResourcePack: ignored non-lowercase namespace: multiModel in C:\ModdingSpace2\GVCC\Depend\build\libs\Depend-1.0.jar
[02:17:05] [Client thread/WARN]: ResourcePack: ignored non-lowercase namespace: multiModel in C:\ModdingSpace2\GVCC\Depend\build\libs\Depend-1.0.jar
[02:17:05] [Client thread/WARN]: ResourcePack: ignored non-lowercase namespace: multiModel in C:\ModdingSpace2\GVCC\Depend\build\libs\Depend-1.0.jar
[02:17:05] [Client thread/WARN]: ResourcePack: ignored non-lowercase namespace: multiModel in C:\ModdingSpace2\GVCC\Depend\build\libs\Depend-1.0.jar
[02:17:05] [Client thread/WARN]: ResourcePack: ignored non-lowercase namespace: multiModel in C:\ModdingSpace2\GVCC\Depend\build\libs\Depend-1.0.jar
[02:17:05] [Client thread/WARN]: ResourcePack: ignored non-lowercase namespace: multiModel in C:\ModdingSpace2\GVCC\Depend\build\libs\Depend-1.0.jar
[02:17:05] [Client thread/WARN]: ResourcePack: ignored non-lowercase namespace: multiModel in C:\ModdingSpace2\GVCC\Depend\build\libs\Depend-1.0.jar
[02:17:05] [Client thread/WARN]: ResourcePack: ignored non-lowercase namespace: multiModel in C:\ModdingSpace2\GVCC\Depend\build\libs\Depend-1.0.jar
[02:17:05] [Client thread/WARN]: ResourcePack: ignored non-lowercase namespace: multiModel in C:\ModdingSpace2\GVCC\Depend\build\libs\Depend-1.0.jar
[02:17:05] [Client thread/WARN]: ResourcePack: ignored non-lowercase namespace: multiModel in C:\ModdingSpace2\GVCC\Depend\build\libs\Depend-1.0.jar
[02:17:05] [Client thread/WARN]: ResourcePack: ignored non-lowercase namespace: multiModel in C:\ModdingSpace2\GVCC\Depend\build\libs\Depend-1.0.jar
[02:17:05] [Client thread/WARN]: ResourcePack: ignored non-lowercase namespace: multiModel in C:\ModdingSpace2\GVCC\Depend\build\libs\Depend-1.0.jar
[02:17:05] [Client thread/WARN]: ResourcePack: ignored non-lowercase namespace: multiModel in C:\ModdingSpace2\GVCC\Depend\build\libs\Depend-1.0.jar
[02:17:05] [Client thread/WARN]: ResourcePack: ignored non-lowercase namespace: multiModel in C:\ModdingSpace2\GVCC\Depend\build\libs\Depend-1.0.jar
[02:17:05] [Client thread/WARN]: ResourcePack: ignored non-lowercase namespace: multiModel in C:\ModdingSpace2\GVCC\Depend\build\libs\Depend-1.0.jar
[02:17:05] [Client thread/WARN]: ResourcePack: ignored non-lowercase namespace: multiModel in C:\ModdingSpace2\GVCC\Depend\build\libs\Depend-1.0.jar
[02:17:05] [Client thread/WARN]: ResourcePack: ignored non-lowercase namespace: multiModel in C:\ModdingSpace2\GVCC\Depend\build\libs\Depend-1.0.jar
[02:17:05] [Client thread/WARN]: ResourcePack: ignored non-lowercase namespace: multiModel in C:\ModdingSpace2\GVCC\Depend\build\libs\Depend-1.0.jar
[02:17:05] [Client thread/WARN]: ResourcePack: ignored non-lowercase namespace: multiModel in C:\ModdingSpace2\GVCC\Depend\build\libs\Depend-1.0.jar
[02:17:05] [Client thread/WARN]: ResourcePack: ignored non-lowercase namespace: multiModel in C:\ModdingSpace2\GVCC\Depend\build\libs\Depend-1.0.jar
[02:17:05] [Client thread/WARN]: ResourcePack: ignored non-lowercase namespace: multiModel in C:\ModdingSpace2\GVCC\Depend\build\libs\Depend-1.0.jar
[02:17:05] [Client thread/WARN]: ResourcePack: ignored non-lowercase namespace: multiModel in C:\ModdingSpace2\GVCC\Depend\build\libs\Depend-1.0.jar
[02:17:05] [Client thread/WARN]: ResourcePack: ignored non-lowercase namespace: multiModel in C:\ModdingSpace2\GVCC\Depend\build\libs\Depend-1.0.jar
[02:17:05] [Client thread/WARN]: ResourcePack: ignored non-lowercase namespace: multiModel in C:\ModdingSpace2\GVCC\Depend\build\libs\Depend-1.0.jar
[02:17:05] [Client thread/WARN]: ResourcePack: ignored non-lowercase namespace: multiModel in C:\ModdingSpace2\GVCC\Depend\build\libs\Depend-1.0.jar
[02:17:05] [Client thread/WARN]: ResourcePack: ignored non-lowercase namespace: multiModel in C:\ModdingSpace2\GVCC\Depend\build\libs\Depend-1.0.jar
[02:17:05] [Client thread/WARN]: ResourcePack: ignored non-lowercase namespace: multiModel in C:\ModdingSpace2\GVCC\Depend\build\libs\Depend-1.0.jar
[02:17:05] [Client thread/WARN]: ResourcePack: ignored non-lowercase namespace: multiModel in C:\ModdingSpace2\GVCC\Depend\build\libs\Depend-1.0.jar
[02:17:05] [Client thread/WARN]: ResourcePack: ignored non-lowercase namespace: multiModel in C:\ModdingSpace2\GVCC\Depend\build\libs\Depend-1.0.jar
[02:17:05] [Client thread/WARN]: ResourcePack: ignored non-lowercase namespace: multiModel in C:\ModdingSpace2\GVCC\Depend\build\libs\Depend-1.0.jar
[02:17:05] [Client thread/WARN]: ResourcePack: ignored non-lowercase namespace: multiModel in C:\ModdingSpace2\GVCC\Depend\build\libs\Depend-1.0.jar
[02:17:05] [Client thread/WARN]: ResourcePack: ignored non-lowercase namespace: multiModel in C:\ModdingSpace2\GVCC\Depend\build\libs\Depend-1.0.jar
[02:17:05] [Client thread/WARN]: ResourcePack: ignored non-lowercase namespace: multiModel in C:\ModdingSpace2\GVCC\Depend\build\libs\Depend-1.0.jar
[02:17:05] [Client thread/WARN]: ResourcePack: ignored non-lowercase namespace: multiModel in C:\ModdingSpace2\GVCC\Depend\build\libs\Depend-1.0.jar
[02:17:05] [Client thread/WARN]: ResourcePack: ignored non-lowercase namespace: multiModel in C:\ModdingSpace2\GVCC\Depend\build\libs\Depend-1.0.jar
[02:17:05] [Client thread/WARN]: ResourcePack: ignored non-lowercase namespace: multiModel in C:\ModdingSpace2\GVCC\Depend\build\libs\Depend-1.0.jar
[02:17:05] [Client thread/WARN]: ResourcePack: ignored non-lowercase namespace: multiModel in C:\ModdingSpace2\GVCC\Depend\build\libs\Depend-1.0.jar
[02:17:05] [Client thread/WARN]: ResourcePack: ignored non-lowercase namespace: multiModel in C:\ModdingSpace2\GVCC\Depend\build\libs\Depend-1.0.jar
[02:17:05] [Client thread/WARN]: ResourcePack: ignored non-lowercase namespace: multiModel in C:\ModdingSpace2\GVCC\Depend\build\libs\Depend-1.0.jar
[02:17:05] [Client thread/WARN]: ResourcePack: ignored non-lowercase namespace: multiModel in C:\ModdingSpace2\GVCC\Depend\build\libs\Depend-1.0.jar
[02:17:05] [Client thread/WARN]: ResourcePack: ignored non-lowercase namespace: multiModel in C:\ModdingSpace2\GVCC\Depend\build\libs\Depend-1.0.jar
[02:17:05] [Client thread/WARN]: ResourcePack: ignored non-lowercase namespace: multiModel in C:\ModdingSpace2\GVCC\Depend\build\libs\Depend-1.0.jar
[02:17:05] [Client thread/WARN]: ResourcePack: ignored non-lowercase namespace: multiModel in C:\ModdingSpace2\GVCC\Depend\build\libs\Depend-1.0.jar
[02:17:05] [Client thread/WARN]: ResourcePack: ignored non-lowercase namespace: multiModel in C:\ModdingSpace2\GVCC\Depend\build\libs\Depend-1.0.jar
[02:17:05] [Client thread/WARN]: ResourcePack: ignored non-lowercase namespace: multiModel in C:\ModdingSpace2\GVCC\Depend\build\libs\Depend-1.0.jar
[02:17:05] [Client thread/WARN]: ResourcePack: ignored non-lowercase namespace: multiModel in C:\ModdingSpace2\GVCC\Depend\build\libs\Depend-1.0.jar
[02:17:05] [Client thread/WARN]: ResourcePack: ignored non-lowercase namespace: multiModel in C:\ModdingSpace2\GVCC\Depend\build\libs\Depend-1.0.jar
[02:17:05] [Client thread/WARN]: ResourcePack: ignored non-lowercase namespace: multiModel in C:\ModdingSpace2\GVCC\Depend\build\libs\Depend-1.0.jar
[02:17:05] [Client thread/WARN]: ResourcePack: ignored non-lowercase namespace: multiModel in C:\ModdingSpace2\GVCC\Depend\build\libs\Depend-1.0.jar
[02:17:05] [Client thread/WARN]: ResourcePack: ignored non-lowercase namespace: multiModel in C:\ModdingSpace2\GVCC\Depend\build\libs\Depend-1.0.jar
[02:17:05] [Client thread/WARN]: ResourcePack: ignored non-lowercase namespace: multiModel in C:\ModdingSpace2\GVCC\Depend\build\libs\Depend-1.0.jar
[02:17:05] [Client thread/WARN]: ResourcePack: ignored non-lowercase namespace: multiModel in C:\ModdingSpace2\GVCC\Depend\build\libs\Depend-1.0.jar
[02:17:05] [Client thread/WARN]: ResourcePack: ignored non-lowercase namespace: multiModel in C:\ModdingSpace2\GVCC\Depend\build\libs\Depend-1.0.jar
[02:17:05] [Client thread/WARN]: ResourcePack: ignored non-lowercase namespace: multiModel in C:\ModdingSpace2\GVCC\Depend\build\libs\Depend-1.0.jar
[02:17:05] [Client thread/WARN]: ResourcePack: ignored non-lowercase namespace: multiModel in C:\ModdingSpace2\GVCC\Depend\build\libs\Depend-1.0.jar
[02:17:05] [Client thread/WARN]: ResourcePack: ignored non-lowercase namespace: multiModel in C:\ModdingSpace2\GVCC\Depend\build\libs\Depend-1.0.jar
[02:17:05] [Client thread/WARN]: ResourcePack: ignored non-lowercase namespace: multiModel in C:\ModdingSpace2\GVCC\Depend\build\libs\Depend-1.0.jar
[02:17:05] [Client thread/WARN]: ResourcePack: ignored non-lowercase namespace: multiModel in C:\ModdingSpace2\GVCC\Depend\build\libs\Depend-1.0.jar
[02:17:05] [Client thread/WARN]: ResourcePack: ignored non-lowercase namespace: multiModel in C:\ModdingSpace2\GVCC\Depend\build\libs\Depend-1.0.jar
[02:17:05] [Client thread/WARN]: ResourcePack: ignored non-lowercase namespace: multiModel in C:\ModdingSpace2\GVCC\Depend\build\libs\Depend-1.0.jar
[02:17:05] [Client thread/WARN]: ResourcePack: ignored non-lowercase namespace: multiModel in C:\ModdingSpace2\GVCC\Depend\build\libs\Depend-1.0.jar
[02:17:05] [Client thread/WARN]: ResourcePack: ignored non-lowercase namespace: multiModel in C:\ModdingSpace2\GVCC\Depend\build\libs\Depend-1.0.jar
[02:17:05] [Client thread/WARN]: ResourcePack: ignored non-lowercase namespace: multiModel in C:\ModdingSpace2\GVCC\Depend\build\libs\Depend-1.0.jar
[02:17:05] [Client thread/WARN]: ResourcePack: ignored non-lowercase namespace: multiModel in C:\ModdingSpace2\GVCC\Depend\build\libs\Depend-1.0.jar
[02:17:05] [Client thread/WARN]: ResourcePack: ignored non-lowercase namespace: multiModel in C:\ModdingSpace2\GVCC\Depend\build\libs\Depend-1.0.jar
[02:17:05] [Client thread/WARN]: ResourcePack: ignored non-lowercase namespace: multiModel in C:\ModdingSpace2\GVCC\Depend\build\libs\Depend-1.0.jar
[02:17:05] [Client thread/WARN]: ResourcePack: ignored non-lowercase namespace: multiModel in C:\ModdingSpace2\GVCC\Depend\build\libs\Depend-1.0.jar
[02:17:05] [Client thread/WARN]: ResourcePack: ignored non-lowercase namespace: multiModel in C:\ModdingSpace2\GVCC\Depend\build\libs\Depend-1.0.jar
[02:17:05] [Client thread/WARN]: ResourcePack: ignored non-lowercase namespace: multiModel in C:\ModdingSpace2\GVCC\Depend\build\libs\Depend-1.0.jar
[02:17:05] [Client thread/WARN]: ResourcePack: ignored non-lowercase namespace: multiModel in C:\ModdingSpace2\GVCC\Depend\build\libs\Depend-1.0.jar
[02:17:05] [Client thread/WARN]: ResourcePack: ignored non-lowercase namespace: multiModel in C:\ModdingSpace2\GVCC\Depend\build\libs\Depend-1.0.jar
[02:17:05] [Client thread/WARN]: ResourcePack: ignored non-lowercase namespace: multiModel in C:\ModdingSpace2\GVCC\Depend\build\libs\Depend-1.0.jar
[02:17:05] [Client thread/WARN]: ResourcePack: ignored non-lowercase namespace: multiModel in C:\ModdingSpace2\GVCC\Depend\build\libs\Depend-1.0.jar
[02:17:05] [Client thread/WARN]: ResourcePack: ignored non-lowercase namespace: multiModel in C:\ModdingSpace2\GVCC\Depend\build\libs\Depend-1.0.jar
[02:17:05] [Client thread/WARN]: ResourcePack: ignored non-lowercase namespace: multiModel in C:\ModdingSpace2\GVCC\Depend\build\libs\Depend-1.0.jar
[02:17:05] [Client thread/WARN]: ResourcePack: ignored non-lowercase namespace: multiModel in C:\ModdingSpace2\GVCC\Depend\build\libs\Depend-1.0.jar
[02:17:05] [Client thread/WARN]: ResourcePack: ignored non-lowercase namespace: multiModel in C:\ModdingSpace2\GVCC\Depend\build\libs\Depend-1.0.jar
[02:17:05] [Client thread/WARN]: ResourcePack: ignored non-lowercase namespace: multiModel in C:\ModdingSpace2\GVCC\Depend\build\libs\Depend-1.0.jar
[02:17:05] [Client thread/WARN]: ResourcePack: ignored non-lowercase namespace: multiModel in C:\ModdingSpace2\GVCC\Depend\build\libs\Depend-1.0.jar
[02:17:05] [Client thread/WARN]: ResourcePack: ignored non-lowercase namespace: multiModel in C:\ModdingSpace2\GVCC\Depend\build\libs\Depend-1.0.jar
[02:17:05] [Client thread/WARN]: ResourcePack: ignored non-lowercase namespace: multiModel in C:\ModdingSpace2\GVCC\Depend\build\libs\Depend-1.0.jar
[02:17:05] [Client thread/WARN]: ResourcePack: ignored non-lowercase namespace: multiModel in C:\ModdingSpace2\GVCC\Depend\build\libs\Depend-1.0.jar
[02:17:05] [Client thread/WARN]: ResourcePack: ignored non-lowercase namespace: multiModel in C:\ModdingSpace2\GVCC\Depend\build\libs\Depend-1.0.jar
[02:17:05] [Client thread/WARN]: ResourcePack: ignored non-lowercase namespace: multiModel in C:\ModdingSpace2\GVCC\Depend\build\libs\Depend-1.0.jar
[02:17:05] [Client thread/WARN]: ResourcePack: ignored non-lowercase namespace: multiModel in C:\ModdingSpace2\GVCC\Depend\build\libs\Depend-1.0.jar
[02:17:05] [Client thread/WARN]: ResourcePack: ignored non-lowercase namespace: multiModel in C:\ModdingSpace2\GVCC\Depend\build\libs\Depend-1.0.jar
[02:17:05] [Client thread/WARN]: ResourcePack: ignored non-lowercase namespace: multiModel in C:\ModdingSpace2\GVCC\Depend\build\libs\Depend-1.0.jar
[02:17:05] [Client thread/WARN]: ResourcePack: ignored non-lowercase namespace: multiModel in C:\ModdingSpace2\GVCC\Depend\build\libs\Depend-1.0.jar
[02:17:05] [Client thread/WARN]: ResourcePack: ignored non-lowercase namespace: multiModel in C:\ModdingSpace2\GVCC\Depend\build\libs\Depend-1.0.jar
[02:17:05] [Client thread/WARN]: ResourcePack: ignored non-lowercase namespace: multiModel in C:\ModdingSpace2\GVCC\Depend\build\libs\Depend-1.0.jar
[02:17:05] [Client thread/WARN]: ResourcePack: ignored non-lowercase namespace: multiModel in C:\ModdingSpace2\GVCC\Depend\build\libs\Depend-1.0.jar
[02:17:05] [Client thread/WARN]: ResourcePack: ignored non-lowercase namespace: multiModel in C:\ModdingSpace2\GVCC\Depend\build\libs\Depend-1.0.jar
[02:17:05] [Client thread/WARN]: ResourcePack: ignored non-lowercase namespace: multiModel in C:\ModdingSpace2\GVCC\Depend\build\libs\Depend-1.0.jar
[02:17:05] [Client thread/WARN]: ResourcePack: ignored non-lowercase namespace: multiModel in C:\ModdingSpace2\GVCC\Depend\build\libs\Depend-1.0.jar
[02:17:05] [Client thread/WARN]: ResourcePack: ignored non-lowercase namespace: multiModel in C:\ModdingSpace2\GVCC\Depend\build\libs\Depend-1.0.jar
[02:17:05] [Client thread/WARN]: ResourcePack: ignored non-lowercase namespace: multiModel in C:\ModdingSpace2\GVCC\Depend\build\libs\Depend-1.0.jar
[02:17:05] [Client thread/WARN]: ResourcePack: ignored non-lowercase namespace: multiModel in C:\ModdingSpace2\GVCC\Depend\build\libs\Depend-1.0.jar
[02:17:05] [Client thread/WARN]: ResourcePack: ignored non-lowercase namespace: multiModel in C:\ModdingSpace2\GVCC\Depend\build\libs\Depend-1.0.jar
[02:17:05] [Client thread/WARN]: ResourcePack: ignored non-lowercase namespace: multiModel in C:\ModdingSpace2\GVCC\Depend\build\libs\Depend-1.0.jar
[02:17:05] [Client thread/WARN]: ResourcePack: ignored non-lowercase namespace: multiModel in C:\ModdingSpace2\GVCC\Depend\build\libs\Depend-1.0.jar
[02:17:05] [Client thread/WARN]: ResourcePack: ignored non-lowercase namespace: multiModel in C:\ModdingSpace2\GVCC\Depend\build\libs\Depend-1.0.jar
[02:17:05] [Client thread/WARN]: ResourcePack: ignored non-lowercase namespace: multiModel in C:\ModdingSpace2\GVCC\Depend\build\libs\Depend-1.0.jar
[02:17:05] [Client thread/WARN]: ResourcePack: ignored non-lowercase namespace: multiModel in C:\ModdingSpace2\GVCC\Depend\build\libs\Depend-1.0.jar
[02:17:05] [Client thread/WARN]: ResourcePack: ignored non-lowercase namespace: multiModel in C:\ModdingSpace2\GVCC\Depend\build\libs\Depend-1.0.jar
[02:17:05] [Client thread/WARN]: ResourcePack: ignored non-lowercase namespace: multiModel in C:\ModdingSpace2\GVCC\Depend\build\libs\Depend-1.0.jar
[02:17:05] [Client thread/WARN]: ResourcePack: ignored non-lowercase namespace: multiModel in C:\ModdingSpace2\GVCC\Depend\build\libs\Depend-1.0.jar
[02:17:05] [Client thread/WARN]: ResourcePack: ignored non-lowercase namespace: multiModel in C:\ModdingSpace2\GVCC\Depend\build\libs\Depend-1.0.jar
[02:17:05] [Client thread/WARN]: ResourcePack: ignored non-lowercase namespace: multiModel in C:\ModdingSpace2\GVCC\Depend\build\libs\Depend-1.0.jar
[02:17:05] [Client thread/WARN]: ResourcePack: ignored non-lowercase namespace: multiModel in C:\ModdingSpace2\GVCC\Depend\build\libs\Depend-1.0.jar
[02:17:05] [Client thread/WARN]: ResourcePack: ignored non-lowercase namespace: multiModel in C:\ModdingSpace2\GVCC\Depend\build\libs\Depend-1.0.jar
[02:17:05] [Client thread/WARN]: ResourcePack: ignored non-lowercase namespace: multiModel in C:\ModdingSpace2\GVCC\Depend\build\libs\Depend-1.0.jar
[02:17:05] [Client thread/WARN]: ResourcePack: ignored non-lowercase namespace: multiModel in C:\ModdingSpace2\GVCC\Depend\build\libs\Depend-1.0.jar
[02:17:05] [Client thread/WARN]: ResourcePack: ignored non-lowercase namespace: multiModel in C:\ModdingSpace2\GVCC\Depend\build\libs\Depend-1.0.jar
[02:17:05] [Client thread/WARN]: ResourcePack: ignored non-lowercase namespace: multiModel in C:\ModdingSpace2\GVCC\Depend\build\libs\Depend-1.0.jar
[02:17:05] [Client thread/WARN]: ResourcePack: ignored non-lowercase namespace: multiModel in C:\ModdingSpace2\GVCC\Depend\build\libs\Depend-1.0.jar
[02:17:05] [Client thread/WARN]: ResourcePack: ignored non-lowercase namespace: multiModel in C:\ModdingSpace2\GVCC\Depend\build\libs\Depend-1.0.jar
[02:17:05] [Client thread/WARN]: ResourcePack: ignored non-lowercase namespace: multiModel in C:\ModdingSpace2\GVCC\Depend\build\libs\Depend-1.0.jar
[02:17:05] [Client thread/WARN]: ResourcePack: ignored non-lowercase namespace: multiModel in C:\ModdingSpace2\GVCC\Depend\build\libs\Depend-1.0.jar
[02:17:05] [Client thread/WARN]: ResourcePack: ignored non-lowercase namespace: multiModel in C:\ModdingSpace2\GVCC\Depend\build\libs\Depend-1.0.jar
[02:17:05] [Client thread/WARN]: ResourcePack: ignored non-lowercase namespace: multiModel in C:\ModdingSpace2\GVCC\Depend\build\libs\Depend-1.0.jar
[02:17:05] [Client thread/WARN]: ResourcePack: ignored non-lowercase namespace: multiModel in C:\ModdingSpace2\GVCC\Depend\build\libs\Depend-1.0.jar
[02:17:05] [Client thread/WARN]: ResourcePack: ignored non-lowercase namespace: multiModel in C:\ModdingSpace2\GVCC\Depend\build\libs\Depend-1.0.jar
[02:17:05] [Client thread/WARN]: ResourcePack: ignored non-lowercase namespace: multiModel in C:\ModdingSpace2\GVCC\Depend\build\libs\Depend-1.0.jar
[02:17:05] [Client thread/WARN]: ResourcePack: ignored non-lowercase namespace: multiModel in C:\ModdingSpace2\GVCC\Depend\build\libs\Depend-1.0.jar
[02:17:05] [Client thread/WARN]: ResourcePack: ignored non-lowercase namespace: multiModel in C:\ModdingSpace2\GVCC\Depend\build\libs\Depend-1.0.jar
[02:17:05] [Client thread/WARN]: ResourcePack: ignored non-lowercase namespace: multiModel in C:\ModdingSpace2\GVCC\Depend\build\libs\Depend-1.0.jar
[02:17:05] [Client thread/WARN]: ResourcePack: ignored non-lowercase namespace: multiModel in C:\ModdingSpace2\GVCC\Depend\build\libs\Depend-1.0.jar
[02:17:05] [Client thread/WARN]: ResourcePack: ignored non-lowercase namespace: multiModel in C:\ModdingSpace2\GVCC\Depend\build\libs\Depend-1.0.jar
[02:17:05] [Client thread/WARN]: ResourcePack: ignored non-lowercase namespace: multiModel in C:\ModdingSpace2\GVCC\Depend\build\libs\Depend-1.0.jar
[02:17:05] [Client thread/WARN]: ResourcePack: ignored non-lowercase namespace: multiModel in C:\ModdingSpace2\GVCC\Depend\build\libs\Depend-1.0.jar
[02:17:05] [Client thread/WARN]: ResourcePack: ignored non-lowercase namespace: multiModel in C:\ModdingSpace2\GVCC\Depend\build\libs\Depend-1.0.jar
[02:17:05] [Client thread/WARN]: ResourcePack: ignored non-lowercase namespace: multiModel in C:\ModdingSpace2\GVCC\Depend\build\libs\Depend-1.0.jar
[02:17:05] [Client thread/WARN]: ResourcePack: ignored non-lowercase namespace: multiModel in C:\ModdingSpace2\GVCC\Depend\build\libs\Depend-1.0.jar
[02:17:05] [Client thread/WARN]: ResourcePack: ignored non-lowercase namespace: multiModel in C:\ModdingSpace2\GVCC\Depend\build\libs\Depend-1.0.jar
[02:17:05] [Client thread/WARN]: ResourcePack: ignored non-lowercase namespace: multiModel in C:\ModdingSpace2\GVCC\Depend\build\libs\Depend-1.0.jar
[02:17:05] [Client thread/WARN]: ResourcePack: ignored non-lowercase namespace: multiModel in C:\ModdingSpace2\GVCC\Depend\build\libs\Depend-1.0.jar
[02:17:05] [Client thread/WARN]: ResourcePack: ignored non-lowercase namespace: multiModel in C:\ModdingSpace2\GVCC\Depend\build\libs\Depend-1.0.jar
[02:17:05] [Client thread/WARN]: ResourcePack: ignored non-lowercase namespace: multiModel in C:\ModdingSpace2\GVCC\Depend\build\libs\Depend-1.0.jar
[02:17:05] [Client thread/WARN]: ResourcePack: ignored non-lowercase namespace: multiModel in C:\ModdingSpace2\GVCC\Depend\build\libs\Depend-1.0.jar
[02:17:05] [Client thread/WARN]: ResourcePack: ignored non-lowercase namespace: multiModel in C:\ModdingSpace2\GVCC\Depend\build\libs\Depend-1.0.jar
[02:17:05] [Client thread/WARN]: ResourcePack: ignored non-lowercase namespace: multiModel in C:\ModdingSpace2\GVCC\Depend\build\libs\Depend-1.0.jar
[02:17:05] [Client thread/WARN]: ResourcePack: ignored non-lowercase namespace: multiModel in C:\ModdingSpace2\GVCC\Depend\build\libs\Depend-1.0.jar
[02:17:05] [Client thread/WARN]: ResourcePack: ignored non-lowercase namespace: multiModel in C:\ModdingSpace2\GVCC\Depend\build\libs\Depend-1.0.jar
[02:17:05] [Client thread/WARN]: ResourcePack: ignored non-lowercase namespace: multiModel in C:\ModdingSpace2\GVCC\Depend\build\libs\Depend-1.0.jar
[02:17:05] [Client thread/WARN]: ResourcePack: ignored non-lowercase namespace: multiModel in C:\ModdingSpace2\GVCC\Depend\build\libs\Depend-1.0.jar
[02:17:05] [Client thread/WARN]: ResourcePack: ignored non-lowercase namespace: multiModel in C:\ModdingSpace2\GVCC\Depend\build\libs\Depend-1.0.jar
[02:17:05] [Client thread/WARN]: ResourcePack: ignored non-lowercase namespace: multiModel in C:\ModdingSpace2\GVCC\Depend\build\libs\Depend-1.0.jar
[02:17:05] [Client thread/WARN]: ResourcePack: ignored non-lowercase namespace: multiModel in C:\ModdingSpace2\GVCC\Depend\build\libs\Depend-1.0.jar
[02:17:05] [Client thread/WARN]: ResourcePack: ignored non-lowercase namespace: multiModel in C:\ModdingSpace2\GVCC\Depend\build\libs\Depend-1.0.jar
[02:17:05] [Client thread/WARN]: ResourcePack: ignored non-lowercase namespace: multiModel in C:\ModdingSpace2\GVCC\Depend\build\libs\Depend-1.0.jar
[02:17:05] [Client thread/WARN]: ResourcePack: ignored non-lowercase namespace: multiModel in C:\ModdingSpace2\GVCC\Depend\build\libs\Depend-1.0.jar
[02:17:05] [Client thread/WARN]: ResourcePack: ignored non-lowercase namespace: multiModel in C:\ModdingSpace2\GVCC\Depend\build\libs\Depend-1.0.jar
[02:17:05] [Client thread/WARN]: ResourcePack: ignored non-lowercase namespace: multiModel in C:\ModdingSpace2\GVCC\Depend\build\libs\Depend-1.0.jar
[02:17:05] [Client thread/WARN]: ResourcePack: ignored non-lowercase namespace: multiModel in C:\ModdingSpace2\GVCC\Depend\build\libs\Depend-1.0.jar
[02:17:05] [Client thread/WARN]: ResourcePack: ignored non-lowercase namespace: multiModel in C:\ModdingSpace2\GVCC\Depend\build\libs\Depend-1.0.jar
[02:17:05] [Client thread/WARN]: ResourcePack: ignored non-lowercase namespace: multiModel in C:\ModdingSpace2\GVCC\Depend\build\libs\Depend-1.0.jar
[02:17:05] [Client thread/WARN]: ResourcePack: ignored non-lowercase namespace: multiModel in C:\ModdingSpace2\GVCC\Depend\build\libs\Depend-1.0.jar
[02:17:05] [Client thread/WARN]: ResourcePack: ignored non-lowercase namespace: multiModel in C:\ModdingSpace2\GVCC\Depend\build\libs\Depend-1.0.jar
[02:17:05] [Client thread/WARN]: ResourcePack: ignored non-lowercase namespace: multiModel in C:\ModdingSpace2\GVCC\Depend\build\libs\Depend-1.0.jar
[02:17:05] [Client thread/WARN]: ResourcePack: ignored non-lowercase namespace: multiModel in C:\ModdingSpace2\GVCC\Depend\build\libs\Depend-1.0.jar
[02:17:05] [Client thread/WARN]: ResourcePack: ignored non-lowercase namespace: multiModel in C:\ModdingSpace2\GVCC\Depend\build\libs\Depend-1.0.jar
[02:17:05] [Client thread/WARN]: ResourcePack: ignored non-lowercase namespace: multiModel in C:\ModdingSpace2\GVCC\Depend\build\libs\Depend-1.0.jar
[02:17:05] [Client thread/WARN]: ResourcePack: ignored non-lowercase namespace: multiModel in C:\ModdingSpace2\GVCC\Depend\build\libs\Depend-1.0.jar
[02:17:05] [Client thread/WARN]: ResourcePack: ignored non-lowercase namespace: multiModel in C:\ModdingSpace2\GVCC\Depend\build\libs\Depend-1.0.jar
[02:17:05] [Client thread/WARN]: ResourcePack: ignored non-lowercase namespace: multiModel in C:\ModdingSpace2\GVCC\Depend\build\libs\Depend-1.0.jar
[02:17:05] [Client thread/WARN]: ResourcePack: ignored non-lowercase namespace: multiModel in C:\ModdingSpace2\GVCC\Depend\build\libs\Depend-1.0.jar
[02:17:05] [Client thread/WARN]: ResourcePack: ignored non-lowercase namespace: multiModel in C:\ModdingSpace2\GVCC\Depend\build\libs\Depend-1.0.jar
[02:17:05] [Client thread/WARN]: ResourcePack: ignored non-lowercase namespace: multiModel in C:\ModdingSpace2\GVCC\Depend\build\libs\Depend-1.0.jar
[02:17:05] [Client thread/WARN]: ResourcePack: ignored non-lowercase namespace: multiModel in C:\ModdingSpace2\GVCC\Depend\build\libs\Depend-1.0.jar
[02:17:05] [Client thread/WARN]: ResourcePack: ignored non-lowercase namespace: multiModel in C:\ModdingSpace2\GVCC\Depend\build\libs\Depend-1.0.jar
[02:17:05] [Client thread/WARN]: ResourcePack: ignored non-lowercase namespace: multiModel in C:\ModdingSpace2\GVCC\Depend\build\libs\Depend-1.0.jar
[02:17:05] [Client thread/WARN]: ResourcePack: ignored non-lowercase namespace: multiModel in C:\ModdingSpace2\GVCC\Depend\build\libs\Depend-1.0.jar
[02:17:06] [Client thread/INFO]: Created: 512x256 textures/blocks-atlas
[02:17:06] [Client thread/INFO]: Created: 512x512 textures/items-atlas
[02:17:07] [Sound Library Loader/INFO]: Sound engine started
[02:17:07] [Client thread/WARN]: File handmadeguns:sounds/nulls.ogg does not exist, cannot add it to event handmadeguns:handmadeguns.nulls
[02:17:07] [Client thread/WARN]: File handmadeguns:sounds/nulls.ogg does not exist, cannot add it to event handmadeguns:handmadeguns.nulls
[02:19:03] [Server thread/INFO]: Starting integrated minecraft server version 1.7.10
[02:19:03] [Server thread/INFO]: Generating keypair
[02:19:04] [Server thread/INFO]: Preparing start region for level 0
[02:19:05] [Server thread/INFO]: Preparing spawn area: 67%
[02:19:06] [Server thread/INFO]: Player208[local:E:7cbd5937] logged in with entity id 150 at (-98.70095058495639, 63.37999999523163, 242.78367309350975)
[02:19:06] [Server thread/INFO]: Player208 joined the game
[02:19:07] [Server thread/INFO]: Saving and pausing game...
[02:19:07] [Server thread/INFO]: Saving chunks for level 'New World'/Overworld
[02:19:07] [Server thread/INFO]: Saving chunks for level 'New World'/Nether
[02:19:07] [Server thread/INFO]: Saving chunks for level 'New World'/The End
[02:19:12] [Server thread/INFO]: Saving and pausing game...
[02:19:12] [Server thread/INFO]: Saving chunks for level 'New World'/Overworld
[02:19:12] [Server thread/INFO]: Saving chunks for level 'New World'/Nether
[02:19:12] [Server thread/INFO]: Saving chunks for level 'New World'/The End
[02:19:41] [Server thread/INFO]: Saving and pausing game...
[02:19:42] [Server thread/INFO]: Saving chunks for level 'New World'/Overworld
[02:19:42] [Server thread/INFO]: Saving chunks for level 'New World'/Nether
[02:19:42] [Server thread/INFO]: Saving chunks for level 'New World'/The End
[02:22:43] [Client thread/INFO]: Stopping!
[02:22:43] [Server thread/INFO]: Stopping server
[02:22:43] [Server thread/INFO]: Saving players
[02:22:43] [Server thread/INFO]: Saving worlds
[02:22:43] [Server thread/INFO]: Saving chunks for level 'New World'/Overworld
[02:22:43] [Server thread/INFO]: Saving chunks for level 'New World'/Nether
[02:22:43] [Server thread/INFO]: Saving chunks for level 'New World'/The End
[02:22:43] [Client Shutdown Thread/INFO]: Stopping server
[02:22:43] [Client Shutdown Thread/INFO]: Saving players
